ERROR - 2023-12-29 02:20:32 --> Error connecting to the database: mysqli_sql_exception: User cvr8mc2c_9285_cg already has more than 'max_user_connections' active connections in /home4/cvr8mc2c/merchant/system/Database/MySQLi/Connection.php:173
Stack trace:
#0 /home4/cvr8mc2c/merchant/system/Database/MySQLi/Connection.php(173): mysqli->real_connect('localhost', 'cvr8mc2c_9285_c...', Object(SensitiveParameterValue), 'cvr8mc2c_ticket...', 3306, '', 0)
#1 /home4/cvr8mc2c/merchant/system/Database/BaseConnection.php(391): CodeIgniter\Database\MySQLi\Connection->connect(false)
#2 /home4/cvr8mc2c/merchant/system/Database/BaseConnection.php(573): CodeIgniter\Database\BaseConnection->initialize()
#3 /home4/cvr8mc2c/merchant/system/Database/BaseBuilder.php(1602): CodeIgniter\Database\BaseConnection->query('SELECT 1\nFROM `...', Array, false)
#4 /home4/cvr8mc2c/merchant/system/Validation/StrictRules/Rules.php(147): CodeIgniter\Database\BaseBuilder->get()
#5 /home4/cvr8mc2c/merchant/system/Validation/Validation.php(312): CodeIgniter\Validation\StrictRules\Rules->is_not_unique('jaytorre19@gmai...', 'Email', Array, NULL, 'email')
#6 /home4/cvr8mc2c/merchant/system/Validation/Validation.php(170): CodeIgniter\Validation\Validation->processRules('email', 'email', 'jaytorre19@gmai...', Array, Array)
#7 /home4/cvr8mc2c/merchant/system/Controller.php(140): CodeIgniter\Validation\Validation->run()
#8 /home4/cvr8mc2c/merchant/app/Controllers/Home.php(484): CodeIgniter\Controller->validate(Array)
#9 /home4/cvr8mc2c/merchant/system/CodeIgniter.php(934): App\Controllers\Home->Authenticate()
#10 /home4/cvr8mc2c/merchant/system/CodeIgniter.php(499): CodeIgniter\CodeIgniter->runController(Object(App\Controllers\Home))
#11 /home4/cvr8mc2c/merchant/system/CodeIgniter.php(368): CodeIgniter\CodeIgniter->handleRequest(NULL, Object(Config\Cache), false)
#12 /home4/cvr8mc2c/merchant.fastcat-book.com/index.php(67): CodeIgniter\CodeIgniter->run()
#13 {main}

Next CodeIgniter\Database\Exceptions\DatabaseException: User **** already has more than 'max_user_connections' active connections in /home4/cvr8mc2c/merchant/system/Database/MySQLi/Connection.php:218
Stack trace:
#0 /home4/cvr8mc2c/merchant/system/Database/BaseConnection.php(391): CodeIgniter\Database\MySQLi\Connection->connect(false)
#1 /home4/cvr8mc2c/merchant/system/Database/BaseConnection.php(573): CodeIgniter\Database\BaseConnection->initialize()
#2 /home4/cvr8mc2c/merchant/system/Database/BaseBuilder.php(1602): CodeIgniter\Database\BaseConnection->query('SELECT 1\nFROM `...', Array, false)
#3 /home4/cvr8mc2c/merchant/system/Validation/StrictRules/Rules.php(147): CodeIgniter\Database\BaseBuilder->get()
#4 /home4/cvr8mc2c/merchant/system/Validation/Validation.php(312): CodeIgniter\Validation\StrictRules\Rules->is_not_unique('jaytorre19@gmai...', 'Email', Array, NULL, 'email')
#5 /home4/cvr8mc2c/merchant/system/Validation/Validation.php(170): CodeIgniter\Validation\Validation->processRules('email', 'email', 'jaytorre19@gmai...', Array, Array)
#6 /home4/cvr8mc2c/merchant/system/Controller.php(140): CodeIgniter\Validation\Validation->run()
#7 /home4/cvr8mc2c/merchant/app/Controllers/Home.php(484): CodeIgniter\Controller->validate(Array)
#8 /home4/cvr8mc2c/merchant/system/CodeIgniter.php(934): App\Controllers\Home->Authenticate()
#9 /home4/cvr8mc2c/merchant/system/CodeIgniter.php(499): CodeIgniter\CodeIgniter->runController(Object(App\Controllers\Home))
#10 /home4/cvr8mc2c/merchant/system/CodeIgniter.php(368): CodeIgniter\CodeIgniter->handleRequest(NULL, Object(Config\Cache), false)
#11 /home4/cvr8mc2c/merchant.fastcat-book.com/index.php(67): CodeIgniter\CodeIgniter->run()
#12 {main}
CRITICAL - 2023-12-29 02:20:32 --> Unable to connect to the database.
Main connection [MySQLi]: User **** already has more than 'max_user_connections' active connections
in SYSTEMPATH/Database/BaseConnection.php on line 427.
 1 SYSTEMPATH/Database/BaseConnection.php(573): CodeIgniter\Database\BaseConnection->initialize()
 2 SYSTEMPATH/Database/BaseBuilder.php(1602): CodeIgniter\Database\BaseConnection->query('SELECT 1
FROM `tblmerchant`
WHERE `Email` = :Email:
 LIMIT 1', [...], false)
 3 SYSTEMPATH/Validation/StrictRules/Rules.php(147): CodeIgniter\Database\BaseBuilder->get()
 4 SYSTEMPATH/Validation/Validation.php(312): CodeIgniter\Validation\StrictRules\Rules->is_not_unique('jaytorre19@gmail.com', 'Email', [...], null, 'email')
 5 SYSTEMPATH/Validation/Validation.php(170): CodeIgniter\Validation\Validation->processRules('email', 'email', 'jaytorre19@gmail.com', [...], [...])
 6 SYSTEMPATH/Controller.php(140): CodeIgniter\Validation\Validation->run()
 7 APPPATH/Controllers/Home.php(484): CodeIgniter\Controller->validate([...])
 8 SYSTEMPATH/CodeIgniter.php(934): App\Controllers\Home->Authenticate()
 9 SYSTEMPATH/CodeIgniter.php(499): CodeIgniter\CodeIgniter->runController(Object(App\Controllers\Home))
10 SYSTEMPATH/CodeIgniter.php(368): CodeIgniter\CodeIgniter->handleRequest(null, Object(Config\Cache), false)
11 FCPATH/index.php(67): CodeIgniter\CodeIgniter->run()
