CRITICAL - 2024-08-23 06:56:02 --> Undefined variable $route
in APPPATH/Controllers/Home.php on line 503.
 1 APPPATH/Controllers/Home.php(503): CodeIgniter\Debug\Exceptions->errorHandler(2, 'Undefined variable $route', 'APPPATH/Controllers/Home.php', 503)
 2 SYSTEMPATH/CodeIgniter.php(934): App\Controllers\Home->Schedules()
 3 SYSTEMPATH/CodeIgniter.php(499): CodeIgniter\CodeIgniter->runController(Object(App\Controllers\Home))
 4 SYSTEMPATH/CodeIgniter.php(368): CodeIgniter\CodeIgniter->handleRequest(null, Object(Config\Cache), false)
 5 FCPATH/index.php(67): CodeIgniter\CodeIgniter->run()
CRITICAL - 2024-08-23 07:28:30 --> Undefined variable $route
in APPPATH/Controllers/Home.php on line 503.
 1 APPPATH/Controllers/Home.php(503): CodeIgniter\Debug\Exceptions->errorHandler(2, 'Undefined variable $route', 'APPPATH/Controllers/Home.php', 503)
 2 SYSTEMPATH/CodeIgniter.php(934): App\Controllers\Home->Schedules()
 3 SYSTEMPATH/CodeIgniter.php(499): CodeIgniter\CodeIgniter->runController(Object(App\Controllers\Home))
 4 SYSTEMPATH/CodeIgniter.php(368): CodeIgniter\CodeIgniter->handleRequest(null, Object(Config\Cache), false)
 5 FCPATH/index.php(67): CodeIgniter\CodeIgniter->run()
CRITICAL - 2024-08-23 07:28:33 --> Undefined variable $route
in APPPATH/Controllers/Home.php on line 503.
 1 APPPATH/Controllers/Home.php(503): CodeIgniter\Debug\Exceptions->errorHandler(2, 'Undefined variable $route', 'APPPATH/Controllers/Home.php', 503)
 2 SYSTEMPATH/CodeIgniter.php(934): App\Controllers\Home->Schedules()
 3 SYSTEMPATH/CodeIgniter.php(499): CodeIgniter\CodeIgniter->runController(Object(App\Controllers\Home))
 4 SYSTEMPATH/CodeIgniter.php(368): CodeIgniter\CodeIgniter->handleRequest(null, Object(Config\Cache), false)
 5 FCPATH/index.php(67): CodeIgniter\CodeIgniter->run()
CRITICAL - 2024-08-23 07:28:34 --> Undefined variable $route
in APPPATH/Controllers/Home.php on line 503.
 1 APPPATH/Controllers/Home.php(503): CodeIgniter\Debug\Exceptions->errorHandler(2, 'Undefined variable $route', 'APPPATH/Controllers/Home.php', 503)
 2 SYSTEMPATH/CodeIgniter.php(934): App\Controllers\Home->Schedules()
 3 SYSTEMPATH/CodeIgniter.php(499): CodeIgniter\CodeIgniter->runController(Object(App\Controllers\Home))
 4 SYSTEMPATH/CodeIgniter.php(368): CodeIgniter\CodeIgniter->handleRequest(null, Object(Config\Cache), false)
 5 FCPATH/index.php(67): CodeIgniter\CodeIgniter->run()
