CRITICAL - 2024-07-13 03:38:03 --> Undefined variable $resultData
in APPPATH/Controllers/PassengerController.php on line 590.
 1 APPPATH/Controllers/PassengerController.php(590): CodeIgniter\Debug\Exceptions->errorHandler(2, 'Undefined variable $resultData', 'APPPATH/Controllers/PassengerController.php', 590)
 2 SYSTEMPATH/CodeIgniter.php(934): App\Controllers\PassengerController->savePassenger()
 3 SYSTEMPATH/CodeIgniter.php(499): CodeIgniter\CodeIgniter->runController(Object(App\Controllers\PassengerController))
 4 SYSTEMPATH/CodeIgniter.php(368): CodeIgniter\CodeIgniter->handleRequest(null, Object(Config\Cache), false)
 5 FCPATH/index.php(67): CodeIgniter\CodeIgniter->run()
CRITICAL - 2024-07-13 03:38:46 --> Undefined variable $resultData
in APPPATH/Controllers/PassengerController.php on line 590.
 1 APPPATH/Controllers/PassengerController.php(590): CodeIgniter\Debug\Exceptions->errorHandler(2, 'Undefined variable $resultData', 'APPPATH/Controllers/PassengerController.php', 590)
 2 SYSTEMPATH/CodeIgniter.php(934): App\Controllers\PassengerController->savePassenger()
 3 SYSTEMPATH/CodeIgniter.php(499): CodeIgniter\CodeIgniter->runController(Object(App\Controllers\PassengerController))
 4 SYSTEMPATH/CodeIgniter.php(368): CodeIgniter\CodeIgniter->handleRequest(null, Object(Config\Cache), false)
 5 FCPATH/index.php(67): CodeIgniter\CodeIgniter->run()
CRITICAL - 2024-07-13 03:39:55 --> Undefined variable $resultData
in APPPATH/Controllers/PassengerController.php on line 590.
 1 APPPATH/Controllers/PassengerController.php(590): CodeIgniter\Debug\Exceptions->errorHandler(2, 'Undefined variable $resultData', 'APPPATH/Controllers/PassengerController.php', 590)
 2 SYSTEMPATH/CodeIgniter.php(934): App\Controllers\PassengerController->savePassenger()
 3 SYSTEMPATH/CodeIgniter.php(499): CodeIgniter\CodeIgniter->runController(Object(App\Controllers\PassengerController))
 4 SYSTEMPATH/CodeIgniter.php(368): CodeIgniter\CodeIgniter->handleRequest(null, Object(Config\Cache), false)
 5 FCPATH/index.php(67): CodeIgniter\CodeIgniter->run()
