ERROR - 2024-06-10 03:47:20 --> Error connecting to the database: mysqli_sql_exception: User 'cvr8mc2c_9285_cg' has exceeded the 'max_connections_per_hour' resource (current value: 1) in /home4/cvr8mc2c/merchant/system/Database/MySQLi/Connection.php:173
Stack trace:
#0 /home4/cvr8mc2c/merchant/system/Database/MySQLi/Connection.php(173): mysqli->real_connect('localhost', 'cvr8mc2c_9285_c...', Object(SensitiveParameterValue), 'cvr8mc2c_ticket...', 3306, '', 0)
#1 /home4/cvr8mc2c/merchant/system/Database/BaseConnection.php(391): CodeIgniter\Database\MySQLi\Connection->connect(false)
#2 /home4/cvr8mc2c/merchant/system/Database/BaseConnection.php(573): CodeIgniter\Database\BaseConnection->initialize()
#3 /home4/cvr8mc2c/merchant/system/Database/BaseBuilder.php(1602): CodeIgniter\Database\BaseConnection->query('SELECT `portID`...', Array, false)
#4 /home4/cvr8mc2c/merchant/app/Controllers/Home.php(378): CodeIgniter\Database\BaseBuilder->get()
#5 /home4/cvr8mc2c/merchant/system/CodeIgniter.php(934): App\Controllers\Home->fetchRate()
#6 /home4/cvr8mc2c/merchant/system/CodeIgniter.php(499): CodeIgniter\CodeIgniter->runController(Object(App\Controllers\Home))
#7 /home4/cvr8mc2c/merchant/system/CodeIgniter.php(368): CodeIgniter\CodeIgniter->handleRequest(NULL, Object(Config\Cache), false)
#8 /home4/cvr8mc2c/merchant.fastcat-book.com/index.php(67): CodeIgniter\CodeIgniter->run()
#9 {main}

Next CodeIgniter\Database\Exceptions\DatabaseException: User '****' has exceeded the 'max_connections_per_hour' resource (current value: 1) in /home4/cvr8mc2c/merchant/system/Database/MySQLi/Connection.php:218
Stack trace:
#0 /home4/cvr8mc2c/merchant/system/Database/BaseConnection.php(391): CodeIgniter\Database\MySQLi\Connection->connect(false)
#1 /home4/cvr8mc2c/merchant/system/Database/BaseConnection.php(573): CodeIgniter\Database\BaseConnection->initialize()
#2 /home4/cvr8mc2c/merchant/system/Database/BaseBuilder.php(1602): CodeIgniter\Database\BaseConnection->query('SELECT `portID`...', Array, false)
#3 /home4/cvr8mc2c/merchant/app/Controllers/Home.php(378): CodeIgniter\Database\BaseBuilder->get()
#4 /home4/cvr8mc2c/merchant/system/CodeIgniter.php(934): App\Controllers\Home->fetchRate()
#5 /home4/cvr8mc2c/merchant/system/CodeIgniter.php(499): CodeIgniter\CodeIgniter->runController(Object(App\Controllers\Home))
#6 /home4/cvr8mc2c/merchant/system/CodeIgniter.php(368): CodeIgniter\CodeIgniter->handleRequest(NULL, Object(Config\Cache), false)
#7 /home4/cvr8mc2c/merchant.fastcat-book.com/index.php(67): CodeIgniter\CodeIgniter->run()
#8 {main}
CRITICAL - 2024-06-10 03:47:20 --> Unable to connect to the database.
Main connection [MySQLi]: User '****' has exceeded the 'max_connections_per_hour' resource (current value: 1)
in SYSTEMPATH/Database/BaseConnection.php on line 427.
 1 SYSTEMPATH/Database/BaseConnection.php(573): CodeIgniter\Database\BaseConnection->initialize()
 2 SYSTEMPATH/Database/BaseBuilder.php(1602): CodeIgniter\Database\BaseConnection->query('SELECT `portID`
FROM `tblschedule`
WHERE `ID` = :ID:', [...], false)
 3 APPPATH/Controllers/Home.php(378): CodeIgniter\Database\BaseBuilder->get()
 4 SYSTEMPATH/CodeIgniter.php(934): App\Controllers\Home->fetchRate()
 5 SYSTEMPATH/CodeIgniter.php(499): CodeIgniter\CodeIgniter->runController(Object(App\Controllers\Home))
 6 SYSTEMPATH/CodeIgniter.php(368): CodeIgniter\CodeIgniter->handleRequest(null, Object(Config\Cache), false)
 7 FCPATH/index.php(67): CodeIgniter\CodeIgniter->run()
ERROR - 2024-06-10 03:47:22 --> Error connecting to the database: mysqli_sql_exception: User 'cvr8mc2c_9285_cg' has exceeded the 'max_connections_per_hour' resource (current value: 1) in /home4/cvr8mc2c/merchant/system/Database/MySQLi/Connection.php:173
Stack trace:
#0 /home4/cvr8mc2c/merchant/system/Database/MySQLi/Connection.php(173): mysqli->real_connect('localhost', 'cvr8mc2c_9285_c...', Object(SensitiveParameterValue), 'cvr8mc2c_ticket...', 3306, '', 0)
#1 /home4/cvr8mc2c/merchant/system/Database/BaseConnection.php(391): CodeIgniter\Database\MySQLi\Connection->connect(false)
#2 /home4/cvr8mc2c/merchant/system/Database/BaseConnection.php(573): CodeIgniter\Database\BaseConnection->initialize()
#3 /home4/cvr8mc2c/merchant/system/Database/BaseBuilder.php(1602): CodeIgniter\Database\BaseConnection->query('SELECT *\nFROM `...', Array, false)
#4 /home4/cvr8mc2c/merchant/system/Model.php(199): CodeIgniter\Database\BaseBuilder->get()
#5 /home4/cvr8mc2c/merchant/system/BaseModel.php(557): CodeIgniter\Model->doFind(true, '113')
#6 /home4/cvr8mc2c/merchant/app/Controllers/Home.php(131): CodeIgniter\BaseModel->find('113')
#7 /home4/cvr8mc2c/merchant/system/CodeIgniter.php(934): App\Controllers\Home->AddPassenger()
#8 /home4/cvr8mc2c/merchant/system/CodeIgniter.php(499): CodeIgniter\CodeIgniter->runController(Object(App\Controllers\Home))
#9 /home4/cvr8mc2c/merchant/system/CodeIgniter.php(368): CodeIgniter\CodeIgniter->handleRequest(NULL, Object(Config\Cache), false)
#10 /home4/cvr8mc2c/merchant.fastcat-book.com/index.php(67): CodeIgniter\CodeIgniter->run()
#11 {main}

Next CodeIgniter\Database\Exceptions\DatabaseException: User '****' has exceeded the 'max_connections_per_hour' resource (current value: 1) in /home4/cvr8mc2c/merchant/system/Database/MySQLi/Connection.php:218
Stack trace:
#0 /home4/cvr8mc2c/merchant/system/Database/BaseConnection.php(391): CodeIgniter\Database\MySQLi\Connection->connect(false)
#1 /home4/cvr8mc2c/merchant/system/Database/BaseConnection.php(573): CodeIgniter\Database\BaseConnection->initialize()
#2 /home4/cvr8mc2c/merchant/system/Database/BaseBuilder.php(1602): CodeIgniter\Database\BaseConnection->query('SELECT *\nFROM `...', Array, false)
#3 /home4/cvr8mc2c/merchant/system/Model.php(199): CodeIgniter\Database\BaseBuilder->get()
#4 /home4/cvr8mc2c/merchant/system/BaseModel.php(557): CodeIgniter\Model->doFind(true, '113')
#5 /home4/cvr8mc2c/merchant/app/Controllers/Home.php(131): CodeIgniter\BaseModel->find('113')
#6 /home4/cvr8mc2c/merchant/system/CodeIgniter.php(934): App\Controllers\Home->AddPassenger()
#7 /home4/cvr8mc2c/merchant/system/CodeIgniter.php(499): CodeIgniter\CodeIgniter->runController(Object(App\Controllers\Home))
#8 /home4/cvr8mc2c/merchant/system/CodeIgniter.php(368): CodeIgniter\CodeIgniter->handleRequest(NULL, Object(Config\Cache), false)
#9 /home4/cvr8mc2c/merchant.fastcat-book.com/index.php(67): CodeIgniter\CodeIgniter->run()
#10 {main}
CRITICAL - 2024-06-10 03:47:22 --> Unable to connect to the database.
Main connection [MySQLi]: User '****' has exceeded the 'max_connections_per_hour' resource (current value: 1)
in SYSTEMPATH/Database/BaseConnection.php on line 427.
 1 SYSTEMPATH/Database/BaseConnection.php(573): CodeIgniter\Database\BaseConnection->initialize()
 2 SYSTEMPATH/Database/BaseBuilder.php(1602): CodeIgniter\Database\BaseConnection->query('SELECT *
FROM `tblmerchant`
WHERE `tblmerchant`.`merchantID` = :tblmerchant.merchantID:', [...], false)
 3 SYSTEMPATH/Model.php(199): CodeIgniter\Database\BaseBuilder->get()
 4 SYSTEMPATH/BaseModel.php(557): CodeIgniter\Model->doFind(true, '113')
 5 APPPATH/Controllers/Home.php(131): CodeIgniter\BaseModel->find('113')
 6 SYSTEMPATH/CodeIgniter.php(934): App\Controllers\Home->AddPassenger()
 7 SYSTEMPATH/CodeIgniter.php(499): CodeIgniter\CodeIgniter->runController(Object(App\Controllers\Home))
 8 SYSTEMPATH/CodeIgniter.php(368): CodeIgniter\CodeIgniter->handleRequest(null, Object(Config\Cache), false)
 9 FCPATH/index.php(67): CodeIgniter\CodeIgniter->run()
ERROR - 2024-06-10 03:47:32 --> Error connecting to the database: mysqli_sql_exception: User 'cvr8mc2c_9285_cg' has exceeded the 'max_connections_per_hour' resource (current value: 1) in /home4/cvr8mc2c/merchant/system/Database/MySQLi/Connection.php:173
Stack trace:
#0 /home4/cvr8mc2c/merchant/system/Database/MySQLi/Connection.php(173): mysqli->real_connect('localhost', 'cvr8mc2c_9285_c...', Object(SensitiveParameterValue), 'cvr8mc2c_ticket...', 3306, '', 0)
#1 /home4/cvr8mc2c/merchant/system/Database/BaseConnection.php(391): CodeIgniter\Database\MySQLi\Connection->connect(false)
#2 /home4/cvr8mc2c/merchant/system/Database/BaseConnection.php(573): CodeIgniter\Database\BaseConnection->initialize()
#3 /home4/cvr8mc2c/merchant/system/Database/BaseBuilder.php(1602): CodeIgniter\Database\BaseConnection->query('SELECT *\nFROM `...', Array, false)
#4 /home4/cvr8mc2c/merchant/system/Model.php(199): CodeIgniter\Database\BaseBuilder->get()
#5 /home4/cvr8mc2c/merchant/system/BaseModel.php(557): CodeIgniter\Model->doFind(true, '113')
#6 /home4/cvr8mc2c/merchant/app/Controllers/Home.php(131): CodeIgniter\BaseModel->find('113')
#7 /home4/cvr8mc2c/merchant/system/CodeIgniter.php(934): App\Controllers\Home->AddPassenger()
#8 /home4/cvr8mc2c/merchant/system/CodeIgniter.php(499): CodeIgniter\CodeIgniter->runController(Object(App\Controllers\Home))
#9 /home4/cvr8mc2c/merchant/system/CodeIgniter.php(368): CodeIgniter\CodeIgniter->handleRequest(NULL, Object(Config\Cache), false)
#10 /home4/cvr8mc2c/merchant.fastcat-book.com/index.php(67): CodeIgniter\CodeIgniter->run()
#11 {main}

Next CodeIgniter\Database\Exceptions\DatabaseException: User '****' has exceeded the 'max_connections_per_hour' resource (current value: 1) in /home4/cvr8mc2c/merchant/system/Database/MySQLi/Connection.php:218
Stack trace:
#0 /home4/cvr8mc2c/merchant/system/Database/BaseConnection.php(391): CodeIgniter\Database\MySQLi\Connection->connect(false)
#1 /home4/cvr8mc2c/merchant/system/Database/BaseConnection.php(573): CodeIgniter\Database\BaseConnection->initialize()
#2 /home4/cvr8mc2c/merchant/system/Database/BaseBuilder.php(1602): CodeIgniter\Database\BaseConnection->query('SELECT *\nFROM `...', Array, false)
#3 /home4/cvr8mc2c/merchant/system/Model.php(199): CodeIgniter\Database\BaseBuilder->get()
#4 /home4/cvr8mc2c/merchant/system/BaseModel.php(557): CodeIgniter\Model->doFind(true, '113')
#5 /home4/cvr8mc2c/merchant/app/Controllers/Home.php(131): CodeIgniter\BaseModel->find('113')
#6 /home4/cvr8mc2c/merchant/system/CodeIgniter.php(934): App\Controllers\Home->AddPassenger()
#7 /home4/cvr8mc2c/merchant/system/CodeIgniter.php(499): CodeIgniter\CodeIgniter->runController(Object(App\Controllers\Home))
#8 /home4/cvr8mc2c/merchant/system/CodeIgniter.php(368): CodeIgniter\CodeIgniter->handleRequest(NULL, Object(Config\Cache), false)
#9 /home4/cvr8mc2c/merchant.fastcat-book.com/index.php(67): CodeIgniter\CodeIgniter->run()
#10 {main}
CRITICAL - 2024-06-10 03:47:32 --> Unable to connect to the database.
Main connection [MySQLi]: User '****' has exceeded the 'max_connections_per_hour' resource (current value: 1)
in SYSTEMPATH/Database/BaseConnection.php on line 427.
 1 SYSTEMPATH/Database/BaseConnection.php(573): CodeIgniter\Database\BaseConnection->initialize()
 2 SYSTEMPATH/Database/BaseBuilder.php(1602): CodeIgniter\Database\BaseConnection->query('SELECT *
FROM `tblmerchant`
WHERE `tblmerchant`.`merchantID` = :tblmerchant.merchantID:', [...], false)
 3 SYSTEMPATH/Model.php(199): CodeIgniter\Database\BaseBuilder->get()
 4 SYSTEMPATH/BaseModel.php(557): CodeIgniter\Model->doFind(true, '113')
 5 APPPATH/Controllers/Home.php(131): CodeIgniter\BaseModel->find('113')
 6 SYSTEMPATH/CodeIgniter.php(934): App\Controllers\Home->AddPassenger()
 7 SYSTEMPATH/CodeIgniter.php(499): CodeIgniter\CodeIgniter->runController(Object(App\Controllers\Home))
 8 SYSTEMPATH/CodeIgniter.php(368): CodeIgniter\CodeIgniter->handleRequest(null, Object(Config\Cache), false)
 9 FCPATH/index.php(67): CodeIgniter\CodeIgniter->run()
ERROR - 2024-06-10 03:47:37 --> Error connecting to the database: mysqli_sql_exception: User 'cvr8mc2c_9285_cg' has exceeded the 'max_connections_per_hour' resource (current value: 1) in /home4/cvr8mc2c/merchant/system/Database/MySQLi/Connection.php:173
Stack trace:
#0 /home4/cvr8mc2c/merchant/system/Database/MySQLi/Connection.php(173): mysqli->real_connect('localhost', 'cvr8mc2c_9285_c...', Object(SensitiveParameterValue), 'cvr8mc2c_ticket...', 3306, '', 0)
#1 /home4/cvr8mc2c/merchant/system/Database/BaseConnection.php(391): CodeIgniter\Database\MySQLi\Connection->connect(false)
#2 /home4/cvr8mc2c/merchant/system/Database/BaseConnection.php(573): CodeIgniter\Database\BaseConnection->initialize()
#3 /home4/cvr8mc2c/merchant/system/Database/BaseBuilder.php(1602): CodeIgniter\Database\BaseConnection->query('SELECT *\nFROM `...', Array, false)
#4 /home4/cvr8mc2c/merchant/system/Model.php(199): CodeIgniter\Database\BaseBuilder->get()
#5 /home4/cvr8mc2c/merchant/system/BaseModel.php(557): CodeIgniter\Model->doFind(true, '113')
#6 /home4/cvr8mc2c/merchant/app/Controllers/Home.php(131): CodeIgniter\BaseModel->find('113')
#7 /home4/cvr8mc2c/merchant/system/CodeIgniter.php(934): App\Controllers\Home->AddPassenger()
#8 /home4/cvr8mc2c/merchant/system/CodeIgniter.php(499): CodeIgniter\CodeIgniter->runController(Object(App\Controllers\Home))
#9 /home4/cvr8mc2c/merchant/system/CodeIgniter.php(368): CodeIgniter\CodeIgniter->handleRequest(NULL, Object(Config\Cache), false)
#10 /home4/cvr8mc2c/merchant.fastcat-book.com/index.php(67): CodeIgniter\CodeIgniter->run()
#11 {main}

Next CodeIgniter\Database\Exceptions\DatabaseException: User '****' has exceeded the 'max_connections_per_hour' resource (current value: 1) in /home4/cvr8mc2c/merchant/system/Database/MySQLi/Connection.php:218
Stack trace:
#0 /home4/cvr8mc2c/merchant/system/Database/BaseConnection.php(391): CodeIgniter\Database\MySQLi\Connection->connect(false)
#1 /home4/cvr8mc2c/merchant/system/Database/BaseConnection.php(573): CodeIgniter\Database\BaseConnection->initialize()
#2 /home4/cvr8mc2c/merchant/system/Database/BaseBuilder.php(1602): CodeIgniter\Database\BaseConnection->query('SELECT *\nFROM `...', Array, false)
#3 /home4/cvr8mc2c/merchant/system/Model.php(199): CodeIgniter\Database\BaseBuilder->get()
#4 /home4/cvr8mc2c/merchant/system/BaseModel.php(557): CodeIgniter\Model->doFind(true, '113')
#5 /home4/cvr8mc2c/merchant/app/Controllers/Home.php(131): CodeIgniter\BaseModel->find('113')
#6 /home4/cvr8mc2c/merchant/system/CodeIgniter.php(934): App\Controllers\Home->AddPassenger()
#7 /home4/cvr8mc2c/merchant/system/CodeIgniter.php(499): CodeIgniter\CodeIgniter->runController(Object(App\Controllers\Home))
#8 /home4/cvr8mc2c/merchant/system/CodeIgniter.php(368): CodeIgniter\CodeIgniter->handleRequest(NULL, Object(Config\Cache), false)
#9 /home4/cvr8mc2c/merchant.fastcat-book.com/index.php(67): CodeIgniter\CodeIgniter->run()
#10 {main}
CRITICAL - 2024-06-10 03:47:37 --> Unable to connect to the database.
Main connection [MySQLi]: User '****' has exceeded the 'max_connections_per_hour' resource (current value: 1)
in SYSTEMPATH/Database/BaseConnection.php on line 427.
 1 SYSTEMPATH/Database/BaseConnection.php(573): CodeIgniter\Database\BaseConnection->initialize()
 2 SYSTEMPATH/Database/BaseBuilder.php(1602): CodeIgniter\Database\BaseConnection->query('SELECT *
FROM `tblmerchant`
WHERE `tblmerchant`.`merchantID` = :tblmerchant.merchantID:', [...], false)
 3 SYSTEMPATH/Model.php(199): CodeIgniter\Database\BaseBuilder->get()
 4 SYSTEMPATH/BaseModel.php(557): CodeIgniter\Model->doFind(true, '113')
 5 APPPATH/Controllers/Home.php(131): CodeIgniter\BaseModel->find('113')
 6 SYSTEMPATH/CodeIgniter.php(934): App\Controllers\Home->AddPassenger()
 7 SYSTEMPATH/CodeIgniter.php(499): CodeIgniter\CodeIgniter->runController(Object(App\Controllers\Home))
 8 SYSTEMPATH/CodeIgniter.php(368): CodeIgniter\CodeIgniter->handleRequest(null, Object(Config\Cache), false)
 9 FCPATH/index.php(67): CodeIgniter\CodeIgniter->run()
ERROR - 2024-06-10 03:47:42 --> Error connecting to the database: mysqli_sql_exception: User 'cvr8mc2c_9285_cg' has exceeded the 'max_connections_per_hour' resource (current value: 1) in /home4/cvr8mc2c/merchant/system/Database/MySQLi/Connection.php:173
Stack trace:
#0 /home4/cvr8mc2c/merchant/system/Database/MySQLi/Connection.php(173): mysqli->real_connect('localhost', 'cvr8mc2c_9285_c...', Object(SensitiveParameterValue), 'cvr8mc2c_ticket...', 3306, '', 0)
#1 /home4/cvr8mc2c/merchant/system/Database/BaseConnection.php(391): CodeIgniter\Database\MySQLi\Connection->connect(false)
#2 /home4/cvr8mc2c/merchant/system/Database/BaseConnection.php(573): CodeIgniter\Database\BaseConnection->initialize()
#3 /home4/cvr8mc2c/merchant/system/Database/BaseBuilder.php(1602): CodeIgniter\Database\BaseConnection->query('SELECT *\nFROM `...', Array, false)
#4 /home4/cvr8mc2c/merchant/system/Model.php(199): CodeIgniter\Database\BaseBuilder->get()
#5 /home4/cvr8mc2c/merchant/system/BaseModel.php(557): CodeIgniter\Model->doFind(true, '113')
#6 /home4/cvr8mc2c/merchant/app/Controllers/Home.php(108): CodeIgniter\BaseModel->find('113')
#7 /home4/cvr8mc2c/merchant/system/CodeIgniter.php(934): App\Controllers\Home->Book()
#8 /home4/cvr8mc2c/merchant/system/CodeIgniter.php(499): CodeIgniter\CodeIgniter->runController(Object(App\Controllers\Home))
#9 /home4/cvr8mc2c/merchant/system/CodeIgniter.php(368): CodeIgniter\CodeIgniter->handleRequest(NULL, Object(Config\Cache), false)
#10 /home4/cvr8mc2c/merchant.fastcat-book.com/index.php(67): CodeIgniter\CodeIgniter->run()
#11 {main}

Next CodeIgniter\Database\Exceptions\DatabaseException: User '****' has exceeded the 'max_connections_per_hour' resource (current value: 1) in /home4/cvr8mc2c/merchant/system/Database/MySQLi/Connection.php:218
Stack trace:
#0 /home4/cvr8mc2c/merchant/system/Database/BaseConnection.php(391): CodeIgniter\Database\MySQLi\Connection->connect(false)
#1 /home4/cvr8mc2c/merchant/system/Database/BaseConnection.php(573): CodeIgniter\Database\BaseConnection->initialize()
#2 /home4/cvr8mc2c/merchant/system/Database/BaseBuilder.php(1602): CodeIgniter\Database\BaseConnection->query('SELECT *\nFROM `...', Array, false)
#3 /home4/cvr8mc2c/merchant/system/Model.php(199): CodeIgniter\Database\BaseBuilder->get()
#4 /home4/cvr8mc2c/merchant/system/BaseModel.php(557): CodeIgniter\Model->doFind(true, '113')
#5 /home4/cvr8mc2c/merchant/app/Controllers/Home.php(108): CodeIgniter\BaseModel->find('113')
#6 /home4/cvr8mc2c/merchant/system/CodeIgniter.php(934): App\Controllers\Home->Book()
#7 /home4/cvr8mc2c/merchant/system/CodeIgniter.php(499): CodeIgniter\CodeIgniter->runController(Object(App\Controllers\Home))
#8 /home4/cvr8mc2c/merchant/system/CodeIgniter.php(368): CodeIgniter\CodeIgniter->handleRequest(NULL, Object(Config\Cache), false)
#9 /home4/cvr8mc2c/merchant.fastcat-book.com/index.php(67): CodeIgniter\CodeIgniter->run()
#10 {main}
CRITICAL - 2024-06-10 03:47:42 --> Unable to connect to the database.
Main connection [MySQLi]: User '****' has exceeded the 'max_connections_per_hour' resource (current value: 1)
in SYSTEMPATH/Database/BaseConnection.php on line 427.
 1 SYSTEMPATH/Database/BaseConnection.php(573): CodeIgniter\Database\BaseConnection->initialize()
 2 SYSTEMPATH/Database/BaseBuilder.php(1602): CodeIgniter\Database\BaseConnection->query('SELECT *
FROM `tblmerchant`
WHERE `tblmerchant`.`merchantID` = :tblmerchant.merchantID:', [...], false)
 3 SYSTEMPATH/Model.php(199): CodeIgniter\Database\BaseBuilder->get()
 4 SYSTEMPATH/BaseModel.php(557): CodeIgniter\Model->doFind(true, '113')
 5 APPPATH/Controllers/Home.php(108): CodeIgniter\BaseModel->find('113')
 6 SYSTEMPATH/CodeIgniter.php(934): App\Controllers\Home->Book()
 7 SYSTEMPATH/CodeIgniter.php(499): CodeIgniter\CodeIgniter->runController(Object(App\Controllers\Home))
 8 SYSTEMPATH/CodeIgniter.php(368): CodeIgniter\CodeIgniter->handleRequest(null, Object(Config\Cache), false)
 9 FCPATH/index.php(67): CodeIgniter\CodeIgniter->run()
ERROR - 2024-06-10 03:48:36 --> Error connecting to the database: mysqli_sql_exception: User 'cvr8mc2c_9285_cg' has exceeded the 'max_connections_per_hour' resource (current value: 1) in /home4/cvr8mc2c/merchant/system/Database/MySQLi/Connection.php:173
Stack trace:
#0 /home4/cvr8mc2c/merchant/system/Database/MySQLi/Connection.php(173): mysqli->real_connect('localhost', 'cvr8mc2c_9285_c...', Object(SensitiveParameterValue), 'cvr8mc2c_ticket...', 3306, '', 0)
#1 /home4/cvr8mc2c/merchant/system/Database/BaseConnection.php(391): CodeIgniter\Database\MySQLi\Connection->connect(false)
#2 /home4/cvr8mc2c/merchant/system/Database/BaseConnection.php(573): CodeIgniter\Database\BaseConnection->initialize()
#3 /home4/cvr8mc2c/merchant/system/Database/BaseBuilder.php(1602): CodeIgniter\Database\BaseConnection->query('SELECT *\nFROM `...', Array, false)
#4 /home4/cvr8mc2c/merchant/system/Model.php(199): CodeIgniter\Database\BaseBuilder->get()
#5 /home4/cvr8mc2c/merchant/system/BaseModel.php(557): CodeIgniter\Model->doFind(true, '113')
#6 /home4/cvr8mc2c/merchant/app/Controllers/Home.php(108): CodeIgniter\BaseModel->find('113')
#7 /home4/cvr8mc2c/merchant/system/CodeIgniter.php(934): App\Controllers\Home->Book()
#8 /home4/cvr8mc2c/merchant/system/CodeIgniter.php(499): CodeIgniter\CodeIgniter->runController(Object(App\Controllers\Home))
#9 /home4/cvr8mc2c/merchant/system/CodeIgniter.php(368): CodeIgniter\CodeIgniter->handleRequest(NULL, Object(Config\Cache), false)
#10 /home4/cvr8mc2c/merchant.fastcat-book.com/index.php(67): CodeIgniter\CodeIgniter->run()
#11 {main}

Next CodeIgniter\Database\Exceptions\DatabaseException: User '****' has exceeded the 'max_connections_per_hour' resource (current value: 1) in /home4/cvr8mc2c/merchant/system/Database/MySQLi/Connection.php:218
Stack trace:
#0 /home4/cvr8mc2c/merchant/system/Database/BaseConnection.php(391): CodeIgniter\Database\MySQLi\Connection->connect(false)
#1 /home4/cvr8mc2c/merchant/system/Database/BaseConnection.php(573): CodeIgniter\Database\BaseConnection->initialize()
#2 /home4/cvr8mc2c/merchant/system/Database/BaseBuilder.php(1602): CodeIgniter\Database\BaseConnection->query('SELECT *\nFROM `...', Array, false)
#3 /home4/cvr8mc2c/merchant/system/Model.php(199): CodeIgniter\Database\BaseBuilder->get()
#4 /home4/cvr8mc2c/merchant/system/BaseModel.php(557): CodeIgniter\Model->doFind(true, '113')
#5 /home4/cvr8mc2c/merchant/app/Controllers/Home.php(108): CodeIgniter\BaseModel->find('113')
#6 /home4/cvr8mc2c/merchant/system/CodeIgniter.php(934): App\Controllers\Home->Book()
#7 /home4/cvr8mc2c/merchant/system/CodeIgniter.php(499): CodeIgniter\CodeIgniter->runController(Object(App\Controllers\Home))
#8 /home4/cvr8mc2c/merchant/system/CodeIgniter.php(368): CodeIgniter\CodeIgniter->handleRequest(NULL, Object(Config\Cache), false)
#9 /home4/cvr8mc2c/merchant.fastcat-book.com/index.php(67): CodeIgniter\CodeIgniter->run()
#10 {main}
CRITICAL - 2024-06-10 03:48:36 --> Unable to connect to the database.
Main connection [MySQLi]: User '****' has exceeded the 'max_connections_per_hour' resource (current value: 1)
in SYSTEMPATH/Database/BaseConnection.php on line 427.
 1 SYSTEMPATH/Database/BaseConnection.php(573): CodeIgniter\Database\BaseConnection->initialize()
 2 SYSTEMPATH/Database/BaseBuilder.php(1602): CodeIgniter\Database\BaseConnection->query('SELECT *
FROM `tblmerchant`
WHERE `tblmerchant`.`merchantID` = :tblmerchant.merchantID:', [...], false)
 3 SYSTEMPATH/Model.php(199): CodeIgniter\Database\BaseBuilder->get()
 4 SYSTEMPATH/BaseModel.php(557): CodeIgniter\Model->doFind(true, '113')
 5 APPPATH/Controllers/Home.php(108): CodeIgniter\BaseModel->find('113')
 6 SYSTEMPATH/CodeIgniter.php(934): App\Controllers\Home->Book()
 7 SYSTEMPATH/CodeIgniter.php(499): CodeIgniter\CodeIgniter->runController(Object(App\Controllers\Home))
 8 SYSTEMPATH/CodeIgniter.php(368): CodeIgniter\CodeIgniter->handleRequest(null, Object(Config\Cache), false)
 9 FCPATH/index.php(67): CodeIgniter\CodeIgniter->run()
ERROR - 2024-06-10 03:48:51 --> Error connecting to the database: mysqli_sql_exception: User 'cvr8mc2c_9285_cg' has exceeded the 'max_connections_per_hour' resource (current value: 1) in /home4/cvr8mc2c/merchant/system/Database/MySQLi/Connection.php:173
Stack trace:
#0 /home4/cvr8mc2c/merchant/system/Database/MySQLi/Connection.php(173): mysqli->real_connect('localhost', 'cvr8mc2c_9285_c...', Object(SensitiveParameterValue), 'cvr8mc2c_ticket...', 3306, '', 0)
#1 /home4/cvr8mc2c/merchant/system/Database/BaseConnection.php(391): CodeIgniter\Database\MySQLi\Connection->connect(false)
#2 /home4/cvr8mc2c/merchant/system/Database/BaseConnection.php(573): CodeIgniter\Database\BaseConnection->initialize()
#3 /home4/cvr8mc2c/merchant/system/Database/BaseBuilder.php(1602): CodeIgniter\Database\BaseConnection->query('SELECT *\nFROM `...', Array, false)
#4 /home4/cvr8mc2c/merchant/system/Model.php(199): CodeIgniter\Database\BaseBuilder->get()
#5 /home4/cvr8mc2c/merchant/system/BaseModel.php(557): CodeIgniter\Model->doFind(true, '113')
#6 /home4/cvr8mc2c/merchant/app/Controllers/Home.php(108): CodeIgniter\BaseModel->find('113')
#7 /home4/cvr8mc2c/merchant/system/CodeIgniter.php(934): App\Controllers\Home->Book()
#8 /home4/cvr8mc2c/merchant/system/CodeIgniter.php(499): CodeIgniter\CodeIgniter->runController(Object(App\Controllers\Home))
#9 /home4/cvr8mc2c/merchant/system/CodeIgniter.php(368): CodeIgniter\CodeIgniter->handleRequest(NULL, Object(Config\Cache), false)
#10 /home4/cvr8mc2c/merchant.fastcat-book.com/index.php(67): CodeIgniter\CodeIgniter->run()
#11 {main}

Next CodeIgniter\Database\Exceptions\DatabaseException: User '****' has exceeded the 'max_connections_per_hour' resource (current value: 1) in /home4/cvr8mc2c/merchant/system/Database/MySQLi/Connection.php:218
Stack trace:
#0 /home4/cvr8mc2c/merchant/system/Database/BaseConnection.php(391): CodeIgniter\Database\MySQLi\Connection->connect(false)
#1 /home4/cvr8mc2c/merchant/system/Database/BaseConnection.php(573): CodeIgniter\Database\BaseConnection->initialize()
#2 /home4/cvr8mc2c/merchant/system/Database/BaseBuilder.php(1602): CodeIgniter\Database\BaseConnection->query('SELECT *\nFROM `...', Array, false)
#3 /home4/cvr8mc2c/merchant/system/Model.php(199): CodeIgniter\Database\BaseBuilder->get()
#4 /home4/cvr8mc2c/merchant/system/BaseModel.php(557): CodeIgniter\Model->doFind(true, '113')
#5 /home4/cvr8mc2c/merchant/app/Controllers/Home.php(108): CodeIgniter\BaseModel->find('113')
#6 /home4/cvr8mc2c/merchant/system/CodeIgniter.php(934): App\Controllers\Home->Book()
#7 /home4/cvr8mc2c/merchant/system/CodeIgniter.php(499): CodeIgniter\CodeIgniter->runController(Object(App\Controllers\Home))
#8 /home4/cvr8mc2c/merchant/system/CodeIgniter.php(368): CodeIgniter\CodeIgniter->handleRequest(NULL, Object(Config\Cache), false)
#9 /home4/cvr8mc2c/merchant.fastcat-book.com/index.php(67): CodeIgniter\CodeIgniter->run()
#10 {main}
CRITICAL - 2024-06-10 03:48:51 --> Unable to connect to the database.
Main connection [MySQLi]: User '****' has exceeded the 'max_connections_per_hour' resource (current value: 1)
in SYSTEMPATH/Database/BaseConnection.php on line 427.
 1 SYSTEMPATH/Database/BaseConnection.php(573): CodeIgniter\Database\BaseConnection->initialize()
 2 SYSTEMPATH/Database/BaseBuilder.php(1602): CodeIgniter\Database\BaseConnection->query('SELECT *
FROM `tblmerchant`
WHERE `tblmerchant`.`merchantID` = :tblmerchant.merchantID:', [...], false)
 3 SYSTEMPATH/Model.php(199): CodeIgniter\Database\BaseBuilder->get()
 4 SYSTEMPATH/BaseModel.php(557): CodeIgniter\Model->doFind(true, '113')
 5 APPPATH/Controllers/Home.php(108): CodeIgniter\BaseModel->find('113')
 6 SYSTEMPATH/CodeIgniter.php(934): App\Controllers\Home->Book()
 7 SYSTEMPATH/CodeIgniter.php(499): CodeIgniter\CodeIgniter->runController(Object(App\Controllers\Home))
 8 SYSTEMPATH/CodeIgniter.php(368): CodeIgniter\CodeIgniter->handleRequest(null, Object(Config\Cache), false)
 9 FCPATH/index.php(67): CodeIgniter\CodeIgniter->run()
