CRITICAL - 2024-01-25 09:03:46 --> Undefined variable $route
in APPPATH/Controllers/Home.php on line 419.
 1 APPPATH/Controllers/Home.php(419): CodeIgniter\Debug\Exceptions->errorHandler(2, 'Undefined variable $route', 'APPPATH/Controllers/Home.php', 419)
 2 SYSTEMPATH/CodeIgniter.php(934): App\Controllers\Home->Schedules()
 3 SYSTEMPATH/CodeIgniter.php(499): CodeIgniter\CodeIgniter->runController(Object(App\Controllers\Home))
 4 SYSTEMPATH/CodeIgniter.php(368): CodeIgniter\CodeIgniter->handleRequest(null, Object(Config\Cache), false)
 5 FCPATH/index.php(67): CodeIgniter\CodeIgniter->run()
CRITICAL - 2024-01-25 09:04:07 --> Undefined variable $route
in APPPATH/Controllers/Home.php on line 419.
 1 APPPATH/Controllers/Home.php(419): CodeIgniter\Debug\Exceptions->errorHandler(2, 'Undefined variable $route', 'APPPATH/Controllers/Home.php', 419)
 2 SYSTEMPATH/CodeIgniter.php(934): App\Controllers\Home->Schedules()
 3 SYSTEMPATH/CodeIgniter.php(499): CodeIgniter\CodeIgniter->runController(Object(App\Controllers\Home))
 4 SYSTEMPATH/CodeIgniter.php(368): CodeIgniter\CodeIgniter->handleRequest(null, Object(Config\Cache), false)
 5 FCPATH/index.php(67): CodeIgniter\CodeIgniter->run()
CRITICAL - 2024-01-25 12:10:49 --> Undefined variable $route
in APPPATH/Controllers/Home.php on line 419.
 1 APPPATH/Controllers/Home.php(419): CodeIgniter\Debug\Exceptions->errorHandler(2, 'Undefined variable $route', 'APPPATH/Controllers/Home.php', 419)
 2 SYSTEMPATH/CodeIgniter.php(934): App\Controllers\Home->Schedules()
 3 SYSTEMPATH/CodeIgniter.php(499): CodeIgniter\CodeIgniter->runController(Object(App\Controllers\Home))
 4 SYSTEMPATH/CodeIgniter.php(368): CodeIgniter\CodeIgniter->handleRequest(null, Object(Config\Cache), false)
 5 FCPATH/index.php(67): CodeIgniter\CodeIgniter->run()
CRITICAL - 2024-01-25 12:11:37 --> Undefined variable $route
in APPPATH/Controllers/Home.php on line 419.
 1 APPPATH/Controllers/Home.php(419): CodeIgniter\Debug\Exceptions->errorHandler(2, 'Undefined variable $route', 'APPPATH/Controllers/Home.php', 419)
 2 SYSTEMPATH/CodeIgniter.php(934): App\Controllers\Home->Schedules()
 3 SYSTEMPATH/CodeIgniter.php(499): CodeIgniter\CodeIgniter->runController(Object(App\Controllers\Home))
 4 SYSTEMPATH/CodeIgniter.php(368): CodeIgniter\CodeIgniter->handleRequest(null, Object(Config\Cache), false)
 5 FCPATH/index.php(67): CodeIgniter\CodeIgniter->run()
