CRITICAL - 2024-03-11 03:38:09 --> Undefined variable $route
in APPPATH/Controllers/Home.php on line 419.
 1 APPPATH/Controllers/Home.php(419): CodeIgniter\Debug\Exceptions->errorHandler(2, 'Undefined variable $route', 'APPPATH/Controllers/Home.php', 419)
 2 SYSTEMPATH/CodeIgniter.php(934): App\Controllers\Home->Schedules()
 3 SYSTEMPATH/CodeIgniter.php(499): CodeIgniter\CodeIgniter->runController(Object(App\Controllers\Home))
 4 SYSTEMPATH/CodeIgniter.php(368): CodeIgniter\CodeIgniter->handleRequest(null, Object(Config\Cache), false)
 5 FCPATH/index.php(67): CodeIgniter\CodeIgniter->run()
CRITICAL - 2024-03-11 03:40:40 --> Undefined variable $route
in APPPATH/Controllers/Home.php on line 419.
 1 APPPATH/Controllers/Home.php(419): CodeIgniter\Debug\Exceptions->errorHandler(2, 'Undefined variable $route', 'APPPATH/Controllers/Home.php', 419)
 2 SYSTEMPATH/CodeIgniter.php(934): App\Controllers\Home->Schedules()
 3 SYSTEMPATH/CodeIgniter.php(499): CodeIgniter\CodeIgniter->runController(Object(App\Controllers\Home))
 4 SYSTEMPATH/CodeIgniter.php(368): CodeIgniter\CodeIgniter->handleRequest(null, Object(Config\Cache), false)
 5 FCPATH/index.php(67): CodeIgniter\CodeIgniter->run()
ERROR - 2024-03-11 03:40:59 --> Error connecting to the database: mysqli_sql_exception: User cvr8mc2c_9285_cg already has more than 'max_user_connections' active connections in /home4/cvr8mc2c/merchant/system/Database/MySQLi/Connection.php:173
Stack trace:
#0 /home4/cvr8mc2c/merchant/system/Database/MySQLi/Connection.php(173): mysqli->real_connect('localhost', 'cvr8mc2c_9285_c...', Object(SensitiveParameterValue), 'cvr8mc2c_ticket...', 3306, '', 0)
#1 /home4/cvr8mc2c/merchant/system/Database/BaseConnection.php(391): CodeIgniter\Database\MySQLi\Connection->connect(false)
#2 /home4/cvr8mc2c/merchant/system/Database/BaseConnection.php(573): CodeIgniter\Database\BaseConnection->initialize()
#3 /home4/cvr8mc2c/merchant/app/Controllers/TransactionController.php(568): CodeIgniter\Database\BaseConnection->query('Select FORMAT(I...', Array)
#4 /home4/cvr8mc2c/merchant/system/CodeIgniter.php(934): App\Controllers\TransactionController->monthlyExpenses()
#5 /home4/cvr8mc2c/merchant/system/CodeIgniter.php(499): CodeIgniter\CodeIgniter->runController(Object(App\Controllers\TransactionController))
#6 /home4/cvr8mc2c/merchant/system/CodeIgniter.php(368): CodeIgniter\CodeIgniter->handleRequest(NULL, Object(Config\Cache), false)
#7 /home4/cvr8mc2c/merchant.fastcat-book.com/index.php(67): CodeIgniter\CodeIgniter->run()
#8 {main}

Next CodeIgniter\Database\Exceptions\DatabaseException: User **** already has more than 'max_user_connections' active connections in /home4/cvr8mc2c/merchant/system/Database/MySQLi/Connection.php:218
Stack trace:
#0 /home4/cvr8mc2c/merchant/system/Database/BaseConnection.php(391): CodeIgniter\Database\MySQLi\Connection->connect(false)
#1 /home4/cvr8mc2c/merchant/system/Database/BaseConnection.php(573): CodeIgniter\Database\BaseConnection->initialize()
#2 /home4/cvr8mc2c/merchant/app/Controllers/TransactionController.php(568): CodeIgniter\Database\BaseConnection->query('Select FORMAT(I...', Array)
#3 /home4/cvr8mc2c/merchant/system/CodeIgniter.php(934): App\Controllers\TransactionController->monthlyExpenses()
#4 /home4/cvr8mc2c/merchant/system/CodeIgniter.php(499): CodeIgniter\CodeIgniter->runController(Object(App\Controllers\TransactionController))
#5 /home4/cvr8mc2c/merchant/system/CodeIgniter.php(368): CodeIgniter\CodeIgniter->handleRequest(NULL, Object(Config\Cache), false)
#6 /home4/cvr8mc2c/merchant.fastcat-book.com/index.php(67): CodeIgniter\CodeIgniter->run()
#7 {main}
CRITICAL - 2024-03-11 03:40:59 --> Unable to connect to the database.
Main connection [MySQLi]: User **** already has more than 'max_user_connections' active connections
in SYSTEMPATH/Database/BaseConnection.php on line 427.
 1 SYSTEMPATH/Database/BaseConnection.php(573): CodeIgniter\Database\BaseConnection->initialize()
 2 APPPATH/Controllers/TransactionController.php(568): CodeIgniter\Database\BaseConnection->query('Select FORMAT(IFNULL(SUM(a.TotalAmount),0),2)total from tblcustomer_payment_merchant a LEFT JOIN 
        (Select agentID,BookingNumber from tblrecords_merchant GROUP BY BookingNumber) b ON b.BookingNumber=a.BookingNumber WHERE a.Remarks=\'PAID\' 
        AND b.agentID=:user: AND DATE_FORMAT(a.TrxnDate,\'%m\')=:month: AND DATE_FORMAT(a.TrxnDate,\'%Y\')=:year:', [...])
 3 SYSTEMPATH/CodeIgniter.php(934): App\Controllers\TransactionController->monthlyExpenses()
 4 SYSTEMPATH/CodeIgniter.php(499): CodeIgniter\CodeIgniter->runController(Object(App\Controllers\TransactionController))
 5 SYSTEMPATH/CodeIgniter.php(368): CodeIgniter\CodeIgniter->handleRequest(null, Object(Config\Cache), false)
 6 FCPATH/index.php(67): CodeIgniter\CodeIgniter->run()
ERROR - 2024-03-11 03:40:59 --> Error connecting to the database: mysqli_sql_exception: User cvr8mc2c_9285_cg already has more than 'max_user_connections' active connections in /home4/cvr8mc2c/merchant/system/Database/MySQLi/Connection.php:173
Stack trace:
#0 /home4/cvr8mc2c/merchant/system/Database/MySQLi/Connection.php(173): mysqli->real_connect('localhost', 'cvr8mc2c_9285_c...', Object(SensitiveParameterValue), 'cvr8mc2c_ticket...', 3306, '', 0)
#1 /home4/cvr8mc2c/merchant/system/Database/BaseConnection.php(391): CodeIgniter\Database\MySQLi\Connection->connect(false)
#2 /home4/cvr8mc2c/merchant/system/Database/BaseConnection.php(573): CodeIgniter\Database\BaseConnection->initialize()
#3 /home4/cvr8mc2c/merchant/app/Controllers/TransactionController.php(550): CodeIgniter\Database\BaseConnection->query('Select FORMAT(I...', Array)
#4 /home4/cvr8mc2c/merchant/system/CodeIgniter.php(934): App\Controllers\TransactionController->dailyExpenses()
#5 /home4/cvr8mc2c/merchant/system/CodeIgniter.php(499): CodeIgniter\CodeIgniter->runController(Object(App\Controllers\TransactionController))
#6 /home4/cvr8mc2c/merchant/system/CodeIgniter.php(368): CodeIgniter\CodeIgniter->handleRequest(NULL, Object(Config\Cache), false)
#7 /home4/cvr8mc2c/merchant.fastcat-book.com/index.php(67): CodeIgniter\CodeIgniter->run()
#8 {main}

Next CodeIgniter\Database\Exceptions\DatabaseException: User **** already has more than 'max_user_connections' active connections in /home4/cvr8mc2c/merchant/system/Database/MySQLi/Connection.php:218
Stack trace:
#0 /home4/cvr8mc2c/merchant/system/Database/BaseConnection.php(391): CodeIgniter\Database\MySQLi\Connection->connect(false)
#1 /home4/cvr8mc2c/merchant/system/Database/BaseConnection.php(573): CodeIgniter\Database\BaseConnection->initialize()
#2 /home4/cvr8mc2c/merchant/app/Controllers/TransactionController.php(550): CodeIgniter\Database\BaseConnection->query('Select FORMAT(I...', Array)
#3 /home4/cvr8mc2c/merchant/system/CodeIgniter.php(934): App\Controllers\TransactionController->dailyExpenses()
#4 /home4/cvr8mc2c/merchant/system/CodeIgniter.php(499): CodeIgniter\CodeIgniter->runController(Object(App\Controllers\TransactionController))
#5 /home4/cvr8mc2c/merchant/system/CodeIgniter.php(368): CodeIgniter\CodeIgniter->handleRequest(NULL, Object(Config\Cache), false)
#6 /home4/cvr8mc2c/merchant.fastcat-book.com/index.php(67): CodeIgniter\CodeIgniter->run()
#7 {main}
CRITICAL - 2024-03-11 03:40:59 --> Unable to connect to the database.
Main connection [MySQLi]: User **** already has more than 'max_user_connections' active connections
in SYSTEMPATH/Database/BaseConnection.php on line 427.
 1 SYSTEMPATH/Database/BaseConnection.php(573): CodeIgniter\Database\BaseConnection->initialize()
 2 APPPATH/Controllers/TransactionController.php(550): CodeIgniter\Database\BaseConnection->query('Select FORMAT(IFNULL(SUM(a.TotalAmount),0),2)total from tblcustomer_payment_merchant a LEFT JOIN 
        (Select agentID,BookingNumber from tblrecords_merchant GROUP BY BookingNumber) b ON b.BookingNumber=a.BookingNumber WHERE a.Remarks=\'PAID\' 
        AND b.agentID=:user: AND a.TrxnDate=:date:', [...])
 3 SYSTEMPATH/CodeIgniter.php(934): App\Controllers\TransactionController->dailyExpenses()
 4 SYSTEMPATH/CodeIgniter.php(499): CodeIgniter\CodeIgniter->runController(Object(App\Controllers\TransactionController))
 5 SYSTEMPATH/CodeIgniter.php(368): CodeIgniter\CodeIgniter->handleRequest(null, Object(Config\Cache), false)
 6 FCPATH/index.php(67): CodeIgniter\CodeIgniter->run()
ERROR - 2024-03-11 03:41:00 --> Error connecting to the database: mysqli_sql_exception: User cvr8mc2c_9285_cg already has more than 'max_user_connections' active connections in /home4/cvr8mc2c/merchant/system/Database/MySQLi/Connection.php:173
Stack trace:
#0 /home4/cvr8mc2c/merchant/system/Database/MySQLi/Connection.php(173): mysqli->real_connect('localhost', 'cvr8mc2c_9285_c...', Object(SensitiveParameterValue), 'cvr8mc2c_ticket...', 3306, '', 0)
#1 /home4/cvr8mc2c/merchant/system/Database/BaseConnection.php(391): CodeIgniter\Database\MySQLi\Connection->connect(false)
#2 /home4/cvr8mc2c/merchant/system/Database/BaseConnection.php(573): CodeIgniter\Database\BaseConnection->initialize()
#3 /home4/cvr8mc2c/merchant/system/Database/BaseBuilder.php(1602): CodeIgniter\Database\BaseConnection->query('SELECT `a`.*, `...', Array, false)
#4 /home4/cvr8mc2c/merchant/app/Controllers/TransactionController.php(524): CodeIgniter\Database\BaseBuilder->get()
#5 /home4/cvr8mc2c/merchant/system/CodeIgniter.php(934): App\Controllers\TransactionController->listSchedules()
#6 /home4/cvr8mc2c/merchant/system/CodeIgniter.php(499): CodeIgniter\CodeIgniter->runController(Object(App\Controllers\TransactionController))
#7 /home4/cvr8mc2c/merchant/system/CodeIgniter.php(368): CodeIgniter\CodeIgniter->handleRequest(NULL, Object(Config\Cache), false)
#8 /home4/cvr8mc2c/merchant.fastcat-book.com/index.php(67): CodeIgniter\CodeIgniter->run()
#9 {main}

Next CodeIgniter\Database\Exceptions\DatabaseException: User **** already has more than 'max_user_connections' active connections in /home4/cvr8mc2c/merchant/system/Database/MySQLi/Connection.php:218
Stack trace:
#0 /home4/cvr8mc2c/merchant/system/Database/BaseConnection.php(391): CodeIgniter\Database\MySQLi\Connection->connect(false)
#1 /home4/cvr8mc2c/merchant/system/Database/BaseConnection.php(573): CodeIgniter\Database\BaseConnection->initialize()
#2 /home4/cvr8mc2c/merchant/system/Database/BaseBuilder.php(1602): CodeIgniter\Database\BaseConnection->query('SELECT `a`.*, `...', Array, false)
#3 /home4/cvr8mc2c/merchant/app/Controllers/TransactionController.php(524): CodeIgniter\Database\BaseBuilder->get()
#4 /home4/cvr8mc2c/merchant/system/CodeIgniter.php(934): App\Controllers\TransactionController->listSchedules()
#5 /home4/cvr8mc2c/merchant/system/CodeIgniter.php(499): CodeIgniter\CodeIgniter->runController(Object(App\Controllers\TransactionController))
#6 /home4/cvr8mc2c/merchant/system/CodeIgniter.php(368): CodeIgniter\CodeIgniter->handleRequest(NULL, Object(Config\Cache), false)
#7 /home4/cvr8mc2c/merchant.fastcat-book.com/index.php(67): CodeIgniter\CodeIgniter->run()
#8 {main}
CRITICAL - 2024-03-11 03:41:00 --> Unable to connect to the database.
Main connection [MySQLi]: User **** already has more than 'max_user_connections' active connections
in SYSTEMPATH/Database/BaseConnection.php on line 427.
 1 SYSTEMPATH/Database/BaseConnection.php(573): CodeIgniter\Database\BaseConnection->initialize()
 2 SYSTEMPATH/Database/BaseBuilder.php(1602): CodeIgniter\Database\BaseConnection->query('SELECT `a`.*, `b`.`Name`
FROM `tblschedule` `a`
LEFT JOIN `tblvessels` `b` ON `b`.`vesselID`=`a`.`vesselID`
ORDER BY `a`.`ID` DESC
 LIMIT 5', [], false)
 3 APPPATH/Controllers/TransactionController.php(524): CodeIgniter\Database\BaseBuilder->get()
 4 SYSTEMPATH/CodeIgniter.php(934): App\Controllers\TransactionController->listSchedules()
 5 SYSTEMPATH/CodeIgniter.php(499): CodeIgniter\CodeIgniter->runController(Object(App\Controllers\TransactionController))
 6 SYSTEMPATH/CodeIgniter.php(368): CodeIgniter\CodeIgniter->handleRequest(null, Object(Config\Cache), false)
 7 FCPATH/index.php(67): CodeIgniter\CodeIgniter->run()
ERROR - 2024-03-11 03:41:00 --> Error connecting to the database: mysqli_sql_exception: User cvr8mc2c_9285_cg already has more than 'max_user_connections' active connections in /home4/cvr8mc2c/merchant/system/Database/MySQLi/Connection.php:173
Stack trace:
#0 /home4/cvr8mc2c/merchant/system/Database/MySQLi/Connection.php(173): mysqli->real_connect('localhost', 'cvr8mc2c_9285_c...', Object(SensitiveParameterValue), 'cvr8mc2c_ticket...', 3306, '', 0)
#1 /home4/cvr8mc2c/merchant/system/Database/BaseConnection.php(391): CodeIgniter\Database\MySQLi\Connection->connect(false)
#2 /home4/cvr8mc2c/merchant/system/Database/BaseConnection.php(573): CodeIgniter\Database\BaseConnection->initialize()
#3 /home4/cvr8mc2c/merchant/app/Controllers/TransactionController.php(585): CodeIgniter\Database\BaseConnection->query('Select COUNT(a....', Array)
#4 /home4/cvr8mc2c/merchant/system/CodeIgniter.php(934): App\Controllers\TransactionController->totalReserved()
#5 /home4/cvr8mc2c/merchant/system/CodeIgniter.php(499): CodeIgniter\CodeIgniter->runController(Object(App\Controllers\TransactionController))
#6 /home4/cvr8mc2c/merchant/system/CodeIgniter.php(368): CodeIgniter\CodeIgniter->handleRequest(NULL, Object(Config\Cache), false)
#7 /home4/cvr8mc2c/merchant.fastcat-book.com/index.php(67): CodeIgniter\CodeIgniter->run()
#8 {main}

Next CodeIgniter\Database\Exceptions\DatabaseException: User **** already has more than 'max_user_connections' active connections in /home4/cvr8mc2c/merchant/system/Database/MySQLi/Connection.php:218
Stack trace:
#0 /home4/cvr8mc2c/merchant/system/Database/BaseConnection.php(391): CodeIgniter\Database\MySQLi\Connection->connect(false)
#1 /home4/cvr8mc2c/merchant/system/Database/BaseConnection.php(573): CodeIgniter\Database\BaseConnection->initialize()
#2 /home4/cvr8mc2c/merchant/app/Controllers/TransactionController.php(585): CodeIgniter\Database\BaseConnection->query('Select COUNT(a....', Array)
#3 /home4/cvr8mc2c/merchant/system/CodeIgniter.php(934): App\Controllers\TransactionController->totalReserved()
#4 /home4/cvr8mc2c/merchant/system/CodeIgniter.php(499): CodeIgniter\CodeIgniter->runController(Object(App\Controllers\TransactionController))
#5 /home4/cvr8mc2c/merchant/system/CodeIgniter.php(368): CodeIgniter\CodeIgniter->handleRequest(NULL, Object(Config\Cache), false)
#6 /home4/cvr8mc2c/merchant.fastcat-book.com/index.php(67): CodeIgniter\CodeIgniter->run()
#7 {main}
CRITICAL - 2024-03-11 03:41:00 --> Unable to connect to the database.
Main connection [MySQLi]: User **** already has more than 'max_user_connections' active connections
in SYSTEMPATH/Database/BaseConnection.php on line 427.
 1 SYSTEMPATH/Database/BaseConnection.php(573): CodeIgniter\Database\BaseConnection->initialize()
 2 APPPATH/Controllers/TransactionController.php(585): CodeIgniter\Database\BaseConnection->query('Select COUNT(a.BookingNumber)total from tblcustomer_payment_merchant a LEFT JOIN
        (Select agentID,BookingNumber from tblrecords_merchant GROUP BY BookingNumber)b ON b.BookingNumber=a.BookingNumber
        WHERE b.agentID=:user: AND a.Remarks=\'PAID\'', [...])
 3 SYSTEMPATH/CodeIgniter.php(934): App\Controllers\TransactionController->totalReserved()
 4 SYSTEMPATH/CodeIgniter.php(499): CodeIgniter\CodeIgniter->runController(Object(App\Controllers\TransactionController))
 5 SYSTEMPATH/CodeIgniter.php(368): CodeIgniter\CodeIgniter->handleRequest(null, Object(Config\Cache), false)
 6 FCPATH/index.php(67): CodeIgniter\CodeIgniter->run()
ERROR - 2024-03-11 03:41:00 --> Error connecting to the database: mysqli_sql_exception: User cvr8mc2c_9285_cg already has more than 'max_user_connections' active connections in /home4/cvr8mc2c/merchant/system/Database/MySQLi/Connection.php:173
Stack trace:
#0 /home4/cvr8mc2c/merchant/system/Database/MySQLi/Connection.php(173): mysqli->real_connect('localhost', 'cvr8mc2c_9285_c...', Object(SensitiveParameterValue), 'cvr8mc2c_ticket...', 3306, '', 0)
#1 /home4/cvr8mc2c/merchant/system/Database/BaseConnection.php(391): CodeIgniter\Database\MySQLi\Connection->connect(false)
#2 /home4/cvr8mc2c/merchant/system/Database/BaseConnection.php(573): CodeIgniter\Database\BaseConnection->initialize()
#3 /home4/cvr8mc2c/merchant/app/Controllers/TransactionController.php(600): CodeIgniter\Database\BaseConnection->query('Select COUNT(a....', Array)
#4 /home4/cvr8mc2c/merchant/system/CodeIgniter.php(934): App\Controllers\TransactionController->totalPending()
#5 /home4/cvr8mc2c/merchant/system/CodeIgniter.php(499): CodeIgniter\CodeIgniter->runController(Object(App\Controllers\TransactionController))
#6 /home4/cvr8mc2c/merchant/system/CodeIgniter.php(368): CodeIgniter\CodeIgniter->handleRequest(NULL, Object(Config\Cache), false)
#7 /home4/cvr8mc2c/merchant.fastcat-book.com/index.php(67): CodeIgniter\CodeIgniter->run()
#8 {main}

Next CodeIgniter\Database\Exceptions\DatabaseException: User **** already has more than 'max_user_connections' active connections in /home4/cvr8mc2c/merchant/system/Database/MySQLi/Connection.php:218
Stack trace:
#0 /home4/cvr8mc2c/merchant/system/Database/BaseConnection.php(391): CodeIgniter\Database\MySQLi\Connection->connect(false)
#1 /home4/cvr8mc2c/merchant/system/Database/BaseConnection.php(573): CodeIgniter\Database\BaseConnection->initialize()
#2 /home4/cvr8mc2c/merchant/app/Controllers/TransactionController.php(600): CodeIgniter\Database\BaseConnection->query('Select COUNT(a....', Array)
#3 /home4/cvr8mc2c/merchant/system/CodeIgniter.php(934): App\Controllers\TransactionController->totalPending()
#4 /home4/cvr8mc2c/merchant/system/CodeIgniter.php(499): CodeIgniter\CodeIgniter->runController(Object(App\Controllers\TransactionController))
#5 /home4/cvr8mc2c/merchant/system/CodeIgniter.php(368): CodeIgniter\CodeIgniter->handleRequest(NULL, Object(Config\Cache), false)
#6 /home4/cvr8mc2c/merchant.fastcat-book.com/index.php(67): CodeIgniter\CodeIgniter->run()
#7 {main}
CRITICAL - 2024-03-11 03:41:00 --> Unable to connect to the database.
Main connection [MySQLi]: User **** already has more than 'max_user_connections' active connections
in SYSTEMPATH/Database/BaseConnection.php on line 427.
 1 SYSTEMPATH/Database/BaseConnection.php(573): CodeIgniter\Database\BaseConnection->initialize()
 2 APPPATH/Controllers/TransactionController.php(600): CodeIgniter\Database\BaseConnection->query('Select COUNT(a.BookingNumber)total from tblcustomer_payment_merchant a LEFT JOIN
        (Select agentID,BookingNumber from tblrecords_merchant GROUP BY BookingNumber)b ON b.BookingNumber=a.BookingNumber
        WHERE b.agentID=:user: AND a.Remarks=\'Unpaid\'', [...])
 3 SYSTEMPATH/CodeIgniter.php(934): App\Controllers\TransactionController->totalPending()
 4 SYSTEMPATH/CodeIgniter.php(499): CodeIgniter\CodeIgniter->runController(Object(App\Controllers\TransactionController))
 5 SYSTEMPATH/CodeIgniter.php(368): CodeIgniter\CodeIgniter->handleRequest(null, Object(Config\Cache), false)
 6 FCPATH/index.php(67): CodeIgniter\CodeIgniter->run()
ERROR - 2024-03-11 03:41:00 --> Error connecting to the database: mysqli_sql_exception: User cvr8mc2c_9285_cg already has more than 'max_user_connections' active connections in /home4/cvr8mc2c/merchant/system/Database/MySQLi/Connection.php:173
Stack trace:
#0 /home4/cvr8mc2c/merchant/system/Database/MySQLi/Connection.php(173): mysqli->real_connect('localhost', 'cvr8mc2c_9285_c...', Object(SensitiveParameterValue), 'cvr8mc2c_ticket...', 3306, '', 0)
#1 /home4/cvr8mc2c/merchant/system/Database/BaseConnection.php(391): CodeIgniter\Database\MySQLi\Connection->connect(false)
#2 /home4/cvr8mc2c/merchant/system/Database/BaseConnection.php(573): CodeIgniter\Database\BaseConnection->initialize()
#3 /home4/cvr8mc2c/merchant/system/Database/BaseBuilder.php(1602): CodeIgniter\Database\BaseConnection->query('SELECT `agentID...', Array, false)
#4 /home4/cvr8mc2c/merchant/app/Controllers/TransactionController.php(504): CodeIgniter\Database\BaseBuilder->get()
#5 /home4/cvr8mc2c/merchant/system/CodeIgniter.php(934): App\Controllers\TransactionController->getBalance()
#6 /home4/cvr8mc2c/merchant/system/CodeIgniter.php(499): CodeIgniter\CodeIgniter->runController(Object(App\Controllers\TransactionController))
#7 /home4/cvr8mc2c/merchant/system/CodeIgniter.php(368): CodeIgniter\CodeIgniter->handleRequest(NULL, Object(Config\Cache), false)
#8 /home4/cvr8mc2c/merchant.fastcat-book.com/index.php(67): CodeIgniter\CodeIgniter->run()
#9 {main}

Next CodeIgniter\Database\Exceptions\DatabaseException: User **** already has more than 'max_user_connections' active connections in /home4/cvr8mc2c/merchant/system/Database/MySQLi/Connection.php:218
Stack trace:
#0 /home4/cvr8mc2c/merchant/system/Database/BaseConnection.php(391): CodeIgniter\Database\MySQLi\Connection->connect(false)
#1 /home4/cvr8mc2c/merchant/system/Database/BaseConnection.php(573): CodeIgniter\Database\BaseConnection->initialize()
#2 /home4/cvr8mc2c/merchant/system/Database/BaseBuilder.php(1602): CodeIgniter\Database\BaseConnection->query('SELECT `agentID...', Array, false)
#3 /home4/cvr8mc2c/merchant/app/Controllers/TransactionController.php(504): CodeIgniter\Database\BaseBuilder->get()
#4 /home4/cvr8mc2c/merchant/system/CodeIgniter.php(934): App\Controllers\TransactionController->getBalance()
#5 /home4/cvr8mc2c/merchant/system/CodeIgniter.php(499): CodeIgniter\CodeIgniter->runController(Object(App\Controllers\TransactionController))
#6 /home4/cvr8mc2c/merchant/system/CodeIgniter.php(368): CodeIgniter\CodeIgniter->handleRequest(NULL, Object(Config\Cache), false)
#7 /home4/cvr8mc2c/merchant.fastcat-book.com/index.php(67): CodeIgniter\CodeIgniter->run()
#8 {main}
CRITICAL - 2024-03-11 03:41:00 --> Unable to connect to the database.
Main connection [MySQLi]: User **** already has more than 'max_user_connections' active connections
in SYSTEMPATH/Database/BaseConnection.php on line 427.
 1 SYSTEMPATH/Database/BaseConnection.php(573): CodeIgniter\Database\BaseConnection->initialize()
 2 SYSTEMPATH/Database/BaseBuilder.php(1602): CodeIgniter\Database\BaseConnection->query('SELECT `agentID`
FROM `tblmerchant`
WHERE `merchantID` = :merchantID:', [...], false)
 3 APPPATH/Controllers/TransactionController.php(504): CodeIgniter\Database\BaseBuilder->get()
 4 SYSTEMPATH/CodeIgniter.php(934): App\Controllers\TransactionController->getBalance()
 5 SYSTEMPATH/CodeIgniter.php(499): CodeIgniter\CodeIgniter->runController(Object(App\Controllers\TransactionController))
 6 SYSTEMPATH/CodeIgniter.php(368): CodeIgniter\CodeIgniter->handleRequest(null, Object(Config\Cache), false)
 7 FCPATH/index.php(67): CodeIgniter\CodeIgniter->run()
ERROR - 2024-03-11 03:41:00 --> Error connecting to the database: mysqli_sql_exception: User cvr8mc2c_9285_cg already has more than 'max_user_connections' active connections in /home4/cvr8mc2c/merchant/system/Database/MySQLi/Connection.php:173
Stack trace:
#0 /home4/cvr8mc2c/merchant/system/Database/MySQLi/Connection.php(173): mysqli->real_connect('localhost', 'cvr8mc2c_9285_c...', Object(SensitiveParameterValue), 'cvr8mc2c_ticket...', 3306, '', 0)
#1 /home4/cvr8mc2c/merchant/system/Database/BaseConnection.php(391): CodeIgniter\Database\MySQLi\Connection->connect(false)
#2 /home4/cvr8mc2c/merchant/system/Database/BaseConnection.php(573): CodeIgniter\Database\BaseConnection->initialize()
#3 /home4/cvr8mc2c/merchant/app/Controllers/TransactionController.php(568): CodeIgniter\Database\BaseConnection->query('Select FORMAT(I...', Array)
#4 /home4/cvr8mc2c/merchant/system/CodeIgniter.php(934): App\Controllers\TransactionController->monthlyExpenses()
#5 /home4/cvr8mc2c/merchant/system/CodeIgniter.php(499): CodeIgniter\CodeIgniter->runController(Object(App\Controllers\TransactionController))
#6 /home4/cvr8mc2c/merchant/system/CodeIgniter.php(368): CodeIgniter\CodeIgniter->handleRequest(NULL, Object(Config\Cache), false)
#7 /home4/cvr8mc2c/merchant.fastcat-book.com/index.php(67): CodeIgniter\CodeIgniter->run()
#8 {main}

Next CodeIgniter\Database\Exceptions\DatabaseException: User **** already has more than 'max_user_connections' active connections in /home4/cvr8mc2c/merchant/system/Database/MySQLi/Connection.php:218
Stack trace:
#0 /home4/cvr8mc2c/merchant/system/Database/BaseConnection.php(391): CodeIgniter\Database\MySQLi\Connection->connect(false)
#1 /home4/cvr8mc2c/merchant/system/Database/BaseConnection.php(573): CodeIgniter\Database\BaseConnection->initialize()
#2 /home4/cvr8mc2c/merchant/app/Controllers/TransactionController.php(568): CodeIgniter\Database\BaseConnection->query('Select FORMAT(I...', Array)
#3 /home4/cvr8mc2c/merchant/system/CodeIgniter.php(934): App\Controllers\TransactionController->monthlyExpenses()
#4 /home4/cvr8mc2c/merchant/system/CodeIgniter.php(499): CodeIgniter\CodeIgniter->runController(Object(App\Controllers\TransactionController))
#5 /home4/cvr8mc2c/merchant/system/CodeIgniter.php(368): CodeIgniter\CodeIgniter->handleRequest(NULL, Object(Config\Cache), false)
#6 /home4/cvr8mc2c/merchant.fastcat-book.com/index.php(67): CodeIgniter\CodeIgniter->run()
#7 {main}
CRITICAL - 2024-03-11 03:41:00 --> Unable to connect to the database.
Main connection [MySQLi]: User **** already has more than 'max_user_connections' active connections
in SYSTEMPATH/Database/BaseConnection.php on line 427.
 1 SYSTEMPATH/Database/BaseConnection.php(573): CodeIgniter\Database\BaseConnection->initialize()
 2 APPPATH/Controllers/TransactionController.php(568): CodeIgniter\Database\BaseConnection->query('Select FORMAT(IFNULL(SUM(a.TotalAmount),0),2)total from tblcustomer_payment_merchant a LEFT JOIN 
        (Select agentID,BookingNumber from tblrecords_merchant GROUP BY BookingNumber) b ON b.BookingNumber=a.BookingNumber WHERE a.Remarks=\'PAID\' 
        AND b.agentID=:user: AND DATE_FORMAT(a.TrxnDate,\'%m\')=:month: AND DATE_FORMAT(a.TrxnDate,\'%Y\')=:year:', [...])
 3 SYSTEMPATH/CodeIgniter.php(934): App\Controllers\TransactionController->monthlyExpenses()
 4 SYSTEMPATH/CodeIgniter.php(499): CodeIgniter\CodeIgniter->runController(Object(App\Controllers\TransactionController))
 5 SYSTEMPATH/CodeIgniter.php(368): CodeIgniter\CodeIgniter->handleRequest(null, Object(Config\Cache), false)
 6 FCPATH/index.php(67): CodeIgniter\CodeIgniter->run()
ERROR - 2024-03-11 03:41:00 --> Error connecting to the database: mysqli_sql_exception: User cvr8mc2c_9285_cg already has more than 'max_user_connections' active connections in /home4/cvr8mc2c/merchant/system/Database/MySQLi/Connection.php:173
Stack trace:
#0 /home4/cvr8mc2c/merchant/system/Database/MySQLi/Connection.php(173): mysqli->real_connect('localhost', 'cvr8mc2c_9285_c...', Object(SensitiveParameterValue), 'cvr8mc2c_ticket...', 3306, '', 0)
#1 /home4/cvr8mc2c/merchant/system/Database/BaseConnection.php(391): CodeIgniter\Database\MySQLi\Connection->connect(false)
#2 /home4/cvr8mc2c/merchant/system/Database/BaseConnection.php(573): CodeIgniter\Database\BaseConnection->initialize()
#3 /home4/cvr8mc2c/merchant/app/Controllers/TransactionController.php(550): CodeIgniter\Database\BaseConnection->query('Select FORMAT(I...', Array)
#4 /home4/cvr8mc2c/merchant/system/CodeIgniter.php(934): App\Controllers\TransactionController->dailyExpenses()
#5 /home4/cvr8mc2c/merchant/system/CodeIgniter.php(499): CodeIgniter\CodeIgniter->runController(Object(App\Controllers\TransactionController))
#6 /home4/cvr8mc2c/merchant/system/CodeIgniter.php(368): CodeIgniter\CodeIgniter->handleRequest(NULL, Object(Config\Cache), false)
#7 /home4/cvr8mc2c/merchant.fastcat-book.com/index.php(67): CodeIgniter\CodeIgniter->run()
#8 {main}

Next CodeIgniter\Database\Exceptions\DatabaseException: User **** already has more than 'max_user_connections' active connections in /home4/cvr8mc2c/merchant/system/Database/MySQLi/Connection.php:218
Stack trace:
#0 /home4/cvr8mc2c/merchant/system/Database/BaseConnection.php(391): CodeIgniter\Database\MySQLi\Connection->connect(false)
#1 /home4/cvr8mc2c/merchant/system/Database/BaseConnection.php(573): CodeIgniter\Database\BaseConnection->initialize()
#2 /home4/cvr8mc2c/merchant/app/Controllers/TransactionController.php(550): CodeIgniter\Database\BaseConnection->query('Select FORMAT(I...', Array)
#3 /home4/cvr8mc2c/merchant/system/CodeIgniter.php(934): App\Controllers\TransactionController->dailyExpenses()
#4 /home4/cvr8mc2c/merchant/system/CodeIgniter.php(499): CodeIgniter\CodeIgniter->runController(Object(App\Controllers\TransactionController))
#5 /home4/cvr8mc2c/merchant/system/CodeIgniter.php(368): CodeIgniter\CodeIgniter->handleRequest(NULL, Object(Config\Cache), false)
#6 /home4/cvr8mc2c/merchant.fastcat-book.com/index.php(67): CodeIgniter\CodeIgniter->run()
#7 {main}
CRITICAL - 2024-03-11 03:41:00 --> Unable to connect to the database.
Main connection [MySQLi]: User **** already has more than 'max_user_connections' active connections
in SYSTEMPATH/Database/BaseConnection.php on line 427.
 1 SYSTEMPATH/Database/BaseConnection.php(573): CodeIgniter\Database\BaseConnection->initialize()
 2 APPPATH/Controllers/TransactionController.php(550): CodeIgniter\Database\BaseConnection->query('Select FORMAT(IFNULL(SUM(a.TotalAmount),0),2)total from tblcustomer_payment_merchant a LEFT JOIN 
        (Select agentID,BookingNumber from tblrecords_merchant GROUP BY BookingNumber) b ON b.BookingNumber=a.BookingNumber WHERE a.Remarks=\'PAID\' 
        AND b.agentID=:user: AND a.TrxnDate=:date:', [...])
 3 SYSTEMPATH/CodeIgniter.php(934): App\Controllers\TransactionController->dailyExpenses()
 4 SYSTEMPATH/CodeIgniter.php(499): CodeIgniter\CodeIgniter->runController(Object(App\Controllers\TransactionController))
 5 SYSTEMPATH/CodeIgniter.php(368): CodeIgniter\CodeIgniter->handleRequest(null, Object(Config\Cache), false)
 6 FCPATH/index.php(67): CodeIgniter\CodeIgniter->run()
ERROR - 2024-03-11 03:41:00 --> Error connecting to the database: mysqli_sql_exception: User cvr8mc2c_9285_cg already has more than 'max_user_connections' active connections in /home4/cvr8mc2c/merchant/system/Database/MySQLi/Connection.php:173
Stack trace:
#0 /home4/cvr8mc2c/merchant/system/Database/MySQLi/Connection.php(173): mysqli->real_connect('localhost', 'cvr8mc2c_9285_c...', Object(SensitiveParameterValue), 'cvr8mc2c_ticket...', 3306, '', 0)
#1 /home4/cvr8mc2c/merchant/system/Database/BaseConnection.php(391): CodeIgniter\Database\MySQLi\Connection->connect(false)
#2 /home4/cvr8mc2c/merchant/system/Database/BaseConnection.php(573): CodeIgniter\Database\BaseConnection->initialize()
#3 /home4/cvr8mc2c/merchant/system/Database/BaseBuilder.php(1602): CodeIgniter\Database\BaseConnection->query('SELECT `a`.`Trx...', Array, false)
#4 /home4/cvr8mc2c/merchant/app/Controllers/TransactionController.php(655): CodeIgniter\Database\BaseBuilder->get()
#5 /home4/cvr8mc2c/merchant/system/CodeIgniter.php(934): App\Controllers\TransactionController->Recent()
#6 /home4/cvr8mc2c/merchant/system/CodeIgniter.php(499): CodeIgniter\CodeIgniter->runController(Object(App\Controllers\TransactionController))
#7 /home4/cvr8mc2c/merchant/system/CodeIgniter.php(368): CodeIgniter\CodeIgniter->handleRequest(NULL, Object(Config\Cache), false)
#8 /home4/cvr8mc2c/merchant.fastcat-book.com/index.php(67): CodeIgniter\CodeIgniter->run()
#9 {main}

Next CodeIgniter\Database\Exceptions\DatabaseException: User **** already has more than 'max_user_connections' active connections in /home4/cvr8mc2c/merchant/system/Database/MySQLi/Connection.php:218
Stack trace:
#0 /home4/cvr8mc2c/merchant/system/Database/BaseConnection.php(391): CodeIgniter\Database\MySQLi\Connection->connect(false)
#1 /home4/cvr8mc2c/merchant/system/Database/BaseConnection.php(573): CodeIgniter\Database\BaseConnection->initialize()
#2 /home4/cvr8mc2c/merchant/system/Database/BaseBuilder.php(1602): CodeIgniter\Database\BaseConnection->query('SELECT `a`.`Trx...', Array, false)
#3 /home4/cvr8mc2c/merchant/app/Controllers/TransactionController.php(655): CodeIgniter\Database\BaseBuilder->get()
#4 /home4/cvr8mc2c/merchant/system/CodeIgniter.php(934): App\Controllers\TransactionController->Recent()
#5 /home4/cvr8mc2c/merchant/system/CodeIgniter.php(499): CodeIgniter\CodeIgniter->runController(Object(App\Controllers\TransactionController))
#6 /home4/cvr8mc2c/merchant/system/CodeIgniter.php(368): CodeIgniter\CodeIgniter->handleRequest(NULL, Object(Config\Cache), false)
#7 /home4/cvr8mc2c/merchant.fastcat-book.com/index.php(67): CodeIgniter\CodeIgniter->run()
#8 {main}
CRITICAL - 2024-03-11 03:41:00 --> Unable to connect to the database.
Main connection [MySQLi]: User **** already has more than 'max_user_connections' active connections
in SYSTEMPATH/Database/BaseConnection.php on line 427.
 1 SYSTEMPATH/Database/BaseConnection.php(573): CodeIgniter\Database\BaseConnection->initialize()
 2 SYSTEMPATH/Database/BaseBuilder.php(1602): CodeIgniter\Database\BaseConnection->query('SELECT `a`.`TrxnDate`, `a`.`BookingNumber`, FORMAT(a.TotalAmount, 2)Amount, `a`.`Remarks`, `c`.`Route`
FROM `tblcustomer_payment_merchant` `a`
LEFT JOIN `tblrecords_merchant` `b` ON `b`.`BookingNumber`=`a`.`BookingNumber`
LEFT JOIN `tblschedule` `c` ON `c`.`ID`=`b`.`ID`
WHERE `b`.`agentID` = :b.agentID:
GROUP BY `a`.`BookingNumber`
ORDER BY `a`.`BookingNumber` DESC
 LIMIT 10', [...], false)
 3 APPPATH/Controllers/TransactionController.php(655): CodeIgniter\Database\BaseBuilder->get()
 4 SYSTEMPATH/CodeIgniter.php(934): App\Controllers\TransactionController->Recent()
 5 SYSTEMPATH/CodeIgniter.php(499): CodeIgniter\CodeIgniter->runController(Object(App\Controllers\TransactionController))
 6 SYSTEMPATH/CodeIgniter.php(368): CodeIgniter\CodeIgniter->handleRequest(null, Object(Config\Cache), false)
 7 FCPATH/index.php(67): CodeIgniter\CodeIgniter->run()
ERROR - 2024-03-11 03:41:00 --> Error connecting to the database: mysqli_sql_exception: User cvr8mc2c_9285_cg already has more than 'max_user_connections' active connections in /home4/cvr8mc2c/merchant/system/Database/MySQLi/Connection.php:173
Stack trace:
#0 /home4/cvr8mc2c/merchant/system/Database/MySQLi/Connection.php(173): mysqli->real_connect('localhost', 'cvr8mc2c_9285_c...', Object(SensitiveParameterValue), 'cvr8mc2c_ticket...', 3306, '', 0)
#1 /home4/cvr8mc2c/merchant/system/Database/BaseConnection.php(391): CodeIgniter\Database\MySQLi\Connection->connect(false)
#2 /home4/cvr8mc2c/merchant/system/Database/BaseConnection.php(573): CodeIgniter\Database\BaseConnection->initialize()
#3 /home4/cvr8mc2c/merchant/app/Controllers/TransactionController.php(615): CodeIgniter\Database\BaseConnection->query('Select COUNT(a....', Array)
#4 /home4/cvr8mc2c/merchant/system/CodeIgniter.php(934): App\Controllers\TransactionController->totalBook()
#5 /home4/cvr8mc2c/merchant/system/CodeIgniter.php(499): CodeIgniter\CodeIgniter->runController(Object(App\Controllers\TransactionController))
#6 /home4/cvr8mc2c/merchant/system/CodeIgniter.php(368): CodeIgniter\CodeIgniter->handleRequest(NULL, Object(Config\Cache), false)
#7 /home4/cvr8mc2c/merchant.fastcat-book.com/index.php(67): CodeIgniter\CodeIgniter->run()
#8 {main}

Next CodeIgniter\Database\Exceptions\DatabaseException: User **** already has more than 'max_user_connections' active connections in /home4/cvr8mc2c/merchant/system/Database/MySQLi/Connection.php:218
Stack trace:
#0 /home4/cvr8mc2c/merchant/system/Database/BaseConnection.php(391): CodeIgniter\Database\MySQLi\Connection->connect(false)
#1 /home4/cvr8mc2c/merchant/system/Database/BaseConnection.php(573): CodeIgniter\Database\BaseConnection->initialize()
#2 /home4/cvr8mc2c/merchant/app/Controllers/TransactionController.php(615): CodeIgniter\Database\BaseConnection->query('Select COUNT(a....', Array)
#3 /home4/cvr8mc2c/merchant/system/CodeIgniter.php(934): App\Controllers\TransactionController->totalBook()
#4 /home4/cvr8mc2c/merchant/system/CodeIgniter.php(499): CodeIgniter\CodeIgniter->runController(Object(App\Controllers\TransactionController))
#5 /home4/cvr8mc2c/merchant/system/CodeIgniter.php(368): CodeIgniter\CodeIgniter->handleRequest(NULL, Object(Config\Cache), false)
#6 /home4/cvr8mc2c/merchant.fastcat-book.com/index.php(67): CodeIgniter\CodeIgniter->run()
#7 {main}
CRITICAL - 2024-03-11 03:41:00 --> Unable to connect to the database.
Main connection [MySQLi]: User **** already has more than 'max_user_connections' active connections
in SYSTEMPATH/Database/BaseConnection.php on line 427.
 1 SYSTEMPATH/Database/BaseConnection.php(573): CodeIgniter\Database\BaseConnection->initialize()
 2 APPPATH/Controllers/TransactionController.php(615): CodeIgniter\Database\BaseConnection->query('Select COUNT(a.BookingNumber)total from tblcustomer_payment_merchant a LEFT JOIN
        (Select agentID,BookingNumber from tblrecords_merchant GROUP BY BookingNumber)b ON b.BookingNumber=a.BookingNumber
        WHERE b.agentID=:user:', [...])
 3 SYSTEMPATH/CodeIgniter.php(934): App\Controllers\TransactionController->totalBook()
 4 SYSTEMPATH/CodeIgniter.php(499): CodeIgniter\CodeIgniter->runController(Object(App\Controllers\TransactionController))
 5 SYSTEMPATH/CodeIgniter.php(368): CodeIgniter\CodeIgniter->handleRequest(null, Object(Config\Cache), false)
 6 FCPATH/index.php(67): CodeIgniter\CodeIgniter->run()
ERROR - 2024-03-11 03:41:00 --> Error connecting to the database: mysqli_sql_exception: User cvr8mc2c_9285_cg already has more than 'max_user_connections' active connections in /home4/cvr8mc2c/merchant/system/Database/MySQLi/Connection.php:173
Stack trace:
#0 /home4/cvr8mc2c/merchant/system/Database/MySQLi/Connection.php(173): mysqli->real_connect('localhost', 'cvr8mc2c_9285_c...', Object(SensitiveParameterValue), 'cvr8mc2c_ticket...', 3306, '', 0)
#1 /home4/cvr8mc2c/merchant/system/Database/BaseConnection.php(391): CodeIgniter\Database\MySQLi\Connection->connect(false)
#2 /home4/cvr8mc2c/merchant/system/Database/BaseConnection.php(573): CodeIgniter\Database\BaseConnection->initialize()
#3 /home4/cvr8mc2c/merchant/system/Database/BaseBuilder.php(1602): CodeIgniter\Database\BaseConnection->query('SELECT `a`.*, `...', Array, false)
#4 /home4/cvr8mc2c/merchant/app/Controllers/TransactionController.php(524): CodeIgniter\Database\BaseBuilder->get()
#5 /home4/cvr8mc2c/merchant/system/CodeIgniter.php(934): App\Controllers\TransactionController->listSchedules()
#6 /home4/cvr8mc2c/merchant/system/CodeIgniter.php(499): CodeIgniter\CodeIgniter->runController(Object(App\Controllers\TransactionController))
#7 /home4/cvr8mc2c/merchant/system/CodeIgniter.php(368): CodeIgniter\CodeIgniter->handleRequest(NULL, Object(Config\Cache), false)
#8 /home4/cvr8mc2c/merchant.fastcat-book.com/index.php(67): CodeIgniter\CodeIgniter->run()
#9 {main}

Next CodeIgniter\Database\Exceptions\DatabaseException: User **** already has more than 'max_user_connections' active connections in /home4/cvr8mc2c/merchant/system/Database/MySQLi/Connection.php:218
Stack trace:
#0 /home4/cvr8mc2c/merchant/system/Database/BaseConnection.php(391): CodeIgniter\Database\MySQLi\Connection->connect(false)
#1 /home4/cvr8mc2c/merchant/system/Database/BaseConnection.php(573): CodeIgniter\Database\BaseConnection->initialize()
#2 /home4/cvr8mc2c/merchant/system/Database/BaseBuilder.php(1602): CodeIgniter\Database\BaseConnection->query('SELECT `a`.*, `...', Array, false)
#3 /home4/cvr8mc2c/merchant/app/Controllers/TransactionController.php(524): CodeIgniter\Database\BaseBuilder->get()
#4 /home4/cvr8mc2c/merchant/system/CodeIgniter.php(934): App\Controllers\TransactionController->listSchedules()
#5 /home4/cvr8mc2c/merchant/system/CodeIgniter.php(499): CodeIgniter\CodeIgniter->runController(Object(App\Controllers\TransactionController))
#6 /home4/cvr8mc2c/merchant/system/CodeIgniter.php(368): CodeIgniter\CodeIgniter->handleRequest(NULL, Object(Config\Cache), false)
#7 /home4/cvr8mc2c/merchant.fastcat-book.com/index.php(67): CodeIgniter\CodeIgniter->run()
#8 {main}
CRITICAL - 2024-03-11 03:41:00 --> Unable to connect to the database.
Main connection [MySQLi]: User **** already has more than 'max_user_connections' active connections
in SYSTEMPATH/Database/BaseConnection.php on line 427.
 1 SYSTEMPATH/Database/BaseConnection.php(573): CodeIgniter\Database\BaseConnection->initialize()
 2 SYSTEMPATH/Database/BaseBuilder.php(1602): CodeIgniter\Database\BaseConnection->query('SELECT `a`.*, `b`.`Name`
FROM `tblschedule` `a`
LEFT JOIN `tblvessels` `b` ON `b`.`vesselID`=`a`.`vesselID`
ORDER BY `a`.`ID` DESC
 LIMIT 5', [], false)
 3 APPPATH/Controllers/TransactionController.php(524): CodeIgniter\Database\BaseBuilder->get()
 4 SYSTEMPATH/CodeIgniter.php(934): App\Controllers\TransactionController->listSchedules()
 5 SYSTEMPATH/CodeIgniter.php(499): CodeIgniter\CodeIgniter->runController(Object(App\Controllers\TransactionController))
 6 SYSTEMPATH/CodeIgniter.php(368): CodeIgniter\CodeIgniter->handleRequest(null, Object(Config\Cache), false)
 7 FCPATH/index.php(67): CodeIgniter\CodeIgniter->run()
ERROR - 2024-03-11 03:41:00 --> Error connecting to the database: mysqli_sql_exception: User cvr8mc2c_9285_cg already has more than 'max_user_connections' active connections in /home4/cvr8mc2c/merchant/system/Database/MySQLi/Connection.php:173
Stack trace:
#0 /home4/cvr8mc2c/merchant/system/Database/MySQLi/Connection.php(173): mysqli->real_connect('localhost', 'cvr8mc2c_9285_c...', Object(SensitiveParameterValue), 'cvr8mc2c_ticket...', 3306, '', 0)
#1 /home4/cvr8mc2c/merchant/system/Database/BaseConnection.php(391): CodeIgniter\Database\MySQLi\Connection->connect(false)
#2 /home4/cvr8mc2c/merchant/system/Database/BaseConnection.php(573): CodeIgniter\Database\BaseConnection->initialize()
#3 /home4/cvr8mc2c/merchant/app/Controllers/TransactionController.php(585): CodeIgniter\Database\BaseConnection->query('Select COUNT(a....', Array)
#4 /home4/cvr8mc2c/merchant/system/CodeIgniter.php(934): App\Controllers\TransactionController->totalReserved()
#5 /home4/cvr8mc2c/merchant/system/CodeIgniter.php(499): CodeIgniter\CodeIgniter->runController(Object(App\Controllers\TransactionController))
#6 /home4/cvr8mc2c/merchant/system/CodeIgniter.php(368): CodeIgniter\CodeIgniter->handleRequest(NULL, Object(Config\Cache), false)
#7 /home4/cvr8mc2c/merchant.fastcat-book.com/index.php(67): CodeIgniter\CodeIgniter->run()
#8 {main}

Next CodeIgniter\Database\Exceptions\DatabaseException: User **** already has more than 'max_user_connections' active connections in /home4/cvr8mc2c/merchant/system/Database/MySQLi/Connection.php:218
Stack trace:
#0 /home4/cvr8mc2c/merchant/system/Database/BaseConnection.php(391): CodeIgniter\Database\MySQLi\Connection->connect(false)
#1 /home4/cvr8mc2c/merchant/system/Database/BaseConnection.php(573): CodeIgniter\Database\BaseConnection->initialize()
#2 /home4/cvr8mc2c/merchant/app/Controllers/TransactionController.php(585): CodeIgniter\Database\BaseConnection->query('Select COUNT(a....', Array)
#3 /home4/cvr8mc2c/merchant/system/CodeIgniter.php(934): App\Controllers\TransactionController->totalReserved()
#4 /home4/cvr8mc2c/merchant/system/CodeIgniter.php(499): CodeIgniter\CodeIgniter->runController(Object(App\Controllers\TransactionController))
#5 /home4/cvr8mc2c/merchant/system/CodeIgniter.php(368): CodeIgniter\CodeIgniter->handleRequest(NULL, Object(Config\Cache), false)
#6 /home4/cvr8mc2c/merchant.fastcat-book.com/index.php(67): CodeIgniter\CodeIgniter->run()
#7 {main}
CRITICAL - 2024-03-11 03:41:00 --> Unable to connect to the database.
Main connection [MySQLi]: User **** already has more than 'max_user_connections' active connections
in SYSTEMPATH/Database/BaseConnection.php on line 427.
 1 SYSTEMPATH/Database/BaseConnection.php(573): CodeIgniter\Database\BaseConnection->initialize()
 2 APPPATH/Controllers/TransactionController.php(585): CodeIgniter\Database\BaseConnection->query('Select COUNT(a.BookingNumber)total from tblcustomer_payment_merchant a LEFT JOIN
        (Select agentID,BookingNumber from tblrecords_merchant GROUP BY BookingNumber)b ON b.BookingNumber=a.BookingNumber
        WHERE b.agentID=:user: AND a.Remarks=\'PAID\'', [...])
 3 SYSTEMPATH/CodeIgniter.php(934): App\Controllers\TransactionController->totalReserved()
 4 SYSTEMPATH/CodeIgniter.php(499): CodeIgniter\CodeIgniter->runController(Object(App\Controllers\TransactionController))
 5 SYSTEMPATH/CodeIgniter.php(368): CodeIgniter\CodeIgniter->handleRequest(null, Object(Config\Cache), false)
 6 FCPATH/index.php(67): CodeIgniter\CodeIgniter->run()
ERROR - 2024-03-11 03:41:00 --> Error connecting to the database: mysqli_sql_exception: User cvr8mc2c_9285_cg already has more than 'max_user_connections' active connections in /home4/cvr8mc2c/merchant/system/Database/MySQLi/Connection.php:173
Stack trace:
#0 /home4/cvr8mc2c/merchant/system/Database/MySQLi/Connection.php(173): mysqli->real_connect('localhost', 'cvr8mc2c_9285_c...', Object(SensitiveParameterValue), 'cvr8mc2c_ticket...', 3306, '', 0)
#1 /home4/cvr8mc2c/merchant/system/Database/BaseConnection.php(391): CodeIgniter\Database\MySQLi\Connection->connect(false)
#2 /home4/cvr8mc2c/merchant/system/Database/BaseConnection.php(573): CodeIgniter\Database\BaseConnection->initialize()
#3 /home4/cvr8mc2c/merchant/app/Controllers/TransactionController.php(600): CodeIgniter\Database\BaseConnection->query('Select COUNT(a....', Array)
#4 /home4/cvr8mc2c/merchant/system/CodeIgniter.php(934): App\Controllers\TransactionController->totalPending()
#5 /home4/cvr8mc2c/merchant/system/CodeIgniter.php(499): CodeIgniter\CodeIgniter->runController(Object(App\Controllers\TransactionController))
#6 /home4/cvr8mc2c/merchant/system/CodeIgniter.php(368): CodeIgniter\CodeIgniter->handleRequest(NULL, Object(Config\Cache), false)
#7 /home4/cvr8mc2c/merchant.fastcat-book.com/index.php(67): CodeIgniter\CodeIgniter->run()
#8 {main}

Next CodeIgniter\Database\Exceptions\DatabaseException: User **** already has more than 'max_user_connections' active connections in /home4/cvr8mc2c/merchant/system/Database/MySQLi/Connection.php:218
Stack trace:
#0 /home4/cvr8mc2c/merchant/system/Database/BaseConnection.php(391): CodeIgniter\Database\MySQLi\Connection->connect(false)
#1 /home4/cvr8mc2c/merchant/system/Database/BaseConnection.php(573): CodeIgniter\Database\BaseConnection->initialize()
#2 /home4/cvr8mc2c/merchant/app/Controllers/TransactionController.php(600): CodeIgniter\Database\BaseConnection->query('Select COUNT(a....', Array)
#3 /home4/cvr8mc2c/merchant/system/CodeIgniter.php(934): App\Controllers\TransactionController->totalPending()
#4 /home4/cvr8mc2c/merchant/system/CodeIgniter.php(499): CodeIgniter\CodeIgniter->runController(Object(App\Controllers\TransactionController))
#5 /home4/cvr8mc2c/merchant/system/CodeIgniter.php(368): CodeIgniter\CodeIgniter->handleRequest(NULL, Object(Config\Cache), false)
#6 /home4/cvr8mc2c/merchant.fastcat-book.com/index.php(67): CodeIgniter\CodeIgniter->run()
#7 {main}
CRITICAL - 2024-03-11 03:41:00 --> Unable to connect to the database.
Main connection [MySQLi]: User **** already has more than 'max_user_connections' active connections
in SYSTEMPATH/Database/BaseConnection.php on line 427.
 1 SYSTEMPATH/Database/BaseConnection.php(573): CodeIgniter\Database\BaseConnection->initialize()
 2 APPPATH/Controllers/TransactionController.php(600): CodeIgniter\Database\BaseConnection->query('Select COUNT(a.BookingNumber)total from tblcustomer_payment_merchant a LEFT JOIN
        (Select agentID,BookingNumber from tblrecords_merchant GROUP BY BookingNumber)b ON b.BookingNumber=a.BookingNumber
        WHERE b.agentID=:user: AND a.Remarks=\'Unpaid\'', [...])
 3 SYSTEMPATH/CodeIgniter.php(934): App\Controllers\TransactionController->totalPending()
 4 SYSTEMPATH/CodeIgniter.php(499): CodeIgniter\CodeIgniter->runController(Object(App\Controllers\TransactionController))
 5 SYSTEMPATH/CodeIgniter.php(368): CodeIgniter\CodeIgniter->handleRequest(null, Object(Config\Cache), false)
 6 FCPATH/index.php(67): CodeIgniter\CodeIgniter->run()
ERROR - 2024-03-11 03:41:00 --> Error connecting to the database: mysqli_sql_exception: User cvr8mc2c_9285_cg already has more than 'max_user_connections' active connections in /home4/cvr8mc2c/merchant/system/Database/MySQLi/Connection.php:173
Stack trace:
#0 /home4/cvr8mc2c/merchant/system/Database/MySQLi/Connection.php(173): mysqli->real_connect('localhost', 'cvr8mc2c_9285_c...', Object(SensitiveParameterValue), 'cvr8mc2c_ticket...', 3306, '', 0)
#1 /home4/cvr8mc2c/merchant/system/Database/BaseConnection.php(391): CodeIgniter\Database\MySQLi\Connection->connect(false)
#2 /home4/cvr8mc2c/merchant/system/Database/BaseConnection.php(573): CodeIgniter\Database\BaseConnection->initialize()
#3 /home4/cvr8mc2c/merchant/system/Database/BaseBuilder.php(1602): CodeIgniter\Database\BaseConnection->query('SELECT `agentID...', Array, false)
#4 /home4/cvr8mc2c/merchant/app/Controllers/TransactionController.php(504): CodeIgniter\Database\BaseBuilder->get()
#5 /home4/cvr8mc2c/merchant/system/CodeIgniter.php(934): App\Controllers\TransactionController->getBalance()
#6 /home4/cvr8mc2c/merchant/system/CodeIgniter.php(499): CodeIgniter\CodeIgniter->runController(Object(App\Controllers\TransactionController))
#7 /home4/cvr8mc2c/merchant/system/CodeIgniter.php(368): CodeIgniter\CodeIgniter->handleRequest(NULL, Object(Config\Cache), false)
#8 /home4/cvr8mc2c/merchant.fastcat-book.com/index.php(67): CodeIgniter\CodeIgniter->run()
#9 {main}

Next CodeIgniter\Database\Exceptions\DatabaseException: User **** already has more than 'max_user_connections' active connections in /home4/cvr8mc2c/merchant/system/Database/MySQLi/Connection.php:218
Stack trace:
#0 /home4/cvr8mc2c/merchant/system/Database/BaseConnection.php(391): CodeIgniter\Database\MySQLi\Connection->connect(false)
#1 /home4/cvr8mc2c/merchant/system/Database/BaseConnection.php(573): CodeIgniter\Database\BaseConnection->initialize()
#2 /home4/cvr8mc2c/merchant/system/Database/BaseBuilder.php(1602): CodeIgniter\Database\BaseConnection->query('SELECT `agentID...', Array, false)
#3 /home4/cvr8mc2c/merchant/app/Controllers/TransactionController.php(504): CodeIgniter\Database\BaseBuilder->get()
#4 /home4/cvr8mc2c/merchant/system/CodeIgniter.php(934): App\Controllers\TransactionController->getBalance()
#5 /home4/cvr8mc2c/merchant/system/CodeIgniter.php(499): CodeIgniter\CodeIgniter->runController(Object(App\Controllers\TransactionController))
#6 /home4/cvr8mc2c/merchant/system/CodeIgniter.php(368): CodeIgniter\CodeIgniter->handleRequest(NULL, Object(Config\Cache), false)
#7 /home4/cvr8mc2c/merchant.fastcat-book.com/index.php(67): CodeIgniter\CodeIgniter->run()
#8 {main}
CRITICAL - 2024-03-11 03:41:00 --> Unable to connect to the database.
Main connection [MySQLi]: User **** already has more than 'max_user_connections' active connections
in SYSTEMPATH/Database/BaseConnection.php on line 427.
 1 SYSTEMPATH/Database/BaseConnection.php(573): CodeIgniter\Database\BaseConnection->initialize()
 2 SYSTEMPATH/Database/BaseBuilder.php(1602): CodeIgniter\Database\BaseConnection->query('SELECT `agentID`
FROM `tblmerchant`
WHERE `merchantID` = :merchantID:', [...], false)
 3 APPPATH/Controllers/TransactionController.php(504): CodeIgniter\Database\BaseBuilder->get()
 4 SYSTEMPATH/CodeIgniter.php(934): App\Controllers\TransactionController->getBalance()
 5 SYSTEMPATH/CodeIgniter.php(499): CodeIgniter\CodeIgniter->runController(Object(App\Controllers\TransactionController))
 6 SYSTEMPATH/CodeIgniter.php(368): CodeIgniter\CodeIgniter->handleRequest(null, Object(Config\Cache), false)
 7 FCPATH/index.php(67): CodeIgniter\CodeIgniter->run()
ERROR - 2024-03-11 03:41:41 --> Error connecting to the database: mysqli_sql_exception: User cvr8mc2c_9285_cg already has more than 'max_user_connections' active connections in /home4/cvr8mc2c/merchant/system/Database/MySQLi/Connection.php:173
Stack trace:
#0 /home4/cvr8mc2c/merchant/system/Database/MySQLi/Connection.php(173): mysqli->real_connect('localhost', 'cvr8mc2c_9285_c...', Object(SensitiveParameterValue), 'cvr8mc2c_ticket...', 3306, '', 0)
#1 /home4/cvr8mc2c/merchant/system/Database/BaseConnection.php(391): CodeIgniter\Database\MySQLi\Connection->connect(false)
#2 /home4/cvr8mc2c/merchant/system/Database/BaseConnection.php(573): CodeIgniter\Database\BaseConnection->initialize()
#3 /home4/cvr8mc2c/merchant/system/Database/BaseBuilder.php(1602): CodeIgniter\Database\BaseConnection->query('SELECT `recordI...', Array, false)
#4 /home4/cvr8mc2c/merchant/app/Controllers/PassengerController.php(391): CodeIgniter\Database\BaseBuilder->get()
#5 /home4/cvr8mc2c/merchant/system/CodeIgniter.php(934): App\Controllers\PassengerController->Passenger()
#6 /home4/cvr8mc2c/merchant/system/CodeIgniter.php(499): CodeIgniter\CodeIgniter->runController(Object(App\Controllers\PassengerController))
#7 /home4/cvr8mc2c/merchant/system/CodeIgniter.php(368): CodeIgniter\CodeIgniter->handleRequest(NULL, Object(Config\Cache), false)
#8 /home4/cvr8mc2c/merchant.fastcat-book.com/index.php(67): CodeIgniter\CodeIgniter->run()
#9 {main}

Next CodeIgniter\Database\Exceptions\DatabaseException: User **** already has more than 'max_user_connections' active connections in /home4/cvr8mc2c/merchant/system/Database/MySQLi/Connection.php:218
Stack trace:
#0 /home4/cvr8mc2c/merchant/system/Database/BaseConnection.php(391): CodeIgniter\Database\MySQLi\Connection->connect(false)
#1 /home4/cvr8mc2c/merchant/system/Database/BaseConnection.php(573): CodeIgniter\Database\BaseConnection->initialize()
#2 /home4/cvr8mc2c/merchant/system/Database/BaseBuilder.php(1602): CodeIgniter\Database\BaseConnection->query('SELECT `recordI...', Array, false)
#3 /home4/cvr8mc2c/merchant/app/Controllers/PassengerController.php(391): CodeIgniter\Database\BaseBuilder->get()
#4 /home4/cvr8mc2c/merchant/system/CodeIgniter.php(934): App\Controllers\PassengerController->Passenger()
#5 /home4/cvr8mc2c/merchant/system/CodeIgniter.php(499): CodeIgniter\CodeIgniter->runController(Object(App\Controllers\PassengerController))
#6 /home4/cvr8mc2c/merchant/system/CodeIgniter.php(368): CodeIgniter\CodeIgniter->handleRequest(NULL, Object(Config\Cache), false)
#7 /home4/cvr8mc2c/merchant.fastcat-book.com/index.php(67): CodeIgniter\CodeIgniter->run()
#8 {main}
CRITICAL - 2024-03-11 03:41:41 --> Unable to connect to the database.
Main connection [MySQLi]: User **** already has more than 'max_user_connections' active connections
in SYSTEMPATH/Database/BaseConnection.php on line 427.
 1 SYSTEMPATH/Database/BaseConnection.php(573): CodeIgniter\Database\BaseConnection->initialize()
 2 SYSTEMPATH/Database/BaseBuilder.php(1602): CodeIgniter\Database\BaseConnection->query('SELECT `recordID`, `Fullname`, `Accommodation`, `SeatNumber`, `BirthDate` as `Age`
FROM `tblrecords_merchant`
WHERE `ID` = :ID:
AND `customerID` = :customerID:
AND `TrxnDate` = :TrxnDate:
AND `BookingNumber` = :BookingNumber:
ORDER BY `recordID` DESC', [...], false)
 3 APPPATH/Controllers/PassengerController.php(391): CodeIgniter\Database\BaseBuilder->get()
 4 SYSTEMPATH/CodeIgniter.php(934): App\Controllers\PassengerController->Passenger()
 5 SYSTEMPATH/CodeIgniter.php(499): CodeIgniter\CodeIgniter->runController(Object(App\Controllers\PassengerController))
 6 SYSTEMPATH/CodeIgniter.php(368): CodeIgniter\CodeIgniter->handleRequest(null, Object(Config\Cache), false)
 7 FCPATH/index.php(67): CodeIgniter\CodeIgniter->run()
ERROR - 2024-03-11 03:47:25 --> Error connecting to the database: mysqli_sql_exception: User cvr8mc2c_9285_cg already has more than 'max_user_connections' active connections in /home4/cvr8mc2c/merchant/system/Database/MySQLi/Connection.php:173
Stack trace:
#0 /home4/cvr8mc2c/merchant/system/Database/MySQLi/Connection.php(173): mysqli->real_connect('localhost', 'cvr8mc2c_9285_c...', Object(SensitiveParameterValue), 'cvr8mc2c_ticket...', 3306, '', 0)
#1 /home4/cvr8mc2c/merchant/system/Database/BaseConnection.php(391): CodeIgniter\Database\MySQLi\Connection->connect(false)
#2 /home4/cvr8mc2c/merchant/system/Database/BaseConnection.php(573): CodeIgniter\Database\BaseConnection->initialize()
#3 /home4/cvr8mc2c/merchant/system/Database/BaseBuilder.php(1602): CodeIgniter\Database\BaseConnection->query('SELECT `Amount`...', Array, false)
#4 /home4/cvr8mc2c/merchant/app/Controllers/PassengerController.php(508): CodeIgniter\Database\BaseBuilder->get()
#5 /home4/cvr8mc2c/merchant/system/CodeIgniter.php(934): App\Controllers\PassengerController->savePassenger()
#6 /home4/cvr8mc2c/merchant/system/CodeIgniter.php(499): CodeIgniter\CodeIgniter->runController(Object(App\Controllers\PassengerController))
#7 /home4/cvr8mc2c/merchant/system/CodeIgniter.php(368): CodeIgniter\CodeIgniter->handleRequest(NULL, Object(Config\Cache), false)
#8 /home4/cvr8mc2c/merchant.fastcat-book.com/index.php(67): CodeIgniter\CodeIgniter->run()
#9 {main}

Next CodeIgniter\Database\Exceptions\DatabaseException: User **** already has more than 'max_user_connections' active connections in /home4/cvr8mc2c/merchant/system/Database/MySQLi/Connection.php:218
Stack trace:
#0 /home4/cvr8mc2c/merchant/system/Database/BaseConnection.php(391): CodeIgniter\Database\MySQLi\Connection->connect(false)
#1 /home4/cvr8mc2c/merchant/system/Database/BaseConnection.php(573): CodeIgniter\Database\BaseConnection->initialize()
#2 /home4/cvr8mc2c/merchant/system/Database/BaseBuilder.php(1602): CodeIgniter\Database\BaseConnection->query('SELECT `Amount`...', Array, false)
#3 /home4/cvr8mc2c/merchant/app/Controllers/PassengerController.php(508): CodeIgniter\Database\BaseBuilder->get()
#4 /home4/cvr8mc2c/merchant/system/CodeIgniter.php(934): App\Controllers\PassengerController->savePassenger()
#5 /home4/cvr8mc2c/merchant/system/CodeIgniter.php(499): CodeIgniter\CodeIgniter->runController(Object(App\Controllers\PassengerController))
#6 /home4/cvr8mc2c/merchant/system/CodeIgniter.php(368): CodeIgniter\CodeIgniter->handleRequest(NULL, Object(Config\Cache), false)
#7 /home4/cvr8mc2c/merchant.fastcat-book.com/index.php(67): CodeIgniter\CodeIgniter->run()
#8 {main}
CRITICAL - 2024-03-11 03:47:25 --> Unable to connect to the database.
Main connection [MySQLi]: User **** already has more than 'max_user_connections' active connections
in SYSTEMPATH/Database/BaseConnection.php on line 427.
 1 SYSTEMPATH/Database/BaseConnection.php(573): CodeIgniter\Database\BaseConnection->initialize()
 2 SYSTEMPATH/Database/BaseBuilder.php(1602): CodeIgniter\Database\BaseConnection->query('SELECT `Amount`
FROM `tblprice`
WHERE `Seat_Type` = :Seat_Type:
AND `portID` = :portID:', [...], false)
 3 APPPATH/Controllers/PassengerController.php(508): CodeIgniter\Database\BaseBuilder->get()
 4 SYSTEMPATH/CodeIgniter.php(934): App\Controllers\PassengerController->savePassenger()
 5 SYSTEMPATH/CodeIgniter.php(499): CodeIgniter\CodeIgniter->runController(Object(App\Controllers\PassengerController))
 6 SYSTEMPATH/CodeIgniter.php(368): CodeIgniter\CodeIgniter->handleRequest(null, Object(Config\Cache), false)
 7 FCPATH/index.php(67): CodeIgniter\CodeIgniter->run()
ERROR - 2024-03-11 03:47:26 --> Error connecting to the database: mysqli_sql_exception: User cvr8mc2c_9285_cg already has more than 'max_user_connections' active connections in /home4/cvr8mc2c/merchant/system/Database/MySQLi/Connection.php:173
Stack trace:
#0 /home4/cvr8mc2c/merchant/system/Database/MySQLi/Connection.php(173): mysqli->real_connect('localhost', 'cvr8mc2c_9285_c...', Object(SensitiveParameterValue), 'cvr8mc2c_ticket...', 3306, '', 0)
#1 /home4/cvr8mc2c/merchant/system/Database/BaseConnection.php(391): CodeIgniter\Database\MySQLi\Connection->connect(false)
#2 /home4/cvr8mc2c/merchant/system/Database/BaseConnection.php(573): CodeIgniter\Database\BaseConnection->initialize()
#3 /home4/cvr8mc2c/merchant/system/Database/BaseBuilder.php(1602): CodeIgniter\Database\BaseConnection->query('SELECT `Amount`...', Array, false)
#4 /home4/cvr8mc2c/merchant/app/Controllers/PassengerController.php(508): CodeIgniter\Database\BaseBuilder->get()
#5 /home4/cvr8mc2c/merchant/system/CodeIgniter.php(934): App\Controllers\PassengerController->savePassenger()
#6 /home4/cvr8mc2c/merchant/system/CodeIgniter.php(499): CodeIgniter\CodeIgniter->runController(Object(App\Controllers\PassengerController))
#7 /home4/cvr8mc2c/merchant/system/CodeIgniter.php(368): CodeIgniter\CodeIgniter->handleRequest(NULL, Object(Config\Cache), false)
#8 /home4/cvr8mc2c/merchant.fastcat-book.com/index.php(67): CodeIgniter\CodeIgniter->run()
#9 {main}

Next CodeIgniter\Database\Exceptions\DatabaseException: User **** already has more than 'max_user_connections' active connections in /home4/cvr8mc2c/merchant/system/Database/MySQLi/Connection.php:218
Stack trace:
#0 /home4/cvr8mc2c/merchant/system/Database/BaseConnection.php(391): CodeIgniter\Database\MySQLi\Connection->connect(false)
#1 /home4/cvr8mc2c/merchant/system/Database/BaseConnection.php(573): CodeIgniter\Database\BaseConnection->initialize()
#2 /home4/cvr8mc2c/merchant/system/Database/BaseBuilder.php(1602): CodeIgniter\Database\BaseConnection->query('SELECT `Amount`...', Array, false)
#3 /home4/cvr8mc2c/merchant/app/Controllers/PassengerController.php(508): CodeIgniter\Database\BaseBuilder->get()
#4 /home4/cvr8mc2c/merchant/system/CodeIgniter.php(934): App\Controllers\PassengerController->savePassenger()
#5 /home4/cvr8mc2c/merchant/system/CodeIgniter.php(499): CodeIgniter\CodeIgniter->runController(Object(App\Controllers\PassengerController))
#6 /home4/cvr8mc2c/merchant/system/CodeIgniter.php(368): CodeIgniter\CodeIgniter->handleRequest(NULL, Object(Config\Cache), false)
#7 /home4/cvr8mc2c/merchant.fastcat-book.com/index.php(67): CodeIgniter\CodeIgniter->run()
#8 {main}
CRITICAL - 2024-03-11 03:47:26 --> Unable to connect to the database.
Main connection [MySQLi]: User **** already has more than 'max_user_connections' active connections
in SYSTEMPATH/Database/BaseConnection.php on line 427.
 1 SYSTEMPATH/Database/BaseConnection.php(573): CodeIgniter\Database\BaseConnection->initialize()
 2 SYSTEMPATH/Database/BaseBuilder.php(1602): CodeIgniter\Database\BaseConnection->query('SELECT `Amount`
FROM `tblprice`
WHERE `Seat_Type` = :Seat_Type:
AND `portID` = :portID:', [...], false)
 3 APPPATH/Controllers/PassengerController.php(508): CodeIgniter\Database\BaseBuilder->get()
 4 SYSTEMPATH/CodeIgniter.php(934): App\Controllers\PassengerController->savePassenger()
 5 SYSTEMPATH/CodeIgniter.php(499): CodeIgniter\CodeIgniter->runController(Object(App\Controllers\PassengerController))
 6 SYSTEMPATH/CodeIgniter.php(368): CodeIgniter\CodeIgniter->handleRequest(null, Object(Config\Cache), false)
 7 FCPATH/index.php(67): CodeIgniter\CodeIgniter->run()
ERROR - 2024-03-11 03:47:27 --> Error connecting to the database: mysqli_sql_exception: User cvr8mc2c_9285_cg already has more than 'max_user_connections' active connections in /home4/cvr8mc2c/merchant/system/Database/MySQLi/Connection.php:173
Stack trace:
#0 /home4/cvr8mc2c/merchant/system/Database/MySQLi/Connection.php(173): mysqli->real_connect('localhost', 'cvr8mc2c_9285_c...', Object(SensitiveParameterValue), 'cvr8mc2c_ticket...', 3306, '', 0)
#1 /home4/cvr8mc2c/merchant/system/Database/BaseConnection.php(391): CodeIgniter\Database\MySQLi\Connection->connect(false)
#2 /home4/cvr8mc2c/merchant/system/Database/BaseConnection.php(573): CodeIgniter\Database\BaseConnection->initialize()
#3 /home4/cvr8mc2c/merchant/system/Database/BaseBuilder.php(1602): CodeIgniter\Database\BaseConnection->query('SELECT IFNULL(S...', Array, false)
#4 /home4/cvr8mc2c/merchant/app/Controllers/PassengerController.php(355): CodeIgniter\Database\BaseBuilder->get()
#5 /home4/cvr8mc2c/merchant/system/CodeIgniter.php(934): App\Controllers\PassengerController->Summary()
#6 /home4/cvr8mc2c/merchant/system/CodeIgniter.php(499): CodeIgniter\CodeIgniter->runController(Object(App\Controllers\PassengerController))
#7 /home4/cvr8mc2c/merchant/system/CodeIgniter.php(368): CodeIgniter\CodeIgniter->handleRequest(NULL, Object(Config\Cache), false)
#8 /home4/cvr8mc2c/merchant.fastcat-book.com/index.php(67): CodeIgniter\CodeIgniter->run()
#9 {main}

Next CodeIgniter\Database\Exceptions\DatabaseException: User **** already has more than 'max_user_connections' active connections in /home4/cvr8mc2c/merchant/system/Database/MySQLi/Connection.php:218
Stack trace:
#0 /home4/cvr8mc2c/merchant/system/Database/BaseConnection.php(391): CodeIgniter\Database\MySQLi\Connection->connect(false)
#1 /home4/cvr8mc2c/merchant/system/Database/BaseConnection.php(573): CodeIgniter\Database\BaseConnection->initialize()
#2 /home4/cvr8mc2c/merchant/system/Database/BaseBuilder.php(1602): CodeIgniter\Database\BaseConnection->query('SELECT IFNULL(S...', Array, false)
#3 /home4/cvr8mc2c/merchant/app/Controllers/PassengerController.php(355): CodeIgniter\Database\BaseBuilder->get()
#4 /home4/cvr8mc2c/merchant/system/CodeIgniter.php(934): App\Controllers\PassengerController->Summary()
#5 /home4/cvr8mc2c/merchant/system/CodeIgniter.php(499): CodeIgniter\CodeIgniter->runController(Object(App\Controllers\PassengerController))
#6 /home4/cvr8mc2c/merchant/system/CodeIgniter.php(368): CodeIgniter\CodeIgniter->handleRequest(NULL, Object(Config\Cache), false)
#7 /home4/cvr8mc2c/merchant.fastcat-book.com/index.php(67): CodeIgniter\CodeIgniter->run()
#8 {main}
CRITICAL - 2024-03-11 03:47:27 --> Unable to connect to the database.
Main connection [MySQLi]: User **** already has more than 'max_user_connections' active connections
in SYSTEMPATH/Database/BaseConnection.php on line 427.
 1 SYSTEMPATH/Database/BaseConnection.php(573): CodeIgniter\Database\BaseConnection->initialize()
 2 SYSTEMPATH/Database/BaseBuilder.php(1602): CodeIgniter\Database\BaseConnection->query('SELECT IFNULL(SUM(Amount), 0)total
FROM `tblrecords_merchant`
WHERE `customerID` = :customerID:
AND `BookingNumber` = :BookingNumber:
AND `TrxnDate` = :TrxnDate:
AND `Status` = :Status:
AND `ID` = :ID:', [...], false)
 3 APPPATH/Controllers/PassengerController.php(355): CodeIgniter\Database\BaseBuilder->get()
 4 SYSTEMPATH/CodeIgniter.php(934): App\Controllers\PassengerController->Summary()
 5 SYSTEMPATH/CodeIgniter.php(499): CodeIgniter\CodeIgniter->runController(Object(App\Controllers\PassengerController))
 6 SYSTEMPATH/CodeIgniter.php(368): CodeIgniter\CodeIgniter->handleRequest(null, Object(Config\Cache), false)
 7 FCPATH/index.php(67): CodeIgniter\CodeIgniter->run()
ERROR - 2024-03-11 03:47:27 --> Error connecting to the database: mysqli_sql_exception: User cvr8mc2c_9285_cg already has more than 'max_user_connections' active connections in /home4/cvr8mc2c/merchant/system/Database/MySQLi/Connection.php:173
Stack trace:
#0 /home4/cvr8mc2c/merchant/system/Database/MySQLi/Connection.php(173): mysqli->real_connect('localhost', 'cvr8mc2c_9285_c...', Object(SensitiveParameterValue), 'cvr8mc2c_ticket...', 3306, '', 0)
#1 /home4/cvr8mc2c/merchant/system/Database/BaseConnection.php(391): CodeIgniter\Database\MySQLi\Connection->connect(false)
#2 /home4/cvr8mc2c/merchant/system/Database/BaseConnection.php(573): CodeIgniter\Database\BaseConnection->initialize()
#3 /home4/cvr8mc2c/merchant/system/Database/BaseBuilder.php(1602): CodeIgniter\Database\BaseConnection->query('SELECT `recordI...', Array, false)
#4 /home4/cvr8mc2c/merchant/app/Controllers/PassengerController.php(391): CodeIgniter\Database\BaseBuilder->get()
#5 /home4/cvr8mc2c/merchant/system/CodeIgniter.php(934): App\Controllers\PassengerController->Passenger()
#6 /home4/cvr8mc2c/merchant/system/CodeIgniter.php(499): CodeIgniter\CodeIgniter->runController(Object(App\Controllers\PassengerController))
#7 /home4/cvr8mc2c/merchant/system/CodeIgniter.php(368): CodeIgniter\CodeIgniter->handleRequest(NULL, Object(Config\Cache), false)
#8 /home4/cvr8mc2c/merchant.fastcat-book.com/index.php(67): CodeIgniter\CodeIgniter->run()
#9 {main}

Next CodeIgniter\Database\Exceptions\DatabaseException: User **** already has more than 'max_user_connections' active connections in /home4/cvr8mc2c/merchant/system/Database/MySQLi/Connection.php:218
Stack trace:
#0 /home4/cvr8mc2c/merchant/system/Database/BaseConnection.php(391): CodeIgniter\Database\MySQLi\Connection->connect(false)
#1 /home4/cvr8mc2c/merchant/system/Database/BaseConnection.php(573): CodeIgniter\Database\BaseConnection->initialize()
#2 /home4/cvr8mc2c/merchant/system/Database/BaseBuilder.php(1602): CodeIgniter\Database\BaseConnection->query('SELECT `recordI...', Array, false)
#3 /home4/cvr8mc2c/merchant/app/Controllers/PassengerController.php(391): CodeIgniter\Database\BaseBuilder->get()
#4 /home4/cvr8mc2c/merchant/system/CodeIgniter.php(934): App\Controllers\PassengerController->Passenger()
#5 /home4/cvr8mc2c/merchant/system/CodeIgniter.php(499): CodeIgniter\CodeIgniter->runController(Object(App\Controllers\PassengerController))
#6 /home4/cvr8mc2c/merchant/system/CodeIgniter.php(368): CodeIgniter\CodeIgniter->handleRequest(NULL, Object(Config\Cache), false)
#7 /home4/cvr8mc2c/merchant.fastcat-book.com/index.php(67): CodeIgniter\CodeIgniter->run()
#8 {main}
CRITICAL - 2024-03-11 03:47:27 --> Unable to connect to the database.
Main connection [MySQLi]: User **** already has more than 'max_user_connections' active connections
in SYSTEMPATH/Database/BaseConnection.php on line 427.
 1 SYSTEMPATH/Database/BaseConnection.php(573): CodeIgniter\Database\BaseConnection->initialize()
 2 SYSTEMPATH/Database/BaseBuilder.php(1602): CodeIgniter\Database\BaseConnection->query('SELECT `recordID`, `Fullname`, `Accommodation`, `SeatNumber`, `BirthDate` as `Age`
FROM `tblrecords_merchant`
WHERE `ID` = :ID:
AND `customerID` = :customerID:
AND `TrxnDate` = :TrxnDate:
AND `BookingNumber` = :BookingNumber:
ORDER BY `recordID` DESC', [...], false)
 3 APPPATH/Controllers/PassengerController.php(391): CodeIgniter\Database\BaseBuilder->get()
 4 SYSTEMPATH/CodeIgniter.php(934): App\Controllers\PassengerController->Passenger()
 5 SYSTEMPATH/CodeIgniter.php(499): CodeIgniter\CodeIgniter->runController(Object(App\Controllers\PassengerController))
 6 SYSTEMPATH/CodeIgniter.php(368): CodeIgniter\CodeIgniter->handleRequest(null, Object(Config\Cache), false)
 7 FCPATH/index.php(67): CodeIgniter\CodeIgniter->run()
ERROR - 2024-03-11 03:47:27 --> Error connecting to the database: mysqli_sql_exception: User cvr8mc2c_9285_cg already has more than 'max_user_connections' active connections in /home4/cvr8mc2c/merchant/system/Database/MySQLi/Connection.php:173
Stack trace:
#0 /home4/cvr8mc2c/merchant/system/Database/MySQLi/Connection.php(173): mysqli->real_connect('localhost', 'cvr8mc2c_9285_c...', Object(SensitiveParameterValue), 'cvr8mc2c_ticket...', 3306, '', 0)
#1 /home4/cvr8mc2c/merchant/system/Database/BaseConnection.php(391): CodeIgniter\Database\MySQLi\Connection->connect(false)
#2 /home4/cvr8mc2c/merchant/system/Database/BaseConnection.php(573): CodeIgniter\Database\BaseConnection->initialize()
#3 /home4/cvr8mc2c/merchant/system/Database/BaseBuilder.php(1602): CodeIgniter\Database\BaseConnection->query('SELECT `b`.`Veh...', Array, false)
#4 /home4/cvr8mc2c/merchant/app/Controllers/PassengerController.php(26): CodeIgniter\Database\BaseBuilder->get()
#5 /home4/cvr8mc2c/merchant/system/CodeIgniter.php(934): App\Controllers\PassengerController->Verification()
#6 /home4/cvr8mc2c/merchant/system/CodeIgniter.php(499): CodeIgniter\CodeIgniter->runController(Object(App\Controllers\PassengerController))
#7 /home4/cvr8mc2c/merchant/system/CodeIgniter.php(368): CodeIgniter\CodeIgniter->handleRequest(NULL, Object(Config\Cache), false)
#8 /home4/cvr8mc2c/merchant.fastcat-book.com/index.php(67): CodeIgniter\CodeIgniter->run()
#9 {main}

Next CodeIgniter\Database\Exceptions\DatabaseException: User **** already has more than 'max_user_connections' active connections in /home4/cvr8mc2c/merchant/system/Database/MySQLi/Connection.php:218
Stack trace:
#0 /home4/cvr8mc2c/merchant/system/Database/BaseConnection.php(391): CodeIgniter\Database\MySQLi\Connection->connect(false)
#1 /home4/cvr8mc2c/merchant/system/Database/BaseConnection.php(573): CodeIgniter\Database\BaseConnection->initialize()
#2 /home4/cvr8mc2c/merchant/system/Database/BaseBuilder.php(1602): CodeIgniter\Database\BaseConnection->query('SELECT `b`.`Veh...', Array, false)
#3 /home4/cvr8mc2c/merchant/app/Controllers/PassengerController.php(26): CodeIgniter\Database\BaseBuilder->get()
#4 /home4/cvr8mc2c/merchant/system/CodeIgniter.php(934): App\Controllers\PassengerController->Verification()
#5 /home4/cvr8mc2c/merchant/system/CodeIgniter.php(499): CodeIgniter\CodeIgniter->runController(Object(App\Controllers\PassengerController))
#6 /home4/cvr8mc2c/merchant/system/CodeIgniter.php(368): CodeIgniter\CodeIgniter->handleRequest(NULL, Object(Config\Cache), false)
#7 /home4/cvr8mc2c/merchant.fastcat-book.com/index.php(67): CodeIgniter\CodeIgniter->run()
#8 {main}
CRITICAL - 2024-03-11 03:47:27 --> Unable to connect to the database.
Main connection [MySQLi]: User **** already has more than 'max_user_connections' active connections
in SYSTEMPATH/Database/BaseConnection.php on line 427.
 1 SYSTEMPATH/Database/BaseConnection.php(573): CodeIgniter\Database\BaseConnection->initialize()
 2 SYSTEMPATH/Database/BaseBuilder.php(1602): CodeIgniter\Database\BaseConnection->query('SELECT `b`.`Vehicle_Class`
FROM `tblrecords_merchant` `a`
LEFT JOIN `tblclasses` `b` ON `b`.`vID`=`a`.`vID`
WHERE `a`.`ID` = :a.ID:
AND `a`.`agentID` = :a.agentID:
AND `b`.`Vehicle_Class` IN :b.Vehicle_Class:
AND `a`.`TrxnDate` = :a.TrxnDate:
AND `a`.`BookingNumber` = :a.BookingNumber:', [...], false)
 3 APPPATH/Controllers/PassengerController.php(26): CodeIgniter\Database\BaseBuilder->get()
 4 SYSTEMPATH/CodeIgniter.php(934): App\Controllers\PassengerController->Verification()
 5 SYSTEMPATH/CodeIgniter.php(499): CodeIgniter\CodeIgniter->runController(Object(App\Controllers\PassengerController))
 6 SYSTEMPATH/CodeIgniter.php(368): CodeIgniter\CodeIgniter->handleRequest(null, Object(Config\Cache), false)
 7 FCPATH/index.php(67): CodeIgniter\CodeIgniter->run()
ERROR - 2024-03-11 03:49:39 --> Error connecting to the database: mysqli_sql_exception: User cvr8mc2c_9285_cg already has more than 'max_user_connections' active connections in /home4/cvr8mc2c/merchant/system/Database/MySQLi/Connection.php:173
Stack trace:
#0 /home4/cvr8mc2c/merchant/system/Database/MySQLi/Connection.php(173): mysqli->real_connect('localhost', 'cvr8mc2c_9285_c...', Object(SensitiveParameterValue), 'cvr8mc2c_ticket...', 3306, '', 0)
#1 /home4/cvr8mc2c/merchant/system/Database/BaseConnection.php(391): CodeIgniter\Database\MySQLi\Connection->connect(false)
#2 /home4/cvr8mc2c/merchant/system/Database/BaseConnection.php(573): CodeIgniter\Database\BaseConnection->initialize()
#3 /home4/cvr8mc2c/merchant/system/Database/BaseBuilder.php(1602): CodeIgniter\Database\BaseConnection->query('SELECT `TimeDep...', Array, false)
#4 /home4/cvr8mc2c/merchant/app/Controllers/Home.php(741): CodeIgniter\Database\BaseBuilder->get()
#5 /home4/cvr8mc2c/merchant/system/CodeIgniter.php(934): App\Controllers\Home->getSchedule()
#6 /home4/cvr8mc2c/merchant/system/CodeIgniter.php(499): CodeIgniter\CodeIgniter->runController(Object(App\Controllers\Home))
#7 /home4/cvr8mc2c/merchant/system/CodeIgniter.php(368): CodeIgniter\CodeIgniter->handleRequest(NULL, Object(Config\Cache), false)
#8 /home4/cvr8mc2c/merchant.fastcat-book.com/index.php(67): CodeIgniter\CodeIgniter->run()
#9 {main}

Next CodeIgniter\Database\Exceptions\DatabaseException: User **** already has more than 'max_user_connections' active connections in /home4/cvr8mc2c/merchant/system/Database/MySQLi/Connection.php:218
Stack trace:
#0 /home4/cvr8mc2c/merchant/system/Database/BaseConnection.php(391): CodeIgniter\Database\MySQLi\Connection->connect(false)
#1 /home4/cvr8mc2c/merchant/system/Database/BaseConnection.php(573): CodeIgniter\Database\BaseConnection->initialize()
#2 /home4/cvr8mc2c/merchant/system/Database/BaseBuilder.php(1602): CodeIgniter\Database\BaseConnection->query('SELECT `TimeDep...', Array, false)
#3 /home4/cvr8mc2c/merchant/app/Controllers/Home.php(741): CodeIgniter\Database\BaseBuilder->get()
#4 /home4/cvr8mc2c/merchant/system/CodeIgniter.php(934): App\Controllers\Home->getSchedule()
#5 /home4/cvr8mc2c/merchant/system/CodeIgniter.php(499): CodeIgniter\CodeIgniter->runController(Object(App\Controllers\Home))
#6 /home4/cvr8mc2c/merchant/system/CodeIgniter.php(368): CodeIgniter\CodeIgniter->handleRequest(NULL, Object(Config\Cache), false)
#7 /home4/cvr8mc2c/merchant.fastcat-book.com/index.php(67): CodeIgniter\CodeIgniter->run()
#8 {main}
CRITICAL - 2024-03-11 03:49:39 --> Unable to connect to the database.
Main connection [MySQLi]: User **** already has more than 'max_user_connections' active connections
in SYSTEMPATH/Database/BaseConnection.php on line 427.
 1 SYSTEMPATH/Database/BaseConnection.php(573): CodeIgniter\Database\BaseConnection->initialize()
 2 SYSTEMPATH/Database/BaseBuilder.php(1602): CodeIgniter\Database\BaseConnection->query('SELECT `TimeDeparture`
FROM `tblschedule`
WHERE `ID` = :ID:
AND `Status` = :Status:', [...], false)
 3 APPPATH/Controllers/Home.php(741): CodeIgniter\Database\BaseBuilder->get()
 4 SYSTEMPATH/CodeIgniter.php(934): App\Controllers\Home->getSchedule()
 5 SYSTEMPATH/CodeIgniter.php(499): CodeIgniter\CodeIgniter->runController(Object(App\Controllers\Home))
 6 SYSTEMPATH/CodeIgniter.php(368): CodeIgniter\CodeIgniter->handleRequest(null, Object(Config\Cache), false)
 7 FCPATH/index.php(67): CodeIgniter\CodeIgniter->run()
ERROR - 2024-03-11 03:49:39 --> Error connecting to the database: mysqli_sql_exception: User cvr8mc2c_9285_cg already has more than 'max_user_connections' active connections in /home4/cvr8mc2c/merchant/system/Database/MySQLi/Connection.php:173
Stack trace:
#0 /home4/cvr8mc2c/merchant/system/Database/MySQLi/Connection.php(173): mysqli->real_connect('localhost', 'cvr8mc2c_9285_c...', Object(SensitiveParameterValue), 'cvr8mc2c_ticket...', 3306, '', 0)
#1 /home4/cvr8mc2c/merchant/system/Database/BaseConnection.php(391): CodeIgniter\Database\MySQLi\Connection->connect(false)
#2 /home4/cvr8mc2c/merchant/system/Database/BaseConnection.php(573): CodeIgniter\Database\BaseConnection->initialize()
#3 /home4/cvr8mc2c/merchant/system/Database/BaseBuilder.php(1602): CodeIgniter\Database\BaseConnection->query('SELECT IFNULL(S...', Array, false)
#4 /home4/cvr8mc2c/merchant/app/Controllers/PassengerController.php(355): CodeIgniter\Database\BaseBuilder->get()
#5 /home4/cvr8mc2c/merchant/system/CodeIgniter.php(934): App\Controllers\PassengerController->Summary()
#6 /home4/cvr8mc2c/merchant/system/CodeIgniter.php(499): CodeIgniter\CodeIgniter->runController(Object(App\Controllers\PassengerController))
#7 /home4/cvr8mc2c/merchant/system/CodeIgniter.php(368): CodeIgniter\CodeIgniter->handleRequest(NULL, Object(Config\Cache), false)
#8 /home4/cvr8mc2c/merchant.fastcat-book.com/index.php(67): CodeIgniter\CodeIgniter->run()
#9 {main}

Next CodeIgniter\Database\Exceptions\DatabaseException: User **** already has more than 'max_user_connections' active connections in /home4/cvr8mc2c/merchant/system/Database/MySQLi/Connection.php:218
Stack trace:
#0 /home4/cvr8mc2c/merchant/system/Database/BaseConnection.php(391): CodeIgniter\Database\MySQLi\Connection->connect(false)
#1 /home4/cvr8mc2c/merchant/system/Database/BaseConnection.php(573): CodeIgniter\Database\BaseConnection->initialize()
#2 /home4/cvr8mc2c/merchant/system/Database/BaseBuilder.php(1602): CodeIgniter\Database\BaseConnection->query('SELECT IFNULL(S...', Array, false)
#3 /home4/cvr8mc2c/merchant/app/Controllers/PassengerController.php(355): CodeIgniter\Database\BaseBuilder->get()
#4 /home4/cvr8mc2c/merchant/system/CodeIgniter.php(934): App\Controllers\PassengerController->Summary()
#5 /home4/cvr8mc2c/merchant/system/CodeIgniter.php(499): CodeIgniter\CodeIgniter->runController(Object(App\Controllers\PassengerController))
#6 /home4/cvr8mc2c/merchant/system/CodeIgniter.php(368): CodeIgniter\CodeIgniter->handleRequest(NULL, Object(Config\Cache), false)
#7 /home4/cvr8mc2c/merchant.fastcat-book.com/index.php(67): CodeIgniter\CodeIgniter->run()
#8 {main}
CRITICAL - 2024-03-11 03:49:39 --> Unable to connect to the database.
Main connection [MySQLi]: User **** already has more than 'max_user_connections' active connections
in SYSTEMPATH/Database/BaseConnection.php on line 427.
 1 SYSTEMPATH/Database/BaseConnection.php(573): CodeIgniter\Database\BaseConnection->initialize()
 2 SYSTEMPATH/Database/BaseBuilder.php(1602): CodeIgniter\Database\BaseConnection->query('SELECT IFNULL(SUM(Amount), 0)total
FROM `tblrecords_merchant`
WHERE `customerID` = :customerID:
AND `BookingNumber` = :BookingNumber:
AND `TrxnDate` = :TrxnDate:
AND `Status` = :Status:
AND `ID` = :ID:', [...], false)
 3 APPPATH/Controllers/PassengerController.php(355): CodeIgniter\Database\BaseBuilder->get()
 4 SYSTEMPATH/CodeIgniter.php(934): App\Controllers\PassengerController->Summary()
 5 SYSTEMPATH/CodeIgniter.php(499): CodeIgniter\CodeIgniter->runController(Object(App\Controllers\PassengerController))
 6 SYSTEMPATH/CodeIgniter.php(368): CodeIgniter\CodeIgniter->handleRequest(null, Object(Config\Cache), false)
 7 FCPATH/index.php(67): CodeIgniter\CodeIgniter->run()
ERROR - 2024-03-11 03:49:39 --> Error connecting to the database: mysqli_sql_exception: User cvr8mc2c_9285_cg already has more than 'max_user_connections' active connections in /home4/cvr8mc2c/merchant/system/Database/MySQLi/Connection.php:173
Stack trace:
#0 /home4/cvr8mc2c/merchant/system/Database/MySQLi/Connection.php(173): mysqli->real_connect('localhost', 'cvr8mc2c_9285_c...', Object(SensitiveParameterValue), 'cvr8mc2c_ticket...', 3306, '', 0)
#1 /home4/cvr8mc2c/merchant/system/Database/BaseConnection.php(391): CodeIgniter\Database\MySQLi\Connection->connect(false)
#2 /home4/cvr8mc2c/merchant/system/Database/BaseConnection.php(573): CodeIgniter\Database\BaseConnection->initialize()
#3 /home4/cvr8mc2c/merchant/system/Database/BaseBuilder.php(1602): CodeIgniter\Database\BaseConnection->query('SELECT `Discoun...', Array, false)
#4 /home4/cvr8mc2c/merchant/app/Controllers/PassengerController.php(311): CodeIgniter\Database\BaseBuilder->get()
#5 /home4/cvr8mc2c/merchant/system/CodeIgniter.php(934): App\Controllers\PassengerController->Discount()
#6 /home4/cvr8mc2c/merchant/system/CodeIgniter.php(499): CodeIgniter\CodeIgniter->runController(Object(App\Controllers\PassengerController))
#7 /home4/cvr8mc2c/merchant/system/CodeIgniter.php(368): CodeIgniter\CodeIgniter->handleRequest(NULL, Object(Config\Cache), false)
#8 /home4/cvr8mc2c/merchant.fastcat-book.com/index.php(67): CodeIgniter\CodeIgniter->run()
#9 {main}

Next CodeIgniter\Database\Exceptions\DatabaseException: User **** already has more than 'max_user_connections' active connections in /home4/cvr8mc2c/merchant/system/Database/MySQLi/Connection.php:218
Stack trace:
#0 /home4/cvr8mc2c/merchant/system/Database/BaseConnection.php(391): CodeIgniter\Database\MySQLi\Connection->connect(false)
#1 /home4/cvr8mc2c/merchant/system/Database/BaseConnection.php(573): CodeIgniter\Database\BaseConnection->initialize()
#2 /home4/cvr8mc2c/merchant/system/Database/BaseBuilder.php(1602): CodeIgniter\Database\BaseConnection->query('SELECT `Discoun...', Array, false)
#3 /home4/cvr8mc2c/merchant/app/Controllers/PassengerController.php(311): CodeIgniter\Database\BaseBuilder->get()
#4 /home4/cvr8mc2c/merchant/system/CodeIgniter.php(934): App\Controllers\PassengerController->Discount()
#5 /home4/cvr8mc2c/merchant/system/CodeIgniter.php(499): CodeIgniter\CodeIgniter->runController(Object(App\Controllers\PassengerController))
#6 /home4/cvr8mc2c/merchant/system/CodeIgniter.php(368): CodeIgniter\CodeIgniter->handleRequest(NULL, Object(Config\Cache), false)
#7 /home4/cvr8mc2c/merchant.fastcat-book.com/index.php(67): CodeIgniter\CodeIgniter->run()
#8 {main}
CRITICAL - 2024-03-11 03:49:39 --> Unable to connect to the database.
Main connection [MySQLi]: User **** already has more than 'max_user_connections' active connections
in SYSTEMPATH/Database/BaseConnection.php on line 427.
 1 SYSTEMPATH/Database/BaseConnection.php(573): CodeIgniter\Database\BaseConnection->initialize()
 2 SYSTEMPATH/Database/BaseBuilder.php(1602): CodeIgniter\Database\BaseConnection->query('SELECT `Discount`
FROM `tblagentroute`
WHERE `agentID` = :agentID:
AND `portID` = :portID:', [...], false)
 3 APPPATH/Controllers/PassengerController.php(311): CodeIgniter\Database\BaseBuilder->get()
 4 SYSTEMPATH/CodeIgniter.php(934): App\Controllers\PassengerController->Discount()
 5 SYSTEMPATH/CodeIgniter.php(499): CodeIgniter\CodeIgniter->runController(Object(App\Controllers\PassengerController))
 6 SYSTEMPATH/CodeIgniter.php(368): CodeIgniter\CodeIgniter->handleRequest(null, Object(Config\Cache), false)
 7 FCPATH/index.php(67): CodeIgniter\CodeIgniter->run()
ERROR - 2024-03-11 03:49:39 --> Error connecting to the database: mysqli_sql_exception: User cvr8mc2c_9285_cg already has more than 'max_user_connections' active connections in /home4/cvr8mc2c/merchant/system/Database/MySQLi/Connection.php:173
Stack trace:
#0 /home4/cvr8mc2c/merchant/system/Database/MySQLi/Connection.php(173): mysqli->real_connect('localhost', 'cvr8mc2c_9285_c...', Object(SensitiveParameterValue), 'cvr8mc2c_ticket...', 3306, '', 0)
#1 /home4/cvr8mc2c/merchant/system/Database/BaseConnection.php(391): CodeIgniter\Database\MySQLi\Connection->connect(false)
#2 /home4/cvr8mc2c/merchant/system/Database/BaseConnection.php(573): CodeIgniter\Database\BaseConnection->initialize()
#3 /home4/cvr8mc2c/merchant/system/Database/BaseBuilder.php(1602): CodeIgniter\Database\BaseConnection->query('SELECT `PortNam...', Array, false)
#4 /home4/cvr8mc2c/merchant/app/Controllers/Home.php(728): CodeIgniter\Database\BaseBuilder->get()
#5 /home4/cvr8mc2c/merchant/system/CodeIgniter.php(934): App\Controllers\Home->getPort()
#6 /home4/cvr8mc2c/merchant/system/CodeIgniter.php(499): CodeIgniter\CodeIgniter->runController(Object(App\Controllers\Home))
#7 /home4/cvr8mc2c/merchant/system/CodeIgniter.php(368): CodeIgniter\CodeIgniter->handleRequest(NULL, Object(Config\Cache), false)
#8 /home4/cvr8mc2c/merchant.fastcat-book.com/index.php(67): CodeIgniter\CodeIgniter->run()
#9 {main}

Next CodeIgniter\Database\Exceptions\DatabaseException: User **** already has more than 'max_user_connections' active connections in /home4/cvr8mc2c/merchant/system/Database/MySQLi/Connection.php:218
Stack trace:
#0 /home4/cvr8mc2c/merchant/system/Database/BaseConnection.php(391): CodeIgniter\Database\MySQLi\Connection->connect(false)
#1 /home4/cvr8mc2c/merchant/system/Database/BaseConnection.php(573): CodeIgniter\Database\BaseConnection->initialize()
#2 /home4/cvr8mc2c/merchant/system/Database/BaseBuilder.php(1602): CodeIgniter\Database\BaseConnection->query('SELECT `PortNam...', Array, false)
#3 /home4/cvr8mc2c/merchant/app/Controllers/Home.php(728): CodeIgniter\Database\BaseBuilder->get()
#4 /home4/cvr8mc2c/merchant/system/CodeIgniter.php(934): App\Controllers\Home->getPort()
#5 /home4/cvr8mc2c/merchant/system/CodeIgniter.php(499): CodeIgniter\CodeIgniter->runController(Object(App\Controllers\Home))
#6 /home4/cvr8mc2c/merchant/system/CodeIgniter.php(368): CodeIgniter\CodeIgniter->handleRequest(NULL, Object(Config\Cache), false)
#7 /home4/cvr8mc2c/merchant.fastcat-book.com/index.php(67): CodeIgniter\CodeIgniter->run()
#8 {main}
CRITICAL - 2024-03-11 03:49:39 --> Unable to connect to the database.
Main connection [MySQLi]: User **** already has more than 'max_user_connections' active connections
in SYSTEMPATH/Database/BaseConnection.php on line 427.
 1 SYSTEMPATH/Database/BaseConnection.php(573): CodeIgniter\Database\BaseConnection->initialize()
 2 SYSTEMPATH/Database/BaseBuilder.php(1602): CodeIgniter\Database\BaseConnection->query('SELECT `PortName`
FROM `tblport`
WHERE `portID` = :portID:', [...], false)
 3 APPPATH/Controllers/Home.php(728): CodeIgniter\Database\BaseBuilder->get()
 4 SYSTEMPATH/CodeIgniter.php(934): App\Controllers\Home->getPort()
 5 SYSTEMPATH/CodeIgniter.php(499): CodeIgniter\CodeIgniter->runController(Object(App\Controllers\Home))
 6 SYSTEMPATH/CodeIgniter.php(368): CodeIgniter\CodeIgniter->handleRequest(null, Object(Config\Cache), false)
 7 FCPATH/index.php(67): CodeIgniter\CodeIgniter->run()
ERROR - 2024-03-11 03:59:05 --> Error connecting to the database: mysqli_sql_exception: User cvr8mc2c_9285_cg already has more than 'max_user_connections' active connections in /home4/cvr8mc2c/merchant/system/Database/MySQLi/Connection.php:173
Stack trace:
#0 /home4/cvr8mc2c/merchant/system/Database/MySQLi/Connection.php(173): mysqli->real_connect('localhost', 'cvr8mc2c_9285_c...', Object(SensitiveParameterValue), 'cvr8mc2c_ticket...', 3306, '', 0)
#1 /home4/cvr8mc2c/merchant/system/Database/BaseConnection.php(391): CodeIgniter\Database\MySQLi\Connection->connect(false)
#2 /home4/cvr8mc2c/merchant/system/Database/BaseConnection.php(573): CodeIgniter\Database\BaseConnection->initialize()
#3 /home4/cvr8mc2c/merchant/system/Database/BaseBuilder.php(1602): CodeIgniter\Database\BaseConnection->query('SELECT `recordI...', Array, false)
#4 /home4/cvr8mc2c/merchant/app/Controllers/PassengerController.php(391): CodeIgniter\Database\BaseBuilder->get()
#5 /home4/cvr8mc2c/merchant/system/CodeIgniter.php(934): App\Controllers\PassengerController->Passenger()
#6 /home4/cvr8mc2c/merchant/system/CodeIgniter.php(499): CodeIgniter\CodeIgniter->runController(Object(App\Controllers\PassengerController))
#7 /home4/cvr8mc2c/merchant/system/CodeIgniter.php(368): CodeIgniter\CodeIgniter->handleRequest(NULL, Object(Config\Cache), false)
#8 /home4/cvr8mc2c/merchant.fastcat-book.com/index.php(67): CodeIgniter\CodeIgniter->run()
#9 {main}

Next CodeIgniter\Database\Exceptions\DatabaseException: User **** already has more than 'max_user_connections' active connections in /home4/cvr8mc2c/merchant/system/Database/MySQLi/Connection.php:218
Stack trace:
#0 /home4/cvr8mc2c/merchant/system/Database/BaseConnection.php(391): CodeIgniter\Database\MySQLi\Connection->connect(false)
#1 /home4/cvr8mc2c/merchant/system/Database/BaseConnection.php(573): CodeIgniter\Database\BaseConnection->initialize()
#2 /home4/cvr8mc2c/merchant/system/Database/BaseBuilder.php(1602): CodeIgniter\Database\BaseConnection->query('SELECT `recordI...', Array, false)
#3 /home4/cvr8mc2c/merchant/app/Controllers/PassengerController.php(391): CodeIgniter\Database\BaseBuilder->get()
#4 /home4/cvr8mc2c/merchant/system/CodeIgniter.php(934): App\Controllers\PassengerController->Passenger()
#5 /home4/cvr8mc2c/merchant/system/CodeIgniter.php(499): CodeIgniter\CodeIgniter->runController(Object(App\Controllers\PassengerController))
#6 /home4/cvr8mc2c/merchant/system/CodeIgniter.php(368): CodeIgniter\CodeIgniter->handleRequest(NULL, Object(Config\Cache), false)
#7 /home4/cvr8mc2c/merchant.fastcat-book.com/index.php(67): CodeIgniter\CodeIgniter->run()
#8 {main}
CRITICAL - 2024-03-11 03:59:05 --> Unable to connect to the database.
Main connection [MySQLi]: User **** already has more than 'max_user_connections' active connections
in SYSTEMPATH/Database/BaseConnection.php on line 427.
 1 SYSTEMPATH/Database/BaseConnection.php(573): CodeIgniter\Database\BaseConnection->initialize()
 2 SYSTEMPATH/Database/BaseBuilder.php(1602): CodeIgniter\Database\BaseConnection->query('SELECT `recordID`, `Fullname`, `Accommodation`, `SeatNumber`, `BirthDate` as `Age`
FROM `tblrecords_merchant`
WHERE `ID` = :ID:
AND `customerID` = :customerID:
AND `TrxnDate` = :TrxnDate:
AND `BookingNumber` = :BookingNumber:
ORDER BY `recordID` DESC', [...], false)
 3 APPPATH/Controllers/PassengerController.php(391): CodeIgniter\Database\BaseBuilder->get()
 4 SYSTEMPATH/CodeIgniter.php(934): App\Controllers\PassengerController->Passenger()
 5 SYSTEMPATH/CodeIgniter.php(499): CodeIgniter\CodeIgniter->runController(Object(App\Controllers\PassengerController))
 6 SYSTEMPATH/CodeIgniter.php(368): CodeIgniter\CodeIgniter->handleRequest(null, Object(Config\Cache), false)
 7 FCPATH/index.php(67): CodeIgniter\CodeIgniter->run()
CRITICAL - 2024-03-11 06:19:00 --> Undefined variable $route
in APPPATH/Controllers/Home.php on line 419.
 1 APPPATH/Controllers/Home.php(419): CodeIgniter\Debug\Exceptions->errorHandler(2, 'Undefined variable $route', 'APPPATH/Controllers/Home.php', 419)
 2 SYSTEMPATH/CodeIgniter.php(934): App\Controllers\Home->Schedules()
 3 SYSTEMPATH/CodeIgniter.php(499): CodeIgniter\CodeIgniter->runController(Object(App\Controllers\Home))
 4 SYSTEMPATH/CodeIgniter.php(368): CodeIgniter\CodeIgniter->handleRequest(null, Object(Config\Cache), false)
 5 FCPATH/index.php(67): CodeIgniter\CodeIgniter->run()
