ERROR - 2024-01-19 04:08:20 --> Error connecting to the database: mysqli_sql_exception: User cvr8mc2c_9285_cg already has more than 'max_user_connections' active connections in /home4/cvr8mc2c/merchant/system/Database/MySQLi/Connection.php:173
Stack trace:
#0 /home4/cvr8mc2c/merchant/system/Database/MySQLi/Connection.php(173): mysqli->real_connect('localhost', 'cvr8mc2c_9285_c...', Object(SensitiveParameterValue), 'cvr8mc2c_ticket...', 3306, '', 0)
#1 /home4/cvr8mc2c/merchant/system/Database/BaseConnection.php(391): CodeIgniter\Database\MySQLi\Connection->connect(false)
#2 /home4/cvr8mc2c/merchant/system/Database/BaseConnection.php(573): CodeIgniter\Database\BaseConnection->initialize()
#3 /home4/cvr8mc2c/merchant/system/Database/BaseBuilder.php(1602): CodeIgniter\Database\BaseConnection->query('SELECT `Discoun...', Array, false)
#4 /home4/cvr8mc2c/merchant/app/Controllers/PassengerController.php(311): CodeIgniter\Database\BaseBuilder->get()
#5 /home4/cvr8mc2c/merchant/system/CodeIgniter.php(934): App\Controllers\PassengerController->Discount()
#6 /home4/cvr8mc2c/merchant/system/CodeIgniter.php(499): CodeIgniter\CodeIgniter->runController(Object(App\Controllers\PassengerController))
#7 /home4/cvr8mc2c/merchant/system/CodeIgniter.php(368): CodeIgniter\CodeIgniter->handleRequest(NULL, Object(Config\Cache), false)
#8 /home4/cvr8mc2c/merchant.fastcat-book.com/index.php(67): CodeIgniter\CodeIgniter->run()
#9 {main}

Next CodeIgniter\Database\Exceptions\DatabaseException: User **** already has more than 'max_user_connections' active connections in /home4/cvr8mc2c/merchant/system/Database/MySQLi/Connection.php:218
Stack trace:
#0 /home4/cvr8mc2c/merchant/system/Database/BaseConnection.php(391): CodeIgniter\Database\MySQLi\Connection->connect(false)
#1 /home4/cvr8mc2c/merchant/system/Database/BaseConnection.php(573): CodeIgniter\Database\BaseConnection->initialize()
#2 /home4/cvr8mc2c/merchant/system/Database/BaseBuilder.php(1602): CodeIgniter\Database\BaseConnection->query('SELECT `Discoun...', Array, false)
#3 /home4/cvr8mc2c/merchant/app/Controllers/PassengerController.php(311): CodeIgniter\Database\BaseBuilder->get()
#4 /home4/cvr8mc2c/merchant/system/CodeIgniter.php(934): App\Controllers\PassengerController->Discount()
#5 /home4/cvr8mc2c/merchant/system/CodeIgniter.php(499): CodeIgniter\CodeIgniter->runController(Object(App\Controllers\PassengerController))
#6 /home4/cvr8mc2c/merchant/system/CodeIgniter.php(368): CodeIgniter\CodeIgniter->handleRequest(NULL, Object(Config\Cache), false)
#7 /home4/cvr8mc2c/merchant.fastcat-book.com/index.php(67): CodeIgniter\CodeIgniter->run()
#8 {main}
CRITICAL - 2024-01-19 04:08:20 --> Unable to connect to the database.
Main connection [MySQLi]: User **** already has more than 'max_user_connections' active connections
in SYSTEMPATH/Database/BaseConnection.php on line 427.
 1 SYSTEMPATH/Database/BaseConnection.php(573): CodeIgniter\Database\BaseConnection->initialize()
 2 SYSTEMPATH/Database/BaseBuilder.php(1602): CodeIgniter\Database\BaseConnection->query('SELECT `Discount`
FROM `tblagentroute`
WHERE `agentID` = :agentID:
AND `portID` = :portID:', [...], false)
 3 APPPATH/Controllers/PassengerController.php(311): CodeIgniter\Database\BaseBuilder->get()
 4 SYSTEMPATH/CodeIgniter.php(934): App\Controllers\PassengerController->Discount()
 5 SYSTEMPATH/CodeIgniter.php(499): CodeIgniter\CodeIgniter->runController(Object(App\Controllers\PassengerController))
 6 SYSTEMPATH/CodeIgniter.php(368): CodeIgniter\CodeIgniter->handleRequest(null, Object(Config\Cache), false)
 7 FCPATH/index.php(67): CodeIgniter\CodeIgniter->run()
ERROR - 2024-01-19 04:08:27 --> Error connecting to the database: mysqli_sql_exception: User cvr8mc2c_9285_cg already has more than 'max_user_connections' active connections in /home4/cvr8mc2c/merchant/system/Database/MySQLi/Connection.php:173
Stack trace:
#0 /home4/cvr8mc2c/merchant/system/Database/MySQLi/Connection.php(173): mysqli->real_connect('localhost', 'cvr8mc2c_9285_c...', Object(SensitiveParameterValue), 'cvr8mc2c_ticket...', 3306, '', 0)
#1 /home4/cvr8mc2c/merchant/system/Database/BaseConnection.php(391): CodeIgniter\Database\MySQLi\Connection->connect(false)
#2 /home4/cvr8mc2c/merchant/system/Database/BaseConnection.php(573): CodeIgniter\Database\BaseConnection->initialize()
#3 /home4/cvr8mc2c/merchant/app/Controllers/TransactionController.php(568): CodeIgniter\Database\BaseConnection->query('Select FORMAT(I...', Array)
#4 /home4/cvr8mc2c/merchant/system/CodeIgniter.php(934): App\Controllers\TransactionController->monthlyExpenses()
#5 /home4/cvr8mc2c/merchant/system/CodeIgniter.php(499): CodeIgniter\CodeIgniter->runController(Object(App\Controllers\TransactionController))
#6 /home4/cvr8mc2c/merchant/system/CodeIgniter.php(368): CodeIgniter\CodeIgniter->handleRequest(NULL, Object(Config\Cache), false)
#7 /home4/cvr8mc2c/merchant.fastcat-book.com/index.php(67): CodeIgniter\CodeIgniter->run()
#8 {main}

Next CodeIgniter\Database\Exceptions\DatabaseException: User **** already has more than 'max_user_connections' active connections in /home4/cvr8mc2c/merchant/system/Database/MySQLi/Connection.php:218
Stack trace:
#0 /home4/cvr8mc2c/merchant/system/Database/BaseConnection.php(391): CodeIgniter\Database\MySQLi\Connection->connect(false)
#1 /home4/cvr8mc2c/merchant/system/Database/BaseConnection.php(573): CodeIgniter\Database\BaseConnection->initialize()
#2 /home4/cvr8mc2c/merchant/app/Controllers/TransactionController.php(568): CodeIgniter\Database\BaseConnection->query('Select FORMAT(I...', Array)
#3 /home4/cvr8mc2c/merchant/system/CodeIgniter.php(934): App\Controllers\TransactionController->monthlyExpenses()
#4 /home4/cvr8mc2c/merchant/system/CodeIgniter.php(499): CodeIgniter\CodeIgniter->runController(Object(App\Controllers\TransactionController))
#5 /home4/cvr8mc2c/merchant/system/CodeIgniter.php(368): CodeIgniter\CodeIgniter->handleRequest(NULL, Object(Config\Cache), false)
#6 /home4/cvr8mc2c/merchant.fastcat-book.com/index.php(67): CodeIgniter\CodeIgniter->run()
#7 {main}
CRITICAL - 2024-01-19 04:08:27 --> Unable to connect to the database.
Main connection [MySQLi]: User **** already has more than 'max_user_connections' active connections
in SYSTEMPATH/Database/BaseConnection.php on line 427.
 1 SYSTEMPATH/Database/BaseConnection.php(573): CodeIgniter\Database\BaseConnection->initialize()
 2 APPPATH/Controllers/TransactionController.php(568): CodeIgniter\Database\BaseConnection->query('Select FORMAT(IFNULL(SUM(a.TotalAmount),0),2)total from tblcustomer_payment_merchant a LEFT JOIN 
        (Select agentID,BookingNumber from tblrecords_merchant GROUP BY BookingNumber) b ON b.BookingNumber=a.BookingNumber WHERE a.Remarks=\'PAID\' 
        AND b.agentID=:user: AND DATE_FORMAT(a.TrxnDate,\'%m\')=:month: AND DATE_FORMAT(a.TrxnDate,\'%Y\')=:year:', [...])
 3 SYSTEMPATH/CodeIgniter.php(934): App\Controllers\TransactionController->monthlyExpenses()
 4 SYSTEMPATH/CodeIgniter.php(499): CodeIgniter\CodeIgniter->runController(Object(App\Controllers\TransactionController))
 5 SYSTEMPATH/CodeIgniter.php(368): CodeIgniter\CodeIgniter->handleRequest(null, Object(Config\Cache), false)
 6 FCPATH/index.php(67): CodeIgniter\CodeIgniter->run()
ERROR - 2024-01-19 04:08:27 --> Error connecting to the database: mysqli_sql_exception: User cvr8mc2c_9285_cg already has more than 'max_user_connections' active connections in /home4/cvr8mc2c/merchant/system/Database/MySQLi/Connection.php:173
Stack trace:
#0 /home4/cvr8mc2c/merchant/system/Database/MySQLi/Connection.php(173): mysqli->real_connect('localhost', 'cvr8mc2c_9285_c...', Object(SensitiveParameterValue), 'cvr8mc2c_ticket...', 3306, '', 0)
#1 /home4/cvr8mc2c/merchant/system/Database/BaseConnection.php(391): CodeIgniter\Database\MySQLi\Connection->connect(false)
#2 /home4/cvr8mc2c/merchant/system/Database/BaseConnection.php(573): CodeIgniter\Database\BaseConnection->initialize()
#3 /home4/cvr8mc2c/merchant/app/Controllers/TransactionController.php(600): CodeIgniter\Database\BaseConnection->query('Select COUNT(a....', Array)
#4 /home4/cvr8mc2c/merchant/system/CodeIgniter.php(934): App\Controllers\TransactionController->totalPending()
#5 /home4/cvr8mc2c/merchant/system/CodeIgniter.php(499): CodeIgniter\CodeIgniter->runController(Object(App\Controllers\TransactionController))
#6 /home4/cvr8mc2c/merchant/system/CodeIgniter.php(368): CodeIgniter\CodeIgniter->handleRequest(NULL, Object(Config\Cache), false)
#7 /home4/cvr8mc2c/merchant.fastcat-book.com/index.php(67): CodeIgniter\CodeIgniter->run()
#8 {main}

Next CodeIgniter\Database\Exceptions\DatabaseException: User **** already has more than 'max_user_connections' active connections in /home4/cvr8mc2c/merchant/system/Database/MySQLi/Connection.php:218
Stack trace:
#0 /home4/cvr8mc2c/merchant/system/Database/BaseConnection.php(391): CodeIgniter\Database\MySQLi\Connection->connect(false)
#1 /home4/cvr8mc2c/merchant/system/Database/BaseConnection.php(573): CodeIgniter\Database\BaseConnection->initialize()
#2 /home4/cvr8mc2c/merchant/app/Controllers/TransactionController.php(600): CodeIgniter\Database\BaseConnection->query('Select COUNT(a....', Array)
#3 /home4/cvr8mc2c/merchant/system/CodeIgniter.php(934): App\Controllers\TransactionController->totalPending()
#4 /home4/cvr8mc2c/merchant/system/CodeIgniter.php(499): CodeIgniter\CodeIgniter->runController(Object(App\Controllers\TransactionController))
#5 /home4/cvr8mc2c/merchant/system/CodeIgniter.php(368): CodeIgniter\CodeIgniter->handleRequest(NULL, Object(Config\Cache), false)
#6 /home4/cvr8mc2c/merchant.fastcat-book.com/index.php(67): CodeIgniter\CodeIgniter->run()
#7 {main}
CRITICAL - 2024-01-19 04:08:27 --> Unable to connect to the database.
Main connection [MySQLi]: User **** already has more than 'max_user_connections' active connections
in SYSTEMPATH/Database/BaseConnection.php on line 427.
 1 SYSTEMPATH/Database/BaseConnection.php(573): CodeIgniter\Database\BaseConnection->initialize()
 2 APPPATH/Controllers/TransactionController.php(600): CodeIgniter\Database\BaseConnection->query('Select COUNT(a.BookingNumber)total from tblcustomer_payment_merchant a LEFT JOIN
        (Select agentID,BookingNumber from tblrecords_merchant GROUP BY BookingNumber)b ON b.BookingNumber=a.BookingNumber
        WHERE b.agentID=:user: AND a.Remarks=\'Unpaid\'', [...])
 3 SYSTEMPATH/CodeIgniter.php(934): App\Controllers\TransactionController->totalPending()
 4 SYSTEMPATH/CodeIgniter.php(499): CodeIgniter\CodeIgniter->runController(Object(App\Controllers\TransactionController))
 5 SYSTEMPATH/CodeIgniter.php(368): CodeIgniter\CodeIgniter->handleRequest(null, Object(Config\Cache), false)
 6 FCPATH/index.php(67): CodeIgniter\CodeIgniter->run()
ERROR - 2024-01-19 04:08:27 --> Error connecting to the database: mysqli_sql_exception: User cvr8mc2c_9285_cg already has more than 'max_user_connections' active connections in /home4/cvr8mc2c/merchant/system/Database/MySQLi/Connection.php:173
Stack trace:
#0 /home4/cvr8mc2c/merchant/system/Database/MySQLi/Connection.php(173): mysqli->real_connect('localhost', 'cvr8mc2c_9285_c...', Object(SensitiveParameterValue), 'cvr8mc2c_ticket...', 3306, '', 0)
#1 /home4/cvr8mc2c/merchant/system/Database/BaseConnection.php(391): CodeIgniter\Database\MySQLi\Connection->connect(false)
#2 /home4/cvr8mc2c/merchant/system/Database/BaseConnection.php(573): CodeIgniter\Database\BaseConnection->initialize()
#3 /home4/cvr8mc2c/merchant/app/Controllers/TransactionController.php(550): CodeIgniter\Database\BaseConnection->query('Select FORMAT(I...', Array)
#4 /home4/cvr8mc2c/merchant/system/CodeIgniter.php(934): App\Controllers\TransactionController->dailyExpenses()
#5 /home4/cvr8mc2c/merchant/system/CodeIgniter.php(499): CodeIgniter\CodeIgniter->runController(Object(App\Controllers\TransactionController))
#6 /home4/cvr8mc2c/merchant/system/CodeIgniter.php(368): CodeIgniter\CodeIgniter->handleRequest(NULL, Object(Config\Cache), false)
#7 /home4/cvr8mc2c/merchant.fastcat-book.com/index.php(67): CodeIgniter\CodeIgniter->run()
#8 {main}

Next CodeIgniter\Database\Exceptions\DatabaseException: User **** already has more than 'max_user_connections' active connections in /home4/cvr8mc2c/merchant/system/Database/MySQLi/Connection.php:218
Stack trace:
#0 /home4/cvr8mc2c/merchant/system/Database/BaseConnection.php(391): CodeIgniter\Database\MySQLi\Connection->connect(false)
#1 /home4/cvr8mc2c/merchant/system/Database/BaseConnection.php(573): CodeIgniter\Database\BaseConnection->initialize()
#2 /home4/cvr8mc2c/merchant/app/Controllers/TransactionController.php(550): CodeIgniter\Database\BaseConnection->query('Select FORMAT(I...', Array)
#3 /home4/cvr8mc2c/merchant/system/CodeIgniter.php(934): App\Controllers\TransactionController->dailyExpenses()
#4 /home4/cvr8mc2c/merchant/system/CodeIgniter.php(499): CodeIgniter\CodeIgniter->runController(Object(App\Controllers\TransactionController))
#5 /home4/cvr8mc2c/merchant/system/CodeIgniter.php(368): CodeIgniter\CodeIgniter->handleRequest(NULL, Object(Config\Cache), false)
#6 /home4/cvr8mc2c/merchant.fastcat-book.com/index.php(67): CodeIgniter\CodeIgniter->run()
#7 {main}
CRITICAL - 2024-01-19 04:08:27 --> Unable to connect to the database.
Main connection [MySQLi]: User **** already has more than 'max_user_connections' active connections
in SYSTEMPATH/Database/BaseConnection.php on line 427.
 1 SYSTEMPATH/Database/BaseConnection.php(573): CodeIgniter\Database\BaseConnection->initialize()
 2 APPPATH/Controllers/TransactionController.php(550): CodeIgniter\Database\BaseConnection->query('Select FORMAT(IFNULL(SUM(a.TotalAmount),0),2)total from tblcustomer_payment_merchant a LEFT JOIN 
        (Select agentID,BookingNumber from tblrecords_merchant GROUP BY BookingNumber) b ON b.BookingNumber=a.BookingNumber WHERE a.Remarks=\'PAID\' 
        AND b.agentID=:user: AND a.TrxnDate=:date:', [...])
 3 SYSTEMPATH/CodeIgniter.php(934): App\Controllers\TransactionController->dailyExpenses()
 4 SYSTEMPATH/CodeIgniter.php(499): CodeIgniter\CodeIgniter->runController(Object(App\Controllers\TransactionController))
 5 SYSTEMPATH/CodeIgniter.php(368): CodeIgniter\CodeIgniter->handleRequest(null, Object(Config\Cache), false)
 6 FCPATH/index.php(67): CodeIgniter\CodeIgniter->run()
ERROR - 2024-01-19 04:08:27 --> Error connecting to the database: mysqli_sql_exception: User cvr8mc2c_9285_cg already has more than 'max_user_connections' active connections in /home4/cvr8mc2c/merchant/system/Database/MySQLi/Connection.php:173
Stack trace:
#0 /home4/cvr8mc2c/merchant/system/Database/MySQLi/Connection.php(173): mysqli->real_connect('localhost', 'cvr8mc2c_9285_c...', Object(SensitiveParameterValue), 'cvr8mc2c_ticket...', 3306, '', 0)
#1 /home4/cvr8mc2c/merchant/system/Database/BaseConnection.php(391): CodeIgniter\Database\MySQLi\Connection->connect(false)
#2 /home4/cvr8mc2c/merchant/system/Database/BaseConnection.php(573): CodeIgniter\Database\BaseConnection->initialize()
#3 /home4/cvr8mc2c/merchant/app/Controllers/TransactionController.php(585): CodeIgniter\Database\BaseConnection->query('Select COUNT(a....', Array)
#4 /home4/cvr8mc2c/merchant/system/CodeIgniter.php(934): App\Controllers\TransactionController->totalReserved()
#5 /home4/cvr8mc2c/merchant/system/CodeIgniter.php(499): CodeIgniter\CodeIgniter->runController(Object(App\Controllers\TransactionController))
#6 /home4/cvr8mc2c/merchant/system/CodeIgniter.php(368): CodeIgniter\CodeIgniter->handleRequest(NULL, Object(Config\Cache), false)
#7 /home4/cvr8mc2c/merchant.fastcat-book.com/index.php(67): CodeIgniter\CodeIgniter->run()
#8 {main}

Next CodeIgniter\Database\Exceptions\DatabaseException: User **** already has more than 'max_user_connections' active connections in /home4/cvr8mc2c/merchant/system/Database/MySQLi/Connection.php:218
Stack trace:
#0 /home4/cvr8mc2c/merchant/system/Database/BaseConnection.php(391): CodeIgniter\Database\MySQLi\Connection->connect(false)
#1 /home4/cvr8mc2c/merchant/system/Database/BaseConnection.php(573): CodeIgniter\Database\BaseConnection->initialize()
#2 /home4/cvr8mc2c/merchant/app/Controllers/TransactionController.php(585): CodeIgniter\Database\BaseConnection->query('Select COUNT(a....', Array)
#3 /home4/cvr8mc2c/merchant/system/CodeIgniter.php(934): App\Controllers\TransactionController->totalReserved()
#4 /home4/cvr8mc2c/merchant/system/CodeIgniter.php(499): CodeIgniter\CodeIgniter->runController(Object(App\Controllers\TransactionController))
#5 /home4/cvr8mc2c/merchant/system/CodeIgniter.php(368): CodeIgniter\CodeIgniter->handleRequest(NULL, Object(Config\Cache), false)
#6 /home4/cvr8mc2c/merchant.fastcat-book.com/index.php(67): CodeIgniter\CodeIgniter->run()
#7 {main}
CRITICAL - 2024-01-19 04:08:27 --> Unable to connect to the database.
Main connection [MySQLi]: User **** already has more than 'max_user_connections' active connections
in SYSTEMPATH/Database/BaseConnection.php on line 427.
 1 SYSTEMPATH/Database/BaseConnection.php(573): CodeIgniter\Database\BaseConnection->initialize()
 2 APPPATH/Controllers/TransactionController.php(585): CodeIgniter\Database\BaseConnection->query('Select COUNT(a.BookingNumber)total from tblcustomer_payment_merchant a LEFT JOIN
        (Select agentID,BookingNumber from tblrecords_merchant GROUP BY BookingNumber)b ON b.BookingNumber=a.BookingNumber
        WHERE b.agentID=:user: AND a.Remarks=\'PAID\'', [...])
 3 SYSTEMPATH/CodeIgniter.php(934): App\Controllers\TransactionController->totalReserved()
 4 SYSTEMPATH/CodeIgniter.php(499): CodeIgniter\CodeIgniter->runController(Object(App\Controllers\TransactionController))
 5 SYSTEMPATH/CodeIgniter.php(368): CodeIgniter\CodeIgniter->handleRequest(null, Object(Config\Cache), false)
 6 FCPATH/index.php(67): CodeIgniter\CodeIgniter->run()
ERROR - 2024-01-19 04:08:27 --> Error connecting to the database: mysqli_sql_exception: User cvr8mc2c_9285_cg already has more than 'max_user_connections' active connections in /home4/cvr8mc2c/merchant/system/Database/MySQLi/Connection.php:173
Stack trace:
#0 /home4/cvr8mc2c/merchant/system/Database/MySQLi/Connection.php(173): mysqli->real_connect('localhost', 'cvr8mc2c_9285_c...', Object(SensitiveParameterValue), 'cvr8mc2c_ticket...', 3306, '', 0)
#1 /home4/cvr8mc2c/merchant/system/Database/BaseConnection.php(391): CodeIgniter\Database\MySQLi\Connection->connect(false)
#2 /home4/cvr8mc2c/merchant/system/Database/BaseConnection.php(573): CodeIgniter\Database\BaseConnection->initialize()
#3 /home4/cvr8mc2c/merchant/app/Controllers/TransactionController.php(615): CodeIgniter\Database\BaseConnection->query('Select COUNT(a....', Array)
#4 /home4/cvr8mc2c/merchant/system/CodeIgniter.php(934): App\Controllers\TransactionController->totalBook()
#5 /home4/cvr8mc2c/merchant/system/CodeIgniter.php(499): CodeIgniter\CodeIgniter->runController(Object(App\Controllers\TransactionController))
#6 /home4/cvr8mc2c/merchant/system/CodeIgniter.php(368): CodeIgniter\CodeIgniter->handleRequest(NULL, Object(Config\Cache), false)
#7 /home4/cvr8mc2c/merchant.fastcat-book.com/index.php(67): CodeIgniter\CodeIgniter->run()
#8 {main}

Next CodeIgniter\Database\Exceptions\DatabaseException: User **** already has more than 'max_user_connections' active connections in /home4/cvr8mc2c/merchant/system/Database/MySQLi/Connection.php:218
Stack trace:
#0 /home4/cvr8mc2c/merchant/system/Database/BaseConnection.php(391): CodeIgniter\Database\MySQLi\Connection->connect(false)
#1 /home4/cvr8mc2c/merchant/system/Database/BaseConnection.php(573): CodeIgniter\Database\BaseConnection->initialize()
#2 /home4/cvr8mc2c/merchant/app/Controllers/TransactionController.php(615): CodeIgniter\Database\BaseConnection->query('Select COUNT(a....', Array)
#3 /home4/cvr8mc2c/merchant/system/CodeIgniter.php(934): App\Controllers\TransactionController->totalBook()
#4 /home4/cvr8mc2c/merchant/system/CodeIgniter.php(499): CodeIgniter\CodeIgniter->runController(Object(App\Controllers\TransactionController))
#5 /home4/cvr8mc2c/merchant/system/CodeIgniter.php(368): CodeIgniter\CodeIgniter->handleRequest(NULL, Object(Config\Cache), false)
#6 /home4/cvr8mc2c/merchant.fastcat-book.com/index.php(67): CodeIgniter\CodeIgniter->run()
#7 {main}
CRITICAL - 2024-01-19 04:08:27 --> Unable to connect to the database.
Main connection [MySQLi]: User **** already has more than 'max_user_connections' active connections
in SYSTEMPATH/Database/BaseConnection.php on line 427.
 1 SYSTEMPATH/Database/BaseConnection.php(573): CodeIgniter\Database\BaseConnection->initialize()
 2 APPPATH/Controllers/TransactionController.php(615): CodeIgniter\Database\BaseConnection->query('Select COUNT(a.BookingNumber)total from tblcustomer_payment_merchant a LEFT JOIN
        (Select agentID,BookingNumber from tblrecords_merchant GROUP BY BookingNumber)b ON b.BookingNumber=a.BookingNumber
        WHERE b.agentID=:user:', [...])
 3 SYSTEMPATH/CodeIgniter.php(934): App\Controllers\TransactionController->totalBook()
 4 SYSTEMPATH/CodeIgniter.php(499): CodeIgniter\CodeIgniter->runController(Object(App\Controllers\TransactionController))
 5 SYSTEMPATH/CodeIgniter.php(368): CodeIgniter\CodeIgniter->handleRequest(null, Object(Config\Cache), false)
 6 FCPATH/index.php(67): CodeIgniter\CodeIgniter->run()
ERROR - 2024-01-19 04:08:27 --> Error connecting to the database: mysqli_sql_exception: User cvr8mc2c_9285_cg already has more than 'max_user_connections' active connections in /home4/cvr8mc2c/merchant/system/Database/MySQLi/Connection.php:173
Stack trace:
#0 /home4/cvr8mc2c/merchant/system/Database/MySQLi/Connection.php(173): mysqli->real_connect('localhost', 'cvr8mc2c_9285_c...', Object(SensitiveParameterValue), 'cvr8mc2c_ticket...', 3306, '', 0)
#1 /home4/cvr8mc2c/merchant/system/Database/BaseConnection.php(391): CodeIgniter\Database\MySQLi\Connection->connect(false)
#2 /home4/cvr8mc2c/merchant/system/Database/BaseConnection.php(573): CodeIgniter\Database\BaseConnection->initialize()
#3 /home4/cvr8mc2c/merchant/system/Database/BaseBuilder.php(1602): CodeIgniter\Database\BaseConnection->query('SELECT `agentID...', Array, false)
#4 /home4/cvr8mc2c/merchant/app/Controllers/TransactionController.php(504): CodeIgniter\Database\BaseBuilder->get()
#5 /home4/cvr8mc2c/merchant/system/CodeIgniter.php(934): App\Controllers\TransactionController->getBalance()
#6 /home4/cvr8mc2c/merchant/system/CodeIgniter.php(499): CodeIgniter\CodeIgniter->runController(Object(App\Controllers\TransactionController))
#7 /home4/cvr8mc2c/merchant/system/CodeIgniter.php(368): CodeIgniter\CodeIgniter->handleRequest(NULL, Object(Config\Cache), false)
#8 /home4/cvr8mc2c/merchant.fastcat-book.com/index.php(67): CodeIgniter\CodeIgniter->run()
#9 {main}

Next CodeIgniter\Database\Exceptions\DatabaseException: User **** already has more than 'max_user_connections' active connections in /home4/cvr8mc2c/merchant/system/Database/MySQLi/Connection.php:218
Stack trace:
#0 /home4/cvr8mc2c/merchant/system/Database/BaseConnection.php(391): CodeIgniter\Database\MySQLi\Connection->connect(false)
#1 /home4/cvr8mc2c/merchant/system/Database/BaseConnection.php(573): CodeIgniter\Database\BaseConnection->initialize()
#2 /home4/cvr8mc2c/merchant/system/Database/BaseBuilder.php(1602): CodeIgniter\Database\BaseConnection->query('SELECT `agentID...', Array, false)
#3 /home4/cvr8mc2c/merchant/app/Controllers/TransactionController.php(504): CodeIgniter\Database\BaseBuilder->get()
#4 /home4/cvr8mc2c/merchant/system/CodeIgniter.php(934): App\Controllers\TransactionController->getBalance()
#5 /home4/cvr8mc2c/merchant/system/CodeIgniter.php(499): CodeIgniter\CodeIgniter->runController(Object(App\Controllers\TransactionController))
#6 /home4/cvr8mc2c/merchant/system/CodeIgniter.php(368): CodeIgniter\CodeIgniter->handleRequest(NULL, Object(Config\Cache), false)
#7 /home4/cvr8mc2c/merchant.fastcat-book.com/index.php(67): CodeIgniter\CodeIgniter->run()
#8 {main}
CRITICAL - 2024-01-19 04:08:27 --> Unable to connect to the database.
Main connection [MySQLi]: User **** already has more than 'max_user_connections' active connections
in SYSTEMPATH/Database/BaseConnection.php on line 427.
 1 SYSTEMPATH/Database/BaseConnection.php(573): CodeIgniter\Database\BaseConnection->initialize()
 2 SYSTEMPATH/Database/BaseBuilder.php(1602): CodeIgniter\Database\BaseConnection->query('SELECT `agentID`
FROM `tblmerchant`
WHERE `merchantID` = :merchantID:', [...], false)
 3 APPPATH/Controllers/TransactionController.php(504): CodeIgniter\Database\BaseBuilder->get()
 4 SYSTEMPATH/CodeIgniter.php(934): App\Controllers\TransactionController->getBalance()
 5 SYSTEMPATH/CodeIgniter.php(499): CodeIgniter\CodeIgniter->runController(Object(App\Controllers\TransactionController))
 6 SYSTEMPATH/CodeIgniter.php(368): CodeIgniter\CodeIgniter->handleRequest(null, Object(Config\Cache), false)
 7 FCPATH/index.php(67): CodeIgniter\CodeIgniter->run()
ERROR - 2024-01-19 04:08:27 --> Error connecting to the database: mysqli_sql_exception: User cvr8mc2c_9285_cg already has more than 'max_user_connections' active connections in /home4/cvr8mc2c/merchant/system/Database/MySQLi/Connection.php:173
Stack trace:
#0 /home4/cvr8mc2c/merchant/system/Database/MySQLi/Connection.php(173): mysqli->real_connect('localhost', 'cvr8mc2c_9285_c...', Object(SensitiveParameterValue), 'cvr8mc2c_ticket...', 3306, '', 0)
#1 /home4/cvr8mc2c/merchant/system/Database/BaseConnection.php(391): CodeIgniter\Database\MySQLi\Connection->connect(false)
#2 /home4/cvr8mc2c/merchant/system/Database/BaseConnection.php(573): CodeIgniter\Database\BaseConnection->initialize()
#3 /home4/cvr8mc2c/merchant/system/Database/BaseBuilder.php(1602): CodeIgniter\Database\BaseConnection->query('SELECT `a`.*, `...', Array, false)
#4 /home4/cvr8mc2c/merchant/app/Controllers/TransactionController.php(524): CodeIgniter\Database\BaseBuilder->get()
#5 /home4/cvr8mc2c/merchant/system/CodeIgniter.php(934): App\Controllers\TransactionController->listSchedules()
#6 /home4/cvr8mc2c/merchant/system/CodeIgniter.php(499): CodeIgniter\CodeIgniter->runController(Object(App\Controllers\TransactionController))
#7 /home4/cvr8mc2c/merchant/system/CodeIgniter.php(368): CodeIgniter\CodeIgniter->handleRequest(NULL, Object(Config\Cache), false)
#8 /home4/cvr8mc2c/merchant.fastcat-book.com/index.php(67): CodeIgniter\CodeIgniter->run()
#9 {main}

Next CodeIgniter\Database\Exceptions\DatabaseException: User **** already has more than 'max_user_connections' active connections in /home4/cvr8mc2c/merchant/system/Database/MySQLi/Connection.php:218
Stack trace:
#0 /home4/cvr8mc2c/merchant/system/Database/BaseConnection.php(391): CodeIgniter\Database\MySQLi\Connection->connect(false)
#1 /home4/cvr8mc2c/merchant/system/Database/BaseConnection.php(573): CodeIgniter\Database\BaseConnection->initialize()
#2 /home4/cvr8mc2c/merchant/system/Database/BaseBuilder.php(1602): CodeIgniter\Database\BaseConnection->query('SELECT `a`.*, `...', Array, false)
#3 /home4/cvr8mc2c/merchant/app/Controllers/TransactionController.php(524): CodeIgniter\Database\BaseBuilder->get()
#4 /home4/cvr8mc2c/merchant/system/CodeIgniter.php(934): App\Controllers\TransactionController->listSchedules()
#5 /home4/cvr8mc2c/merchant/system/CodeIgniter.php(499): CodeIgniter\CodeIgniter->runController(Object(App\Controllers\TransactionController))
#6 /home4/cvr8mc2c/merchant/system/CodeIgniter.php(368): CodeIgniter\CodeIgniter->handleRequest(NULL, Object(Config\Cache), false)
#7 /home4/cvr8mc2c/merchant.fastcat-book.com/index.php(67): CodeIgniter\CodeIgniter->run()
#8 {main}
CRITICAL - 2024-01-19 04:08:27 --> Unable to connect to the database.
Main connection [MySQLi]: User **** already has more than 'max_user_connections' active connections
in SYSTEMPATH/Database/BaseConnection.php on line 427.
 1 SYSTEMPATH/Database/BaseConnection.php(573): CodeIgniter\Database\BaseConnection->initialize()
 2 SYSTEMPATH/Database/BaseBuilder.php(1602): CodeIgniter\Database\BaseConnection->query('SELECT `a`.*, `b`.`Name`
FROM `tblschedule` `a`
LEFT JOIN `tblvessels` `b` ON `b`.`vesselID`=`a`.`vesselID`
ORDER BY `a`.`ID` DESC
 LIMIT 5', [], false)
 3 APPPATH/Controllers/TransactionController.php(524): CodeIgniter\Database\BaseBuilder->get()
 4 SYSTEMPATH/CodeIgniter.php(934): App\Controllers\TransactionController->listSchedules()
 5 SYSTEMPATH/CodeIgniter.php(499): CodeIgniter\CodeIgniter->runController(Object(App\Controllers\TransactionController))
 6 SYSTEMPATH/CodeIgniter.php(368): CodeIgniter\CodeIgniter->handleRequest(null, Object(Config\Cache), false)
 7 FCPATH/index.php(67): CodeIgniter\CodeIgniter->run()
ERROR - 2024-01-19 04:08:31 --> Error connecting to the database: mysqli_sql_exception: User cvr8mc2c_9285_cg already has more than 'max_user_connections' active connections in /home4/cvr8mc2c/merchant/system/Database/MySQLi/Connection.php:173
Stack trace:
#0 /home4/cvr8mc2c/merchant/system/Database/MySQLi/Connection.php(173): mysqli->real_connect('localhost', 'cvr8mc2c_9285_c...', Object(SensitiveParameterValue), 'cvr8mc2c_ticket...', 3306, '', 0)
#1 /home4/cvr8mc2c/merchant/system/Database/BaseConnection.php(391): CodeIgniter\Database\MySQLi\Connection->connect(false)
#2 /home4/cvr8mc2c/merchant/system/Database/BaseConnection.php(573): CodeIgniter\Database\BaseConnection->initialize()
#3 /home4/cvr8mc2c/merchant/system/Database/BaseBuilder.php(1602): CodeIgniter\Database\BaseConnection->query('SELECT `Arrival...', Array, false)
#4 /home4/cvr8mc2c/merchant/app/Controllers/Home.php(284): CodeIgniter\Database\BaseBuilder->get()
#5 /home4/cvr8mc2c/merchant/system/CodeIgniter.php(934): App\Controllers\Home->Destination()
#6 /home4/cvr8mc2c/merchant/system/CodeIgniter.php(499): CodeIgniter\CodeIgniter->runController(Object(App\Controllers\Home))
#7 /home4/cvr8mc2c/merchant/system/CodeIgniter.php(368): CodeIgniter\CodeIgniter->handleRequest(NULL, Object(Config\Cache), false)
#8 /home4/cvr8mc2c/merchant.fastcat-book.com/index.php(67): CodeIgniter\CodeIgniter->run()
#9 {main}

Next CodeIgniter\Database\Exceptions\DatabaseException: User **** already has more than 'max_user_connections' active connections in /home4/cvr8mc2c/merchant/system/Database/MySQLi/Connection.php:218
Stack trace:
#0 /home4/cvr8mc2c/merchant/system/Database/BaseConnection.php(391): CodeIgniter\Database\MySQLi\Connection->connect(false)
#1 /home4/cvr8mc2c/merchant/system/Database/BaseConnection.php(573): CodeIgniter\Database\BaseConnection->initialize()
#2 /home4/cvr8mc2c/merchant/system/Database/BaseBuilder.php(1602): CodeIgniter\Database\BaseConnection->query('SELECT `Arrival...', Array, false)
#3 /home4/cvr8mc2c/merchant/app/Controllers/Home.php(284): CodeIgniter\Database\BaseBuilder->get()
#4 /home4/cvr8mc2c/merchant/system/CodeIgniter.php(934): App\Controllers\Home->Destination()
#5 /home4/cvr8mc2c/merchant/system/CodeIgniter.php(499): CodeIgniter\CodeIgniter->runController(Object(App\Controllers\Home))
#6 /home4/cvr8mc2c/merchant/system/CodeIgniter.php(368): CodeIgniter\CodeIgniter->handleRequest(NULL, Object(Config\Cache), false)
#7 /home4/cvr8mc2c/merchant.fastcat-book.com/index.php(67): CodeIgniter\CodeIgniter->run()
#8 {main}
CRITICAL - 2024-01-19 04:08:31 --> Unable to connect to the database.
Main connection [MySQLi]: User **** already has more than 'max_user_connections' active connections
in SYSTEMPATH/Database/BaseConnection.php on line 427.
 1 SYSTEMPATH/Database/BaseConnection.php(573): CodeIgniter\Database\BaseConnection->initialize()
 2 SYSTEMPATH/Database/BaseBuilder.php(1602): CodeIgniter\Database\BaseConnection->query('SELECT `Arrival`
FROM `tblroute`
WHERE `Departure` = :Departure:', [...], false)
 3 APPPATH/Controllers/Home.php(284): CodeIgniter\Database\BaseBuilder->get()
 4 SYSTEMPATH/CodeIgniter.php(934): App\Controllers\Home->Destination()
 5 SYSTEMPATH/CodeIgniter.php(499): CodeIgniter\CodeIgniter->runController(Object(App\Controllers\Home))
 6 SYSTEMPATH/CodeIgniter.php(368): CodeIgniter\CodeIgniter->handleRequest(null, Object(Config\Cache), false)
 7 FCPATH/index.php(67): CodeIgniter\CodeIgniter->run()
ERROR - 2024-01-19 04:08:35 --> Error connecting to the database: mysqli_sql_exception: User cvr8mc2c_9285_cg already has more than 'max_user_connections' active connections in /home4/cvr8mc2c/merchant/system/Database/MySQLi/Connection.php:173
Stack trace:
#0 /home4/cvr8mc2c/merchant/system/Database/MySQLi/Connection.php(173): mysqli->real_connect('localhost', 'cvr8mc2c_9285_c...', Object(SensitiveParameterValue), 'cvr8mc2c_ticket...', 3306, '', 0)
#1 /home4/cvr8mc2c/merchant/system/Database/BaseConnection.php(391): CodeIgniter\Database\MySQLi\Connection->connect(false)
#2 /home4/cvr8mc2c/merchant/system/Database/BaseConnection.php(573): CodeIgniter\Database\BaseConnection->initialize()
#3 /home4/cvr8mc2c/merchant/system/Database/BaseBuilder.php(1602): CodeIgniter\Database\BaseConnection->query('SELECT *\nFROM `...', Array, false)
#4 /home4/cvr8mc2c/merchant/system/Model.php(199): CodeIgniter\Database\BaseBuilder->get()
#5 /home4/cvr8mc2c/merchant/system/BaseModel.php(557): CodeIgniter\Model->doFind(true, '111')
#6 /home4/cvr8mc2c/merchant/app/Controllers/Home.php(103): CodeIgniter\BaseModel->find('111')
#7 /home4/cvr8mc2c/merchant/system/CodeIgniter.php(934): App\Controllers\Home->Book()
#8 /home4/cvr8mc2c/merchant/system/CodeIgniter.php(499): CodeIgniter\CodeIgniter->runController(Object(App\Controllers\Home))
#9 /home4/cvr8mc2c/merchant/system/CodeIgniter.php(368): CodeIgniter\CodeIgniter->handleRequest(NULL, Object(Config\Cache), false)
#10 /home4/cvr8mc2c/merchant.fastcat-book.com/index.php(67): CodeIgniter\CodeIgniter->run()
#11 {main}

Next CodeIgniter\Database\Exceptions\DatabaseException: User **** already has more than 'max_user_connections' active connections in /home4/cvr8mc2c/merchant/system/Database/MySQLi/Connection.php:218
Stack trace:
#0 /home4/cvr8mc2c/merchant/system/Database/BaseConnection.php(391): CodeIgniter\Database\MySQLi\Connection->connect(false)
#1 /home4/cvr8mc2c/merchant/system/Database/BaseConnection.php(573): CodeIgniter\Database\BaseConnection->initialize()
#2 /home4/cvr8mc2c/merchant/system/Database/BaseBuilder.php(1602): CodeIgniter\Database\BaseConnection->query('SELECT *\nFROM `...', Array, false)
#3 /home4/cvr8mc2c/merchant/system/Model.php(199): CodeIgniter\Database\BaseBuilder->get()
#4 /home4/cvr8mc2c/merchant/system/BaseModel.php(557): CodeIgniter\Model->doFind(true, '111')
#5 /home4/cvr8mc2c/merchant/app/Controllers/Home.php(103): CodeIgniter\BaseModel->find('111')
#6 /home4/cvr8mc2c/merchant/system/CodeIgniter.php(934): App\Controllers\Home->Book()
#7 /home4/cvr8mc2c/merchant/system/CodeIgniter.php(499): CodeIgniter\CodeIgniter->runController(Object(App\Controllers\Home))
#8 /home4/cvr8mc2c/merchant/system/CodeIgniter.php(368): CodeIgniter\CodeIgniter->handleRequest(NULL, Object(Config\Cache), false)
#9 /home4/cvr8mc2c/merchant.fastcat-book.com/index.php(67): CodeIgniter\CodeIgniter->run()
#10 {main}
CRITICAL - 2024-01-19 04:08:35 --> Unable to connect to the database.
Main connection [MySQLi]: User **** already has more than 'max_user_connections' active connections
in SYSTEMPATH/Database/BaseConnection.php on line 427.
 1 SYSTEMPATH/Database/BaseConnection.php(573): CodeIgniter\Database\BaseConnection->initialize()
 2 SYSTEMPATH/Database/BaseBuilder.php(1602): CodeIgniter\Database\BaseConnection->query('SELECT *
FROM `tblmerchant`
WHERE `tblmerchant`.`merchantID` = :tblmerchant.merchantID:', [...], false)
 3 SYSTEMPATH/Model.php(199): CodeIgniter\Database\BaseBuilder->get()
 4 SYSTEMPATH/BaseModel.php(557): CodeIgniter\Model->doFind(true, '111')
 5 APPPATH/Controllers/Home.php(103): CodeIgniter\BaseModel->find('111')
 6 SYSTEMPATH/CodeIgniter.php(934): App\Controllers\Home->Book()
 7 SYSTEMPATH/CodeIgniter.php(499): CodeIgniter\CodeIgniter->runController(Object(App\Controllers\Home))
 8 SYSTEMPATH/CodeIgniter.php(368): CodeIgniter\CodeIgniter->handleRequest(null, Object(Config\Cache), false)
 9 FCPATH/index.php(67): CodeIgniter\CodeIgniter->run()
ERROR - 2024-01-19 04:09:37 --> Error connecting to the database: mysqli_sql_exception: User cvr8mc2c_9285_cg already has more than 'max_user_connections' active connections in /home4/cvr8mc2c/merchant/system/Database/MySQLi/Connection.php:173
Stack trace:
#0 /home4/cvr8mc2c/merchant/system/Database/MySQLi/Connection.php(173): mysqli->real_connect('localhost', 'cvr8mc2c_9285_c...', Object(SensitiveParameterValue), 'cvr8mc2c_ticket...', 3306, '', 0)
#1 /home4/cvr8mc2c/merchant/system/Database/BaseConnection.php(391): CodeIgniter\Database\MySQLi\Connection->connect(false)
#2 /home4/cvr8mc2c/merchant/system/Database/BaseConnection.php(573): CodeIgniter\Database\BaseConnection->initialize()
#3 /home4/cvr8mc2c/merchant/system/Database/BaseBuilder.php(1602): CodeIgniter\Database\BaseConnection->query('SELECT `TimeDep...', Array, false)
#4 /home4/cvr8mc2c/merchant/app/Controllers/Home.php(741): CodeIgniter\Database\BaseBuilder->get()
#5 /home4/cvr8mc2c/merchant/system/CodeIgniter.php(934): App\Controllers\Home->getSchedule()
#6 /home4/cvr8mc2c/merchant/system/CodeIgniter.php(499): CodeIgniter\CodeIgniter->runController(Object(App\Controllers\Home))
#7 /home4/cvr8mc2c/merchant/system/CodeIgniter.php(368): CodeIgniter\CodeIgniter->handleRequest(NULL, Object(Config\Cache), false)
#8 /home4/cvr8mc2c/merchant.fastcat-book.com/index.php(67): CodeIgniter\CodeIgniter->run()
#9 {main}

Next CodeIgniter\Database\Exceptions\DatabaseException: User **** already has more than 'max_user_connections' active connections in /home4/cvr8mc2c/merchant/system/Database/MySQLi/Connection.php:218
Stack trace:
#0 /home4/cvr8mc2c/merchant/system/Database/BaseConnection.php(391): CodeIgniter\Database\MySQLi\Connection->connect(false)
#1 /home4/cvr8mc2c/merchant/system/Database/BaseConnection.php(573): CodeIgniter\Database\BaseConnection->initialize()
#2 /home4/cvr8mc2c/merchant/system/Database/BaseBuilder.php(1602): CodeIgniter\Database\BaseConnection->query('SELECT `TimeDep...', Array, false)
#3 /home4/cvr8mc2c/merchant/app/Controllers/Home.php(741): CodeIgniter\Database\BaseBuilder->get()
#4 /home4/cvr8mc2c/merchant/system/CodeIgniter.php(934): App\Controllers\Home->getSchedule()
#5 /home4/cvr8mc2c/merchant/system/CodeIgniter.php(499): CodeIgniter\CodeIgniter->runController(Object(App\Controllers\Home))
#6 /home4/cvr8mc2c/merchant/system/CodeIgniter.php(368): CodeIgniter\CodeIgniter->handleRequest(NULL, Object(Config\Cache), false)
#7 /home4/cvr8mc2c/merchant.fastcat-book.com/index.php(67): CodeIgniter\CodeIgniter->run()
#8 {main}
CRITICAL - 2024-01-19 04:09:37 --> Unable to connect to the database.
Main connection [MySQLi]: User **** already has more than 'max_user_connections' active connections
in SYSTEMPATH/Database/BaseConnection.php on line 427.
 1 SYSTEMPATH/Database/BaseConnection.php(573): CodeIgniter\Database\BaseConnection->initialize()
 2 SYSTEMPATH/Database/BaseBuilder.php(1602): CodeIgniter\Database\BaseConnection->query('SELECT `TimeDeparture`
FROM `tblschedule`
WHERE `ID` = :ID:
AND `Status` = :Status:', [...], false)
 3 APPPATH/Controllers/Home.php(741): CodeIgniter\Database\BaseBuilder->get()
 4 SYSTEMPATH/CodeIgniter.php(934): App\Controllers\Home->getSchedule()
 5 SYSTEMPATH/CodeIgniter.php(499): CodeIgniter\CodeIgniter->runController(Object(App\Controllers\Home))
 6 SYSTEMPATH/CodeIgniter.php(368): CodeIgniter\CodeIgniter->handleRequest(null, Object(Config\Cache), false)
 7 FCPATH/index.php(67): CodeIgniter\CodeIgniter->run()
ERROR - 2024-01-19 04:09:37 --> Error connecting to the database: mysqli_sql_exception: User cvr8mc2c_9285_cg already has more than 'max_user_connections' active connections in /home4/cvr8mc2c/merchant/system/Database/MySQLi/Connection.php:173
Stack trace:
#0 /home4/cvr8mc2c/merchant/system/Database/MySQLi/Connection.php(173): mysqli->real_connect('localhost', 'cvr8mc2c_9285_c...', Object(SensitiveParameterValue), 'cvr8mc2c_ticket...', 3306, '', 0)
#1 /home4/cvr8mc2c/merchant/system/Database/BaseConnection.php(391): CodeIgniter\Database\MySQLi\Connection->connect(false)
#2 /home4/cvr8mc2c/merchant/system/Database/BaseConnection.php(573): CodeIgniter\Database\BaseConnection->initialize()
#3 /home4/cvr8mc2c/merchant/system/Database/BaseBuilder.php(1602): CodeIgniter\Database\BaseConnection->query('SELECT `Discoun...', Array, false)
#4 /home4/cvr8mc2c/merchant/app/Controllers/PassengerController.php(311): CodeIgniter\Database\BaseBuilder->get()
#5 /home4/cvr8mc2c/merchant/system/CodeIgniter.php(934): App\Controllers\PassengerController->Discount()
#6 /home4/cvr8mc2c/merchant/system/CodeIgniter.php(499): CodeIgniter\CodeIgniter->runController(Object(App\Controllers\PassengerController))
#7 /home4/cvr8mc2c/merchant/system/CodeIgniter.php(368): CodeIgniter\CodeIgniter->handleRequest(NULL, Object(Config\Cache), false)
#8 /home4/cvr8mc2c/merchant.fastcat-book.com/index.php(67): CodeIgniter\CodeIgniter->run()
#9 {main}

Next CodeIgniter\Database\Exceptions\DatabaseException: User **** already has more than 'max_user_connections' active connections in /home4/cvr8mc2c/merchant/system/Database/MySQLi/Connection.php:218
Stack trace:
#0 /home4/cvr8mc2c/merchant/system/Database/BaseConnection.php(391): CodeIgniter\Database\MySQLi\Connection->connect(false)
#1 /home4/cvr8mc2c/merchant/system/Database/BaseConnection.php(573): CodeIgniter\Database\BaseConnection->initialize()
#2 /home4/cvr8mc2c/merchant/system/Database/BaseBuilder.php(1602): CodeIgniter\Database\BaseConnection->query('SELECT `Discoun...', Array, false)
#3 /home4/cvr8mc2c/merchant/app/Controllers/PassengerController.php(311): CodeIgniter\Database\BaseBuilder->get()
#4 /home4/cvr8mc2c/merchant/system/CodeIgniter.php(934): App\Controllers\PassengerController->Discount()
#5 /home4/cvr8mc2c/merchant/system/CodeIgniter.php(499): CodeIgniter\CodeIgniter->runController(Object(App\Controllers\PassengerController))
#6 /home4/cvr8mc2c/merchant/system/CodeIgniter.php(368): CodeIgniter\CodeIgniter->handleRequest(NULL, Object(Config\Cache), false)
#7 /home4/cvr8mc2c/merchant.fastcat-book.com/index.php(67): CodeIgniter\CodeIgniter->run()
#8 {main}
CRITICAL - 2024-01-19 04:09:37 --> Unable to connect to the database.
Main connection [MySQLi]: User **** already has more than 'max_user_connections' active connections
in SYSTEMPATH/Database/BaseConnection.php on line 427.
 1 SYSTEMPATH/Database/BaseConnection.php(573): CodeIgniter\Database\BaseConnection->initialize()
 2 SYSTEMPATH/Database/BaseBuilder.php(1602): CodeIgniter\Database\BaseConnection->query('SELECT `Discount`
FROM `tblagentroute`
WHERE `agentID` = :agentID:
AND `portID` = :portID:', [...], false)
 3 APPPATH/Controllers/PassengerController.php(311): CodeIgniter\Database\BaseBuilder->get()
 4 SYSTEMPATH/CodeIgniter.php(934): App\Controllers\PassengerController->Discount()
 5 SYSTEMPATH/CodeIgniter.php(499): CodeIgniter\CodeIgniter->runController(Object(App\Controllers\PassengerController))
 6 SYSTEMPATH/CodeIgniter.php(368): CodeIgniter\CodeIgniter->handleRequest(null, Object(Config\Cache), false)
 7 FCPATH/index.php(67): CodeIgniter\CodeIgniter->run()
ERROR - 2024-01-19 04:09:37 --> Error connecting to the database: mysqli_sql_exception: User cvr8mc2c_9285_cg already has more than 'max_user_connections' active connections in /home4/cvr8mc2c/merchant/system/Database/MySQLi/Connection.php:173
Stack trace:
#0 /home4/cvr8mc2c/merchant/system/Database/MySQLi/Connection.php(173): mysqli->real_connect('localhost', 'cvr8mc2c_9285_c...', Object(SensitiveParameterValue), 'cvr8mc2c_ticket...', 3306, '', 0)
#1 /home4/cvr8mc2c/merchant/system/Database/BaseConnection.php(391): CodeIgniter\Database\MySQLi\Connection->connect(false)
#2 /home4/cvr8mc2c/merchant/system/Database/BaseConnection.php(573): CodeIgniter\Database\BaseConnection->initialize()
#3 /home4/cvr8mc2c/merchant/system/Database/BaseBuilder.php(1602): CodeIgniter\Database\BaseConnection->query('SELECT IFNULL(S...', Array, false)
#4 /home4/cvr8mc2c/merchant/app/Controllers/PassengerController.php(355): CodeIgniter\Database\BaseBuilder->get()
#5 /home4/cvr8mc2c/merchant/system/CodeIgniter.php(934): App\Controllers\PassengerController->Summary()
#6 /home4/cvr8mc2c/merchant/system/CodeIgniter.php(499): CodeIgniter\CodeIgniter->runController(Object(App\Controllers\PassengerController))
#7 /home4/cvr8mc2c/merchant/system/CodeIgniter.php(368): CodeIgniter\CodeIgniter->handleRequest(NULL, Object(Config\Cache), false)
#8 /home4/cvr8mc2c/merchant.fastcat-book.com/index.php(67): CodeIgniter\CodeIgniter->run()
#9 {main}

Next CodeIgniter\Database\Exceptions\DatabaseException: User **** already has more than 'max_user_connections' active connections in /home4/cvr8mc2c/merchant/system/Database/MySQLi/Connection.php:218
Stack trace:
#0 /home4/cvr8mc2c/merchant/system/Database/BaseConnection.php(391): CodeIgniter\Database\MySQLi\Connection->connect(false)
#1 /home4/cvr8mc2c/merchant/system/Database/BaseConnection.php(573): CodeIgniter\Database\BaseConnection->initialize()
#2 /home4/cvr8mc2c/merchant/system/Database/BaseBuilder.php(1602): CodeIgniter\Database\BaseConnection->query('SELECT IFNULL(S...', Array, false)
#3 /home4/cvr8mc2c/merchant/app/Controllers/PassengerController.php(355): CodeIgniter\Database\BaseBuilder->get()
#4 /home4/cvr8mc2c/merchant/system/CodeIgniter.php(934): App\Controllers\PassengerController->Summary()
#5 /home4/cvr8mc2c/merchant/system/CodeIgniter.php(499): CodeIgniter\CodeIgniter->runController(Object(App\Controllers\PassengerController))
#6 /home4/cvr8mc2c/merchant/system/CodeIgniter.php(368): CodeIgniter\CodeIgniter->handleRequest(NULL, Object(Config\Cache), false)
#7 /home4/cvr8mc2c/merchant.fastcat-book.com/index.php(67): CodeIgniter\CodeIgniter->run()
#8 {main}
CRITICAL - 2024-01-19 04:09:37 --> Unable to connect to the database.
Main connection [MySQLi]: User **** already has more than 'max_user_connections' active connections
in SYSTEMPATH/Database/BaseConnection.php on line 427.
 1 SYSTEMPATH/Database/BaseConnection.php(573): CodeIgniter\Database\BaseConnection->initialize()
 2 SYSTEMPATH/Database/BaseBuilder.php(1602): CodeIgniter\Database\BaseConnection->query('SELECT IFNULL(SUM(Amount), 0)total
FROM `tblrecords_merchant`
WHERE `customerID` = :customerID:
AND `BookingNumber` = :BookingNumber:
AND `TrxnDate` = :TrxnDate:
AND `Status` = :Status:
AND `ID` = :ID:', [...], false)
 3 APPPATH/Controllers/PassengerController.php(355): CodeIgniter\Database\BaseBuilder->get()
 4 SYSTEMPATH/CodeIgniter.php(934): App\Controllers\PassengerController->Summary()
 5 SYSTEMPATH/CodeIgniter.php(499): CodeIgniter\CodeIgniter->runController(Object(App\Controllers\PassengerController))
 6 SYSTEMPATH/CodeIgniter.php(368): CodeIgniter\CodeIgniter->handleRequest(null, Object(Config\Cache), false)
 7 FCPATH/index.php(67): CodeIgniter\CodeIgniter->run()
