INFO - 2023-10-11 01:26:51 --> Session: Class initialized using 'CodeIgniter\Session\Handlers\FileHandler' driver.
INFO - 2023-10-11 01:27:00 --> Session: Class initialized using 'CodeIgniter\Session\Handlers\FileHandler' driver.
INFO - 2023-10-11 01:27:01 --> Session: Class initialized using 'CodeIgniter\Session\Handlers\FileHandler' driver.
INFO - 2023-10-11 01:27:05 --> Session: Class initialized using 'CodeIgniter\Session\Handlers\FileHandler' driver.
CRITICAL - 2023-10-11 01:31:16 --> Trying to access array offset on value of type null
in APPPATH/Controllers/Home.php on line 566.
 1 APPPATH/Controllers/Home.php(566): CodeIgniter\Debug\Exceptions->errorHandler(2, 'Trying to access array offset on value of type null', 'APPPATH/Controllers/Home.php', 566)
 2 [internal function]: App\Controllers\Home->App\Controllers\{closure}([...])
 3 APPPATH/Controllers/Home.php(558): array_filter([...], Object(Closure))
 4 SYSTEMPATH/CodeIgniter.php(934): App\Controllers\Home->getCSPP()
 5 SYSTEMPATH/CodeIgniter.php(499): CodeIgniter\CodeIgniter->runController(Object(App\Controllers\Home))
 6 SYSTEMPATH/CodeIgniter.php(368): CodeIgniter\CodeIgniter->handleRequest(null, Object(Config\Cache), false)
 7 FCPATH/index.php(67): CodeIgniter\CodeIgniter->run()
CRITICAL - 2023-10-11 01:31:26 --> Trying to access array offset on value of type null
in APPPATH/Controllers/Home.php on line 566.
 1 APPPATH/Controllers/Home.php(566): CodeIgniter\Debug\Exceptions->errorHandler(2, 'Trying to access array offset on value of type null', 'APPPATH/Controllers/Home.php', 566)
 2 [internal function]: App\Controllers\Home->App\Controllers\{closure}([...])
 3 APPPATH/Controllers/Home.php(558): array_filter([...], Object(Closure))
 4 SYSTEMPATH/CodeIgniter.php(934): App\Controllers\Home->getCSPP()
 5 SYSTEMPATH/CodeIgniter.php(499): CodeIgniter\CodeIgniter->runController(Object(App\Controllers\Home))
 6 SYSTEMPATH/CodeIgniter.php(368): CodeIgniter\CodeIgniter->handleRequest(null, Object(Config\Cache), false)
 7 FCPATH/index.php(67): CodeIgniter\CodeIgniter->run()
CRITICAL - 2023-10-11 01:31:32 --> Trying to access array offset on value of type null
in APPPATH/Controllers/Home.php on line 566.
 1 APPPATH/Controllers/Home.php(566): CodeIgniter\Debug\Exceptions->errorHandler(2, 'Trying to access array offset on value of type null', 'APPPATH/Controllers/Home.php', 566)
 2 [internal function]: App\Controllers\Home->App\Controllers\{closure}([...])
 3 APPPATH/Controllers/Home.php(558): array_filter([...], Object(Closure))
 4 SYSTEMPATH/CodeIgniter.php(934): App\Controllers\Home->getCSPP()
 5 SYSTEMPATH/CodeIgniter.php(499): CodeIgniter\CodeIgniter->runController(Object(App\Controllers\Home))
 6 SYSTEMPATH/CodeIgniter.php(368): CodeIgniter\CodeIgniter->handleRequest(null, Object(Config\Cache), false)
 7 FCPATH/index.php(67): CodeIgniter\CodeIgniter->run()
CRITICAL - 2023-10-11 01:31:50 --> Trying to access array offset on value of type null
in APPPATH/Controllers/Home.php on line 566.
 1 APPPATH/Controllers/Home.php(566): CodeIgniter\Debug\Exceptions->errorHandler(2, 'Trying to access array offset on value of type null', 'APPPATH/Controllers/Home.php', 566)
 2 [internal function]: App\Controllers\Home->App\Controllers\{closure}([...])
 3 APPPATH/Controllers/Home.php(558): array_filter([...], Object(Closure))
 4 SYSTEMPATH/CodeIgniter.php(934): App\Controllers\Home->getCSPP()
 5 SYSTEMPATH/CodeIgniter.php(499): CodeIgniter\CodeIgniter->runController(Object(App\Controllers\Home))
 6 SYSTEMPATH/CodeIgniter.php(368): CodeIgniter\CodeIgniter->handleRequest(null, Object(Config\Cache), false)
 7 FCPATH/index.php(67): CodeIgniter\CodeIgniter->run()
INFO - 2023-10-11 01:31:53 --> Session: Class initialized using 'CodeIgniter\Session\Handlers\FileHandler' driver.
INFO - 2023-10-11 01:32:06 --> Session: Class initialized using 'CodeIgniter\Session\Handlers\FileHandler' driver.
INFO - 2023-10-11 01:32:09 --> Session: Class initialized using 'CodeIgniter\Session\Handlers\FileHandler' driver.
CRITICAL - 2023-10-11 01:32:21 --> Trying to access array offset on value of type null
in APPPATH/Controllers/Home.php on line 566.
 1 APPPATH/Controllers/Home.php(566): CodeIgniter\Debug\Exceptions->errorHandler(2, 'Trying to access array offset on value of type null', 'APPPATH/Controllers/Home.php', 566)
 2 [internal function]: App\Controllers\Home->App\Controllers\{closure}([...])
 3 APPPATH/Controllers/Home.php(558): array_filter([...], Object(Closure))
 4 SYSTEMPATH/CodeIgniter.php(934): App\Controllers\Home->getCSPP()
 5 SYSTEMPATH/CodeIgniter.php(499): CodeIgniter\CodeIgniter->runController(Object(App\Controllers\Home))
 6 SYSTEMPATH/CodeIgniter.php(368): CodeIgniter\CodeIgniter->handleRequest(null, Object(Config\Cache), false)
 7 FCPATH/index.php(67): CodeIgniter\CodeIgniter->run()
CRITICAL - 2023-10-11 01:32:58 --> Trying to access array offset on value of type null
in APPPATH/Controllers/Home.php on line 566.
 1 APPPATH/Controllers/Home.php(566): CodeIgniter\Debug\Exceptions->errorHandler(2, 'Trying to access array offset on value of type null', 'APPPATH/Controllers/Home.php', 566)
 2 [internal function]: App\Controllers\Home->App\Controllers\{closure}([...])
 3 APPPATH/Controllers/Home.php(558): array_filter([...], Object(Closure))
 4 SYSTEMPATH/CodeIgniter.php(934): App\Controllers\Home->getCSPP()
 5 SYSTEMPATH/CodeIgniter.php(499): CodeIgniter\CodeIgniter->runController(Object(App\Controllers\Home))
 6 SYSTEMPATH/CodeIgniter.php(368): CodeIgniter\CodeIgniter->handleRequest(null, Object(Config\Cache), false)
 7 FCPATH/index.php(67): CodeIgniter\CodeIgniter->run()
INFO - 2023-10-11 01:33:45 --> Session: Class initialized using 'CodeIgniter\Session\Handlers\FileHandler' driver.
INFO - 2023-10-11 01:34:04 --> Session: Class initialized using 'CodeIgniter\Session\Handlers\FileHandler' driver.
CRITICAL - 2023-10-11 01:34:05 --> Trying to access array offset on value of type null
in APPPATH/Controllers/Home.php on line 566.
 1 APPPATH/Controllers/Home.php(566): CodeIgniter\Debug\Exceptions->errorHandler(2, 'Trying to access array offset on value of type null', 'APPPATH/Controllers/Home.php', 566)
 2 [internal function]: App\Controllers\Home->App\Controllers\{closure}([...])
 3 APPPATH/Controllers/Home.php(558): array_filter([...], Object(Closure))
 4 SYSTEMPATH/CodeIgniter.php(934): App\Controllers\Home->getCSPP()
 5 SYSTEMPATH/CodeIgniter.php(499): CodeIgniter\CodeIgniter->runController(Object(App\Controllers\Home))
 6 SYSTEMPATH/CodeIgniter.php(368): CodeIgniter\CodeIgniter->handleRequest(null, Object(Config\Cache), false)
 7 FCPATH/index.php(67): CodeIgniter\CodeIgniter->run()
INFO - 2023-10-11 01:34:11 --> Session: Class initialized using 'CodeIgniter\Session\Handlers\FileHandler' driver.
INFO - 2023-10-11 01:34:41 --> Session: Class initialized using 'CodeIgniter\Session\Handlers\FileHandler' driver.
INFO - 2023-10-11 01:35:06 --> Session: Class initialized using 'CodeIgniter\Session\Handlers\FileHandler' driver.
INFO - 2023-10-11 01:36:00 --> Session: Class initialized using 'CodeIgniter\Session\Handlers\FileHandler' driver.
CRITICAL - 2023-10-11 01:36:17 --> Trying to access array offset on value of type null
in APPPATH/Controllers/Home.php on line 566.
 1 APPPATH/Controllers/Home.php(566): CodeIgniter\Debug\Exceptions->errorHandler(2, 'Trying to access array offset on value of type null', 'APPPATH/Controllers/Home.php', 566)
 2 [internal function]: App\Controllers\Home->App\Controllers\{closure}([...])
 3 APPPATH/Controllers/Home.php(558): array_filter([...], Object(Closure))
 4 SYSTEMPATH/CodeIgniter.php(934): App\Controllers\Home->getCSPP()
 5 SYSTEMPATH/CodeIgniter.php(499): CodeIgniter\CodeIgniter->runController(Object(App\Controllers\Home))
 6 SYSTEMPATH/CodeIgniter.php(368): CodeIgniter\CodeIgniter->handleRequest(null, Object(Config\Cache), false)
 7 FCPATH/index.php(67): CodeIgniter\CodeIgniter->run()
INFO - 2023-10-11 01:38:08 --> Session: Class initialized using 'CodeIgniter\Session\Handlers\FileHandler' driver.
CRITICAL - 2023-10-11 01:40:42 --> Trying to access array offset on value of type null
in APPPATH/Controllers/Home.php on line 566.
 1 APPPATH/Controllers/Home.php(566): CodeIgniter\Debug\Exceptions->errorHandler(2, 'Trying to access array offset on value of type null', 'APPPATH/Controllers/Home.php', 566)
 2 [internal function]: App\Controllers\Home->App\Controllers\{closure}([...])
 3 APPPATH/Controllers/Home.php(558): array_filter([...], Object(Closure))
 4 SYSTEMPATH/CodeIgniter.php(934): App\Controllers\Home->getCSPP()
 5 SYSTEMPATH/CodeIgniter.php(499): CodeIgniter\CodeIgniter->runController(Object(App\Controllers\Home))
 6 SYSTEMPATH/CodeIgniter.php(368): CodeIgniter\CodeIgniter->handleRequest(null, Object(Config\Cache), false)
 7 FCPATH/index.php(67): CodeIgniter\CodeIgniter->run()
CRITICAL - 2023-10-11 01:49:16 --> Trying to access array offset on value of type null
in APPPATH/Controllers/Home.php on line 566.
 1 APPPATH/Controllers/Home.php(566): CodeIgniter\Debug\Exceptions->errorHandler(2, 'Trying to access array offset on value of type null', 'APPPATH/Controllers/Home.php', 566)
 2 [internal function]: App\Controllers\Home->App\Controllers\{closure}([...])
 3 APPPATH/Controllers/Home.php(558): array_filter([...], Object(Closure))
 4 SYSTEMPATH/CodeIgniter.php(934): App\Controllers\Home->getCSPP()
 5 SYSTEMPATH/CodeIgniter.php(499): CodeIgniter\CodeIgniter->runController(Object(App\Controllers\Home))
 6 SYSTEMPATH/CodeIgniter.php(368): CodeIgniter\CodeIgniter->handleRequest(null, Object(Config\Cache), false)
 7 FCPATH/index.php(67): CodeIgniter\CodeIgniter->run()
INFO - 2023-10-11 01:57:25 --> Session: Class initialized using 'CodeIgniter\Session\Handlers\FileHandler' driver.
INFO - 2023-10-11 01:58:56 --> Session: Class initialized using 'CodeIgniter\Session\Handlers\FileHandler' driver.
CRITICAL - 2023-10-11 02:06:24 --> Trying to access array offset on value of type null
in APPPATH/Controllers/Home.php on line 566.
 1 APPPATH/Controllers/Home.php(566): CodeIgniter\Debug\Exceptions->errorHandler(2, 'Trying to access array offset on value of type null', 'APPPATH/Controllers/Home.php', 566)
 2 [internal function]: App\Controllers\Home->App\Controllers\{closure}([...])
 3 APPPATH/Controllers/Home.php(558): array_filter([...], Object(Closure))
 4 SYSTEMPATH/CodeIgniter.php(934): App\Controllers\Home->getCSPP()
 5 SYSTEMPATH/CodeIgniter.php(499): CodeIgniter\CodeIgniter->runController(Object(App\Controllers\Home))
 6 SYSTEMPATH/CodeIgniter.php(368): CodeIgniter\CodeIgniter->handleRequest(null, Object(Config\Cache), false)
 7 FCPATH/index.php(67): CodeIgniter\CodeIgniter->run()
INFO - 2023-10-11 02:14:46 --> Session: Class initialized using 'CodeIgniter\Session\Handlers\FileHandler' driver.
INFO - 2023-10-11 02:14:59 --> Session: Class initialized using 'CodeIgniter\Session\Handlers\FileHandler' driver.
CRITICAL - 2023-10-11 02:20:21 --> Trying to access array offset on value of type null
in APPPATH/Controllers/Home.php on line 566.
 1 APPPATH/Controllers/Home.php(566): CodeIgniter\Debug\Exceptions->errorHandler(2, 'Trying to access array offset on value of type null', 'APPPATH/Controllers/Home.php', 566)
 2 [internal function]: App\Controllers\Home->App\Controllers\{closure}([...])
 3 APPPATH/Controllers/Home.php(558): array_filter([...], Object(Closure))
 4 SYSTEMPATH/CodeIgniter.php(934): App\Controllers\Home->getCSPP()
 5 SYSTEMPATH/CodeIgniter.php(499): CodeIgniter\CodeIgniter->runController(Object(App\Controllers\Home))
 6 SYSTEMPATH/CodeIgniter.php(368): CodeIgniter\CodeIgniter->handleRequest(null, Object(Config\Cache), false)
 7 FCPATH/index.php(67): CodeIgniter\CodeIgniter->run()
CRITICAL - 2023-10-11 02:20:31 --> Trying to access array offset on value of type null
in APPPATH/Controllers/Home.php on line 566.
 1 APPPATH/Controllers/Home.php(566): CodeIgniter\Debug\Exceptions->errorHandler(2, 'Trying to access array offset on value of type null', 'APPPATH/Controllers/Home.php', 566)
 2 [internal function]: App\Controllers\Home->App\Controllers\{closure}([...])
 3 APPPATH/Controllers/Home.php(558): array_filter([...], Object(Closure))
 4 SYSTEMPATH/CodeIgniter.php(934): App\Controllers\Home->getCSPP()
 5 SYSTEMPATH/CodeIgniter.php(499): CodeIgniter\CodeIgniter->runController(Object(App\Controllers\Home))
 6 SYSTEMPATH/CodeIgniter.php(368): CodeIgniter\CodeIgniter->handleRequest(null, Object(Config\Cache), false)
 7 FCPATH/index.php(67): CodeIgniter\CodeIgniter->run()
CRITICAL - 2023-10-11 02:20:37 --> Trying to access array offset on value of type null
in APPPATH/Controllers/Home.php on line 566.
 1 APPPATH/Controllers/Home.php(566): CodeIgniter\Debug\Exceptions->errorHandler(2, 'Trying to access array offset on value of type null', 'APPPATH/Controllers/Home.php', 566)
 2 [internal function]: App\Controllers\Home->App\Controllers\{closure}([...])
 3 APPPATH/Controllers/Home.php(558): array_filter([...], Object(Closure))
 4 SYSTEMPATH/CodeIgniter.php(934): App\Controllers\Home->getCSPP()
 5 SYSTEMPATH/CodeIgniter.php(499): CodeIgniter\CodeIgniter->runController(Object(App\Controllers\Home))
 6 SYSTEMPATH/CodeIgniter.php(368): CodeIgniter\CodeIgniter->handleRequest(null, Object(Config\Cache), false)
 7 FCPATH/index.php(67): CodeIgniter\CodeIgniter->run()
CRITICAL - 2023-10-11 02:20:46 --> Trying to access array offset on value of type null
in APPPATH/Controllers/Home.php on line 566.
 1 APPPATH/Controllers/Home.php(566): CodeIgniter\Debug\Exceptions->errorHandler(2, 'Trying to access array offset on value of type null', 'APPPATH/Controllers/Home.php', 566)
 2 [internal function]: App\Controllers\Home->App\Controllers\{closure}([...])
 3 APPPATH/Controllers/Home.php(558): array_filter([...], Object(Closure))
 4 SYSTEMPATH/CodeIgniter.php(934): App\Controllers\Home->getCSPP()
 5 SYSTEMPATH/CodeIgniter.php(499): CodeIgniter\CodeIgniter->runController(Object(App\Controllers\Home))
 6 SYSTEMPATH/CodeIgniter.php(368): CodeIgniter\CodeIgniter->handleRequest(null, Object(Config\Cache), false)
 7 FCPATH/index.php(67): CodeIgniter\CodeIgniter->run()
CRITICAL - 2023-10-11 02:21:06 --> Trying to access array offset on value of type null
in APPPATH/Controllers/Home.php on line 566.
 1 APPPATH/Controllers/Home.php(566): CodeIgniter\Debug\Exceptions->errorHandler(2, 'Trying to access array offset on value of type null', 'APPPATH/Controllers/Home.php', 566)
 2 [internal function]: App\Controllers\Home->App\Controllers\{closure}([...])
 3 APPPATH/Controllers/Home.php(558): array_filter([...], Object(Closure))
 4 SYSTEMPATH/CodeIgniter.php(934): App\Controllers\Home->getCSPP()
 5 SYSTEMPATH/CodeIgniter.php(499): CodeIgniter\CodeIgniter->runController(Object(App\Controllers\Home))
 6 SYSTEMPATH/CodeIgniter.php(368): CodeIgniter\CodeIgniter->handleRequest(null, Object(Config\Cache), false)
 7 FCPATH/index.php(67): CodeIgniter\CodeIgniter->run()
CRITICAL - 2023-10-11 02:21:41 --> Trying to access array offset on value of type null
in APPPATH/Controllers/Home.php on line 566.
 1 APPPATH/Controllers/Home.php(566): CodeIgniter\Debug\Exceptions->errorHandler(2, 'Trying to access array offset on value of type null', 'APPPATH/Controllers/Home.php', 566)
 2 [internal function]: App\Controllers\Home->App\Controllers\{closure}([...])
 3 APPPATH/Controllers/Home.php(558): array_filter([...], Object(Closure))
 4 SYSTEMPATH/CodeIgniter.php(934): App\Controllers\Home->getCSPP()
 5 SYSTEMPATH/CodeIgniter.php(499): CodeIgniter\CodeIgniter->runController(Object(App\Controllers\Home))
 6 SYSTEMPATH/CodeIgniter.php(368): CodeIgniter\CodeIgniter->handleRequest(null, Object(Config\Cache), false)
 7 FCPATH/index.php(67): CodeIgniter\CodeIgniter->run()
CRITICAL - 2023-10-11 02:22:54 --> Trying to access array offset on value of type null
in APPPATH/Controllers/Home.php on line 566.
 1 APPPATH/Controllers/Home.php(566): CodeIgniter\Debug\Exceptions->errorHandler(2, 'Trying to access array offset on value of type null', 'APPPATH/Controllers/Home.php', 566)
 2 [internal function]: App\Controllers\Home->App\Controllers\{closure}([...])
 3 APPPATH/Controllers/Home.php(558): array_filter([...], Object(Closure))
 4 SYSTEMPATH/CodeIgniter.php(934): App\Controllers\Home->getCSPP()
 5 SYSTEMPATH/CodeIgniter.php(499): CodeIgniter\CodeIgniter->runController(Object(App\Controllers\Home))
 6 SYSTEMPATH/CodeIgniter.php(368): CodeIgniter\CodeIgniter->handleRequest(null, Object(Config\Cache), false)
 7 FCPATH/index.php(67): CodeIgniter\CodeIgniter->run()
CRITICAL - 2023-10-11 02:25:05 --> Trying to access array offset on value of type null
in APPPATH/Controllers/Home.php on line 566.
 1 APPPATH/Controllers/Home.php(566): CodeIgniter\Debug\Exceptions->errorHandler(2, 'Trying to access array offset on value of type null', 'APPPATH/Controllers/Home.php', 566)
 2 [internal function]: App\Controllers\Home->App\Controllers\{closure}([...])
 3 APPPATH/Controllers/Home.php(558): array_filter([...], Object(Closure))
 4 SYSTEMPATH/CodeIgniter.php(934): App\Controllers\Home->getCSPP()
 5 SYSTEMPATH/CodeIgniter.php(499): CodeIgniter\CodeIgniter->runController(Object(App\Controllers\Home))
 6 SYSTEMPATH/CodeIgniter.php(368): CodeIgniter\CodeIgniter->handleRequest(null, Object(Config\Cache), false)
 7 FCPATH/index.php(67): CodeIgniter\CodeIgniter->run()
INFO - 2023-10-11 02:25:29 --> Session: Class initialized using 'CodeIgniter\Session\Handlers\FileHandler' driver.
INFO - 2023-10-11 02:25:33 --> Session: Class initialized using 'CodeIgniter\Session\Handlers\FileHandler' driver.
INFO - 2023-10-11 02:25:33 --> Session: Class initialized using 'CodeIgniter\Session\Handlers\FileHandler' driver.
INFO - 2023-10-11 02:25:39 --> Session: Class initialized using 'CodeIgniter\Session\Handlers\FileHandler' driver.
INFO - 2023-10-11 02:25:39 --> Session: Class initialized using 'CodeIgniter\Session\Handlers\FileHandler' driver.
INFO - 2023-10-11 02:25:50 --> Session: Class initialized using 'CodeIgniter\Session\Handlers\FileHandler' driver.
INFO - 2023-10-11 02:26:00 --> Session: Class initialized using 'CodeIgniter\Session\Handlers\FileHandler' driver.
INFO - 2023-10-11 02:28:03 --> Session: Class initialized using 'CodeIgniter\Session\Handlers\FileHandler' driver.
CRITICAL - 2023-10-11 02:29:23 --> Trying to access array offset on value of type null
in APPPATH/Controllers/Home.php on line 566.
 1 APPPATH/Controllers/Home.php(566): CodeIgniter\Debug\Exceptions->errorHandler(2, 'Trying to access array offset on value of type null', 'APPPATH/Controllers/Home.php', 566)
 2 [internal function]: App\Controllers\Home->App\Controllers\{closure}([...])
 3 APPPATH/Controllers/Home.php(558): array_filter([...], Object(Closure))
 4 SYSTEMPATH/CodeIgniter.php(934): App\Controllers\Home->getCSPP()
 5 SYSTEMPATH/CodeIgniter.php(499): CodeIgniter\CodeIgniter->runController(Object(App\Controllers\Home))
 6 SYSTEMPATH/CodeIgniter.php(368): CodeIgniter\CodeIgniter->handleRequest(null, Object(Config\Cache), false)
 7 FCPATH/index.php(67): CodeIgniter\CodeIgniter->run()
INFO - 2023-10-11 02:29:46 --> Session: Class initialized using 'CodeIgniter\Session\Handlers\FileHandler' driver.
INFO - 2023-10-11 02:29:56 --> Session: Class initialized using 'CodeIgniter\Session\Handlers\FileHandler' driver.
INFO - 2023-10-11 02:31:24 --> Session: Class initialized using 'CodeIgniter\Session\Handlers\FileHandler' driver.
INFO - 2023-10-11 02:32:48 --> Session: Class initialized using 'CodeIgniter\Session\Handlers\FileHandler' driver.
CRITICAL - 2023-10-11 02:37:57 --> Trying to access array offset on value of type null
in APPPATH/Controllers/Home.php on line 566.
 1 APPPATH/Controllers/Home.php(566): CodeIgniter\Debug\Exceptions->errorHandler(2, 'Trying to access array offset on value of type null', 'APPPATH/Controllers/Home.php', 566)
 2 [internal function]: App\Controllers\Home->App\Controllers\{closure}([...])
 3 APPPATH/Controllers/Home.php(558): array_filter([...], Object(Closure))
 4 SYSTEMPATH/CodeIgniter.php(934): App\Controllers\Home->getCSPP()
 5 SYSTEMPATH/CodeIgniter.php(499): CodeIgniter\CodeIgniter->runController(Object(App\Controllers\Home))
 6 SYSTEMPATH/CodeIgniter.php(368): CodeIgniter\CodeIgniter->handleRequest(null, Object(Config\Cache), false)
 7 FCPATH/index.php(67): CodeIgniter\CodeIgniter->run()
CRITICAL - 2023-10-11 02:38:14 --> Trying to access array offset on value of type null
in APPPATH/Controllers/Home.php on line 566.
 1 APPPATH/Controllers/Home.php(566): CodeIgniter\Debug\Exceptions->errorHandler(2, 'Trying to access array offset on value of type null', 'APPPATH/Controllers/Home.php', 566)
 2 [internal function]: App\Controllers\Home->App\Controllers\{closure}([...])
 3 APPPATH/Controllers/Home.php(558): array_filter([...], Object(Closure))
 4 SYSTEMPATH/CodeIgniter.php(934): App\Controllers\Home->getCSPP()
 5 SYSTEMPATH/CodeIgniter.php(499): CodeIgniter\CodeIgniter->runController(Object(App\Controllers\Home))
 6 SYSTEMPATH/CodeIgniter.php(368): CodeIgniter\CodeIgniter->handleRequest(null, Object(Config\Cache), false)
 7 FCPATH/index.php(67): CodeIgniter\CodeIgniter->run()
CRITICAL - 2023-10-11 02:39:37 --> Trying to access array offset on value of type null
in APPPATH/Controllers/Home.php on line 566.
 1 APPPATH/Controllers/Home.php(566): CodeIgniter\Debug\Exceptions->errorHandler(2, 'Trying to access array offset on value of type null', 'APPPATH/Controllers/Home.php', 566)
 2 [internal function]: App\Controllers\Home->App\Controllers\{closure}([...])
 3 APPPATH/Controllers/Home.php(558): array_filter([...], Object(Closure))
 4 SYSTEMPATH/CodeIgniter.php(934): App\Controllers\Home->getCSPP()
 5 SYSTEMPATH/CodeIgniter.php(499): CodeIgniter\CodeIgniter->runController(Object(App\Controllers\Home))
 6 SYSTEMPATH/CodeIgniter.php(368): CodeIgniter\CodeIgniter->handleRequest(null, Object(Config\Cache), false)
 7 FCPATH/index.php(67): CodeIgniter\CodeIgniter->run()
CRITICAL - 2023-10-11 02:40:42 --> Trying to access array offset on value of type null
in APPPATH/Controllers/Home.php on line 566.
 1 APPPATH/Controllers/Home.php(566): CodeIgniter\Debug\Exceptions->errorHandler(2, 'Trying to access array offset on value of type null', 'APPPATH/Controllers/Home.php', 566)
 2 [internal function]: App\Controllers\Home->App\Controllers\{closure}([...])
 3 APPPATH/Controllers/Home.php(558): array_filter([...], Object(Closure))
 4 SYSTEMPATH/CodeIgniter.php(934): App\Controllers\Home->getCSPP()
 5 SYSTEMPATH/CodeIgniter.php(499): CodeIgniter\CodeIgniter->runController(Object(App\Controllers\Home))
 6 SYSTEMPATH/CodeIgniter.php(368): CodeIgniter\CodeIgniter->handleRequest(null, Object(Config\Cache), false)
 7 FCPATH/index.php(67): CodeIgniter\CodeIgniter->run()
INFO - 2023-10-11 02:42:41 --> Session: Class initialized using 'CodeIgniter\Session\Handlers\FileHandler' driver.
CRITICAL - 2023-10-11 02:43:29 --> Trying to access array offset on value of type null
in APPPATH/Controllers/Home.php on line 566.
 1 APPPATH/Controllers/Home.php(566): CodeIgniter\Debug\Exceptions->errorHandler(2, 'Trying to access array offset on value of type null', 'APPPATH/Controllers/Home.php', 566)
 2 [internal function]: App\Controllers\Home->App\Controllers\{closure}([...])
 3 APPPATH/Controllers/Home.php(558): array_filter([...], Object(Closure))
 4 SYSTEMPATH/CodeIgniter.php(934): App\Controllers\Home->getCSPP()
 5 SYSTEMPATH/CodeIgniter.php(499): CodeIgniter\CodeIgniter->runController(Object(App\Controllers\Home))
 6 SYSTEMPATH/CodeIgniter.php(368): CodeIgniter\CodeIgniter->handleRequest(null, Object(Config\Cache), false)
 7 FCPATH/index.php(67): CodeIgniter\CodeIgniter->run()
CRITICAL - 2023-10-11 02:44:12 --> Trying to access array offset on value of type null
in APPPATH/Controllers/Home.php on line 566.
 1 APPPATH/Controllers/Home.php(566): CodeIgniter\Debug\Exceptions->errorHandler(2, 'Trying to access array offset on value of type null', 'APPPATH/Controllers/Home.php', 566)
 2 [internal function]: App\Controllers\Home->App\Controllers\{closure}([...])
 3 APPPATH/Controllers/Home.php(558): array_filter([...], Object(Closure))
 4 SYSTEMPATH/CodeIgniter.php(934): App\Controllers\Home->getCSPP()
 5 SYSTEMPATH/CodeIgniter.php(499): CodeIgniter\CodeIgniter->runController(Object(App\Controllers\Home))
 6 SYSTEMPATH/CodeIgniter.php(368): CodeIgniter\CodeIgniter->handleRequest(null, Object(Config\Cache), false)
 7 FCPATH/index.php(67): CodeIgniter\CodeIgniter->run()
INFO - 2023-10-11 02:45:54 --> Session: Class initialized using 'CodeIgniter\Session\Handlers\FileHandler' driver.
INFO - 2023-10-11 02:46:31 --> Session: Class initialized using 'CodeIgniter\Session\Handlers\FileHandler' driver.
CRITICAL - 2023-10-11 02:48:25 --> Trying to access array offset on value of type null
in APPPATH/Controllers/Home.php on line 566.
 1 APPPATH/Controllers/Home.php(566): CodeIgniter\Debug\Exceptions->errorHandler(2, 'Trying to access array offset on value of type null', 'APPPATH/Controllers/Home.php', 566)
 2 [internal function]: App\Controllers\Home->App\Controllers\{closure}([...])
 3 APPPATH/Controllers/Home.php(558): array_filter([...], Object(Closure))
 4 SYSTEMPATH/CodeIgniter.php(934): App\Controllers\Home->getCSPP()
 5 SYSTEMPATH/CodeIgniter.php(499): CodeIgniter\CodeIgniter->runController(Object(App\Controllers\Home))
 6 SYSTEMPATH/CodeIgniter.php(368): CodeIgniter\CodeIgniter->handleRequest(null, Object(Config\Cache), false)
 7 FCPATH/index.php(67): CodeIgniter\CodeIgniter->run()
CRITICAL - 2023-10-11 02:48:31 --> Trying to access array offset on value of type null
in APPPATH/Controllers/Home.php on line 566.
 1 APPPATH/Controllers/Home.php(566): CodeIgniter\Debug\Exceptions->errorHandler(2, 'Trying to access array offset on value of type null', 'APPPATH/Controllers/Home.php', 566)
 2 [internal function]: App\Controllers\Home->App\Controllers\{closure}([...])
 3 APPPATH/Controllers/Home.php(558): array_filter([...], Object(Closure))
 4 SYSTEMPATH/CodeIgniter.php(934): App\Controllers\Home->getCSPP()
 5 SYSTEMPATH/CodeIgniter.php(499): CodeIgniter\CodeIgniter->runController(Object(App\Controllers\Home))
 6 SYSTEMPATH/CodeIgniter.php(368): CodeIgniter\CodeIgniter->handleRequest(null, Object(Config\Cache), false)
 7 FCPATH/index.php(67): CodeIgniter\CodeIgniter->run()
CRITICAL - 2023-10-11 02:48:36 --> Trying to access array offset on value of type null
in APPPATH/Controllers/Home.php on line 566.
 1 APPPATH/Controllers/Home.php(566): CodeIgniter\Debug\Exceptions->errorHandler(2, 'Trying to access array offset on value of type null', 'APPPATH/Controllers/Home.php', 566)
 2 [internal function]: App\Controllers\Home->App\Controllers\{closure}([...])
 3 APPPATH/Controllers/Home.php(558): array_filter([...], Object(Closure))
 4 SYSTEMPATH/CodeIgniter.php(934): App\Controllers\Home->getCSPP()
 5 SYSTEMPATH/CodeIgniter.php(499): CodeIgniter\CodeIgniter->runController(Object(App\Controllers\Home))
 6 SYSTEMPATH/CodeIgniter.php(368): CodeIgniter\CodeIgniter->handleRequest(null, Object(Config\Cache), false)
 7 FCPATH/index.php(67): CodeIgniter\CodeIgniter->run()
CRITICAL - 2023-10-11 02:48:45 --> Trying to access array offset on value of type null
in APPPATH/Controllers/Home.php on line 566.
 1 APPPATH/Controllers/Home.php(566): CodeIgniter\Debug\Exceptions->errorHandler(2, 'Trying to access array offset on value of type null', 'APPPATH/Controllers/Home.php', 566)
 2 [internal function]: App\Controllers\Home->App\Controllers\{closure}([...])
 3 APPPATH/Controllers/Home.php(558): array_filter([...], Object(Closure))
 4 SYSTEMPATH/CodeIgniter.php(934): App\Controllers\Home->getCSPP()
 5 SYSTEMPATH/CodeIgniter.php(499): CodeIgniter\CodeIgniter->runController(Object(App\Controllers\Home))
 6 SYSTEMPATH/CodeIgniter.php(368): CodeIgniter\CodeIgniter->handleRequest(null, Object(Config\Cache), false)
 7 FCPATH/index.php(67): CodeIgniter\CodeIgniter->run()
CRITICAL - 2023-10-11 02:48:46 --> Trying to access array offset on value of type null
in APPPATH/Controllers/Home.php on line 566.
 1 APPPATH/Controllers/Home.php(566): CodeIgniter\Debug\Exceptions->errorHandler(2, 'Trying to access array offset on value of type null', 'APPPATH/Controllers/Home.php', 566)
 2 [internal function]: App\Controllers\Home->App\Controllers\{closure}([...])
 3 APPPATH/Controllers/Home.php(558): array_filter([...], Object(Closure))
 4 SYSTEMPATH/CodeIgniter.php(934): App\Controllers\Home->getCSPP()
 5 SYSTEMPATH/CodeIgniter.php(499): CodeIgniter\CodeIgniter->runController(Object(App\Controllers\Home))
 6 SYSTEMPATH/CodeIgniter.php(368): CodeIgniter\CodeIgniter->handleRequest(null, Object(Config\Cache), false)
 7 FCPATH/index.php(67): CodeIgniter\CodeIgniter->run()
INFO - 2023-10-11 02:49:07 --> Session: Class initialized using 'CodeIgniter\Session\Handlers\FileHandler' driver.
CRITICAL - 2023-10-11 02:49:16 --> Trying to access array offset on value of type null
in APPPATH/Controllers/Home.php on line 566.
 1 APPPATH/Controllers/Home.php(566): CodeIgniter\Debug\Exceptions->errorHandler(2, 'Trying to access array offset on value of type null', 'APPPATH/Controllers/Home.php', 566)
 2 [internal function]: App\Controllers\Home->App\Controllers\{closure}([...])
 3 APPPATH/Controllers/Home.php(558): array_filter([...], Object(Closure))
 4 SYSTEMPATH/CodeIgniter.php(934): App\Controllers\Home->getCSPP()
 5 SYSTEMPATH/CodeIgniter.php(499): CodeIgniter\CodeIgniter->runController(Object(App\Controllers\Home))
 6 SYSTEMPATH/CodeIgniter.php(368): CodeIgniter\CodeIgniter->handleRequest(null, Object(Config\Cache), false)
 7 FCPATH/index.php(67): CodeIgniter\CodeIgniter->run()
CRITICAL - 2023-10-11 02:49:55 --> Trying to access array offset on value of type null
in APPPATH/Controllers/Home.php on line 566.
 1 APPPATH/Controllers/Home.php(566): CodeIgniter\Debug\Exceptions->errorHandler(2, 'Trying to access array offset on value of type null', 'APPPATH/Controllers/Home.php', 566)
 2 [internal function]: App\Controllers\Home->App\Controllers\{closure}([...])
 3 APPPATH/Controllers/Home.php(558): array_filter([...], Object(Closure))
 4 SYSTEMPATH/CodeIgniter.php(934): App\Controllers\Home->getCSPP()
 5 SYSTEMPATH/CodeIgniter.php(499): CodeIgniter\CodeIgniter->runController(Object(App\Controllers\Home))
 6 SYSTEMPATH/CodeIgniter.php(368): CodeIgniter\CodeIgniter->handleRequest(null, Object(Config\Cache), false)
 7 FCPATH/index.php(67): CodeIgniter\CodeIgniter->run()
CRITICAL - 2023-10-11 02:51:03 --> Trying to access array offset on value of type null
in APPPATH/Controllers/Home.php on line 566.
 1 APPPATH/Controllers/Home.php(566): CodeIgniter\Debug\Exceptions->errorHandler(2, 'Trying to access array offset on value of type null', 'APPPATH/Controllers/Home.php', 566)
 2 [internal function]: App\Controllers\Home->App\Controllers\{closure}([...])
 3 APPPATH/Controllers/Home.php(558): array_filter([...], Object(Closure))
 4 SYSTEMPATH/CodeIgniter.php(934): App\Controllers\Home->getCSPP()
 5 SYSTEMPATH/CodeIgniter.php(499): CodeIgniter\CodeIgniter->runController(Object(App\Controllers\Home))
 6 SYSTEMPATH/CodeIgniter.php(368): CodeIgniter\CodeIgniter->handleRequest(null, Object(Config\Cache), false)
 7 FCPATH/index.php(67): CodeIgniter\CodeIgniter->run()
CRITICAL - 2023-10-11 02:53:14 --> Trying to access array offset on value of type null
in APPPATH/Controllers/Home.php on line 566.
 1 APPPATH/Controllers/Home.php(566): CodeIgniter\Debug\Exceptions->errorHandler(2, 'Trying to access array offset on value of type null', 'APPPATH/Controllers/Home.php', 566)
 2 [internal function]: App\Controllers\Home->App\Controllers\{closure}([...])
 3 APPPATH/Controllers/Home.php(558): array_filter([...], Object(Closure))
 4 SYSTEMPATH/CodeIgniter.php(934): App\Controllers\Home->getCSPP()
 5 SYSTEMPATH/CodeIgniter.php(499): CodeIgniter\CodeIgniter->runController(Object(App\Controllers\Home))
 6 SYSTEMPATH/CodeIgniter.php(368): CodeIgniter\CodeIgniter->handleRequest(null, Object(Config\Cache), false)
 7 FCPATH/index.php(67): CodeIgniter\CodeIgniter->run()
CRITICAL - 2023-10-11 02:55:05 --> Trying to access array offset on value of type null
in APPPATH/Controllers/Home.php on line 566.
 1 APPPATH/Controllers/Home.php(566): CodeIgniter\Debug\Exceptions->errorHandler(2, 'Trying to access array offset on value of type null', 'APPPATH/Controllers/Home.php', 566)
 2 [internal function]: App\Controllers\Home->App\Controllers\{closure}([...])
 3 APPPATH/Controllers/Home.php(558): array_filter([...], Object(Closure))
 4 SYSTEMPATH/CodeIgniter.php(934): App\Controllers\Home->getCSPP()
 5 SYSTEMPATH/CodeIgniter.php(499): CodeIgniter\CodeIgniter->runController(Object(App\Controllers\Home))
 6 SYSTEMPATH/CodeIgniter.php(368): CodeIgniter\CodeIgniter->handleRequest(null, Object(Config\Cache), false)
 7 FCPATH/index.php(67): CodeIgniter\CodeIgniter->run()
INFO - 2023-10-11 02:55:23 --> Session: Class initialized using 'CodeIgniter\Session\Handlers\FileHandler' driver.
CRITICAL - 2023-10-11 02:55:39 --> Trying to access array offset on value of type null
in APPPATH/Controllers/Home.php on line 566.
 1 APPPATH/Controllers/Home.php(566): CodeIgniter\Debug\Exceptions->errorHandler(2, 'Trying to access array offset on value of type null', 'APPPATH/Controllers/Home.php', 566)
 2 [internal function]: App\Controllers\Home->App\Controllers\{closure}([...])
 3 APPPATH/Controllers/Home.php(558): array_filter([...], Object(Closure))
 4 SYSTEMPATH/CodeIgniter.php(934): App\Controllers\Home->getCSPP()
 5 SYSTEMPATH/CodeIgniter.php(499): CodeIgniter\CodeIgniter->runController(Object(App\Controllers\Home))
 6 SYSTEMPATH/CodeIgniter.php(368): CodeIgniter\CodeIgniter->handleRequest(null, Object(Config\Cache), false)
 7 FCPATH/index.php(67): CodeIgniter\CodeIgniter->run()
INFO - 2023-10-11 02:57:08 --> Session: Class initialized using 'CodeIgniter\Session\Handlers\FileHandler' driver.
CRITICAL - 2023-10-11 02:57:31 --> Trying to access array offset on value of type null
in APPPATH/Controllers/Home.php on line 566.
 1 APPPATH/Controllers/Home.php(566): CodeIgniter\Debug\Exceptions->errorHandler(2, 'Trying to access array offset on value of type null', 'APPPATH/Controllers/Home.php', 566)
 2 [internal function]: App\Controllers\Home->App\Controllers\{closure}([...])
 3 APPPATH/Controllers/Home.php(558): array_filter([...], Object(Closure))
 4 SYSTEMPATH/CodeIgniter.php(934): App\Controllers\Home->getCSPP()
 5 SYSTEMPATH/CodeIgniter.php(499): CodeIgniter\CodeIgniter->runController(Object(App\Controllers\Home))
 6 SYSTEMPATH/CodeIgniter.php(368): CodeIgniter\CodeIgniter->handleRequest(null, Object(Config\Cache), false)
 7 FCPATH/index.php(67): CodeIgniter\CodeIgniter->run()
CRITICAL - 2023-10-11 02:59:38 --> Trying to access array offset on value of type null
in APPPATH/Controllers/Home.php on line 566.
 1 APPPATH/Controllers/Home.php(566): CodeIgniter\Debug\Exceptions->errorHandler(2, 'Trying to access array offset on value of type null', 'APPPATH/Controllers/Home.php', 566)
 2 [internal function]: App\Controllers\Home->App\Controllers\{closure}([...])
 3 APPPATH/Controllers/Home.php(558): array_filter([...], Object(Closure))
 4 SYSTEMPATH/CodeIgniter.php(934): App\Controllers\Home->getCSPP()
 5 SYSTEMPATH/CodeIgniter.php(499): CodeIgniter\CodeIgniter->runController(Object(App\Controllers\Home))
 6 SYSTEMPATH/CodeIgniter.php(368): CodeIgniter\CodeIgniter->handleRequest(null, Object(Config\Cache), false)
 7 FCPATH/index.php(67): CodeIgniter\CodeIgniter->run()
INFO - 2023-10-11 03:03:47 --> Session: Class initialized using 'CodeIgniter\Session\Handlers\FileHandler' driver.
INFO - 2023-10-11 03:04:08 --> Session: Class initialized using 'CodeIgniter\Session\Handlers\FileHandler' driver.
CRITICAL - 2023-10-11 03:06:10 --> Trying to access array offset on value of type null
in APPPATH/Controllers/Home.php on line 566.
 1 APPPATH/Controllers/Home.php(566): CodeIgniter\Debug\Exceptions->errorHandler(2, 'Trying to access array offset on value of type null', 'APPPATH/Controllers/Home.php', 566)
 2 [internal function]: App\Controllers\Home->App\Controllers\{closure}([...])
 3 APPPATH/Controllers/Home.php(558): array_filter([...], Object(Closure))
 4 SYSTEMPATH/CodeIgniter.php(934): App\Controllers\Home->getCSPP()
 5 SYSTEMPATH/CodeIgniter.php(499): CodeIgniter\CodeIgniter->runController(Object(App\Controllers\Home))
 6 SYSTEMPATH/CodeIgniter.php(368): CodeIgniter\CodeIgniter->handleRequest(null, Object(Config\Cache), false)
 7 FCPATH/index.php(67): CodeIgniter\CodeIgniter->run()
INFO - 2023-10-11 03:08:29 --> Session: Class initialized using 'CodeIgniter\Session\Handlers\FileHandler' driver.
CRITICAL - 2023-10-11 03:12:59 --> Trying to access array offset on value of type null
in APPPATH/Controllers/Home.php on line 566.
 1 APPPATH/Controllers/Home.php(566): CodeIgniter\Debug\Exceptions->errorHandler(2, 'Trying to access array offset on value of type null', 'APPPATH/Controllers/Home.php', 566)
 2 [internal function]: App\Controllers\Home->App\Controllers\{closure}([...])
 3 APPPATH/Controllers/Home.php(558): array_filter([...], Object(Closure))
 4 SYSTEMPATH/CodeIgniter.php(934): App\Controllers\Home->getCSPP()
 5 SYSTEMPATH/CodeIgniter.php(499): CodeIgniter\CodeIgniter->runController(Object(App\Controllers\Home))
 6 SYSTEMPATH/CodeIgniter.php(368): CodeIgniter\CodeIgniter->handleRequest(null, Object(Config\Cache), false)
 7 FCPATH/index.php(67): CodeIgniter\CodeIgniter->run()
CRITICAL - 2023-10-11 03:13:16 --> Trying to access array offset on value of type null
in APPPATH/Controllers/Home.php on line 566.
 1 APPPATH/Controllers/Home.php(566): CodeIgniter\Debug\Exceptions->errorHandler(2, 'Trying to access array offset on value of type null', 'APPPATH/Controllers/Home.php', 566)
 2 [internal function]: App\Controllers\Home->App\Controllers\{closure}([...])
 3 APPPATH/Controllers/Home.php(558): array_filter([...], Object(Closure))
 4 SYSTEMPATH/CodeIgniter.php(934): App\Controllers\Home->getCSPP()
 5 SYSTEMPATH/CodeIgniter.php(499): CodeIgniter\CodeIgniter->runController(Object(App\Controllers\Home))
 6 SYSTEMPATH/CodeIgniter.php(368): CodeIgniter\CodeIgniter->handleRequest(null, Object(Config\Cache), false)
 7 FCPATH/index.php(67): CodeIgniter\CodeIgniter->run()
CRITICAL - 2023-10-11 03:13:25 --> Trying to access array offset on value of type null
in APPPATH/Controllers/Home.php on line 566.
 1 APPPATH/Controllers/Home.php(566): CodeIgniter\Debug\Exceptions->errorHandler(2, 'Trying to access array offset on value of type null', 'APPPATH/Controllers/Home.php', 566)
 2 [internal function]: App\Controllers\Home->App\Controllers\{closure}([...])
 3 APPPATH/Controllers/Home.php(558): array_filter([...], Object(Closure))
 4 SYSTEMPATH/CodeIgniter.php(934): App\Controllers\Home->getCSPP()
 5 SYSTEMPATH/CodeIgniter.php(499): CodeIgniter\CodeIgniter->runController(Object(App\Controllers\Home))
 6 SYSTEMPATH/CodeIgniter.php(368): CodeIgniter\CodeIgniter->handleRequest(null, Object(Config\Cache), false)
 7 FCPATH/index.php(67): CodeIgniter\CodeIgniter->run()
CRITICAL - 2023-10-11 03:13:44 --> Trying to access array offset on value of type null
in APPPATH/Controllers/Home.php on line 566.
 1 APPPATH/Controllers/Home.php(566): CodeIgniter\Debug\Exceptions->errorHandler(2, 'Trying to access array offset on value of type null', 'APPPATH/Controllers/Home.php', 566)
 2 [internal function]: App\Controllers\Home->App\Controllers\{closure}([...])
 3 APPPATH/Controllers/Home.php(558): array_filter([...], Object(Closure))
 4 SYSTEMPATH/CodeIgniter.php(934): App\Controllers\Home->getCSPP()
 5 SYSTEMPATH/CodeIgniter.php(499): CodeIgniter\CodeIgniter->runController(Object(App\Controllers\Home))
 6 SYSTEMPATH/CodeIgniter.php(368): CodeIgniter\CodeIgniter->handleRequest(null, Object(Config\Cache), false)
 7 FCPATH/index.php(67): CodeIgniter\CodeIgniter->run()
CRITICAL - 2023-10-11 03:14:02 --> Trying to access array offset on value of type null
in APPPATH/Controllers/Home.php on line 566.
 1 APPPATH/Controllers/Home.php(566): CodeIgniter\Debug\Exceptions->errorHandler(2, 'Trying to access array offset on value of type null', 'APPPATH/Controllers/Home.php', 566)
 2 [internal function]: App\Controllers\Home->App\Controllers\{closure}([...])
 3 APPPATH/Controllers/Home.php(558): array_filter([...], Object(Closure))
 4 SYSTEMPATH/CodeIgniter.php(934): App\Controllers\Home->getCSPP()
 5 SYSTEMPATH/CodeIgniter.php(499): CodeIgniter\CodeIgniter->runController(Object(App\Controllers\Home))
 6 SYSTEMPATH/CodeIgniter.php(368): CodeIgniter\CodeIgniter->handleRequest(null, Object(Config\Cache), false)
 7 FCPATH/index.php(67): CodeIgniter\CodeIgniter->run()
CRITICAL - 2023-10-11 03:14:38 --> Trying to access array offset on value of type null
in APPPATH/Controllers/Home.php on line 566.
 1 APPPATH/Controllers/Home.php(566): CodeIgniter\Debug\Exceptions->errorHandler(2, 'Trying to access array offset on value of type null', 'APPPATH/Controllers/Home.php', 566)
 2 [internal function]: App\Controllers\Home->App\Controllers\{closure}([...])
 3 APPPATH/Controllers/Home.php(558): array_filter([...], Object(Closure))
 4 SYSTEMPATH/CodeIgniter.php(934): App\Controllers\Home->getCSPP()
 5 SYSTEMPATH/CodeIgniter.php(499): CodeIgniter\CodeIgniter->runController(Object(App\Controllers\Home))
 6 SYSTEMPATH/CodeIgniter.php(368): CodeIgniter\CodeIgniter->handleRequest(null, Object(Config\Cache), false)
 7 FCPATH/index.php(67): CodeIgniter\CodeIgniter->run()
INFO - 2023-10-11 03:15:13 --> Session: Class initialized using 'CodeIgniter\Session\Handlers\FileHandler' driver.
CRITICAL - 2023-10-11 03:15:46 --> Trying to access array offset on value of type null
in APPPATH/Controllers/Home.php on line 566.
 1 APPPATH/Controllers/Home.php(566): CodeIgniter\Debug\Exceptions->errorHandler(2, 'Trying to access array offset on value of type null', 'APPPATH/Controllers/Home.php', 566)
 2 [internal function]: App\Controllers\Home->App\Controllers\{closure}([...])
 3 APPPATH/Controllers/Home.php(558): array_filter([...], Object(Closure))
 4 SYSTEMPATH/CodeIgniter.php(934): App\Controllers\Home->getCSPP()
 5 SYSTEMPATH/CodeIgniter.php(499): CodeIgniter\CodeIgniter->runController(Object(App\Controllers\Home))
 6 SYSTEMPATH/CodeIgniter.php(368): CodeIgniter\CodeIgniter->handleRequest(null, Object(Config\Cache), false)
 7 FCPATH/index.php(67): CodeIgniter\CodeIgniter->run()
CRITICAL - 2023-10-11 03:18:06 --> Trying to access array offset on value of type null
in APPPATH/Controllers/Home.php on line 566.
 1 APPPATH/Controllers/Home.php(566): CodeIgniter\Debug\Exceptions->errorHandler(2, 'Trying to access array offset on value of type null', 'APPPATH/Controllers/Home.php', 566)
 2 [internal function]: App\Controllers\Home->App\Controllers\{closure}([...])
 3 APPPATH/Controllers/Home.php(558): array_filter([...], Object(Closure))
 4 SYSTEMPATH/CodeIgniter.php(934): App\Controllers\Home->getCSPP()
 5 SYSTEMPATH/CodeIgniter.php(499): CodeIgniter\CodeIgniter->runController(Object(App\Controllers\Home))
 6 SYSTEMPATH/CodeIgniter.php(368): CodeIgniter\CodeIgniter->handleRequest(null, Object(Config\Cache), false)
 7 FCPATH/index.php(67): CodeIgniter\CodeIgniter->run()
CRITICAL - 2023-10-11 03:19:11 --> Trying to access array offset on value of type null
in APPPATH/Controllers/Home.php on line 566.
 1 APPPATH/Controllers/Home.php(566): CodeIgniter\Debug\Exceptions->errorHandler(2, 'Trying to access array offset on value of type null', 'APPPATH/Controllers/Home.php', 566)
 2 [internal function]: App\Controllers\Home->App\Controllers\{closure}([...])
 3 APPPATH/Controllers/Home.php(558): array_filter([...], Object(Closure))
 4 SYSTEMPATH/CodeIgniter.php(934): App\Controllers\Home->getCSPP()
 5 SYSTEMPATH/CodeIgniter.php(499): CodeIgniter\CodeIgniter->runController(Object(App\Controllers\Home))
 6 SYSTEMPATH/CodeIgniter.php(368): CodeIgniter\CodeIgniter->handleRequest(null, Object(Config\Cache), false)
 7 FCPATH/index.php(67): CodeIgniter\CodeIgniter->run()
CRITICAL - 2023-10-11 03:19:16 --> Trying to access array offset on value of type null
in APPPATH/Controllers/Home.php on line 566.
 1 APPPATH/Controllers/Home.php(566): CodeIgniter\Debug\Exceptions->errorHandler(2, 'Trying to access array offset on value of type null', 'APPPATH/Controllers/Home.php', 566)
 2 [internal function]: App\Controllers\Home->App\Controllers\{closure}([...])
 3 APPPATH/Controllers/Home.php(558): array_filter([...], Object(Closure))
 4 SYSTEMPATH/CodeIgniter.php(934): App\Controllers\Home->getCSPP()
 5 SYSTEMPATH/CodeIgniter.php(499): CodeIgniter\CodeIgniter->runController(Object(App\Controllers\Home))
 6 SYSTEMPATH/CodeIgniter.php(368): CodeIgniter\CodeIgniter->handleRequest(null, Object(Config\Cache), false)
 7 FCPATH/index.php(67): CodeIgniter\CodeIgniter->run()
CRITICAL - 2023-10-11 03:19:30 --> Trying to access array offset on value of type null
in APPPATH/Controllers/Home.php on line 566.
 1 APPPATH/Controllers/Home.php(566): CodeIgniter\Debug\Exceptions->errorHandler(2, 'Trying to access array offset on value of type null', 'APPPATH/Controllers/Home.php', 566)
 2 [internal function]: App\Controllers\Home->App\Controllers\{closure}([...])
 3 APPPATH/Controllers/Home.php(558): array_filter([...], Object(Closure))
 4 SYSTEMPATH/CodeIgniter.php(934): App\Controllers\Home->getCSPP()
 5 SYSTEMPATH/CodeIgniter.php(499): CodeIgniter\CodeIgniter->runController(Object(App\Controllers\Home))
 6 SYSTEMPATH/CodeIgniter.php(368): CodeIgniter\CodeIgniter->handleRequest(null, Object(Config\Cache), false)
 7 FCPATH/index.php(67): CodeIgniter\CodeIgniter->run()
CRITICAL - 2023-10-11 03:19:44 --> Trying to access array offset on value of type null
in APPPATH/Controllers/Home.php on line 566.
 1 APPPATH/Controllers/Home.php(566): CodeIgniter\Debug\Exceptions->errorHandler(2, 'Trying to access array offset on value of type null', 'APPPATH/Controllers/Home.php', 566)
 2 [internal function]: App\Controllers\Home->App\Controllers\{closure}([...])
 3 APPPATH/Controllers/Home.php(558): array_filter([...], Object(Closure))
 4 SYSTEMPATH/CodeIgniter.php(934): App\Controllers\Home->getCSPP()
 5 SYSTEMPATH/CodeIgniter.php(499): CodeIgniter\CodeIgniter->runController(Object(App\Controllers\Home))
 6 SYSTEMPATH/CodeIgniter.php(368): CodeIgniter\CodeIgniter->handleRequest(null, Object(Config\Cache), false)
 7 FCPATH/index.php(67): CodeIgniter\CodeIgniter->run()
CRITICAL - 2023-10-11 03:20:04 --> Trying to access array offset on value of type null
in APPPATH/Controllers/Home.php on line 566.
 1 APPPATH/Controllers/Home.php(566): CodeIgniter\Debug\Exceptions->errorHandler(2, 'Trying to access array offset on value of type null', 'APPPATH/Controllers/Home.php', 566)
 2 [internal function]: App\Controllers\Home->App\Controllers\{closure}([...])
 3 APPPATH/Controllers/Home.php(558): array_filter([...], Object(Closure))
 4 SYSTEMPATH/CodeIgniter.php(934): App\Controllers\Home->getCSPP()
 5 SYSTEMPATH/CodeIgniter.php(499): CodeIgniter\CodeIgniter->runController(Object(App\Controllers\Home))
 6 SYSTEMPATH/CodeIgniter.php(368): CodeIgniter\CodeIgniter->handleRequest(null, Object(Config\Cache), false)
 7 FCPATH/index.php(67): CodeIgniter\CodeIgniter->run()
CRITICAL - 2023-10-11 03:20:38 --> Trying to access array offset on value of type null
in APPPATH/Controllers/Home.php on line 566.
 1 APPPATH/Controllers/Home.php(566): CodeIgniter\Debug\Exceptions->errorHandler(2, 'Trying to access array offset on value of type null', 'APPPATH/Controllers/Home.php', 566)
 2 [internal function]: App\Controllers\Home->App\Controllers\{closure}([...])
 3 APPPATH/Controllers/Home.php(558): array_filter([...], Object(Closure))
 4 SYSTEMPATH/CodeIgniter.php(934): App\Controllers\Home->getCSPP()
 5 SYSTEMPATH/CodeIgniter.php(499): CodeIgniter\CodeIgniter->runController(Object(App\Controllers\Home))
 6 SYSTEMPATH/CodeIgniter.php(368): CodeIgniter\CodeIgniter->handleRequest(null, Object(Config\Cache), false)
 7 FCPATH/index.php(67): CodeIgniter\CodeIgniter->run()
INFO - 2023-10-11 03:20:58 --> Session: Class initialized using 'CodeIgniter\Session\Handlers\FileHandler' driver.
INFO - 2023-10-11 03:21:15 --> Session: Class initialized using 'CodeIgniter\Session\Handlers\FileHandler' driver.
CRITICAL - 2023-10-11 03:21:45 --> Trying to access array offset on value of type null
in APPPATH/Controllers/Home.php on line 566.
 1 APPPATH/Controllers/Home.php(566): CodeIgniter\Debug\Exceptions->errorHandler(2, 'Trying to access array offset on value of type null', 'APPPATH/Controllers/Home.php', 566)
 2 [internal function]: App\Controllers\Home->App\Controllers\{closure}([...])
 3 APPPATH/Controllers/Home.php(558): array_filter([...], Object(Closure))
 4 SYSTEMPATH/CodeIgniter.php(934): App\Controllers\Home->getCSPP()
 5 SYSTEMPATH/CodeIgniter.php(499): CodeIgniter\CodeIgniter->runController(Object(App\Controllers\Home))
 6 SYSTEMPATH/CodeIgniter.php(368): CodeIgniter\CodeIgniter->handleRequest(null, Object(Config\Cache), false)
 7 FCPATH/index.php(67): CodeIgniter\CodeIgniter->run()
INFO - 2023-10-11 03:22:12 --> Session: Class initialized using 'CodeIgniter\Session\Handlers\FileHandler' driver.
CRITICAL - 2023-10-11 03:22:26 --> Trying to access array offset on value of type null
in APPPATH/Controllers/Home.php on line 566.
 1 APPPATH/Controllers/Home.php(566): CodeIgniter\Debug\Exceptions->errorHandler(2, 'Trying to access array offset on value of type null', 'APPPATH/Controllers/Home.php', 566)
 2 [internal function]: App\Controllers\Home->App\Controllers\{closure}([...])
 3 APPPATH/Controllers/Home.php(558): array_filter([...], Object(Closure))
 4 SYSTEMPATH/CodeIgniter.php(934): App\Controllers\Home->getCSPP()
 5 SYSTEMPATH/CodeIgniter.php(499): CodeIgniter\CodeIgniter->runController(Object(App\Controllers\Home))
 6 SYSTEMPATH/CodeIgniter.php(368): CodeIgniter\CodeIgniter->handleRequest(null, Object(Config\Cache), false)
 7 FCPATH/index.php(67): CodeIgniter\CodeIgniter->run()
CRITICAL - 2023-10-11 03:23:25 --> Trying to access array offset on value of type null
in APPPATH/Controllers/Home.php on line 566.
 1 APPPATH/Controllers/Home.php(566): CodeIgniter\Debug\Exceptions->errorHandler(2, 'Trying to access array offset on value of type null', 'APPPATH/Controllers/Home.php', 566)
 2 [internal function]: App\Controllers\Home->App\Controllers\{closure}([...])
 3 APPPATH/Controllers/Home.php(558): array_filter([...], Object(Closure))
 4 SYSTEMPATH/CodeIgniter.php(934): App\Controllers\Home->getCSPP()
 5 SYSTEMPATH/CodeIgniter.php(499): CodeIgniter\CodeIgniter->runController(Object(App\Controllers\Home))
 6 SYSTEMPATH/CodeIgniter.php(368): CodeIgniter\CodeIgniter->handleRequest(null, Object(Config\Cache), false)
 7 FCPATH/index.php(67): CodeIgniter\CodeIgniter->run()
CRITICAL - 2023-10-11 03:24:04 --> Undefined array key 0
in APPPATH/Controllers/Home.php on line 609.
 1 APPPATH/Controllers/Home.php(609): CodeIgniter\Debug\Exceptions->errorHandler(2, 'Undefined array key 0', 'APPPATH/Controllers/Home.php', 609)
 2 SYSTEMPATH/CodeIgniter.php(934): App\Controllers\Home->getCSPP()
 3 SYSTEMPATH/CodeIgniter.php(499): CodeIgniter\CodeIgniter->runController(Object(App\Controllers\Home))
 4 SYSTEMPATH/CodeIgniter.php(368): CodeIgniter\CodeIgniter->handleRequest(null, Object(Config\Cache), false)
 5 FCPATH/index.php(67): CodeIgniter\CodeIgniter->run()
INFO - 2023-10-11 03:28:23 --> Session: Class initialized using 'CodeIgniter\Session\Handlers\FileHandler' driver.
CRITICAL - 2023-10-11 03:28:31 --> Undefined array key 0
in APPPATH/Controllers/Home.php on line 609.
 1 APPPATH/Controllers/Home.php(609): CodeIgniter\Debug\Exceptions->errorHandler(2, 'Undefined array key 0', 'APPPATH/Controllers/Home.php', 609)
 2 SYSTEMPATH/CodeIgniter.php(934): App\Controllers\Home->getCSPP()
 3 SYSTEMPATH/CodeIgniter.php(499): CodeIgniter\CodeIgniter->runController(Object(App\Controllers\Home))
 4 SYSTEMPATH/CodeIgniter.php(368): CodeIgniter\CodeIgniter->handleRequest(null, Object(Config\Cache), false)
 5 FCPATH/index.php(67): CodeIgniter\CodeIgniter->run()
CRITICAL - 2023-10-11 03:29:27 --> Undefined array key 0
in APPPATH/Controllers/Home.php on line 609.
 1 APPPATH/Controllers/Home.php(609): CodeIgniter\Debug\Exceptions->errorHandler(2, 'Undefined array key 0', 'APPPATH/Controllers/Home.php', 609)
 2 SYSTEMPATH/CodeIgniter.php(934): App\Controllers\Home->getCSPP()
 3 SYSTEMPATH/CodeIgniter.php(499): CodeIgniter\CodeIgniter->runController(Object(App\Controllers\Home))
 4 SYSTEMPATH/CodeIgniter.php(368): CodeIgniter\CodeIgniter->handleRequest(null, Object(Config\Cache), false)
 5 FCPATH/index.php(67): CodeIgniter\CodeIgniter->run()
CRITICAL - 2023-10-11 03:31:01 --> Trying to access array offset on value of type null
in APPPATH/Controllers/Home.php on line 566.
 1 APPPATH/Controllers/Home.php(566): CodeIgniter\Debug\Exceptions->errorHandler(2, 'Trying to access array offset on value of type null', 'APPPATH/Controllers/Home.php', 566)
 2 [internal function]: App\Controllers\Home->App\Controllers\{closure}([...])
 3 APPPATH/Controllers/Home.php(558): array_filter([...], Object(Closure))
 4 SYSTEMPATH/CodeIgniter.php(934): App\Controllers\Home->getCSPP()
 5 SYSTEMPATH/CodeIgniter.php(499): CodeIgniter\CodeIgniter->runController(Object(App\Controllers\Home))
 6 SYSTEMPATH/CodeIgniter.php(368): CodeIgniter\CodeIgniter->handleRequest(null, Object(Config\Cache), false)
 7 FCPATH/index.php(67): CodeIgniter\CodeIgniter->run()
INFO - 2023-10-11 03:32:01 --> Session: Class initialized using 'CodeIgniter\Session\Handlers\FileHandler' driver.
INFO - 2023-10-11 03:32:20 --> Session: Class initialized using 'CodeIgniter\Session\Handlers\FileHandler' driver.
INFO - 2023-10-11 03:32:33 --> Session: Class initialized using 'CodeIgniter\Session\Handlers\FileHandler' driver.
INFO - 2023-10-11 03:32:47 --> Session: Class initialized using 'CodeIgniter\Session\Handlers\FileHandler' driver.
CRITICAL - 2023-10-11 03:32:49 --> Trying to access array offset on value of type null
in APPPATH/Controllers/Home.php on line 566.
 1 APPPATH/Controllers/Home.php(566): CodeIgniter\Debug\Exceptions->errorHandler(2, 'Trying to access array offset on value of type null', 'APPPATH/Controllers/Home.php', 566)
 2 [internal function]: App\Controllers\Home->App\Controllers\{closure}([...])
 3 APPPATH/Controllers/Home.php(558): array_filter([...], Object(Closure))
 4 SYSTEMPATH/CodeIgniter.php(934): App\Controllers\Home->getCSPP()
 5 SYSTEMPATH/CodeIgniter.php(499): CodeIgniter\CodeIgniter->runController(Object(App\Controllers\Home))
 6 SYSTEMPATH/CodeIgniter.php(368): CodeIgniter\CodeIgniter->handleRequest(null, Object(Config\Cache), false)
 7 FCPATH/index.php(67): CodeIgniter\CodeIgniter->run()
CRITICAL - 2023-10-11 03:32:59 --> Trying to access array offset on value of type null
in APPPATH/Controllers/Home.php on line 566.
 1 APPPATH/Controllers/Home.php(566): CodeIgniter\Debug\Exceptions->errorHandler(2, 'Trying to access array offset on value of type null', 'APPPATH/Controllers/Home.php', 566)
 2 [internal function]: App\Controllers\Home->App\Controllers\{closure}([...])
 3 APPPATH/Controllers/Home.php(558): array_filter([...], Object(Closure))
 4 SYSTEMPATH/CodeIgniter.php(934): App\Controllers\Home->getCSPP()
 5 SYSTEMPATH/CodeIgniter.php(499): CodeIgniter\CodeIgniter->runController(Object(App\Controllers\Home))
 6 SYSTEMPATH/CodeIgniter.php(368): CodeIgniter\CodeIgniter->handleRequest(null, Object(Config\Cache), false)
 7 FCPATH/index.php(67): CodeIgniter\CodeIgniter->run()
CRITICAL - 2023-10-11 03:33:06 --> Trying to access array offset on value of type null
in APPPATH/Controllers/Home.php on line 566.
 1 APPPATH/Controllers/Home.php(566): CodeIgniter\Debug\Exceptions->errorHandler(2, 'Trying to access array offset on value of type null', 'APPPATH/Controllers/Home.php', 566)
 2 [internal function]: App\Controllers\Home->App\Controllers\{closure}([...])
 3 APPPATH/Controllers/Home.php(558): array_filter([...], Object(Closure))
 4 SYSTEMPATH/CodeIgniter.php(934): App\Controllers\Home->getCSPP()
 5 SYSTEMPATH/CodeIgniter.php(499): CodeIgniter\CodeIgniter->runController(Object(App\Controllers\Home))
 6 SYSTEMPATH/CodeIgniter.php(368): CodeIgniter\CodeIgniter->handleRequest(null, Object(Config\Cache), false)
 7 FCPATH/index.php(67): CodeIgniter\CodeIgniter->run()
CRITICAL - 2023-10-11 03:33:20 --> Trying to access array offset on value of type null
in APPPATH/Controllers/Home.php on line 566.
 1 APPPATH/Controllers/Home.php(566): CodeIgniter\Debug\Exceptions->errorHandler(2, 'Trying to access array offset on value of type null', 'APPPATH/Controllers/Home.php', 566)
 2 [internal function]: App\Controllers\Home->App\Controllers\{closure}([...])
 3 APPPATH/Controllers/Home.php(558): array_filter([...], Object(Closure))
 4 SYSTEMPATH/CodeIgniter.php(934): App\Controllers\Home->getCSPP()
 5 SYSTEMPATH/CodeIgniter.php(499): CodeIgniter\CodeIgniter->runController(Object(App\Controllers\Home))
 6 SYSTEMPATH/CodeIgniter.php(368): CodeIgniter\CodeIgniter->handleRequest(null, Object(Config\Cache), false)
 7 FCPATH/index.php(67): CodeIgniter\CodeIgniter->run()
CRITICAL - 2023-10-11 03:33:37 --> Trying to access array offset on value of type null
in APPPATH/Controllers/Home.php on line 566.
 1 APPPATH/Controllers/Home.php(566): CodeIgniter\Debug\Exceptions->errorHandler(2, 'Trying to access array offset on value of type null', 'APPPATH/Controllers/Home.php', 566)
 2 [internal function]: App\Controllers\Home->App\Controllers\{closure}([...])
 3 APPPATH/Controllers/Home.php(558): array_filter([...], Object(Closure))
 4 SYSTEMPATH/CodeIgniter.php(934): App\Controllers\Home->getCSPP()
 5 SYSTEMPATH/CodeIgniter.php(499): CodeIgniter\CodeIgniter->runController(Object(App\Controllers\Home))
 6 SYSTEMPATH/CodeIgniter.php(368): CodeIgniter\CodeIgniter->handleRequest(null, Object(Config\Cache), false)
 7 FCPATH/index.php(67): CodeIgniter\CodeIgniter->run()
CRITICAL - 2023-10-11 03:34:06 --> Trying to access array offset on value of type null
in APPPATH/Controllers/Home.php on line 566.
 1 APPPATH/Controllers/Home.php(566): CodeIgniter\Debug\Exceptions->errorHandler(2, 'Trying to access array offset on value of type null', 'APPPATH/Controllers/Home.php', 566)
 2 [internal function]: App\Controllers\Home->App\Controllers\{closure}([...])
 3 APPPATH/Controllers/Home.php(558): array_filter([...], Object(Closure))
 4 SYSTEMPATH/CodeIgniter.php(934): App\Controllers\Home->getCSPP()
 5 SYSTEMPATH/CodeIgniter.php(499): CodeIgniter\CodeIgniter->runController(Object(App\Controllers\Home))
 6 SYSTEMPATH/CodeIgniter.php(368): CodeIgniter\CodeIgniter->handleRequest(null, Object(Config\Cache), false)
 7 FCPATH/index.php(67): CodeIgniter\CodeIgniter->run()
CRITICAL - 2023-10-11 03:34:19 --> Trying to access array offset on value of type null
in APPPATH/Controllers/Home.php on line 566.
 1 APPPATH/Controllers/Home.php(566): CodeIgniter\Debug\Exceptions->errorHandler(2, 'Trying to access array offset on value of type null', 'APPPATH/Controllers/Home.php', 566)
 2 [internal function]: App\Controllers\Home->App\Controllers\{closure}([...])
 3 APPPATH/Controllers/Home.php(558): array_filter([...], Object(Closure))
 4 SYSTEMPATH/CodeIgniter.php(934): App\Controllers\Home->getCSPP()
 5 SYSTEMPATH/CodeIgniter.php(499): CodeIgniter\CodeIgniter->runController(Object(App\Controllers\Home))
 6 SYSTEMPATH/CodeIgniter.php(368): CodeIgniter\CodeIgniter->handleRequest(null, Object(Config\Cache), false)
 7 FCPATH/index.php(67): CodeIgniter\CodeIgniter->run()
CRITICAL - 2023-10-11 03:34:19 --> Trying to access array offset on value of type null
in APPPATH/Controllers/Home.php on line 566.
 1 APPPATH/Controllers/Home.php(566): CodeIgniter\Debug\Exceptions->errorHandler(2, 'Trying to access array offset on value of type null', 'APPPATH/Controllers/Home.php', 566)
 2 [internal function]: App\Controllers\Home->App\Controllers\{closure}([...])
 3 APPPATH/Controllers/Home.php(558): array_filter([...], Object(Closure))
 4 SYSTEMPATH/CodeIgniter.php(934): App\Controllers\Home->getCSPP()
 5 SYSTEMPATH/CodeIgniter.php(499): CodeIgniter\CodeIgniter->runController(Object(App\Controllers\Home))
 6 SYSTEMPATH/CodeIgniter.php(368): CodeIgniter\CodeIgniter->handleRequest(null, Object(Config\Cache), false)
 7 FCPATH/index.php(67): CodeIgniter\CodeIgniter->run()
CRITICAL - 2023-10-11 03:34:32 --> Trying to access array offset on value of type null
in APPPATH/Controllers/Home.php on line 566.
 1 APPPATH/Controllers/Home.php(566): CodeIgniter\Debug\Exceptions->errorHandler(2, 'Trying to access array offset on value of type null', 'APPPATH/Controllers/Home.php', 566)
 2 [internal function]: App\Controllers\Home->App\Controllers\{closure}([...])
 3 APPPATH/Controllers/Home.php(558): array_filter([...], Object(Closure))
 4 SYSTEMPATH/CodeIgniter.php(934): App\Controllers\Home->getCSPP()
 5 SYSTEMPATH/CodeIgniter.php(499): CodeIgniter\CodeIgniter->runController(Object(App\Controllers\Home))
 6 SYSTEMPATH/CodeIgniter.php(368): CodeIgniter\CodeIgniter->handleRequest(null, Object(Config\Cache), false)
 7 FCPATH/index.php(67): CodeIgniter\CodeIgniter->run()
CRITICAL - 2023-10-11 03:34:41 --> Trying to access array offset on value of type null
in APPPATH/Controllers/Home.php on line 566.
 1 APPPATH/Controllers/Home.php(566): CodeIgniter\Debug\Exceptions->errorHandler(2, 'Trying to access array offset on value of type null', 'APPPATH/Controllers/Home.php', 566)
 2 [internal function]: App\Controllers\Home->App\Controllers\{closure}([...])
 3 APPPATH/Controllers/Home.php(558): array_filter([...], Object(Closure))
 4 SYSTEMPATH/CodeIgniter.php(934): App\Controllers\Home->getCSPP()
 5 SYSTEMPATH/CodeIgniter.php(499): CodeIgniter\CodeIgniter->runController(Object(App\Controllers\Home))
 6 SYSTEMPATH/CodeIgniter.php(368): CodeIgniter\CodeIgniter->handleRequest(null, Object(Config\Cache), false)
 7 FCPATH/index.php(67): CodeIgniter\CodeIgniter->run()
CRITICAL - 2023-10-11 03:35:03 --> Trying to access array offset on value of type null
in APPPATH/Controllers/Home.php on line 566.
 1 APPPATH/Controllers/Home.php(566): CodeIgniter\Debug\Exceptions->errorHandler(2, 'Trying to access array offset on value of type null', 'APPPATH/Controllers/Home.php', 566)
 2 [internal function]: App\Controllers\Home->App\Controllers\{closure}([...])
 3 APPPATH/Controllers/Home.php(558): array_filter([...], Object(Closure))
 4 SYSTEMPATH/CodeIgniter.php(934): App\Controllers\Home->getCSPP()
 5 SYSTEMPATH/CodeIgniter.php(499): CodeIgniter\CodeIgniter->runController(Object(App\Controllers\Home))
 6 SYSTEMPATH/CodeIgniter.php(368): CodeIgniter\CodeIgniter->handleRequest(null, Object(Config\Cache), false)
 7 FCPATH/index.php(67): CodeIgniter\CodeIgniter->run()
CRITICAL - 2023-10-11 03:35:26 --> Trying to access array offset on value of type null
in APPPATH/Controllers/Home.php on line 566.
 1 APPPATH/Controllers/Home.php(566): CodeIgniter\Debug\Exceptions->errorHandler(2, 'Trying to access array offset on value of type null', 'APPPATH/Controllers/Home.php', 566)
 2 [internal function]: App\Controllers\Home->App\Controllers\{closure}([...])
 3 APPPATH/Controllers/Home.php(558): array_filter([...], Object(Closure))
 4 SYSTEMPATH/CodeIgniter.php(934): App\Controllers\Home->getCSPP()
 5 SYSTEMPATH/CodeIgniter.php(499): CodeIgniter\CodeIgniter->runController(Object(App\Controllers\Home))
 6 SYSTEMPATH/CodeIgniter.php(368): CodeIgniter\CodeIgniter->handleRequest(null, Object(Config\Cache), false)
 7 FCPATH/index.php(67): CodeIgniter\CodeIgniter->run()
CRITICAL - 2023-10-11 03:35:50 --> Trying to access array offset on value of type null
in APPPATH/Controllers/Home.php on line 566.
 1 APPPATH/Controllers/Home.php(566): CodeIgniter\Debug\Exceptions->errorHandler(2, 'Trying to access array offset on value of type null', 'APPPATH/Controllers/Home.php', 566)
 2 [internal function]: App\Controllers\Home->App\Controllers\{closure}([...])
 3 APPPATH/Controllers/Home.php(558): array_filter([...], Object(Closure))
 4 SYSTEMPATH/CodeIgniter.php(934): App\Controllers\Home->getCSPP()
 5 SYSTEMPATH/CodeIgniter.php(499): CodeIgniter\CodeIgniter->runController(Object(App\Controllers\Home))
 6 SYSTEMPATH/CodeIgniter.php(368): CodeIgniter\CodeIgniter->handleRequest(null, Object(Config\Cache), false)
 7 FCPATH/index.php(67): CodeIgniter\CodeIgniter->run()
INFO - 2023-10-11 03:36:36 --> Session: Class initialized using 'CodeIgniter\Session\Handlers\FileHandler' driver.
INFO - 2023-10-11 03:36:44 --> Session: Class initialized using 'CodeIgniter\Session\Handlers\FileHandler' driver.
CRITICAL - 2023-10-11 03:37:00 --> Trying to access array offset on value of type null
in APPPATH/Controllers/Home.php on line 566.
 1 APPPATH/Controllers/Home.php(566): CodeIgniter\Debug\Exceptions->errorHandler(2, 'Trying to access array offset on value of type null', 'APPPATH/Controllers/Home.php', 566)
 2 [internal function]: App\Controllers\Home->App\Controllers\{closure}([...])
 3 APPPATH/Controllers/Home.php(558): array_filter([...], Object(Closure))
 4 SYSTEMPATH/CodeIgniter.php(934): App\Controllers\Home->getCSPP()
 5 SYSTEMPATH/CodeIgniter.php(499): CodeIgniter\CodeIgniter->runController(Object(App\Controllers\Home))
 6 SYSTEMPATH/CodeIgniter.php(368): CodeIgniter\CodeIgniter->handleRequest(null, Object(Config\Cache), false)
 7 FCPATH/index.php(67): CodeIgniter\CodeIgniter->run()
INFO - 2023-10-11 03:37:01 --> Session: Class initialized using 'CodeIgniter\Session\Handlers\FileHandler' driver.
CRITICAL - 2023-10-11 03:37:09 --> Undefined array key 0
in APPPATH/Controllers/Home.php on line 609.
 1 APPPATH/Controllers/Home.php(609): CodeIgniter\Debug\Exceptions->errorHandler(2, 'Undefined array key 0', 'APPPATH/Controllers/Home.php', 609)
 2 SYSTEMPATH/CodeIgniter.php(934): App\Controllers\Home->getCSPP()
 3 SYSTEMPATH/CodeIgniter.php(499): CodeIgniter\CodeIgniter->runController(Object(App\Controllers\Home))
 4 SYSTEMPATH/CodeIgniter.php(368): CodeIgniter\CodeIgniter->handleRequest(null, Object(Config\Cache), false)
 5 FCPATH/index.php(67): CodeIgniter\CodeIgniter->run()
CRITICAL - 2023-10-11 03:37:38 --> Trying to access array offset on value of type null
in APPPATH/Controllers/Home.php on line 566.
 1 APPPATH/Controllers/Home.php(566): CodeIgniter\Debug\Exceptions->errorHandler(2, 'Trying to access array offset on value of type null', 'APPPATH/Controllers/Home.php', 566)
 2 [internal function]: App\Controllers\Home->App\Controllers\{closure}([...])
 3 APPPATH/Controllers/Home.php(558): array_filter([...], Object(Closure))
 4 SYSTEMPATH/CodeIgniter.php(934): App\Controllers\Home->getCSPP()
 5 SYSTEMPATH/CodeIgniter.php(499): CodeIgniter\CodeIgniter->runController(Object(App\Controllers\Home))
 6 SYSTEMPATH/CodeIgniter.php(368): CodeIgniter\CodeIgniter->handleRequest(null, Object(Config\Cache), false)
 7 FCPATH/index.php(67): CodeIgniter\CodeIgniter->run()
CRITICAL - 2023-10-11 03:39:23 --> Trying to access array offset on value of type null
in APPPATH/Controllers/Home.php on line 566.
 1 APPPATH/Controllers/Home.php(566): CodeIgniter\Debug\Exceptions->errorHandler(2, 'Trying to access array offset on value of type null', 'APPPATH/Controllers/Home.php', 566)
 2 [internal function]: App\Controllers\Home->App\Controllers\{closure}([...])
 3 APPPATH/Controllers/Home.php(558): array_filter([...], Object(Closure))
 4 SYSTEMPATH/CodeIgniter.php(934): App\Controllers\Home->getCSPP()
 5 SYSTEMPATH/CodeIgniter.php(499): CodeIgniter\CodeIgniter->runController(Object(App\Controllers\Home))
 6 SYSTEMPATH/CodeIgniter.php(368): CodeIgniter\CodeIgniter->handleRequest(null, Object(Config\Cache), false)
 7 FCPATH/index.php(67): CodeIgniter\CodeIgniter->run()
INFO - 2023-10-11 03:39:35 --> Session: Class initialized using 'CodeIgniter\Session\Handlers\FileHandler' driver.
INFO - 2023-10-11 03:39:53 --> Session: Class initialized using 'CodeIgniter\Session\Handlers\FileHandler' driver.
INFO - 2023-10-11 03:40:06 --> Session: Class initialized using 'CodeIgniter\Session\Handlers\FileHandler' driver.
INFO - 2023-10-11 03:40:08 --> Session: Class initialized using 'CodeIgniter\Session\Handlers\FileHandler' driver.
INFO - 2023-10-11 03:41:00 --> Session: Class initialized using 'CodeIgniter\Session\Handlers\FileHandler' driver.
CRITICAL - 2023-10-11 03:41:57 --> Trying to access array offset on value of type null
in APPPATH/Controllers/Home.php on line 566.
 1 APPPATH/Controllers/Home.php(566): CodeIgniter\Debug\Exceptions->errorHandler(2, 'Trying to access array offset on value of type null', 'APPPATH/Controllers/Home.php', 566)
 2 [internal function]: App\Controllers\Home->App\Controllers\{closure}([...])
 3 APPPATH/Controllers/Home.php(558): array_filter([...], Object(Closure))
 4 SYSTEMPATH/CodeIgniter.php(934): App\Controllers\Home->getCSPP()
 5 SYSTEMPATH/CodeIgniter.php(499): CodeIgniter\CodeIgniter->runController(Object(App\Controllers\Home))
 6 SYSTEMPATH/CodeIgniter.php(368): CodeIgniter\CodeIgniter->handleRequest(null, Object(Config\Cache), false)
 7 FCPATH/index.php(67): CodeIgniter\CodeIgniter->run()
CRITICAL - 2023-10-11 03:43:40 --> Trying to access array offset on value of type null
in APPPATH/Controllers/Home.php on line 566.
 1 APPPATH/Controllers/Home.php(566): CodeIgniter\Debug\Exceptions->errorHandler(2, 'Trying to access array offset on value of type null', 'APPPATH/Controllers/Home.php', 566)
 2 [internal function]: App\Controllers\Home->App\Controllers\{closure}([...])
 3 APPPATH/Controllers/Home.php(558): array_filter([...], Object(Closure))
 4 SYSTEMPATH/CodeIgniter.php(934): App\Controllers\Home->getCSPP()
 5 SYSTEMPATH/CodeIgniter.php(499): CodeIgniter\CodeIgniter->runController(Object(App\Controllers\Home))
 6 SYSTEMPATH/CodeIgniter.php(368): CodeIgniter\CodeIgniter->handleRequest(null, Object(Config\Cache), false)
 7 FCPATH/index.php(67): CodeIgniter\CodeIgniter->run()
CRITICAL - 2023-10-11 03:48:07 --> Trying to access array offset on value of type null
in APPPATH/Controllers/Home.php on line 566.
 1 APPPATH/Controllers/Home.php(566): CodeIgniter\Debug\Exceptions->errorHandler(2, 'Trying to access array offset on value of type null', 'APPPATH/Controllers/Home.php', 566)
 2 [internal function]: App\Controllers\Home->App\Controllers\{closure}([...])
 3 APPPATH/Controllers/Home.php(558): array_filter([...], Object(Closure))
 4 SYSTEMPATH/CodeIgniter.php(934): App\Controllers\Home->getCSPP()
 5 SYSTEMPATH/CodeIgniter.php(499): CodeIgniter\CodeIgniter->runController(Object(App\Controllers\Home))
 6 SYSTEMPATH/CodeIgniter.php(368): CodeIgniter\CodeIgniter->handleRequest(null, Object(Config\Cache), false)
 7 FCPATH/index.php(67): CodeIgniter\CodeIgniter->run()
CRITICAL - 2023-10-11 03:49:08 --> Trying to access array offset on value of type null
in APPPATH/Controllers/Home.php on line 566.
 1 APPPATH/Controllers/Home.php(566): CodeIgniter\Debug\Exceptions->errorHandler(2, 'Trying to access array offset on value of type null', 'APPPATH/Controllers/Home.php', 566)
 2 [internal function]: App\Controllers\Home->App\Controllers\{closure}([...])
 3 APPPATH/Controllers/Home.php(558): array_filter([...], Object(Closure))
 4 SYSTEMPATH/CodeIgniter.php(934): App\Controllers\Home->getCSPP()
 5 SYSTEMPATH/CodeIgniter.php(499): CodeIgniter\CodeIgniter->runController(Object(App\Controllers\Home))
 6 SYSTEMPATH/CodeIgniter.php(368): CodeIgniter\CodeIgniter->handleRequest(null, Object(Config\Cache), false)
 7 FCPATH/index.php(67): CodeIgniter\CodeIgniter->run()
CRITICAL - 2023-10-11 03:50:35 --> Trying to access array offset on value of type null
in APPPATH/Controllers/Home.php on line 566.
 1 APPPATH/Controllers/Home.php(566): CodeIgniter\Debug\Exceptions->errorHandler(2, 'Trying to access array offset on value of type null', 'APPPATH/Controllers/Home.php', 566)
 2 [internal function]: App\Controllers\Home->App\Controllers\{closure}([...])
 3 APPPATH/Controllers/Home.php(558): array_filter([...], Object(Closure))
 4 SYSTEMPATH/CodeIgniter.php(934): App\Controllers\Home->getCSPP()
 5 SYSTEMPATH/CodeIgniter.php(499): CodeIgniter\CodeIgniter->runController(Object(App\Controllers\Home))
 6 SYSTEMPATH/CodeIgniter.php(368): CodeIgniter\CodeIgniter->handleRequest(null, Object(Config\Cache), false)
 7 FCPATH/index.php(67): CodeIgniter\CodeIgniter->run()
CRITICAL - 2023-10-11 03:52:21 --> Trying to access array offset on value of type null
in APPPATH/Controllers/Home.php on line 566.
 1 APPPATH/Controllers/Home.php(566): CodeIgniter\Debug\Exceptions->errorHandler(2, 'Trying to access array offset on value of type null', 'APPPATH/Controllers/Home.php', 566)
 2 [internal function]: App\Controllers\Home->App\Controllers\{closure}([...])
 3 APPPATH/Controllers/Home.php(558): array_filter([...], Object(Closure))
 4 SYSTEMPATH/CodeIgniter.php(934): App\Controllers\Home->getCSPP()
 5 SYSTEMPATH/CodeIgniter.php(499): CodeIgniter\CodeIgniter->runController(Object(App\Controllers\Home))
 6 SYSTEMPATH/CodeIgniter.php(368): CodeIgniter\CodeIgniter->handleRequest(null, Object(Config\Cache), false)
 7 FCPATH/index.php(67): CodeIgniter\CodeIgniter->run()
CRITICAL - 2023-10-11 03:53:48 --> Trying to access array offset on value of type null
in APPPATH/Controllers/Home.php on line 566.
 1 APPPATH/Controllers/Home.php(566): CodeIgniter\Debug\Exceptions->errorHandler(2, 'Trying to access array offset on value of type null', 'APPPATH/Controllers/Home.php', 566)
 2 [internal function]: App\Controllers\Home->App\Controllers\{closure}([...])
 3 APPPATH/Controllers/Home.php(558): array_filter([...], Object(Closure))
 4 SYSTEMPATH/CodeIgniter.php(934): App\Controllers\Home->getCSPP()
 5 SYSTEMPATH/CodeIgniter.php(499): CodeIgniter\CodeIgniter->runController(Object(App\Controllers\Home))
 6 SYSTEMPATH/CodeIgniter.php(368): CodeIgniter\CodeIgniter->handleRequest(null, Object(Config\Cache), false)
 7 FCPATH/index.php(67): CodeIgniter\CodeIgniter->run()
CRITICAL - 2023-10-11 03:53:53 --> Trying to access array offset on value of type null
in APPPATH/Controllers/Home.php on line 566.
 1 APPPATH/Controllers/Home.php(566): CodeIgniter\Debug\Exceptions->errorHandler(2, 'Trying to access array offset on value of type null', 'APPPATH/Controllers/Home.php', 566)
 2 [internal function]: App\Controllers\Home->App\Controllers\{closure}([...])
 3 APPPATH/Controllers/Home.php(558): array_filter([...], Object(Closure))
 4 SYSTEMPATH/CodeIgniter.php(934): App\Controllers\Home->getCSPP()
 5 SYSTEMPATH/CodeIgniter.php(499): CodeIgniter\CodeIgniter->runController(Object(App\Controllers\Home))
 6 SYSTEMPATH/CodeIgniter.php(368): CodeIgniter\CodeIgniter->handleRequest(null, Object(Config\Cache), false)
 7 FCPATH/index.php(67): CodeIgniter\CodeIgniter->run()
CRITICAL - 2023-10-11 03:54:03 --> Trying to access array offset on value of type null
in APPPATH/Controllers/Home.php on line 566.
 1 APPPATH/Controllers/Home.php(566): CodeIgniter\Debug\Exceptions->errorHandler(2, 'Trying to access array offset on value of type null', 'APPPATH/Controllers/Home.php', 566)
 2 [internal function]: App\Controllers\Home->App\Controllers\{closure}([...])
 3 APPPATH/Controllers/Home.php(558): array_filter([...], Object(Closure))
 4 SYSTEMPATH/CodeIgniter.php(934): App\Controllers\Home->getCSPP()
 5 SYSTEMPATH/CodeIgniter.php(499): CodeIgniter\CodeIgniter->runController(Object(App\Controllers\Home))
 6 SYSTEMPATH/CodeIgniter.php(368): CodeIgniter\CodeIgniter->handleRequest(null, Object(Config\Cache), false)
 7 FCPATH/index.php(67): CodeIgniter\CodeIgniter->run()
CRITICAL - 2023-10-11 03:54:18 --> Trying to access array offset on value of type null
in APPPATH/Controllers/Home.php on line 566.
 1 APPPATH/Controllers/Home.php(566): CodeIgniter\Debug\Exceptions->errorHandler(2, 'Trying to access array offset on value of type null', 'APPPATH/Controllers/Home.php', 566)
 2 [internal function]: App\Controllers\Home->App\Controllers\{closure}([...])
 3 APPPATH/Controllers/Home.php(558): array_filter([...], Object(Closure))
 4 SYSTEMPATH/CodeIgniter.php(934): App\Controllers\Home->getCSPP()
 5 SYSTEMPATH/CodeIgniter.php(499): CodeIgniter\CodeIgniter->runController(Object(App\Controllers\Home))
 6 SYSTEMPATH/CodeIgniter.php(368): CodeIgniter\CodeIgniter->handleRequest(null, Object(Config\Cache), false)
 7 FCPATH/index.php(67): CodeIgniter\CodeIgniter->run()
CRITICAL - 2023-10-11 03:54:19 --> Undefined array key 0
in APPPATH/Controllers/Home.php on line 609.
 1 APPPATH/Controllers/Home.php(609): CodeIgniter\Debug\Exceptions->errorHandler(2, 'Undefined array key 0', 'APPPATH/Controllers/Home.php', 609)
 2 SYSTEMPATH/CodeIgniter.php(934): App\Controllers\Home->getCSPP()
 3 SYSTEMPATH/CodeIgniter.php(499): CodeIgniter\CodeIgniter->runController(Object(App\Controllers\Home))
 4 SYSTEMPATH/CodeIgniter.php(368): CodeIgniter\CodeIgniter->handleRequest(null, Object(Config\Cache), false)
 5 FCPATH/index.php(67): CodeIgniter\CodeIgniter->run()
CRITICAL - 2023-10-11 03:54:40 --> Trying to access array offset on value of type null
in APPPATH/Controllers/Home.php on line 566.
 1 APPPATH/Controllers/Home.php(566): CodeIgniter\Debug\Exceptions->errorHandler(2, 'Trying to access array offset on value of type null', 'APPPATH/Controllers/Home.php', 566)
 2 [internal function]: App\Controllers\Home->App\Controllers\{closure}([...])
 3 APPPATH/Controllers/Home.php(558): array_filter([...], Object(Closure))
 4 SYSTEMPATH/CodeIgniter.php(934): App\Controllers\Home->getCSPP()
 5 SYSTEMPATH/CodeIgniter.php(499): CodeIgniter\CodeIgniter->runController(Object(App\Controllers\Home))
 6 SYSTEMPATH/CodeIgniter.php(368): CodeIgniter\CodeIgniter->handleRequest(null, Object(Config\Cache), false)
 7 FCPATH/index.php(67): CodeIgniter\CodeIgniter->run()
CRITICAL - 2023-10-11 03:55:13 --> Trying to access array offset on value of type null
in APPPATH/Controllers/Home.php on line 566.
 1 APPPATH/Controllers/Home.php(566): CodeIgniter\Debug\Exceptions->errorHandler(2, 'Trying to access array offset on value of type null', 'APPPATH/Controllers/Home.php', 566)
 2 [internal function]: App\Controllers\Home->App\Controllers\{closure}([...])
 3 APPPATH/Controllers/Home.php(558): array_filter([...], Object(Closure))
 4 SYSTEMPATH/CodeIgniter.php(934): App\Controllers\Home->getCSPP()
 5 SYSTEMPATH/CodeIgniter.php(499): CodeIgniter\CodeIgniter->runController(Object(App\Controllers\Home))
 6 SYSTEMPATH/CodeIgniter.php(368): CodeIgniter\CodeIgniter->handleRequest(null, Object(Config\Cache), false)
 7 FCPATH/index.php(67): CodeIgniter\CodeIgniter->run()
CRITICAL - 2023-10-11 03:56:21 --> Trying to access array offset on value of type null
in APPPATH/Controllers/Home.php on line 566.
 1 APPPATH/Controllers/Home.php(566): CodeIgniter\Debug\Exceptions->errorHandler(2, 'Trying to access array offset on value of type null', 'APPPATH/Controllers/Home.php', 566)
 2 [internal function]: App\Controllers\Home->App\Controllers\{closure}([...])
 3 APPPATH/Controllers/Home.php(558): array_filter([...], Object(Closure))
 4 SYSTEMPATH/CodeIgniter.php(934): App\Controllers\Home->getCSPP()
 5 SYSTEMPATH/CodeIgniter.php(499): CodeIgniter\CodeIgniter->runController(Object(App\Controllers\Home))
 6 SYSTEMPATH/CodeIgniter.php(368): CodeIgniter\CodeIgniter->handleRequest(null, Object(Config\Cache), false)
 7 FCPATH/index.php(67): CodeIgniter\CodeIgniter->run()
CRITICAL - 2023-10-11 03:57:36 --> Trying to access array offset on value of type null
in APPPATH/Controllers/Home.php on line 566.
 1 APPPATH/Controllers/Home.php(566): CodeIgniter\Debug\Exceptions->errorHandler(2, 'Trying to access array offset on value of type null', 'APPPATH/Controllers/Home.php', 566)
 2 [internal function]: App\Controllers\Home->App\Controllers\{closure}([...])
 3 APPPATH/Controllers/Home.php(558): array_filter([...], Object(Closure))
 4 SYSTEMPATH/CodeIgniter.php(934): App\Controllers\Home->getCSPP()
 5 SYSTEMPATH/CodeIgniter.php(499): CodeIgniter\CodeIgniter->runController(Object(App\Controllers\Home))
 6 SYSTEMPATH/CodeIgniter.php(368): CodeIgniter\CodeIgniter->handleRequest(null, Object(Config\Cache), false)
 7 FCPATH/index.php(67): CodeIgniter\CodeIgniter->run()
CRITICAL - 2023-10-11 03:58:37 --> Trying to access array offset on value of type null
in APPPATH/Controllers/Home.php on line 566.
 1 APPPATH/Controllers/Home.php(566): CodeIgniter\Debug\Exceptions->errorHandler(2, 'Trying to access array offset on value of type null', 'APPPATH/Controllers/Home.php', 566)
 2 [internal function]: App\Controllers\Home->App\Controllers\{closure}([...])
 3 APPPATH/Controllers/Home.php(558): array_filter([...], Object(Closure))
 4 SYSTEMPATH/CodeIgniter.php(934): App\Controllers\Home->getCSPP()
 5 SYSTEMPATH/CodeIgniter.php(499): CodeIgniter\CodeIgniter->runController(Object(App\Controllers\Home))
 6 SYSTEMPATH/CodeIgniter.php(368): CodeIgniter\CodeIgniter->handleRequest(null, Object(Config\Cache), false)
 7 FCPATH/index.php(67): CodeIgniter\CodeIgniter->run()
CRITICAL - 2023-10-11 04:02:54 --> Trying to access array offset on value of type null
in APPPATH/Controllers/Home.php on line 566.
 1 APPPATH/Controllers/Home.php(566): CodeIgniter\Debug\Exceptions->errorHandler(2, 'Trying to access array offset on value of type null', 'APPPATH/Controllers/Home.php', 566)
 2 [internal function]: App\Controllers\Home->App\Controllers\{closure}([...])
 3 APPPATH/Controllers/Home.php(558): array_filter([...], Object(Closure))
 4 SYSTEMPATH/CodeIgniter.php(934): App\Controllers\Home->getCSPP()
 5 SYSTEMPATH/CodeIgniter.php(499): CodeIgniter\CodeIgniter->runController(Object(App\Controllers\Home))
 6 SYSTEMPATH/CodeIgniter.php(368): CodeIgniter\CodeIgniter->handleRequest(null, Object(Config\Cache), false)
 7 FCPATH/index.php(67): CodeIgniter\CodeIgniter->run()
CRITICAL - 2023-10-11 04:07:48 --> Trying to access array offset on value of type null
in APPPATH/Controllers/Home.php on line 566.
 1 APPPATH/Controllers/Home.php(566): CodeIgniter\Debug\Exceptions->errorHandler(2, 'Trying to access array offset on value of type null', 'APPPATH/Controllers/Home.php', 566)
 2 [internal function]: App\Controllers\Home->App\Controllers\{closure}([...])
 3 APPPATH/Controllers/Home.php(558): array_filter([...], Object(Closure))
 4 SYSTEMPATH/CodeIgniter.php(934): App\Controllers\Home->getCSPP()
 5 SYSTEMPATH/CodeIgniter.php(499): CodeIgniter\CodeIgniter->runController(Object(App\Controllers\Home))
 6 SYSTEMPATH/CodeIgniter.php(368): CodeIgniter\CodeIgniter->handleRequest(null, Object(Config\Cache), false)
 7 FCPATH/index.php(67): CodeIgniter\CodeIgniter->run()
CRITICAL - 2023-10-11 04:09:39 --> Trying to access array offset on value of type null
in APPPATH/Controllers/Home.php on line 566.
 1 APPPATH/Controllers/Home.php(566): CodeIgniter\Debug\Exceptions->errorHandler(2, 'Trying to access array offset on value of type null', 'APPPATH/Controllers/Home.php', 566)
 2 [internal function]: App\Controllers\Home->App\Controllers\{closure}([...])
 3 APPPATH/Controllers/Home.php(558): array_filter([...], Object(Closure))
 4 SYSTEMPATH/CodeIgniter.php(934): App\Controllers\Home->getCSPP()
 5 SYSTEMPATH/CodeIgniter.php(499): CodeIgniter\CodeIgniter->runController(Object(App\Controllers\Home))
 6 SYSTEMPATH/CodeIgniter.php(368): CodeIgniter\CodeIgniter->handleRequest(null, Object(Config\Cache), false)
 7 FCPATH/index.php(67): CodeIgniter\CodeIgniter->run()
CRITICAL - 2023-10-11 04:11:28 --> Trying to access array offset on value of type null
in APPPATH/Controllers/Home.php on line 566.
 1 APPPATH/Controllers/Home.php(566): CodeIgniter\Debug\Exceptions->errorHandler(2, 'Trying to access array offset on value of type null', 'APPPATH/Controllers/Home.php', 566)
 2 [internal function]: App\Controllers\Home->App\Controllers\{closure}([...])
 3 APPPATH/Controllers/Home.php(558): array_filter([...], Object(Closure))
 4 SYSTEMPATH/CodeIgniter.php(934): App\Controllers\Home->getCSPP()
 5 SYSTEMPATH/CodeIgniter.php(499): CodeIgniter\CodeIgniter->runController(Object(App\Controllers\Home))
 6 SYSTEMPATH/CodeIgniter.php(368): CodeIgniter\CodeIgniter->handleRequest(null, Object(Config\Cache), false)
 7 FCPATH/index.php(67): CodeIgniter\CodeIgniter->run()
CRITICAL - 2023-10-11 04:22:24 --> Trying to access array offset on value of type null
in APPPATH/Controllers/Home.php on line 566.
 1 APPPATH/Controllers/Home.php(566): CodeIgniter\Debug\Exceptions->errorHandler(2, 'Trying to access array offset on value of type null', 'APPPATH/Controllers/Home.php', 566)
 2 [internal function]: App\Controllers\Home->App\Controllers\{closure}([...])
 3 APPPATH/Controllers/Home.php(558): array_filter([...], Object(Closure))
 4 SYSTEMPATH/CodeIgniter.php(934): App\Controllers\Home->getCSPP()
 5 SYSTEMPATH/CodeIgniter.php(499): CodeIgniter\CodeIgniter->runController(Object(App\Controllers\Home))
 6 SYSTEMPATH/CodeIgniter.php(368): CodeIgniter\CodeIgniter->handleRequest(null, Object(Config\Cache), false)
 7 FCPATH/index.php(67): CodeIgniter\CodeIgniter->run()
INFO - 2023-10-11 04:27:13 --> Session: Class initialized using 'CodeIgniter\Session\Handlers\FileHandler' driver.
CRITICAL - 2023-10-11 04:28:33 --> Undefined array key 0
in APPPATH/Controllers/Home.php on line 609.
 1 APPPATH/Controllers/Home.php(609): CodeIgniter\Debug\Exceptions->errorHandler(2, 'Undefined array key 0', 'APPPATH/Controllers/Home.php', 609)
 2 SYSTEMPATH/CodeIgniter.php(934): App\Controllers\Home->getCSPP()
 3 SYSTEMPATH/CodeIgniter.php(499): CodeIgniter\CodeIgniter->runController(Object(App\Controllers\Home))
 4 SYSTEMPATH/CodeIgniter.php(368): CodeIgniter\CodeIgniter->handleRequest(null, Object(Config\Cache), false)
 5 FCPATH/index.php(67): CodeIgniter\CodeIgniter->run()
CRITICAL - 2023-10-11 04:28:34 --> Trying to access array offset on value of type null
in APPPATH/Controllers/Home.php on line 566.
 1 APPPATH/Controllers/Home.php(566): CodeIgniter\Debug\Exceptions->errorHandler(2, 'Trying to access array offset on value of type null', 'APPPATH/Controllers/Home.php', 566)
 2 [internal function]: App\Controllers\Home->App\Controllers\{closure}([...])
 3 APPPATH/Controllers/Home.php(558): array_filter([...], Object(Closure))
 4 SYSTEMPATH/CodeIgniter.php(934): App\Controllers\Home->getCSPP()
 5 SYSTEMPATH/CodeIgniter.php(499): CodeIgniter\CodeIgniter->runController(Object(App\Controllers\Home))
 6 SYSTEMPATH/CodeIgniter.php(368): CodeIgniter\CodeIgniter->handleRequest(null, Object(Config\Cache), false)
 7 FCPATH/index.php(67): CodeIgniter\CodeIgniter->run()
CRITICAL - 2023-10-11 04:37:46 --> Undefined array key 0
in APPPATH/Controllers/Home.php on line 609.
 1 APPPATH/Controllers/Home.php(609): CodeIgniter\Debug\Exceptions->errorHandler(2, 'Undefined array key 0', 'APPPATH/Controllers/Home.php', 609)
 2 SYSTEMPATH/CodeIgniter.php(934): App\Controllers\Home->getCSPP()
 3 SYSTEMPATH/CodeIgniter.php(499): CodeIgniter\CodeIgniter->runController(Object(App\Controllers\Home))
 4 SYSTEMPATH/CodeIgniter.php(368): CodeIgniter\CodeIgniter->handleRequest(null, Object(Config\Cache), false)
 5 FCPATH/index.php(67): CodeIgniter\CodeIgniter->run()
INFO - 2023-10-11 04:37:48 --> Session: Class initialized using 'CodeIgniter\Session\Handlers\FileHandler' driver.
CRITICAL - 2023-10-11 04:41:58 --> Trying to access array offset on value of type null
in APPPATH/Controllers/Home.php on line 566.
 1 APPPATH/Controllers/Home.php(566): CodeIgniter\Debug\Exceptions->errorHandler(2, 'Trying to access array offset on value of type null', 'APPPATH/Controllers/Home.php', 566)
 2 [internal function]: App\Controllers\Home->App\Controllers\{closure}([...])
 3 APPPATH/Controllers/Home.php(558): array_filter([...], Object(Closure))
 4 SYSTEMPATH/CodeIgniter.php(934): App\Controllers\Home->getCSPP()
 5 SYSTEMPATH/CodeIgniter.php(499): CodeIgniter\CodeIgniter->runController(Object(App\Controllers\Home))
 6 SYSTEMPATH/CodeIgniter.php(368): CodeIgniter\CodeIgniter->handleRequest(null, Object(Config\Cache), false)
 7 FCPATH/index.php(67): CodeIgniter\CodeIgniter->run()
CRITICAL - 2023-10-11 04:43:58 --> Trying to access array offset on value of type null
in APPPATH/Controllers/Home.php on line 566.
 1 APPPATH/Controllers/Home.php(566): CodeIgniter\Debug\Exceptions->errorHandler(2, 'Trying to access array offset on value of type null', 'APPPATH/Controllers/Home.php', 566)
 2 [internal function]: App\Controllers\Home->App\Controllers\{closure}([...])
 3 APPPATH/Controllers/Home.php(558): array_filter([...], Object(Closure))
 4 SYSTEMPATH/CodeIgniter.php(934): App\Controllers\Home->getCSPP()
 5 SYSTEMPATH/CodeIgniter.php(499): CodeIgniter\CodeIgniter->runController(Object(App\Controllers\Home))
 6 SYSTEMPATH/CodeIgniter.php(368): CodeIgniter\CodeIgniter->handleRequest(null, Object(Config\Cache), false)
 7 FCPATH/index.php(67): CodeIgniter\CodeIgniter->run()
CRITICAL - 2023-10-11 04:55:49 --> Trying to access array offset on value of type null
in APPPATH/Controllers/Home.php on line 566.
 1 APPPATH/Controllers/Home.php(566): CodeIgniter\Debug\Exceptions->errorHandler(2, 'Trying to access array offset on value of type null', 'APPPATH/Controllers/Home.php', 566)
 2 [internal function]: App\Controllers\Home->App\Controllers\{closure}([...])
 3 APPPATH/Controllers/Home.php(558): array_filter([...], Object(Closure))
 4 SYSTEMPATH/CodeIgniter.php(934): App\Controllers\Home->getCSPP()
 5 SYSTEMPATH/CodeIgniter.php(499): CodeIgniter\CodeIgniter->runController(Object(App\Controllers\Home))
 6 SYSTEMPATH/CodeIgniter.php(368): CodeIgniter\CodeIgniter->handleRequest(null, Object(Config\Cache), false)
 7 FCPATH/index.php(67): CodeIgniter\CodeIgniter->run()
CRITICAL - 2023-10-11 04:55:55 --> Trying to access array offset on value of type null
in APPPATH/Controllers/Home.php on line 566.
 1 APPPATH/Controllers/Home.php(566): CodeIgniter\Debug\Exceptions->errorHandler(2, 'Trying to access array offset on value of type null', 'APPPATH/Controllers/Home.php', 566)
 2 [internal function]: App\Controllers\Home->App\Controllers\{closure}([...])
 3 APPPATH/Controllers/Home.php(558): array_filter([...], Object(Closure))
 4 SYSTEMPATH/CodeIgniter.php(934): App\Controllers\Home->getCSPP()
 5 SYSTEMPATH/CodeIgniter.php(499): CodeIgniter\CodeIgniter->runController(Object(App\Controllers\Home))
 6 SYSTEMPATH/CodeIgniter.php(368): CodeIgniter\CodeIgniter->handleRequest(null, Object(Config\Cache), false)
 7 FCPATH/index.php(67): CodeIgniter\CodeIgniter->run()
CRITICAL - 2023-10-11 04:56:03 --> Trying to access array offset on value of type null
in APPPATH/Controllers/Home.php on line 566.
 1 APPPATH/Controllers/Home.php(566): CodeIgniter\Debug\Exceptions->errorHandler(2, 'Trying to access array offset on value of type null', 'APPPATH/Controllers/Home.php', 566)
 2 [internal function]: App\Controllers\Home->App\Controllers\{closure}([...])
 3 APPPATH/Controllers/Home.php(558): array_filter([...], Object(Closure))
 4 SYSTEMPATH/CodeIgniter.php(934): App\Controllers\Home->getCSPP()
 5 SYSTEMPATH/CodeIgniter.php(499): CodeIgniter\CodeIgniter->runController(Object(App\Controllers\Home))
 6 SYSTEMPATH/CodeIgniter.php(368): CodeIgniter\CodeIgniter->handleRequest(null, Object(Config\Cache), false)
 7 FCPATH/index.php(67): CodeIgniter\CodeIgniter->run()
CRITICAL - 2023-10-11 04:56:15 --> Trying to access array offset on value of type null
in APPPATH/Controllers/Home.php on line 566.
 1 APPPATH/Controllers/Home.php(566): CodeIgniter\Debug\Exceptions->errorHandler(2, 'Trying to access array offset on value of type null', 'APPPATH/Controllers/Home.php', 566)
 2 [internal function]: App\Controllers\Home->App\Controllers\{closure}([...])
 3 APPPATH/Controllers/Home.php(558): array_filter([...], Object(Closure))
 4 SYSTEMPATH/CodeIgniter.php(934): App\Controllers\Home->getCSPP()
 5 SYSTEMPATH/CodeIgniter.php(499): CodeIgniter\CodeIgniter->runController(Object(App\Controllers\Home))
 6 SYSTEMPATH/CodeIgniter.php(368): CodeIgniter\CodeIgniter->handleRequest(null, Object(Config\Cache), false)
 7 FCPATH/index.php(67): CodeIgniter\CodeIgniter->run()
CRITICAL - 2023-10-11 04:56:40 --> Trying to access array offset on value of type null
in APPPATH/Controllers/Home.php on line 566.
 1 APPPATH/Controllers/Home.php(566): CodeIgniter\Debug\Exceptions->errorHandler(2, 'Trying to access array offset on value of type null', 'APPPATH/Controllers/Home.php', 566)
 2 [internal function]: App\Controllers\Home->App\Controllers\{closure}([...])
 3 APPPATH/Controllers/Home.php(558): array_filter([...], Object(Closure))
 4 SYSTEMPATH/CodeIgniter.php(934): App\Controllers\Home->getCSPP()
 5 SYSTEMPATH/CodeIgniter.php(499): CodeIgniter\CodeIgniter->runController(Object(App\Controllers\Home))
 6 SYSTEMPATH/CodeIgniter.php(368): CodeIgniter\CodeIgniter->handleRequest(null, Object(Config\Cache), false)
 7 FCPATH/index.php(67): CodeIgniter\CodeIgniter->run()
CRITICAL - 2023-10-11 04:57:13 --> Trying to access array offset on value of type null
in APPPATH/Controllers/Home.php on line 566.
 1 APPPATH/Controllers/Home.php(566): CodeIgniter\Debug\Exceptions->errorHandler(2, 'Trying to access array offset on value of type null', 'APPPATH/Controllers/Home.php', 566)
 2 [internal function]: App\Controllers\Home->App\Controllers\{closure}([...])
 3 APPPATH/Controllers/Home.php(558): array_filter([...], Object(Closure))
 4 SYSTEMPATH/CodeIgniter.php(934): App\Controllers\Home->getCSPP()
 5 SYSTEMPATH/CodeIgniter.php(499): CodeIgniter\CodeIgniter->runController(Object(App\Controllers\Home))
 6 SYSTEMPATH/CodeIgniter.php(368): CodeIgniter\CodeIgniter->handleRequest(null, Object(Config\Cache), false)
 7 FCPATH/index.php(67): CodeIgniter\CodeIgniter->run()
CRITICAL - 2023-10-11 04:58:19 --> Trying to access array offset on value of type null
in APPPATH/Controllers/Home.php on line 566.
 1 APPPATH/Controllers/Home.php(566): CodeIgniter\Debug\Exceptions->errorHandler(2, 'Trying to access array offset on value of type null', 'APPPATH/Controllers/Home.php', 566)
 2 [internal function]: App\Controllers\Home->App\Controllers\{closure}([...])
 3 APPPATH/Controllers/Home.php(558): array_filter([...], Object(Closure))
 4 SYSTEMPATH/CodeIgniter.php(934): App\Controllers\Home->getCSPP()
 5 SYSTEMPATH/CodeIgniter.php(499): CodeIgniter\CodeIgniter->runController(Object(App\Controllers\Home))
 6 SYSTEMPATH/CodeIgniter.php(368): CodeIgniter\CodeIgniter->handleRequest(null, Object(Config\Cache), false)
 7 FCPATH/index.php(67): CodeIgniter\CodeIgniter->run()
CRITICAL - 2023-10-11 05:00:30 --> Trying to access array offset on value of type null
in APPPATH/Controllers/Home.php on line 566.
 1 APPPATH/Controllers/Home.php(566): CodeIgniter\Debug\Exceptions->errorHandler(2, 'Trying to access array offset on value of type null', 'APPPATH/Controllers/Home.php', 566)
 2 [internal function]: App\Controllers\Home->App\Controllers\{closure}([...])
 3 APPPATH/Controllers/Home.php(558): array_filter([...], Object(Closure))
 4 SYSTEMPATH/CodeIgniter.php(934): App\Controllers\Home->getCSPP()
 5 SYSTEMPATH/CodeIgniter.php(499): CodeIgniter\CodeIgniter->runController(Object(App\Controllers\Home))
 6 SYSTEMPATH/CodeIgniter.php(368): CodeIgniter\CodeIgniter->handleRequest(null, Object(Config\Cache), false)
 7 FCPATH/index.php(67): CodeIgniter\CodeIgniter->run()
INFO - 2023-10-11 05:01:48 --> Session: Class initialized using 'CodeIgniter\Session\Handlers\FileHandler' driver.
INFO - 2023-10-11 05:01:48 --> Session: Class initialized using 'CodeIgniter\Session\Handlers\FileHandler' driver.
INFO - 2023-10-11 05:13:11 --> Session: Class initialized using 'CodeIgniter\Session\Handlers\FileHandler' driver.
INFO - 2023-10-11 05:32:48 --> Session: Class initialized using 'CodeIgniter\Session\Handlers\FileHandler' driver.
INFO - 2023-10-11 05:32:49 --> Session: Class initialized using 'CodeIgniter\Session\Handlers\FileHandler' driver.
INFO - 2023-10-11 05:33:25 --> Session: Class initialized using 'CodeIgniter\Session\Handlers\FileHandler' driver.
INFO - 2023-10-11 06:01:43 --> Session: Class initialized using 'CodeIgniter\Session\Handlers\FileHandler' driver.
INFO - 2023-10-11 06:02:42 --> Session: Class initialized using 'CodeIgniter\Session\Handlers\FileHandler' driver.
INFO - 2023-10-11 06:02:42 --> Session: Class initialized using 'CodeIgniter\Session\Handlers\FileHandler' driver.
INFO - 2023-10-11 06:49:20 --> Session: Class initialized using 'CodeIgniter\Session\Handlers\FileHandler' driver.
INFO - 2023-10-11 06:49:20 --> Session: Class initialized using 'CodeIgniter\Session\Handlers\FileHandler' driver.
INFO - 2023-10-11 06:59:42 --> Session: Class initialized using 'CodeIgniter\Session\Handlers\FileHandler' driver.
INFO - 2023-10-11 06:59:43 --> Session: Class initialized using 'CodeIgniter\Session\Handlers\FileHandler' driver.
INFO - 2023-10-11 08:38:28 --> Session: Class initialized using 'CodeIgniter\Session\Handlers\FileHandler' driver.
INFO - 2023-10-11 08:38:37 --> Session: Class initialized using 'CodeIgniter\Session\Handlers\FileHandler' driver.
INFO - 2023-10-11 08:38:37 --> Session: Class initialized using 'CodeIgniter\Session\Handlers\FileHandler' driver.
INFO - 2023-10-11 08:38:45 --> Session: Class initialized using 'CodeIgniter\Session\Handlers\FileHandler' driver.
INFO - 2023-10-11 08:41:53 --> Session: Class initialized using 'CodeIgniter\Session\Handlers\FileHandler' driver.
INFO - 2023-10-11 08:42:23 --> Session: Class initialized using 'CodeIgniter\Session\Handlers\FileHandler' driver.
INFO - 2023-10-11 08:42:34 --> Session: Class initialized using 'CodeIgniter\Session\Handlers\FileHandler' driver.
INFO - 2023-10-11 08:42:34 --> Session: Class initialized using 'CodeIgniter\Session\Handlers\FileHandler' driver.
INFO - 2023-10-11 08:47:13 --> Session: Class initialized using 'CodeIgniter\Session\Handlers\FileHandler' driver.
INFO - 2023-10-11 08:47:14 --> Session: Class initialized using 'CodeIgniter\Session\Handlers\FileHandler' driver.
INFO - 2023-10-11 09:55:14 --> Session: Class initialized using 'CodeIgniter\Session\Handlers\FileHandler' driver.
INFO - 2023-10-11 09:55:31 --> Session: Class initialized using 'CodeIgniter\Session\Handlers\FileHandler' driver.
INFO - 2023-10-11 09:55:31 --> Session: Class initialized using 'CodeIgniter\Session\Handlers\FileHandler' driver.
INFO - 2023-10-11 09:55:33 --> Session: Class initialized using 'CodeIgniter\Session\Handlers\FileHandler' driver.
INFO - 2023-10-11 09:56:35 --> Session: Class initialized using 'CodeIgniter\Session\Handlers\FileHandler' driver.
INFO - 2023-10-11 09:57:10 --> Session: Class initialized using 'CodeIgniter\Session\Handlers\FileHandler' driver.
INFO - 2023-10-11 09:58:12 --> Session: Class initialized using 'CodeIgniter\Session\Handlers\FileHandler' driver.
INFO - 2023-10-11 09:58:20 --> Session: Class initialized using 'CodeIgniter\Session\Handlers\FileHandler' driver.
INFO - 2023-10-11 09:58:40 --> Session: Class initialized using 'CodeIgniter\Session\Handlers\FileHandler' driver.
INFO - 2023-10-11 09:58:55 --> Session: Class initialized using 'CodeIgniter\Session\Handlers\FileHandler' driver.
INFO - 2023-10-11 09:58:55 --> Session: Class initialized using 'CodeIgniter\Session\Handlers\FileHandler' driver.
INFO - 2023-10-11 19:49:35 --> Session: Class initialized using 'CodeIgniter\Session\Handlers\FileHandler' driver.
