CRITICAL - 2024-10-21 01:43:33 --> Undefined variable $route
in APPPATH/Controllers/Home.php on line 503.
 1 APPPATH/Controllers/Home.php(503): CodeIgniter\Debug\Exceptions->errorHandler(2, 'Undefined variable $route', 'APPPATH/Controllers/Home.php', 503)
 2 SYSTEMPATH/CodeIgniter.php(934): App\Controllers\Home->Schedules()
 3 SYSTEMPATH/CodeIgniter.php(499): CodeIgniter\CodeIgniter->runController(Object(App\Controllers\Home))
 4 SYSTEMPATH/CodeIgniter.php(368): CodeIgniter\CodeIgniter->handleRequest(null, Object(Config\Cache), false)
 5 FCPATH/index.php(67): CodeIgniter\CodeIgniter->run()
CRITICAL - 2024-10-21 02:01:21 --> Undefined variable $route
in APPPATH/Controllers/Home.php on line 503.
 1 APPPATH/Controllers/Home.php(503): CodeIgniter\Debug\Exceptions->errorHandler(2, 'Undefined variable $route', 'APPPATH/Controllers/Home.php', 503)
 2 SYSTEMPATH/CodeIgniter.php(934): App\Controllers\Home->Schedules()
 3 SYSTEMPATH/CodeIgniter.php(499): CodeIgniter\CodeIgniter->runController(Object(App\Controllers\Home))
 4 SYSTEMPATH/CodeIgniter.php(368): CodeIgniter\CodeIgniter->handleRequest(null, Object(Config\Cache), false)
 5 FCPATH/index.php(67): CodeIgniter\CodeIgniter->run()
CRITICAL - 2024-10-21 02:02:04 --> Undefined variable $route
in APPPATH/Controllers/Home.php on line 503.
 1 APPPATH/Controllers/Home.php(503): CodeIgniter\Debug\Exceptions->errorHandler(2, 'Undefined variable $route', 'APPPATH/Controllers/Home.php', 503)
 2 SYSTEMPATH/CodeIgniter.php(934): App\Controllers\Home->Schedules()
 3 SYSTEMPATH/CodeIgniter.php(499): CodeIgniter\CodeIgniter->runController(Object(App\Controllers\Home))
 4 SYSTEMPATH/CodeIgniter.php(368): CodeIgniter\CodeIgniter->handleRequest(null, Object(Config\Cache), false)
 5 FCPATH/index.php(67): CodeIgniter\CodeIgniter->run()
CRITICAL - 2024-10-21 02:03:24 --> Undefined variable $route
in APPPATH/Controllers/Home.php on line 503.
 1 APPPATH/Controllers/Home.php(503): CodeIgniter\Debug\Exceptions->errorHandler(2, 'Undefined variable $route', 'APPPATH/Controllers/Home.php', 503)
 2 SYSTEMPATH/CodeIgniter.php(934): App\Controllers\Home->Schedules()
 3 SYSTEMPATH/CodeIgniter.php(499): CodeIgniter\CodeIgniter->runController(Object(App\Controllers\Home))
 4 SYSTEMPATH/CodeIgniter.php(368): CodeIgniter\CodeIgniter->handleRequest(null, Object(Config\Cache), false)
 5 FCPATH/index.php(67): CodeIgniter\CodeIgniter->run()
CRITICAL - 2024-10-21 02:03:24 --> Undefined variable $route
in APPPATH/Controllers/Home.php on line 503.
 1 APPPATH/Controllers/Home.php(503): CodeIgniter\Debug\Exceptions->errorHandler(2, 'Undefined variable $route', 'APPPATH/Controllers/Home.php', 503)
 2 SYSTEMPATH/CodeIgniter.php(934): App\Controllers\Home->Schedules()
 3 SYSTEMPATH/CodeIgniter.php(499): CodeIgniter\CodeIgniter->runController(Object(App\Controllers\Home))
 4 SYSTEMPATH/CodeIgniter.php(368): CodeIgniter\CodeIgniter->handleRequest(null, Object(Config\Cache), false)
 5 FCPATH/index.php(67): CodeIgniter\CodeIgniter->run()
CRITICAL - 2024-10-21 02:03:25 --> Undefined variable $route
in APPPATH/Controllers/Home.php on line 503.
 1 APPPATH/Controllers/Home.php(503): CodeIgniter\Debug\Exceptions->errorHandler(2, 'Undefined variable $route', 'APPPATH/Controllers/Home.php', 503)
 2 SYSTEMPATH/CodeIgniter.php(934): App\Controllers\Home->Schedules()
 3 SYSTEMPATH/CodeIgniter.php(499): CodeIgniter\CodeIgniter->runController(Object(App\Controllers\Home))
 4 SYSTEMPATH/CodeIgniter.php(368): CodeIgniter\CodeIgniter->handleRequest(null, Object(Config\Cache), false)
 5 FCPATH/index.php(67): CodeIgniter\CodeIgniter->run()
