ERROR - 2024-03-25 03:44:56 --> Error connecting to the database: mysqli_sql_exception: User cvr8mc2c_9285_cg already has more than 'max_user_connections' active connections in /home4/cvr8mc2c/merchant/system/Database/MySQLi/Connection.php:173
Stack trace:
#0 /home4/cvr8mc2c/merchant/system/Database/MySQLi/Connection.php(173): mysqli->real_connect('localhost', 'cvr8mc2c_9285_c...', Object(SensitiveParameterValue), 'cvr8mc2c_ticket...', 3306, '', 0)
#1 /home4/cvr8mc2c/merchant/system/Database/BaseConnection.php(391): CodeIgniter\Database\MySQLi\Connection->connect(false)
#2 /home4/cvr8mc2c/merchant/system/Database/BaseConnection.php(573): CodeIgniter\Database\BaseConnection->initialize()
#3 /home4/cvr8mc2c/merchant/system/Database/BaseBuilder.php(1602): CodeIgniter\Database\BaseConnection->query('SELECT 1\nFROM `...', Array, false)
#4 /home4/cvr8mc2c/merchant/system/Validation/StrictRules/Rules.php(147): CodeIgniter\Database\BaseBuilder->get()
#5 /home4/cvr8mc2c/merchant/system/Validation/Validation.php(312): CodeIgniter\Validation\StrictRules\Rules->is_not_unique('linglingmortale...', 'Email', Array, NULL, 'email')
#6 /home4/cvr8mc2c/merchant/system/Validation/Validation.php(170): CodeIgniter\Validation\Validation->processRules('email', 'email', 'linglingmortale...', Array, Array)
#7 /home4/cvr8mc2c/merchant/system/Controller.php(140): CodeIgniter\Validation\Validation->run()
#8 /home4/cvr8mc2c/merchant/app/Controllers/Home.php(484): CodeIgniter\Controller->validate(Array)
#9 /home4/cvr8mc2c/merchant/system/CodeIgniter.php(934): App\Controllers\Home->Authenticate()
#10 /home4/cvr8mc2c/merchant/system/CodeIgniter.php(499): CodeIgniter\CodeIgniter->runController(Object(App\Controllers\Home))
#11 /home4/cvr8mc2c/merchant/system/CodeIgniter.php(368): CodeIgniter\CodeIgniter->handleRequest(NULL, Object(Config\Cache), false)
#12 /home4/cvr8mc2c/merchant.fastcat-book.com/index.php(67): CodeIgniter\CodeIgniter->run()
#13 {main}

Next CodeIgniter\Database\Exceptions\DatabaseException: User **** already has more than 'max_user_connections' active connections in /home4/cvr8mc2c/merchant/system/Database/MySQLi/Connection.php:218
Stack trace:
#0 /home4/cvr8mc2c/merchant/system/Database/BaseConnection.php(391): CodeIgniter\Database\MySQLi\Connection->connect(false)
#1 /home4/cvr8mc2c/merchant/system/Database/BaseConnection.php(573): CodeIgniter\Database\BaseConnection->initialize()
#2 /home4/cvr8mc2c/merchant/system/Database/BaseBuilder.php(1602): CodeIgniter\Database\BaseConnection->query('SELECT 1\nFROM `...', Array, false)
#3 /home4/cvr8mc2c/merchant/system/Validation/StrictRules/Rules.php(147): CodeIgniter\Database\BaseBuilder->get()
#4 /home4/cvr8mc2c/merchant/system/Validation/Validation.php(312): CodeIgniter\Validation\StrictRules\Rules->is_not_unique('linglingmortale...', 'Email', Array, NULL, 'email')
#5 /home4/cvr8mc2c/merchant/system/Validation/Validation.php(170): CodeIgniter\Validation\Validation->processRules('email', 'email', 'linglingmortale...', Array, Array)
#6 /home4/cvr8mc2c/merchant/system/Controller.php(140): CodeIgniter\Validation\Validation->run()
#7 /home4/cvr8mc2c/merchant/app/Controllers/Home.php(484): CodeIgniter\Controller->validate(Array)
#8 /home4/cvr8mc2c/merchant/system/CodeIgniter.php(934): App\Controllers\Home->Authenticate()
#9 /home4/cvr8mc2c/merchant/system/CodeIgniter.php(499): CodeIgniter\CodeIgniter->runController(Object(App\Controllers\Home))
#10 /home4/cvr8mc2c/merchant/system/CodeIgniter.php(368): CodeIgniter\CodeIgniter->handleRequest(NULL, Object(Config\Cache), false)
#11 /home4/cvr8mc2c/merchant.fastcat-book.com/index.php(67): CodeIgniter\CodeIgniter->run()
#12 {main}
CRITICAL - 2024-03-25 03:44:56 --> Unable to connect to the database.
Main connection [MySQLi]: User **** already has more than 'max_user_connections' active connections
in SYSTEMPATH/Database/BaseConnection.php on line 427.
 1 SYSTEMPATH/Database/BaseConnection.php(573): CodeIgniter\Database\BaseConnection->initialize()
 2 SYSTEMPATH/Database/BaseBuilder.php(1602): CodeIgniter\Database\BaseConnection->query('SELECT 1
FROM `tblmerchant`
WHERE `Email` = :Email:
 LIMIT 1', [...], false)
 3 SYSTEMPATH/Validation/StrictRules/Rules.php(147): CodeIgniter\Database\BaseBuilder->get()
 4 SYSTEMPATH/Validation/Validation.php(312): CodeIgniter\Validation\StrictRules\Rules->is_not_unique('linglingmortales@yahoo.com', 'Email', [...], null, 'email')
 5 SYSTEMPATH/Validation/Validation.php(170): CodeIgniter\Validation\Validation->processRules('email', 'email', 'linglingmortales@yahoo.com', [...], [...])
 6 SYSTEMPATH/Controller.php(140): CodeIgniter\Validation\Validation->run()
 7 APPPATH/Controllers/Home.php(484): CodeIgniter\Controller->validate([...])
 8 SYSTEMPATH/CodeIgniter.php(934): App\Controllers\Home->Authenticate()
 9 SYSTEMPATH/CodeIgniter.php(499): CodeIgniter\CodeIgniter->runController(Object(App\Controllers\Home))
10 SYSTEMPATH/CodeIgniter.php(368): CodeIgniter\CodeIgniter->handleRequest(null, Object(Config\Cache), false)
11 FCPATH/index.php(67): CodeIgniter\CodeIgniter->run()
ERROR - 2024-03-25 03:53:09 --> Error connecting to the database: mysqli_sql_exception: User cvr8mc2c_9285_cg already has more than 'max_user_connections' active connections in /home4/cvr8mc2c/merchant/system/Database/MySQLi/Connection.php:173
Stack trace:
#0 /home4/cvr8mc2c/merchant/system/Database/MySQLi/Connection.php(173): mysqli->real_connect('localhost', 'cvr8mc2c_9285_c...', Object(SensitiveParameterValue), 'cvr8mc2c_ticket...', 3306, '', 0)
#1 /home4/cvr8mc2c/merchant/system/Database/BaseConnection.php(391): CodeIgniter\Database\MySQLi\Connection->connect(false)
#2 /home4/cvr8mc2c/merchant/system/Database/BaseConnection.php(573): CodeIgniter\Database\BaseConnection->initialize()
#3 /home4/cvr8mc2c/merchant/system/Database/BaseBuilder.php(1602): CodeIgniter\Database\BaseConnection->query('SELECT *\nFROM `...', Array, false)
#4 /home4/cvr8mc2c/merchant/system/Model.php(199): CodeIgniter\Database\BaseBuilder->get()
#5 /home4/cvr8mc2c/merchant/system/BaseModel.php(557): CodeIgniter\Model->doFind(true, '111')
#6 /home4/cvr8mc2c/merchant/app/Controllers/Home.php(103): CodeIgniter\BaseModel->find('111')
#7 /home4/cvr8mc2c/merchant/system/CodeIgniter.php(934): App\Controllers\Home->Book()
#8 /home4/cvr8mc2c/merchant/system/CodeIgniter.php(499): CodeIgniter\CodeIgniter->runController(Object(App\Controllers\Home))
#9 /home4/cvr8mc2c/merchant/system/CodeIgniter.php(368): CodeIgniter\CodeIgniter->handleRequest(NULL, Object(Config\Cache), false)
#10 /home4/cvr8mc2c/merchant.fastcat-book.com/index.php(67): CodeIgniter\CodeIgniter->run()
#11 {main}

Next CodeIgniter\Database\Exceptions\DatabaseException: User **** already has more than 'max_user_connections' active connections in /home4/cvr8mc2c/merchant/system/Database/MySQLi/Connection.php:218
Stack trace:
#0 /home4/cvr8mc2c/merchant/system/Database/BaseConnection.php(391): CodeIgniter\Database\MySQLi\Connection->connect(false)
#1 /home4/cvr8mc2c/merchant/system/Database/BaseConnection.php(573): CodeIgniter\Database\BaseConnection->initialize()
#2 /home4/cvr8mc2c/merchant/system/Database/BaseBuilder.php(1602): CodeIgniter\Database\BaseConnection->query('SELECT *\nFROM `...', Array, false)
#3 /home4/cvr8mc2c/merchant/system/Model.php(199): CodeIgniter\Database\BaseBuilder->get()
#4 /home4/cvr8mc2c/merchant/system/BaseModel.php(557): CodeIgniter\Model->doFind(true, '111')
#5 /home4/cvr8mc2c/merchant/app/Controllers/Home.php(103): CodeIgniter\BaseModel->find('111')
#6 /home4/cvr8mc2c/merchant/system/CodeIgniter.php(934): App\Controllers\Home->Book()
#7 /home4/cvr8mc2c/merchant/system/CodeIgniter.php(499): CodeIgniter\CodeIgniter->runController(Object(App\Controllers\Home))
#8 /home4/cvr8mc2c/merchant/system/CodeIgniter.php(368): CodeIgniter\CodeIgniter->handleRequest(NULL, Object(Config\Cache), false)
#9 /home4/cvr8mc2c/merchant.fastcat-book.com/index.php(67): CodeIgniter\CodeIgniter->run()
#10 {main}
CRITICAL - 2024-03-25 03:53:09 --> Unable to connect to the database.
Main connection [MySQLi]: User **** already has more than 'max_user_connections' active connections
in SYSTEMPATH/Database/BaseConnection.php on line 427.
 1 SYSTEMPATH/Database/BaseConnection.php(573): CodeIgniter\Database\BaseConnection->initialize()
 2 SYSTEMPATH/Database/BaseBuilder.php(1602): CodeIgniter\Database\BaseConnection->query('SELECT *
FROM `tblmerchant`
WHERE `tblmerchant`.`merchantID` = :tblmerchant.merchantID:', [...], false)
 3 SYSTEMPATH/Model.php(199): CodeIgniter\Database\BaseBuilder->get()
 4 SYSTEMPATH/BaseModel.php(557): CodeIgniter\Model->doFind(true, '111')
 5 APPPATH/Controllers/Home.php(103): CodeIgniter\BaseModel->find('111')
 6 SYSTEMPATH/CodeIgniter.php(934): App\Controllers\Home->Book()
 7 SYSTEMPATH/CodeIgniter.php(499): CodeIgniter\CodeIgniter->runController(Object(App\Controllers\Home))
 8 SYSTEMPATH/CodeIgniter.php(368): CodeIgniter\CodeIgniter->handleRequest(null, Object(Config\Cache), false)
 9 FCPATH/index.php(67): CodeIgniter\CodeIgniter->run()
ERROR - 2024-03-25 03:53:26 --> Error connecting to the database: mysqli_sql_exception: User cvr8mc2c_9285_cg already has more than 'max_user_connections' active connections in /home4/cvr8mc2c/merchant/system/Database/MySQLi/Connection.php:173
Stack trace:
#0 /home4/cvr8mc2c/merchant/system/Database/MySQLi/Connection.php(173): mysqli->real_connect('localhost', 'cvr8mc2c_9285_c...', Object(SensitiveParameterValue), 'cvr8mc2c_ticket...', 3306, '', 0)
#1 /home4/cvr8mc2c/merchant/system/Database/BaseConnection.php(391): CodeIgniter\Database\MySQLi\Connection->connect(false)
#2 /home4/cvr8mc2c/merchant/system/Database/BaseConnection.php(573): CodeIgniter\Database\BaseConnection->initialize()
#3 /home4/cvr8mc2c/merchant/system/Database/BaseBuilder.php(1602): CodeIgniter\Database\BaseConnection->query('SELECT *\nFROM `...', Array, false)
#4 /home4/cvr8mc2c/merchant/system/Model.php(199): CodeIgniter\Database\BaseBuilder->get()
#5 /home4/cvr8mc2c/merchant/system/BaseModel.php(557): CodeIgniter\Model->doFind(true, '111')
#6 /home4/cvr8mc2c/merchant/app/Controllers/Home.php(28): CodeIgniter\BaseModel->find('111')
#7 /home4/cvr8mc2c/merchant/system/CodeIgniter.php(934): App\Controllers\Home->Dashboard()
#8 /home4/cvr8mc2c/merchant/system/CodeIgniter.php(499): CodeIgniter\CodeIgniter->runController(Object(App\Controllers\Home))
#9 /home4/cvr8mc2c/merchant/system/CodeIgniter.php(368): CodeIgniter\CodeIgniter->handleRequest(NULL, Object(Config\Cache), false)
#10 /home4/cvr8mc2c/merchant.fastcat-book.com/index.php(67): CodeIgniter\CodeIgniter->run()
#11 {main}

Next CodeIgniter\Database\Exceptions\DatabaseException: User **** already has more than 'max_user_connections' active connections in /home4/cvr8mc2c/merchant/system/Database/MySQLi/Connection.php:218
Stack trace:
#0 /home4/cvr8mc2c/merchant/system/Database/BaseConnection.php(391): CodeIgniter\Database\MySQLi\Connection->connect(false)
#1 /home4/cvr8mc2c/merchant/system/Database/BaseConnection.php(573): CodeIgniter\Database\BaseConnection->initialize()
#2 /home4/cvr8mc2c/merchant/system/Database/BaseBuilder.php(1602): CodeIgniter\Database\BaseConnection->query('SELECT *\nFROM `...', Array, false)
#3 /home4/cvr8mc2c/merchant/system/Model.php(199): CodeIgniter\Database\BaseBuilder->get()
#4 /home4/cvr8mc2c/merchant/system/BaseModel.php(557): CodeIgniter\Model->doFind(true, '111')
#5 /home4/cvr8mc2c/merchant/app/Controllers/Home.php(28): CodeIgniter\BaseModel->find('111')
#6 /home4/cvr8mc2c/merchant/system/CodeIgniter.php(934): App\Controllers\Home->Dashboard()
#7 /home4/cvr8mc2c/merchant/system/CodeIgniter.php(499): CodeIgniter\CodeIgniter->runController(Object(App\Controllers\Home))
#8 /home4/cvr8mc2c/merchant/system/CodeIgniter.php(368): CodeIgniter\CodeIgniter->handleRequest(NULL, Object(Config\Cache), false)
#9 /home4/cvr8mc2c/merchant.fastcat-book.com/index.php(67): CodeIgniter\CodeIgniter->run()
#10 {main}
CRITICAL - 2024-03-25 03:53:26 --> Unable to connect to the database.
Main connection [MySQLi]: User **** already has more than 'max_user_connections' active connections
in SYSTEMPATH/Database/BaseConnection.php on line 427.
 1 SYSTEMPATH/Database/BaseConnection.php(573): CodeIgniter\Database\BaseConnection->initialize()
 2 SYSTEMPATH/Database/BaseBuilder.php(1602): CodeIgniter\Database\BaseConnection->query('SELECT *
FROM `tblmerchant`
WHERE `tblmerchant`.`merchantID` = :tblmerchant.merchantID:', [...], false)
 3 SYSTEMPATH/Model.php(199): CodeIgniter\Database\BaseBuilder->get()
 4 SYSTEMPATH/BaseModel.php(557): CodeIgniter\Model->doFind(true, '111')
 5 APPPATH/Controllers/Home.php(28): CodeIgniter\BaseModel->find('111')
 6 SYSTEMPATH/CodeIgniter.php(934): App\Controllers\Home->Dashboard()
 7 SYSTEMPATH/CodeIgniter.php(499): CodeIgniter\CodeIgniter->runController(Object(App\Controllers\Home))
 8 SYSTEMPATH/CodeIgniter.php(368): CodeIgniter\CodeIgniter->handleRequest(null, Object(Config\Cache), false)
 9 FCPATH/index.php(67): CodeIgniter\CodeIgniter->run()
ERROR - 2024-03-25 03:53:59 --> Error connecting to the database: mysqli_sql_exception: User cvr8mc2c_9285_cg already has more than 'max_user_connections' active connections in /home4/cvr8mc2c/merchant/system/Database/MySQLi/Connection.php:173
Stack trace:
#0 /home4/cvr8mc2c/merchant/system/Database/MySQLi/Connection.php(173): mysqli->real_connect('localhost', 'cvr8mc2c_9285_c...', Object(SensitiveParameterValue), 'cvr8mc2c_ticket...', 3306, '', 0)
#1 /home4/cvr8mc2c/merchant/system/Database/BaseConnection.php(391): CodeIgniter\Database\MySQLi\Connection->connect(false)
#2 /home4/cvr8mc2c/merchant/system/Database/BaseConnection.php(573): CodeIgniter\Database\BaseConnection->initialize()
#3 /home4/cvr8mc2c/merchant/system/Database/BaseBuilder.php(1602): CodeIgniter\Database\BaseConnection->query('SELECT *\nFROM `...', Array, false)
#4 /home4/cvr8mc2c/merchant/system/Model.php(199): CodeIgniter\Database\BaseBuilder->get()
#5 /home4/cvr8mc2c/merchant/system/BaseModel.php(557): CodeIgniter\Model->doFind(true, '111')
#6 /home4/cvr8mc2c/merchant/app/Controllers/Home.php(56): CodeIgniter\BaseModel->find('111')
#7 /home4/cvr8mc2c/merchant/system/CodeIgniter.php(934): App\Controllers\Home->Payment('IA-0000856-10')
#8 /home4/cvr8mc2c/merchant/system/CodeIgniter.php(499): CodeIgniter\CodeIgniter->runController(Object(App\Controllers\Home))
#9 /home4/cvr8mc2c/merchant/system/CodeIgniter.php(368): CodeIgniter\CodeIgniter->handleRequest(NULL, Object(Config\Cache), false)
#10 /home4/cvr8mc2c/merchant.fastcat-book.com/index.php(67): CodeIgniter\CodeIgniter->run()
#11 {main}

Next CodeIgniter\Database\Exceptions\DatabaseException: User **** already has more than 'max_user_connections' active connections in /home4/cvr8mc2c/merchant/system/Database/MySQLi/Connection.php:218
Stack trace:
#0 /home4/cvr8mc2c/merchant/system/Database/BaseConnection.php(391): CodeIgniter\Database\MySQLi\Connection->connect(false)
#1 /home4/cvr8mc2c/merchant/system/Database/BaseConnection.php(573): CodeIgniter\Database\BaseConnection->initialize()
#2 /home4/cvr8mc2c/merchant/system/Database/BaseBuilder.php(1602): CodeIgniter\Database\BaseConnection->query('SELECT *\nFROM `...', Array, false)
#3 /home4/cvr8mc2c/merchant/system/Model.php(199): CodeIgniter\Database\BaseBuilder->get()
#4 /home4/cvr8mc2c/merchant/system/BaseModel.php(557): CodeIgniter\Model->doFind(true, '111')
#5 /home4/cvr8mc2c/merchant/app/Controllers/Home.php(56): CodeIgniter\BaseModel->find('111')
#6 /home4/cvr8mc2c/merchant/system/CodeIgniter.php(934): App\Controllers\Home->Payment('IA-0000856-10')
#7 /home4/cvr8mc2c/merchant/system/CodeIgniter.php(499): CodeIgniter\CodeIgniter->runController(Object(App\Controllers\Home))
#8 /home4/cvr8mc2c/merchant/system/CodeIgniter.php(368): CodeIgniter\CodeIgniter->handleRequest(NULL, Object(Config\Cache), false)
#9 /home4/cvr8mc2c/merchant.fastcat-book.com/index.php(67): CodeIgniter\CodeIgniter->run()
#10 {main}
CRITICAL - 2024-03-25 03:53:59 --> Unable to connect to the database.
Main connection [MySQLi]: User **** already has more than 'max_user_connections' active connections
in SYSTEMPATH/Database/BaseConnection.php on line 427.
 1 SYSTEMPATH/Database/BaseConnection.php(573): CodeIgniter\Database\BaseConnection->initialize()
 2 SYSTEMPATH/Database/BaseBuilder.php(1602): CodeIgniter\Database\BaseConnection->query('SELECT *
FROM `tblmerchant`
WHERE `tblmerchant`.`merchantID` = :tblmerchant.merchantID:', [...], false)
 3 SYSTEMPATH/Model.php(199): CodeIgniter\Database\BaseBuilder->get()
 4 SYSTEMPATH/BaseModel.php(557): CodeIgniter\Model->doFind(true, '111')
 5 APPPATH/Controllers/Home.php(56): CodeIgniter\BaseModel->find('111')
 6 SYSTEMPATH/CodeIgniter.php(934): App\Controllers\Home->Payment('IA-0000856-10')
 7 SYSTEMPATH/CodeIgniter.php(499): CodeIgniter\CodeIgniter->runController(Object(App\Controllers\Home))
 8 SYSTEMPATH/CodeIgniter.php(368): CodeIgniter\CodeIgniter->handleRequest(null, Object(Config\Cache), false)
 9 FCPATH/index.php(67): CodeIgniter\CodeIgniter->run()
ERROR - 2024-03-25 03:56:01 --> Error connecting to the database: mysqli_sql_exception: User cvr8mc2c_9285_cg already has more than 'max_user_connections' active connections in /home4/cvr8mc2c/merchant/system/Database/MySQLi/Connection.php:173
Stack trace:
#0 /home4/cvr8mc2c/merchant/system/Database/MySQLi/Connection.php(173): mysqli->real_connect('localhost', 'cvr8mc2c_9285_c...', Object(SensitiveParameterValue), 'cvr8mc2c_ticket...', 3306, '', 0)
#1 /home4/cvr8mc2c/merchant/system/Database/BaseConnection.php(391): CodeIgniter\Database\MySQLi\Connection->connect(false)
#2 /home4/cvr8mc2c/merchant/system/Database/BaseConnection.php(573): CodeIgniter\Database\BaseConnection->initialize()
#3 /home4/cvr8mc2c/merchant/system/Database/BaseBuilder.php(1602): CodeIgniter\Database\BaseConnection->query('SELECT 1\nFROM `...', Array, false)
#4 /home4/cvr8mc2c/merchant/system/Validation/StrictRules/Rules.php(147): CodeIgniter\Database\BaseBuilder->get()
#5 /home4/cvr8mc2c/merchant/system/Validation/Validation.php(312): CodeIgniter\Validation\StrictRules\Rules->is_not_unique('tripboholticket...', 'Email', Array, NULL, 'email')
#6 /home4/cvr8mc2c/merchant/system/Validation/Validation.php(170): CodeIgniter\Validation\Validation->processRules('email', 'email', 'tripboholticket...', Array, Array)
#7 /home4/cvr8mc2c/merchant/system/Controller.php(140): CodeIgniter\Validation\Validation->run()
#8 /home4/cvr8mc2c/merchant/app/Controllers/Home.php(484): CodeIgniter\Controller->validate(Array)
#9 /home4/cvr8mc2c/merchant/system/CodeIgniter.php(934): App\Controllers\Home->Authenticate()
#10 /home4/cvr8mc2c/merchant/system/CodeIgniter.php(499): CodeIgniter\CodeIgniter->runController(Object(App\Controllers\Home))
#11 /home4/cvr8mc2c/merchant/system/CodeIgniter.php(368): CodeIgniter\CodeIgniter->handleRequest(NULL, Object(Config\Cache), false)
#12 /home4/cvr8mc2c/merchant.fastcat-book.com/index.php(67): CodeIgniter\CodeIgniter->run()
#13 {main}

Next CodeIgniter\Database\Exceptions\DatabaseException: User **** already has more than 'max_user_connections' active connections in /home4/cvr8mc2c/merchant/system/Database/MySQLi/Connection.php:218
Stack trace:
#0 /home4/cvr8mc2c/merchant/system/Database/BaseConnection.php(391): CodeIgniter\Database\MySQLi\Connection->connect(false)
#1 /home4/cvr8mc2c/merchant/system/Database/BaseConnection.php(573): CodeIgniter\Database\BaseConnection->initialize()
#2 /home4/cvr8mc2c/merchant/system/Database/BaseBuilder.php(1602): CodeIgniter\Database\BaseConnection->query('SELECT 1\nFROM `...', Array, false)
#3 /home4/cvr8mc2c/merchant/system/Validation/StrictRules/Rules.php(147): CodeIgniter\Database\BaseBuilder->get()
#4 /home4/cvr8mc2c/merchant/system/Validation/Validation.php(312): CodeIgniter\Validation\StrictRules\Rules->is_not_unique('tripboholticket...', 'Email', Array, NULL, 'email')
#5 /home4/cvr8mc2c/merchant/system/Validation/Validation.php(170): CodeIgniter\Validation\Validation->processRules('email', 'email', 'tripboholticket...', Array, Array)
#6 /home4/cvr8mc2c/merchant/system/Controller.php(140): CodeIgniter\Validation\Validation->run()
#7 /home4/cvr8mc2c/merchant/app/Controllers/Home.php(484): CodeIgniter\Controller->validate(Array)
#8 /home4/cvr8mc2c/merchant/system/CodeIgniter.php(934): App\Controllers\Home->Authenticate()
#9 /home4/cvr8mc2c/merchant/system/CodeIgniter.php(499): CodeIgniter\CodeIgniter->runController(Object(App\Controllers\Home))
#10 /home4/cvr8mc2c/merchant/system/CodeIgniter.php(368): CodeIgniter\CodeIgniter->handleRequest(NULL, Object(Config\Cache), false)
#11 /home4/cvr8mc2c/merchant.fastcat-book.com/index.php(67): CodeIgniter\CodeIgniter->run()
#12 {main}
CRITICAL - 2024-03-25 03:56:01 --> Unable to connect to the database.
Main connection [MySQLi]: User **** already has more than 'max_user_connections' active connections
in SYSTEMPATH/Database/BaseConnection.php on line 427.
 1 SYSTEMPATH/Database/BaseConnection.php(573): CodeIgniter\Database\BaseConnection->initialize()
 2 SYSTEMPATH/Database/BaseBuilder.php(1602): CodeIgniter\Database\BaseConnection->query('SELECT 1
FROM `tblmerchant`
WHERE `Email` = :Email:
 LIMIT 1', [...], false)
 3 SYSTEMPATH/Validation/StrictRules/Rules.php(147): CodeIgniter\Database\BaseBuilder->get()
 4 SYSTEMPATH/Validation/Validation.php(312): CodeIgniter\Validation\StrictRules\Rules->is_not_unique('tripboholticketing@yahoo.com', 'Email', [...], null, 'email')
 5 SYSTEMPATH/Validation/Validation.php(170): CodeIgniter\Validation\Validation->processRules('email', 'email', 'tripboholticketing@yahoo.com', [...], [...])
 6 SYSTEMPATH/Controller.php(140): CodeIgniter\Validation\Validation->run()
 7 APPPATH/Controllers/Home.php(484): CodeIgniter\Controller->validate([...])
 8 SYSTEMPATH/CodeIgniter.php(934): App\Controllers\Home->Authenticate()
 9 SYSTEMPATH/CodeIgniter.php(499): CodeIgniter\CodeIgniter->runController(Object(App\Controllers\Home))
10 SYSTEMPATH/CodeIgniter.php(368): CodeIgniter\CodeIgniter->handleRequest(null, Object(Config\Cache), false)
11 FCPATH/index.php(67): CodeIgniter\CodeIgniter->run()
ERROR - 2024-03-25 03:56:52 --> Error connecting to the database: mysqli_sql_exception: User cvr8mc2c_9285_cg already has more than 'max_user_connections' active connections in /home4/cvr8mc2c/merchant/system/Database/MySQLi/Connection.php:173
Stack trace:
#0 /home4/cvr8mc2c/merchant/system/Database/MySQLi/Connection.php(173): mysqli->real_connect('localhost', 'cvr8mc2c_9285_c...', Object(SensitiveParameterValue), 'cvr8mc2c_ticket...', 3306, '', 0)
#1 /home4/cvr8mc2c/merchant/system/Database/BaseConnection.php(391): CodeIgniter\Database\MySQLi\Connection->connect(false)
#2 /home4/cvr8mc2c/merchant/system/Database/BaseConnection.php(573): CodeIgniter\Database\BaseConnection->initialize()
#3 /home4/cvr8mc2c/merchant/system/Database/BaseBuilder.php(1602): CodeIgniter\Database\BaseConnection->query('SELECT *\nFROM `...', Array, false)
#4 /home4/cvr8mc2c/merchant/system/Model.php(199): CodeIgniter\Database\BaseBuilder->get()
#5 /home4/cvr8mc2c/merchant/system/BaseModel.php(557): CodeIgniter\Model->doFind(true, '111')
#6 /home4/cvr8mc2c/merchant/app/Controllers/Home.php(56): CodeIgniter\BaseModel->find('111')
#7 /home4/cvr8mc2c/merchant/system/CodeIgniter.php(934): App\Controllers\Home->Payment('IA-0000856-10')
#8 /home4/cvr8mc2c/merchant/system/CodeIgniter.php(499): CodeIgniter\CodeIgniter->runController(Object(App\Controllers\Home))
#9 /home4/cvr8mc2c/merchant/system/CodeIgniter.php(368): CodeIgniter\CodeIgniter->handleRequest(NULL, Object(Config\Cache), false)
#10 /home4/cvr8mc2c/merchant.fastcat-book.com/index.php(67): CodeIgniter\CodeIgniter->run()
#11 {main}

Next CodeIgniter\Database\Exceptions\DatabaseException: User **** already has more than 'max_user_connections' active connections in /home4/cvr8mc2c/merchant/system/Database/MySQLi/Connection.php:218
Stack trace:
#0 /home4/cvr8mc2c/merchant/system/Database/BaseConnection.php(391): CodeIgniter\Database\MySQLi\Connection->connect(false)
#1 /home4/cvr8mc2c/merchant/system/Database/BaseConnection.php(573): CodeIgniter\Database\BaseConnection->initialize()
#2 /home4/cvr8mc2c/merchant/system/Database/BaseBuilder.php(1602): CodeIgniter\Database\BaseConnection->query('SELECT *\nFROM `...', Array, false)
#3 /home4/cvr8mc2c/merchant/system/Model.php(199): CodeIgniter\Database\BaseBuilder->get()
#4 /home4/cvr8mc2c/merchant/system/BaseModel.php(557): CodeIgniter\Model->doFind(true, '111')
#5 /home4/cvr8mc2c/merchant/app/Controllers/Home.php(56): CodeIgniter\BaseModel->find('111')
#6 /home4/cvr8mc2c/merchant/system/CodeIgniter.php(934): App\Controllers\Home->Payment('IA-0000856-10')
#7 /home4/cvr8mc2c/merchant/system/CodeIgniter.php(499): CodeIgniter\CodeIgniter->runController(Object(App\Controllers\Home))
#8 /home4/cvr8mc2c/merchant/system/CodeIgniter.php(368): CodeIgniter\CodeIgniter->handleRequest(NULL, Object(Config\Cache), false)
#9 /home4/cvr8mc2c/merchant.fastcat-book.com/index.php(67): CodeIgniter\CodeIgniter->run()
#10 {main}
CRITICAL - 2024-03-25 03:56:52 --> Unable to connect to the database.
Main connection [MySQLi]: User **** already has more than 'max_user_connections' active connections
in SYSTEMPATH/Database/BaseConnection.php on line 427.
 1 SYSTEMPATH/Database/BaseConnection.php(573): CodeIgniter\Database\BaseConnection->initialize()
 2 SYSTEMPATH/Database/BaseBuilder.php(1602): CodeIgniter\Database\BaseConnection->query('SELECT *
FROM `tblmerchant`
WHERE `tblmerchant`.`merchantID` = :tblmerchant.merchantID:', [...], false)
 3 SYSTEMPATH/Model.php(199): CodeIgniter\Database\BaseBuilder->get()
 4 SYSTEMPATH/BaseModel.php(557): CodeIgniter\Model->doFind(true, '111')
 5 APPPATH/Controllers/Home.php(56): CodeIgniter\BaseModel->find('111')
 6 SYSTEMPATH/CodeIgniter.php(934): App\Controllers\Home->Payment('IA-0000856-10')
 7 SYSTEMPATH/CodeIgniter.php(499): CodeIgniter\CodeIgniter->runController(Object(App\Controllers\Home))
 8 SYSTEMPATH/CodeIgniter.php(368): CodeIgniter\CodeIgniter->handleRequest(null, Object(Config\Cache), false)
 9 FCPATH/index.php(67): CodeIgniter\CodeIgniter->run()
CRITICAL - 2024-03-25 05:19:13 --> Undefined variable $resultData
in APPPATH/Controllers/PassengerController.php on line 568.
 1 APPPATH/Controllers/PassengerController.php(568): CodeIgniter\Debug\Exceptions->errorHandler(2, 'Undefined variable $resultData', 'APPPATH/Controllers/PassengerController.php', 568)
 2 SYSTEMPATH/CodeIgniter.php(934): App\Controllers\PassengerController->savePassenger()
 3 SYSTEMPATH/CodeIgniter.php(499): CodeIgniter\CodeIgniter->runController(Object(App\Controllers\PassengerController))
 4 SYSTEMPATH/CodeIgniter.php(368): CodeIgniter\CodeIgniter->handleRequest(null, Object(Config\Cache), false)
 5 FCPATH/index.php(67): CodeIgniter\CodeIgniter->run()
CRITICAL - 2024-03-25 05:19:25 --> Undefined variable $resultData
in APPPATH/Controllers/PassengerController.php on line 568.
 1 APPPATH/Controllers/PassengerController.php(568): CodeIgniter\Debug\Exceptions->errorHandler(2, 'Undefined variable $resultData', 'APPPATH/Controllers/PassengerController.php', 568)
 2 SYSTEMPATH/CodeIgniter.php(934): App\Controllers\PassengerController->savePassenger()
 3 SYSTEMPATH/CodeIgniter.php(499): CodeIgniter\CodeIgniter->runController(Object(App\Controllers\PassengerController))
 4 SYSTEMPATH/CodeIgniter.php(368): CodeIgniter\CodeIgniter->handleRequest(null, Object(Config\Cache), false)
 5 FCPATH/index.php(67): CodeIgniter\CodeIgniter->run()
CRITICAL - 2024-03-25 05:21:07 --> Undefined variable $resultData
in APPPATH/Controllers/PassengerController.php on line 568.
 1 APPPATH/Controllers/PassengerController.php(568): CodeIgniter\Debug\Exceptions->errorHandler(2, 'Undefined variable $resultData', 'APPPATH/Controllers/PassengerController.php', 568)
 2 SYSTEMPATH/CodeIgniter.php(934): App\Controllers\PassengerController->savePassenger()
 3 SYSTEMPATH/CodeIgniter.php(499): CodeIgniter\CodeIgniter->runController(Object(App\Controllers\PassengerController))
 4 SYSTEMPATH/CodeIgniter.php(368): CodeIgniter\CodeIgniter->handleRequest(null, Object(Config\Cache), false)
 5 FCPATH/index.php(67): CodeIgniter\CodeIgniter->run()
CRITICAL - 2024-03-25 05:22:48 --> Undefined variable $resultData
in APPPATH/Controllers/PassengerController.php on line 568.
 1 APPPATH/Controllers/PassengerController.php(568): CodeIgniter\Debug\Exceptions->errorHandler(2, 'Undefined variable $resultData', 'APPPATH/Controllers/PassengerController.php', 568)
 2 SYSTEMPATH/CodeIgniter.php(934): App\Controllers\PassengerController->savePassenger()
 3 SYSTEMPATH/CodeIgniter.php(499): CodeIgniter\CodeIgniter->runController(Object(App\Controllers\PassengerController))
 4 SYSTEMPATH/CodeIgniter.php(368): CodeIgniter\CodeIgniter->handleRequest(null, Object(Config\Cache), false)
 5 FCPATH/index.php(67): CodeIgniter\CodeIgniter->run()
CRITICAL - 2024-03-25 05:23:26 --> Undefined variable $resultData
in APPPATH/Controllers/PassengerController.php on line 568.
 1 APPPATH/Controllers/PassengerController.php(568): CodeIgniter\Debug\Exceptions->errorHandler(2, 'Undefined variable $resultData', 'APPPATH/Controllers/PassengerController.php', 568)
 2 SYSTEMPATH/CodeIgniter.php(934): App\Controllers\PassengerController->savePassenger()
 3 SYSTEMPATH/CodeIgniter.php(499): CodeIgniter\CodeIgniter->runController(Object(App\Controllers\PassengerController))
 4 SYSTEMPATH/CodeIgniter.php(368): CodeIgniter\CodeIgniter->handleRequest(null, Object(Config\Cache), false)
 5 FCPATH/index.php(67): CodeIgniter\CodeIgniter->run()
CRITICAL - 2024-03-25 05:23:40 --> Undefined variable $resultData
in APPPATH/Controllers/PassengerController.php on line 568.
 1 APPPATH/Controllers/PassengerController.php(568): CodeIgniter\Debug\Exceptions->errorHandler(2, 'Undefined variable $resultData', 'APPPATH/Controllers/PassengerController.php', 568)
 2 SYSTEMPATH/CodeIgniter.php(934): App\Controllers\PassengerController->savePassenger()
 3 SYSTEMPATH/CodeIgniter.php(499): CodeIgniter\CodeIgniter->runController(Object(App\Controllers\PassengerController))
 4 SYSTEMPATH/CodeIgniter.php(368): CodeIgniter\CodeIgniter->handleRequest(null, Object(Config\Cache), false)
 5 FCPATH/index.php(67): CodeIgniter\CodeIgniter->run()
CRITICAL - 2024-03-25 05:25:14 --> Undefined variable $resultData
in APPPATH/Controllers/PassengerController.php on line 568.
 1 APPPATH/Controllers/PassengerController.php(568): CodeIgniter\Debug\Exceptions->errorHandler(2, 'Undefined variable $resultData', 'APPPATH/Controllers/PassengerController.php', 568)
 2 SYSTEMPATH/CodeIgniter.php(934): App\Controllers\PassengerController->savePassenger()
 3 SYSTEMPATH/CodeIgniter.php(499): CodeIgniter\CodeIgniter->runController(Object(App\Controllers\PassengerController))
 4 SYSTEMPATH/CodeIgniter.php(368): CodeIgniter\CodeIgniter->handleRequest(null, Object(Config\Cache), false)
 5 FCPATH/index.php(67): CodeIgniter\CodeIgniter->run()
CRITICAL - 2024-03-25 05:25:45 --> Undefined variable $resultData
in APPPATH/Controllers/PassengerController.php on line 568.
 1 APPPATH/Controllers/PassengerController.php(568): CodeIgniter\Debug\Exceptions->errorHandler(2, 'Undefined variable $resultData', 'APPPATH/Controllers/PassengerController.php', 568)
 2 SYSTEMPATH/CodeIgniter.php(934): App\Controllers\PassengerController->savePassenger()
 3 SYSTEMPATH/CodeIgniter.php(499): CodeIgniter\CodeIgniter->runController(Object(App\Controllers\PassengerController))
 4 SYSTEMPATH/CodeIgniter.php(368): CodeIgniter\CodeIgniter->handleRequest(null, Object(Config\Cache), false)
 5 FCPATH/index.php(67): CodeIgniter\CodeIgniter->run()
CRITICAL - 2024-03-25 05:26:33 --> Undefined variable $resultData
in APPPATH/Controllers/PassengerController.php on line 568.
 1 APPPATH/Controllers/PassengerController.php(568): CodeIgniter\Debug\Exceptions->errorHandler(2, 'Undefined variable $resultData', 'APPPATH/Controllers/PassengerController.php', 568)
 2 SYSTEMPATH/CodeIgniter.php(934): App\Controllers\PassengerController->savePassenger()
 3 SYSTEMPATH/CodeIgniter.php(499): CodeIgniter\CodeIgniter->runController(Object(App\Controllers\PassengerController))
 4 SYSTEMPATH/CodeIgniter.php(368): CodeIgniter\CodeIgniter->handleRequest(null, Object(Config\Cache), false)
 5 FCPATH/index.php(67): CodeIgniter\CodeIgniter->run()
CRITICAL - 2024-03-25 05:42:47 --> Undefined variable $resultData
in APPPATH/Controllers/PassengerController.php on line 568.
 1 APPPATH/Controllers/PassengerController.php(568): CodeIgniter\Debug\Exceptions->errorHandler(2, 'Undefined variable $resultData', 'APPPATH/Controllers/PassengerController.php', 568)
 2 SYSTEMPATH/CodeIgniter.php(934): App\Controllers\PassengerController->savePassenger()
 3 SYSTEMPATH/CodeIgniter.php(499): CodeIgniter\CodeIgniter->runController(Object(App\Controllers\PassengerController))
 4 SYSTEMPATH/CodeIgniter.php(368): CodeIgniter\CodeIgniter->handleRequest(null, Object(Config\Cache), false)
 5 FCPATH/index.php(67): CodeIgniter\CodeIgniter->run()
CRITICAL - 2024-03-25 05:43:13 --> Undefined variable $resultData
in APPPATH/Controllers/PassengerController.php on line 568.
 1 APPPATH/Controllers/PassengerController.php(568): CodeIgniter\Debug\Exceptions->errorHandler(2, 'Undefined variable $resultData', 'APPPATH/Controllers/PassengerController.php', 568)
 2 SYSTEMPATH/CodeIgniter.php(934): App\Controllers\PassengerController->savePassenger()
 3 SYSTEMPATH/CodeIgniter.php(499): CodeIgniter\CodeIgniter->runController(Object(App\Controllers\PassengerController))
 4 SYSTEMPATH/CodeIgniter.php(368): CodeIgniter\CodeIgniter->handleRequest(null, Object(Config\Cache), false)
 5 FCPATH/index.php(67): CodeIgniter\CodeIgniter->run()
CRITICAL - 2024-03-25 05:44:42 --> Undefined variable $resultData
in APPPATH/Controllers/PassengerController.php on line 568.
 1 APPPATH/Controllers/PassengerController.php(568): CodeIgniter\Debug\Exceptions->errorHandler(2, 'Undefined variable $resultData', 'APPPATH/Controllers/PassengerController.php', 568)
 2 SYSTEMPATH/CodeIgniter.php(934): App\Controllers\PassengerController->savePassenger()
 3 SYSTEMPATH/CodeIgniter.php(499): CodeIgniter\CodeIgniter->runController(Object(App\Controllers\PassengerController))
 4 SYSTEMPATH/CodeIgniter.php(368): CodeIgniter\CodeIgniter->handleRequest(null, Object(Config\Cache), false)
 5 FCPATH/index.php(67): CodeIgniter\CodeIgniter->run()
CRITICAL - 2024-03-25 05:48:41 --> Undefined variable $resultData
in APPPATH/Controllers/PassengerController.php on line 568.
 1 APPPATH/Controllers/PassengerController.php(568): CodeIgniter\Debug\Exceptions->errorHandler(2, 'Undefined variable $resultData', 'APPPATH/Controllers/PassengerController.php', 568)
 2 SYSTEMPATH/CodeIgniter.php(934): App\Controllers\PassengerController->savePassenger()
 3 SYSTEMPATH/CodeIgniter.php(499): CodeIgniter\CodeIgniter->runController(Object(App\Controllers\PassengerController))
 4 SYSTEMPATH/CodeIgniter.php(368): CodeIgniter\CodeIgniter->handleRequest(null, Object(Config\Cache), false)
 5 FCPATH/index.php(67): CodeIgniter\CodeIgniter->run()
CRITICAL - 2024-03-25 05:48:54 --> Undefined variable $resultData
in APPPATH/Controllers/PassengerController.php on line 568.
 1 APPPATH/Controllers/PassengerController.php(568): CodeIgniter\Debug\Exceptions->errorHandler(2, 'Undefined variable $resultData', 'APPPATH/Controllers/PassengerController.php', 568)
 2 SYSTEMPATH/CodeIgniter.php(934): App\Controllers\PassengerController->savePassenger()
 3 SYSTEMPATH/CodeIgniter.php(499): CodeIgniter\CodeIgniter->runController(Object(App\Controllers\PassengerController))
 4 SYSTEMPATH/CodeIgniter.php(368): CodeIgniter\CodeIgniter->handleRequest(null, Object(Config\Cache), false)
 5 FCPATH/index.php(67): CodeIgniter\CodeIgniter->run()
CRITICAL - 2024-03-25 05:49:42 --> Undefined variable $resultData
in APPPATH/Controllers/PassengerController.php on line 568.
 1 APPPATH/Controllers/PassengerController.php(568): CodeIgniter\Debug\Exceptions->errorHandler(2, 'Undefined variable $resultData', 'APPPATH/Controllers/PassengerController.php', 568)
 2 SYSTEMPATH/CodeIgniter.php(934): App\Controllers\PassengerController->savePassenger()
 3 SYSTEMPATH/CodeIgniter.php(499): CodeIgniter\CodeIgniter->runController(Object(App\Controllers\PassengerController))
 4 SYSTEMPATH/CodeIgniter.php(368): CodeIgniter\CodeIgniter->handleRequest(null, Object(Config\Cache), false)
 5 FCPATH/index.php(67): CodeIgniter\CodeIgniter->run()
CRITICAL - 2024-03-25 05:49:51 --> Undefined variable $resultData
in APPPATH/Controllers/PassengerController.php on line 568.
 1 APPPATH/Controllers/PassengerController.php(568): CodeIgniter\Debug\Exceptions->errorHandler(2, 'Undefined variable $resultData', 'APPPATH/Controllers/PassengerController.php', 568)
 2 SYSTEMPATH/CodeIgniter.php(934): App\Controllers\PassengerController->savePassenger()
 3 SYSTEMPATH/CodeIgniter.php(499): CodeIgniter\CodeIgniter->runController(Object(App\Controllers\PassengerController))
 4 SYSTEMPATH/CodeIgniter.php(368): CodeIgniter\CodeIgniter->handleRequest(null, Object(Config\Cache), false)
 5 FCPATH/index.php(67): CodeIgniter\CodeIgniter->run()
CRITICAL - 2024-03-25 05:50:03 --> Undefined variable $resultData
in APPPATH/Controllers/PassengerController.php on line 568.
 1 APPPATH/Controllers/PassengerController.php(568): CodeIgniter\Debug\Exceptions->errorHandler(2, 'Undefined variable $resultData', 'APPPATH/Controllers/PassengerController.php', 568)
 2 SYSTEMPATH/CodeIgniter.php(934): App\Controllers\PassengerController->savePassenger()
 3 SYSTEMPATH/CodeIgniter.php(499): CodeIgniter\CodeIgniter->runController(Object(App\Controllers\PassengerController))
 4 SYSTEMPATH/CodeIgniter.php(368): CodeIgniter\CodeIgniter->handleRequest(null, Object(Config\Cache), false)
 5 FCPATH/index.php(67): CodeIgniter\CodeIgniter->run()
CRITICAL - 2024-03-25 05:50:53 --> Undefined variable $resultData
in APPPATH/Controllers/PassengerController.php on line 568.
 1 APPPATH/Controllers/PassengerController.php(568): CodeIgniter\Debug\Exceptions->errorHandler(2, 'Undefined variable $resultData', 'APPPATH/Controllers/PassengerController.php', 568)
 2 SYSTEMPATH/CodeIgniter.php(934): App\Controllers\PassengerController->savePassenger()
 3 SYSTEMPATH/CodeIgniter.php(499): CodeIgniter\CodeIgniter->runController(Object(App\Controllers\PassengerController))
 4 SYSTEMPATH/CodeIgniter.php(368): CodeIgniter\CodeIgniter->handleRequest(null, Object(Config\Cache), false)
 5 FCPATH/index.php(67): CodeIgniter\CodeIgniter->run()
CRITICAL - 2024-03-25 05:52:55 --> Undefined variable $resultData
in APPPATH/Controllers/PassengerController.php on line 568.
 1 APPPATH/Controllers/PassengerController.php(568): CodeIgniter\Debug\Exceptions->errorHandler(2, 'Undefined variable $resultData', 'APPPATH/Controllers/PassengerController.php', 568)
 2 SYSTEMPATH/CodeIgniter.php(934): App\Controllers\PassengerController->savePassenger()
 3 SYSTEMPATH/CodeIgniter.php(499): CodeIgniter\CodeIgniter->runController(Object(App\Controllers\PassengerController))
 4 SYSTEMPATH/CodeIgniter.php(368): CodeIgniter\CodeIgniter->handleRequest(null, Object(Config\Cache), false)
 5 FCPATH/index.php(67): CodeIgniter\CodeIgniter->run()
CRITICAL - 2024-03-25 05:53:03 --> Undefined variable $resultData
in APPPATH/Controllers/PassengerController.php on line 568.
 1 APPPATH/Controllers/PassengerController.php(568): CodeIgniter\Debug\Exceptions->errorHandler(2, 'Undefined variable $resultData', 'APPPATH/Controllers/PassengerController.php', 568)
 2 SYSTEMPATH/CodeIgniter.php(934): App\Controllers\PassengerController->savePassenger()
 3 SYSTEMPATH/CodeIgniter.php(499): CodeIgniter\CodeIgniter->runController(Object(App\Controllers\PassengerController))
 4 SYSTEMPATH/CodeIgniter.php(368): CodeIgniter\CodeIgniter->handleRequest(null, Object(Config\Cache), false)
 5 FCPATH/index.php(67): CodeIgniter\CodeIgniter->run()
CRITICAL - 2024-03-25 05:53:44 --> Undefined variable $resultData
in APPPATH/Controllers/PassengerController.php on line 568.
 1 APPPATH/Controllers/PassengerController.php(568): CodeIgniter\Debug\Exceptions->errorHandler(2, 'Undefined variable $resultData', 'APPPATH/Controllers/PassengerController.php', 568)
 2 SYSTEMPATH/CodeIgniter.php(934): App\Controllers\PassengerController->savePassenger()
 3 SYSTEMPATH/CodeIgniter.php(499): CodeIgniter\CodeIgniter->runController(Object(App\Controllers\PassengerController))
 4 SYSTEMPATH/CodeIgniter.php(368): CodeIgniter\CodeIgniter->handleRequest(null, Object(Config\Cache), false)
 5 FCPATH/index.php(67): CodeIgniter\CodeIgniter->run()
CRITICAL - 2024-03-25 05:54:49 --> Undefined variable $resultData
in APPPATH/Controllers/PassengerController.php on line 568.
 1 APPPATH/Controllers/PassengerController.php(568): CodeIgniter\Debug\Exceptions->errorHandler(2, 'Undefined variable $resultData', 'APPPATH/Controllers/PassengerController.php', 568)
 2 SYSTEMPATH/CodeIgniter.php(934): App\Controllers\PassengerController->savePassenger()
 3 SYSTEMPATH/CodeIgniter.php(499): CodeIgniter\CodeIgniter->runController(Object(App\Controllers\PassengerController))
 4 SYSTEMPATH/CodeIgniter.php(368): CodeIgniter\CodeIgniter->handleRequest(null, Object(Config\Cache), false)
 5 FCPATH/index.php(67): CodeIgniter\CodeIgniter->run()
CRITICAL - 2024-03-25 05:59:25 --> Undefined variable $resultData
in APPPATH/Controllers/PassengerController.php on line 568.
 1 APPPATH/Controllers/PassengerController.php(568): CodeIgniter\Debug\Exceptions->errorHandler(2, 'Undefined variable $resultData', 'APPPATH/Controllers/PassengerController.php', 568)
 2 SYSTEMPATH/CodeIgniter.php(934): App\Controllers\PassengerController->savePassenger()
 3 SYSTEMPATH/CodeIgniter.php(499): CodeIgniter\CodeIgniter->runController(Object(App\Controllers\PassengerController))
 4 SYSTEMPATH/CodeIgniter.php(368): CodeIgniter\CodeIgniter->handleRequest(null, Object(Config\Cache), false)
 5 FCPATH/index.php(67): CodeIgniter\CodeIgniter->run()
CRITICAL - 2024-03-25 06:00:43 --> Undefined variable $resultData
in APPPATH/Controllers/PassengerController.php on line 568.
 1 APPPATH/Controllers/PassengerController.php(568): CodeIgniter\Debug\Exceptions->errorHandler(2, 'Undefined variable $resultData', 'APPPATH/Controllers/PassengerController.php', 568)
 2 SYSTEMPATH/CodeIgniter.php(934): App\Controllers\PassengerController->savePassenger()
 3 SYSTEMPATH/CodeIgniter.php(499): CodeIgniter\CodeIgniter->runController(Object(App\Controllers\PassengerController))
 4 SYSTEMPATH/CodeIgniter.php(368): CodeIgniter\CodeIgniter->handleRequest(null, Object(Config\Cache), false)
 5 FCPATH/index.php(67): CodeIgniter\CodeIgniter->run()
CRITICAL - 2024-03-25 06:00:48 --> Undefined variable $resultData
in APPPATH/Controllers/PassengerController.php on line 568.
 1 APPPATH/Controllers/PassengerController.php(568): CodeIgniter\Debug\Exceptions->errorHandler(2, 'Undefined variable $resultData', 'APPPATH/Controllers/PassengerController.php', 568)
 2 SYSTEMPATH/CodeIgniter.php(934): App\Controllers\PassengerController->savePassenger()
 3 SYSTEMPATH/CodeIgniter.php(499): CodeIgniter\CodeIgniter->runController(Object(App\Controllers\PassengerController))
 4 SYSTEMPATH/CodeIgniter.php(368): CodeIgniter\CodeIgniter->handleRequest(null, Object(Config\Cache), false)
 5 FCPATH/index.php(67): CodeIgniter\CodeIgniter->run()
CRITICAL - 2024-03-25 06:08:00 --> Undefined variable $resultData
in APPPATH/Controllers/PassengerController.php on line 568.
 1 APPPATH/Controllers/PassengerController.php(568): CodeIgniter\Debug\Exceptions->errorHandler(2, 'Undefined variable $resultData', 'APPPATH/Controllers/PassengerController.php', 568)
 2 SYSTEMPATH/CodeIgniter.php(934): App\Controllers\PassengerController->savePassenger()
 3 SYSTEMPATH/CodeIgniter.php(499): CodeIgniter\CodeIgniter->runController(Object(App\Controllers\PassengerController))
 4 SYSTEMPATH/CodeIgniter.php(368): CodeIgniter\CodeIgniter->handleRequest(null, Object(Config\Cache), false)
 5 FCPATH/index.php(67): CodeIgniter\CodeIgniter->run()
CRITICAL - 2024-03-25 06:08:54 --> Undefined variable $resultData
in APPPATH/Controllers/PassengerController.php on line 568.
 1 APPPATH/Controllers/PassengerController.php(568): CodeIgniter\Debug\Exceptions->errorHandler(2, 'Undefined variable $resultData', 'APPPATH/Controllers/PassengerController.php', 568)
 2 SYSTEMPATH/CodeIgniter.php(934): App\Controllers\PassengerController->savePassenger()
 3 SYSTEMPATH/CodeIgniter.php(499): CodeIgniter\CodeIgniter->runController(Object(App\Controllers\PassengerController))
 4 SYSTEMPATH/CodeIgniter.php(368): CodeIgniter\CodeIgniter->handleRequest(null, Object(Config\Cache), false)
 5 FCPATH/index.php(67): CodeIgniter\CodeIgniter->run()
CRITICAL - 2024-03-25 06:10:36 --> Undefined variable $resultData
in APPPATH/Controllers/PassengerController.php on line 568.
 1 APPPATH/Controllers/PassengerController.php(568): CodeIgniter\Debug\Exceptions->errorHandler(2, 'Undefined variable $resultData', 'APPPATH/Controllers/PassengerController.php', 568)
 2 SYSTEMPATH/CodeIgniter.php(934): App\Controllers\PassengerController->savePassenger()
 3 SYSTEMPATH/CodeIgniter.php(499): CodeIgniter\CodeIgniter->runController(Object(App\Controllers\PassengerController))
 4 SYSTEMPATH/CodeIgniter.php(368): CodeIgniter\CodeIgniter->handleRequest(null, Object(Config\Cache), false)
 5 FCPATH/index.php(67): CodeIgniter\CodeIgniter->run()
CRITICAL - 2024-03-25 06:16:29 --> Undefined variable $resultData
in APPPATH/Controllers/PassengerController.php on line 568.
 1 APPPATH/Controllers/PassengerController.php(568): CodeIgniter\Debug\Exceptions->errorHandler(2, 'Undefined variable $resultData', 'APPPATH/Controllers/PassengerController.php', 568)
 2 SYSTEMPATH/CodeIgniter.php(934): App\Controllers\PassengerController->savePassenger()
 3 SYSTEMPATH/CodeIgniter.php(499): CodeIgniter\CodeIgniter->runController(Object(App\Controllers\PassengerController))
 4 SYSTEMPATH/CodeIgniter.php(368): CodeIgniter\CodeIgniter->handleRequest(null, Object(Config\Cache), false)
 5 FCPATH/index.php(67): CodeIgniter\CodeIgniter->run()
CRITICAL - 2024-03-25 06:32:29 --> Undefined variable $resultData
in APPPATH/Controllers/PassengerController.php on line 568.
 1 APPPATH/Controllers/PassengerController.php(568): CodeIgniter\Debug\Exceptions->errorHandler(2, 'Undefined variable $resultData', 'APPPATH/Controllers/PassengerController.php', 568)
 2 SYSTEMPATH/CodeIgniter.php(934): App\Controllers\PassengerController->savePassenger()
 3 SYSTEMPATH/CodeIgniter.php(499): CodeIgniter\CodeIgniter->runController(Object(App\Controllers\PassengerController))
 4 SYSTEMPATH/CodeIgniter.php(368): CodeIgniter\CodeIgniter->handleRequest(null, Object(Config\Cache), false)
 5 FCPATH/index.php(67): CodeIgniter\CodeIgniter->run()
CRITICAL - 2024-03-25 06:32:58 --> Undefined variable $resultData
in APPPATH/Controllers/PassengerController.php on line 568.
 1 APPPATH/Controllers/PassengerController.php(568): CodeIgniter\Debug\Exceptions->errorHandler(2, 'Undefined variable $resultData', 'APPPATH/Controllers/PassengerController.php', 568)
 2 SYSTEMPATH/CodeIgniter.php(934): App\Controllers\PassengerController->savePassenger()
 3 SYSTEMPATH/CodeIgniter.php(499): CodeIgniter\CodeIgniter->runController(Object(App\Controllers\PassengerController))
 4 SYSTEMPATH/CodeIgniter.php(368): CodeIgniter\CodeIgniter->handleRequest(null, Object(Config\Cache), false)
 5 FCPATH/index.php(67): CodeIgniter\CodeIgniter->run()
CRITICAL - 2024-03-25 06:34:25 --> Undefined variable $resultData
in APPPATH/Controllers/PassengerController.php on line 568.
 1 APPPATH/Controllers/PassengerController.php(568): CodeIgniter\Debug\Exceptions->errorHandler(2, 'Undefined variable $resultData', 'APPPATH/Controllers/PassengerController.php', 568)
 2 SYSTEMPATH/CodeIgniter.php(934): App\Controllers\PassengerController->savePassenger()
 3 SYSTEMPATH/CodeIgniter.php(499): CodeIgniter\CodeIgniter->runController(Object(App\Controllers\PassengerController))
 4 SYSTEMPATH/CodeIgniter.php(368): CodeIgniter\CodeIgniter->handleRequest(null, Object(Config\Cache), false)
 5 FCPATH/index.php(67): CodeIgniter\CodeIgniter->run()
CRITICAL - 2024-03-25 06:35:41 --> Undefined variable $resultData
in APPPATH/Controllers/PassengerController.php on line 568.
 1 APPPATH/Controllers/PassengerController.php(568): CodeIgniter\Debug\Exceptions->errorHandler(2, 'Undefined variable $resultData', 'APPPATH/Controllers/PassengerController.php', 568)
 2 SYSTEMPATH/CodeIgniter.php(934): App\Controllers\PassengerController->savePassenger()
 3 SYSTEMPATH/CodeIgniter.php(499): CodeIgniter\CodeIgniter->runController(Object(App\Controllers\PassengerController))
 4 SYSTEMPATH/CodeIgniter.php(368): CodeIgniter\CodeIgniter->handleRequest(null, Object(Config\Cache), false)
 5 FCPATH/index.php(67): CodeIgniter\CodeIgniter->run()
CRITICAL - 2024-03-25 06:44:48 --> Undefined variable $resultData
in APPPATH/Controllers/PassengerController.php on line 568.
 1 APPPATH/Controllers/PassengerController.php(568): CodeIgniter\Debug\Exceptions->errorHandler(2, 'Undefined variable $resultData', 'APPPATH/Controllers/PassengerController.php', 568)
 2 SYSTEMPATH/CodeIgniter.php(934): App\Controllers\PassengerController->savePassenger()
 3 SYSTEMPATH/CodeIgniter.php(499): CodeIgniter\CodeIgniter->runController(Object(App\Controllers\PassengerController))
 4 SYSTEMPATH/CodeIgniter.php(368): CodeIgniter\CodeIgniter->handleRequest(null, Object(Config\Cache), false)
 5 FCPATH/index.php(67): CodeIgniter\CodeIgniter->run()
CRITICAL - 2024-03-25 06:52:25 --> Undefined variable $resultData
in APPPATH/Controllers/PassengerController.php on line 568.
 1 APPPATH/Controllers/PassengerController.php(568): CodeIgniter\Debug\Exceptions->errorHandler(2, 'Undefined variable $resultData', 'APPPATH/Controllers/PassengerController.php', 568)
 2 SYSTEMPATH/CodeIgniter.php(934): App\Controllers\PassengerController->savePassenger()
 3 SYSTEMPATH/CodeIgniter.php(499): CodeIgniter\CodeIgniter->runController(Object(App\Controllers\PassengerController))
 4 SYSTEMPATH/CodeIgniter.php(368): CodeIgniter\CodeIgniter->handleRequest(null, Object(Config\Cache), false)
 5 FCPATH/index.php(67): CodeIgniter\CodeIgniter->run()
CRITICAL - 2024-03-25 06:54:07 --> Undefined variable $resultData
in APPPATH/Controllers/PassengerController.php on line 568.
 1 APPPATH/Controllers/PassengerController.php(568): CodeIgniter\Debug\Exceptions->errorHandler(2, 'Undefined variable $resultData', 'APPPATH/Controllers/PassengerController.php', 568)
 2 SYSTEMPATH/CodeIgniter.php(934): App\Controllers\PassengerController->savePassenger()
 3 SYSTEMPATH/CodeIgniter.php(499): CodeIgniter\CodeIgniter->runController(Object(App\Controllers\PassengerController))
 4 SYSTEMPATH/CodeIgniter.php(368): CodeIgniter\CodeIgniter->handleRequest(null, Object(Config\Cache), false)
 5 FCPATH/index.php(67): CodeIgniter\CodeIgniter->run()
CRITICAL - 2024-03-25 06:59:58 --> Undefined variable $resultData
in APPPATH/Controllers/PassengerController.php on line 568.
 1 APPPATH/Controllers/PassengerController.php(568): CodeIgniter\Debug\Exceptions->errorHandler(2, 'Undefined variable $resultData', 'APPPATH/Controllers/PassengerController.php', 568)
 2 SYSTEMPATH/CodeIgniter.php(934): App\Controllers\PassengerController->savePassenger()
 3 SYSTEMPATH/CodeIgniter.php(499): CodeIgniter\CodeIgniter->runController(Object(App\Controllers\PassengerController))
 4 SYSTEMPATH/CodeIgniter.php(368): CodeIgniter\CodeIgniter->handleRequest(null, Object(Config\Cache), false)
 5 FCPATH/index.php(67): CodeIgniter\CodeIgniter->run()
CRITICAL - 2024-03-25 07:06:06 --> Undefined variable $resultData
in APPPATH/Controllers/PassengerController.php on line 568.
 1 APPPATH/Controllers/PassengerController.php(568): CodeIgniter\Debug\Exceptions->errorHandler(2, 'Undefined variable $resultData', 'APPPATH/Controllers/PassengerController.php', 568)
 2 SYSTEMPATH/CodeIgniter.php(934): App\Controllers\PassengerController->savePassenger()
 3 SYSTEMPATH/CodeIgniter.php(499): CodeIgniter\CodeIgniter->runController(Object(App\Controllers\PassengerController))
 4 SYSTEMPATH/CodeIgniter.php(368): CodeIgniter\CodeIgniter->handleRequest(null, Object(Config\Cache), false)
 5 FCPATH/index.php(67): CodeIgniter\CodeIgniter->run()
CRITICAL - 2024-03-25 07:06:41 --> Undefined variable $resultData
in APPPATH/Controllers/PassengerController.php on line 568.
 1 APPPATH/Controllers/PassengerController.php(568): CodeIgniter\Debug\Exceptions->errorHandler(2, 'Undefined variable $resultData', 'APPPATH/Controllers/PassengerController.php', 568)
 2 SYSTEMPATH/CodeIgniter.php(934): App\Controllers\PassengerController->savePassenger()
 3 SYSTEMPATH/CodeIgniter.php(499): CodeIgniter\CodeIgniter->runController(Object(App\Controllers\PassengerController))
 4 SYSTEMPATH/CodeIgniter.php(368): CodeIgniter\CodeIgniter->handleRequest(null, Object(Config\Cache), false)
 5 FCPATH/index.php(67): CodeIgniter\CodeIgniter->run()
CRITICAL - 2024-03-25 07:06:42 --> Undefined variable $resultData
in APPPATH/Controllers/PassengerController.php on line 568.
 1 APPPATH/Controllers/PassengerController.php(568): CodeIgniter\Debug\Exceptions->errorHandler(2, 'Undefined variable $resultData', 'APPPATH/Controllers/PassengerController.php', 568)
 2 SYSTEMPATH/CodeIgniter.php(934): App\Controllers\PassengerController->savePassenger()
 3 SYSTEMPATH/CodeIgniter.php(499): CodeIgniter\CodeIgniter->runController(Object(App\Controllers\PassengerController))
 4 SYSTEMPATH/CodeIgniter.php(368): CodeIgniter\CodeIgniter->handleRequest(null, Object(Config\Cache), false)
 5 FCPATH/index.php(67): CodeIgniter\CodeIgniter->run()
CRITICAL - 2024-03-25 07:06:42 --> Undefined variable $resultData
in APPPATH/Controllers/PassengerController.php on line 568.
 1 APPPATH/Controllers/PassengerController.php(568): CodeIgniter\Debug\Exceptions->errorHandler(2, 'Undefined variable $resultData', 'APPPATH/Controllers/PassengerController.php', 568)
 2 SYSTEMPATH/CodeIgniter.php(934): App\Controllers\PassengerController->savePassenger()
 3 SYSTEMPATH/CodeIgniter.php(499): CodeIgniter\CodeIgniter->runController(Object(App\Controllers\PassengerController))
 4 SYSTEMPATH/CodeIgniter.php(368): CodeIgniter\CodeIgniter->handleRequest(null, Object(Config\Cache), false)
 5 FCPATH/index.php(67): CodeIgniter\CodeIgniter->run()
CRITICAL - 2024-03-25 07:06:42 --> Undefined variable $resultData
in APPPATH/Controllers/PassengerController.php on line 568.
 1 APPPATH/Controllers/PassengerController.php(568): CodeIgniter\Debug\Exceptions->errorHandler(2, 'Undefined variable $resultData', 'APPPATH/Controllers/PassengerController.php', 568)
 2 SYSTEMPATH/CodeIgniter.php(934): App\Controllers\PassengerController->savePassenger()
 3 SYSTEMPATH/CodeIgniter.php(499): CodeIgniter\CodeIgniter->runController(Object(App\Controllers\PassengerController))
 4 SYSTEMPATH/CodeIgniter.php(368): CodeIgniter\CodeIgniter->handleRequest(null, Object(Config\Cache), false)
 5 FCPATH/index.php(67): CodeIgniter\CodeIgniter->run()
CRITICAL - 2024-03-25 07:27:36 --> Undefined variable $resultData
in APPPATH/Controllers/PassengerController.php on line 568.
 1 APPPATH/Controllers/PassengerController.php(568): CodeIgniter\Debug\Exceptions->errorHandler(2, 'Undefined variable $resultData', 'APPPATH/Controllers/PassengerController.php', 568)
 2 SYSTEMPATH/CodeIgniter.php(934): App\Controllers\PassengerController->savePassenger()
 3 SYSTEMPATH/CodeIgniter.php(499): CodeIgniter\CodeIgniter->runController(Object(App\Controllers\PassengerController))
 4 SYSTEMPATH/CodeIgniter.php(368): CodeIgniter\CodeIgniter->handleRequest(null, Object(Config\Cache), false)
 5 FCPATH/index.php(67): CodeIgniter\CodeIgniter->run()
CRITICAL - 2024-03-25 07:28:58 --> Undefined variable $resultData
in APPPATH/Controllers/PassengerController.php on line 568.
 1 APPPATH/Controllers/PassengerController.php(568): CodeIgniter\Debug\Exceptions->errorHandler(2, 'Undefined variable $resultData', 'APPPATH/Controllers/PassengerController.php', 568)
 2 SYSTEMPATH/CodeIgniter.php(934): App\Controllers\PassengerController->savePassenger()
 3 SYSTEMPATH/CodeIgniter.php(499): CodeIgniter\CodeIgniter->runController(Object(App\Controllers\PassengerController))
 4 SYSTEMPATH/CodeIgniter.php(368): CodeIgniter\CodeIgniter->handleRequest(null, Object(Config\Cache), false)
 5 FCPATH/index.php(67): CodeIgniter\CodeIgniter->run()
CRITICAL - 2024-03-25 07:32:16 --> Undefined variable $resultData
in APPPATH/Controllers/PassengerController.php on line 568.
 1 APPPATH/Controllers/PassengerController.php(568): CodeIgniter\Debug\Exceptions->errorHandler(2, 'Undefined variable $resultData', 'APPPATH/Controllers/PassengerController.php', 568)
 2 SYSTEMPATH/CodeIgniter.php(934): App\Controllers\PassengerController->savePassenger()
 3 SYSTEMPATH/CodeIgniter.php(499): CodeIgniter\CodeIgniter->runController(Object(App\Controllers\PassengerController))
 4 SYSTEMPATH/CodeIgniter.php(368): CodeIgniter\CodeIgniter->handleRequest(null, Object(Config\Cache), false)
 5 FCPATH/index.php(67): CodeIgniter\CodeIgniter->run()
CRITICAL - 2024-03-25 07:33:38 --> Undefined variable $resultData
in APPPATH/Controllers/PassengerController.php on line 568.
 1 APPPATH/Controllers/PassengerController.php(568): CodeIgniter\Debug\Exceptions->errorHandler(2, 'Undefined variable $resultData', 'APPPATH/Controllers/PassengerController.php', 568)
 2 SYSTEMPATH/CodeIgniter.php(934): App\Controllers\PassengerController->savePassenger()
 3 SYSTEMPATH/CodeIgniter.php(499): CodeIgniter\CodeIgniter->runController(Object(App\Controllers\PassengerController))
 4 SYSTEMPATH/CodeIgniter.php(368): CodeIgniter\CodeIgniter->handleRequest(null, Object(Config\Cache), false)
 5 FCPATH/index.php(67): CodeIgniter\CodeIgniter->run()
CRITICAL - 2024-03-25 07:34:46 --> Undefined variable $resultData
in APPPATH/Controllers/PassengerController.php on line 568.
 1 APPPATH/Controllers/PassengerController.php(568): CodeIgniter\Debug\Exceptions->errorHandler(2, 'Undefined variable $resultData', 'APPPATH/Controllers/PassengerController.php', 568)
 2 SYSTEMPATH/CodeIgniter.php(934): App\Controllers\PassengerController->savePassenger()
 3 SYSTEMPATH/CodeIgniter.php(499): CodeIgniter\CodeIgniter->runController(Object(App\Controllers\PassengerController))
 4 SYSTEMPATH/CodeIgniter.php(368): CodeIgniter\CodeIgniter->handleRequest(null, Object(Config\Cache), false)
 5 FCPATH/index.php(67): CodeIgniter\CodeIgniter->run()
CRITICAL - 2024-03-25 07:36:11 --> Undefined variable $resultData
in APPPATH/Controllers/PassengerController.php on line 568.
 1 APPPATH/Controllers/PassengerController.php(568): CodeIgniter\Debug\Exceptions->errorHandler(2, 'Undefined variable $resultData', 'APPPATH/Controllers/PassengerController.php', 568)
 2 SYSTEMPATH/CodeIgniter.php(934): App\Controllers\PassengerController->savePassenger()
 3 SYSTEMPATH/CodeIgniter.php(499): CodeIgniter\CodeIgniter->runController(Object(App\Controllers\PassengerController))
 4 SYSTEMPATH/CodeIgniter.php(368): CodeIgniter\CodeIgniter->handleRequest(null, Object(Config\Cache), false)
 5 FCPATH/index.php(67): CodeIgniter\CodeIgniter->run()
CRITICAL - 2024-03-25 07:39:25 --> Undefined variable $resultData
in APPPATH/Controllers/PassengerController.php on line 568.
 1 APPPATH/Controllers/PassengerController.php(568): CodeIgniter\Debug\Exceptions->errorHandler(2, 'Undefined variable $resultData', 'APPPATH/Controllers/PassengerController.php', 568)
 2 SYSTEMPATH/CodeIgniter.php(934): App\Controllers\PassengerController->savePassenger()
 3 SYSTEMPATH/CodeIgniter.php(499): CodeIgniter\CodeIgniter->runController(Object(App\Controllers\PassengerController))
 4 SYSTEMPATH/CodeIgniter.php(368): CodeIgniter\CodeIgniter->handleRequest(null, Object(Config\Cache), false)
 5 FCPATH/index.php(67): CodeIgniter\CodeIgniter->run()
CRITICAL - 2024-03-25 07:55:46 --> Undefined variable $route
in APPPATH/Controllers/Home.php on line 419.
 1 APPPATH/Controllers/Home.php(419): CodeIgniter\Debug\Exceptions->errorHandler(2, 'Undefined variable $route', 'APPPATH/Controllers/Home.php', 419)
 2 SYSTEMPATH/CodeIgniter.php(934): App\Controllers\Home->Schedules()
 3 SYSTEMPATH/CodeIgniter.php(499): CodeIgniter\CodeIgniter->runController(Object(App\Controllers\Home))
 4 SYSTEMPATH/CodeIgniter.php(368): CodeIgniter\CodeIgniter->handleRequest(null, Object(Config\Cache), false)
 5 FCPATH/index.php(67): CodeIgniter\CodeIgniter->run()
CRITICAL - 2024-03-25 07:56:41 --> Undefined variable $resultData
in APPPATH/Controllers/PassengerController.php on line 568.
 1 APPPATH/Controllers/PassengerController.php(568): CodeIgniter\Debug\Exceptions->errorHandler(2, 'Undefined variable $resultData', 'APPPATH/Controllers/PassengerController.php', 568)
 2 SYSTEMPATH/CodeIgniter.php(934): App\Controllers\PassengerController->savePassenger()
 3 SYSTEMPATH/CodeIgniter.php(499): CodeIgniter\CodeIgniter->runController(Object(App\Controllers\PassengerController))
 4 SYSTEMPATH/CodeIgniter.php(368): CodeIgniter\CodeIgniter->handleRequest(null, Object(Config\Cache), false)
 5 FCPATH/index.php(67): CodeIgniter\CodeIgniter->run()
CRITICAL - 2024-03-25 07:57:02 --> Undefined variable $resultData
in APPPATH/Controllers/PassengerController.php on line 568.
 1 APPPATH/Controllers/PassengerController.php(568): CodeIgniter\Debug\Exceptions->errorHandler(2, 'Undefined variable $resultData', 'APPPATH/Controllers/PassengerController.php', 568)
 2 SYSTEMPATH/CodeIgniter.php(934): App\Controllers\PassengerController->savePassenger()
 3 SYSTEMPATH/CodeIgniter.php(499): CodeIgniter\CodeIgniter->runController(Object(App\Controllers\PassengerController))
 4 SYSTEMPATH/CodeIgniter.php(368): CodeIgniter\CodeIgniter->handleRequest(null, Object(Config\Cache), false)
 5 FCPATH/index.php(67): CodeIgniter\CodeIgniter->run()
CRITICAL - 2024-03-25 07:57:02 --> Undefined variable $resultData
in APPPATH/Controllers/PassengerController.php on line 568.
 1 APPPATH/Controllers/PassengerController.php(568): CodeIgniter\Debug\Exceptions->errorHandler(2, 'Undefined variable $resultData', 'APPPATH/Controllers/PassengerController.php', 568)
 2 SYSTEMPATH/CodeIgniter.php(934): App\Controllers\PassengerController->savePassenger()
 3 SYSTEMPATH/CodeIgniter.php(499): CodeIgniter\CodeIgniter->runController(Object(App\Controllers\PassengerController))
 4 SYSTEMPATH/CodeIgniter.php(368): CodeIgniter\CodeIgniter->handleRequest(null, Object(Config\Cache), false)
 5 FCPATH/index.php(67): CodeIgniter\CodeIgniter->run()
INFO - 2024-03-25 07:59:44 --> Session: Class initialized using 'CodeIgniter\Session\Handlers\FileHandler' driver.
INFO - 2024-03-25 08:00:31 --> Session: Class initialized using 'CodeIgniter\Session\Handlers\FileHandler' driver.
CRITICAL - 2024-03-25 08:00:46 --> Undefined variable $resultData
in APPPATH/Controllers/PassengerController.php on line 568.
 1 APPPATH/Controllers/PassengerController.php(568): CodeIgniter\Debug\Exceptions->errorHandler(2, 'Undefined variable $resultData', 'APPPATH/Controllers/PassengerController.php', 568)
 2 SYSTEMPATH/CodeIgniter.php(934): App\Controllers\PassengerController->savePassenger()
 3 SYSTEMPATH/CodeIgniter.php(499): CodeIgniter\CodeIgniter->runController(Object(App\Controllers\PassengerController))
 4 SYSTEMPATH/CodeIgniter.php(368): CodeIgniter\CodeIgniter->handleRequest(null, Object(Config\Cache), false)
 5 FCPATH/index.php(67): CodeIgniter\CodeIgniter->run()
CRITICAL - 2024-03-25 08:02:23 --> Undefined variable $resultData
in APPPATH/Controllers/PassengerController.php on line 568.
 1 APPPATH/Controllers/PassengerController.php(568): CodeIgniter\Debug\Exceptions->errorHandler(2, 'Undefined variable $resultData', 'APPPATH/Controllers/PassengerController.php', 568)
 2 SYSTEMPATH/CodeIgniter.php(934): App\Controllers\PassengerController->savePassenger()
 3 SYSTEMPATH/CodeIgniter.php(499): CodeIgniter\CodeIgniter->runController(Object(App\Controllers\PassengerController))
 4 SYSTEMPATH/CodeIgniter.php(368): CodeIgniter\CodeIgniter->handleRequest(null, Object(Config\Cache), false)
 5 FCPATH/index.php(67): CodeIgniter\CodeIgniter->run()
INFO - 2024-03-25 08:04:34 --> Session: Class initialized using 'CodeIgniter\Session\Handlers\FileHandler' driver.
INFO - 2024-03-25 08:04:37 --> Session: Class initialized using 'CodeIgniter\Session\Handlers\FileHandler' driver.
INFO - 2024-03-25 08:09:05 --> Session: Class initialized using 'CodeIgniter\Session\Handlers\FileHandler' driver.
INFO - 2024-03-25 08:09:06 --> Session: Class initialized using 'CodeIgniter\Session\Handlers\FileHandler' driver.
INFO - 2024-03-25 08:09:26 --> Session: Class initialized using 'CodeIgniter\Session\Handlers\FileHandler' driver.
INFO - 2024-03-25 08:11:24 --> Session: Class initialized using 'CodeIgniter\Session\Handlers\FileHandler' driver.
INFO - 2024-03-25 08:12:34 --> Session: Class initialized using 'CodeIgniter\Session\Handlers\FileHandler' driver.
INFO - 2024-03-25 08:13:24 --> Session: Class initialized using 'CodeIgniter\Session\Handlers\FileHandler' driver.
INFO - 2024-03-25 08:14:55 --> Session: Class initialized using 'CodeIgniter\Session\Handlers\FileHandler' driver.
INFO - 2024-03-25 08:16:23 --> Session: Class initialized using 'CodeIgniter\Session\Handlers\FileHandler' driver.
INFO - 2024-03-25 08:16:41 --> Session: Class initialized using 'CodeIgniter\Session\Handlers\FileHandler' driver.
INFO - 2024-03-25 08:18:05 --> Session: Class initialized using 'CodeIgniter\Session\Handlers\FileHandler' driver.
INFO - 2024-03-25 08:18:34 --> Session: Class initialized using 'CodeIgniter\Session\Handlers\FileHandler' driver.
INFO - 2024-03-25 08:19:31 --> Session: Class initialized using 'CodeIgniter\Session\Handlers\FileHandler' driver.
INFO - 2024-03-25 08:19:55 --> Session: Class initialized using 'CodeIgniter\Session\Handlers\FileHandler' driver.
INFO - 2024-03-25 08:20:49 --> Session: Class initialized using 'CodeIgniter\Session\Handlers\FileHandler' driver.
INFO - 2024-03-25 08:21:07 --> Session: Class initialized using 'CodeIgniter\Session\Handlers\FileHandler' driver.
INFO - 2024-03-25 08:21:44 --> Session: Class initialized using 'CodeIgniter\Session\Handlers\FileHandler' driver.
INFO - 2024-03-25 08:22:37 --> Session: Class initialized using 'CodeIgniter\Session\Handlers\FileHandler' driver.
INFO - 2024-03-25 08:23:42 --> Session: Class initialized using 'CodeIgniter\Session\Handlers\FileHandler' driver.
INFO - 2024-03-25 08:23:47 --> Session: Class initialized using 'CodeIgniter\Session\Handlers\FileHandler' driver.
CRITICAL - 2024-03-25 13:53:47 --> Undefined property: stdClass::$portName
in APPPATH/Views/dashboard.php on line 331.
 1 APPPATH/Views/dashboard.php(331): CodeIgniter\Debug\Exceptions->errorHandler(2, 'Undefined property: stdClass::$portName', 'APPPATH/Views/dashboard.php', 331)
 2 SYSTEMPATH/View/View.php(213): include('APPPATH/Views/dashboard.php')
 3 SYSTEMPATH/View/View.php(216): CodeIgniter\View\View->CodeIgniter\View\{closure}()
 4 SYSTEMPATH/Common.php(1177): CodeIgniter\View\View->render('dashboard', [], true)
 5 APPPATH/Controllers/Home.php(54): view('dashboard', [...])
 6 SYSTEMPATH/CodeIgniter.php(934): App\Controllers\Home->Dashboard()
 7 SYSTEMPATH/CodeIgniter.php(499): CodeIgniter\CodeIgniter->runController(Object(App\Controllers\Home))
 8 SYSTEMPATH/CodeIgniter.php(368): CodeIgniter\CodeIgniter->handleRequest(null, Object(Config\Cache), false)
 9 FCPATH/index.php(67): CodeIgniter\CodeIgniter->run()
INFO - 2024-03-25 08:23:59 --> Session: Class initialized using 'CodeIgniter\Session\Handlers\FileHandler' driver.
INFO - 2024-03-25 08:24:18 --> Session: Class initialized using 'CodeIgniter\Session\Handlers\FileHandler' driver.
INFO - 2024-03-25 08:24:31 --> Session: Class initialized using 'CodeIgniter\Session\Handlers\FileHandler' driver.
INFO - 2024-03-25 08:25:38 --> Session: Class initialized using 'CodeIgniter\Session\Handlers\FileHandler' driver.
INFO - 2024-03-25 08:26:30 --> Session: Class initialized using 'CodeIgniter\Session\Handlers\FileHandler' driver.
INFO - 2024-03-25 08:28:06 --> Session: Class initialized using 'CodeIgniter\Session\Handlers\FileHandler' driver.
INFO - 2024-03-25 08:29:24 --> Session: Class initialized using 'CodeIgniter\Session\Handlers\FileHandler' driver.
INFO - 2024-03-25 08:30:24 --> Session: Class initialized using 'CodeIgniter\Session\Handlers\FileHandler' driver.
INFO - 2024-03-25 08:31:19 --> Session: Class initialized using 'CodeIgniter\Session\Handlers\FileHandler' driver.
INFO - 2024-03-25 08:31:34 --> Session: Class initialized using 'CodeIgniter\Session\Handlers\FileHandler' driver.
INFO - 2024-03-25 08:36:55 --> Session: Class initialized using 'CodeIgniter\Session\Handlers\FileHandler' driver.
INFO - 2024-03-25 08:37:15 --> Session: Class initialized using 'CodeIgniter\Session\Handlers\FileHandler' driver.
INFO - 2024-03-25 08:42:45 --> Session: Class initialized using 'CodeIgniter\Session\Handlers\FileHandler' driver.
CRITICAL - 2024-03-25 08:43:05 --> Undefined variable $route
in APPPATH/Controllers/Home.php on line 429.
 1 APPPATH/Controllers/Home.php(429): CodeIgniter\Debug\Exceptions->errorHandler(2, 'Undefined variable $route', 'APPPATH/Controllers/Home.php', 429)
 2 SYSTEMPATH/CodeIgniter.php(934): App\Controllers\Home->Schedules()
 3 SYSTEMPATH/CodeIgniter.php(499): CodeIgniter\CodeIgniter->runController(Object(App\Controllers\Home))
 4 SYSTEMPATH/CodeIgniter.php(368): CodeIgniter\CodeIgniter->handleRequest(null, Object(Config\Cache), false)
 5 FCPATH/index.php(67): CodeIgniter\CodeIgniter->run()
INFO - 2024-03-25 08:43:50 --> Session: Class initialized using 'CodeIgniter\Session\Handlers\FileHandler' driver.
INFO - 2024-03-25 08:43:52 --> Session: Class initialized using 'CodeIgniter\Session\Handlers\FileHandler' driver.
INFO - 2024-03-25 08:43:55 --> Session: Class initialized using 'CodeIgniter\Session\Handlers\FileHandler' driver.
CRITICAL - 2024-03-25 08:44:00 --> Undefined variable $route
in APPPATH/Controllers/Home.php on line 429.
 1 APPPATH/Controllers/Home.php(429): CodeIgniter\Debug\Exceptions->errorHandler(2, 'Undefined variable $route', 'APPPATH/Controllers/Home.php', 429)
 2 SYSTEMPATH/CodeIgniter.php(934): App\Controllers\Home->Schedules()
 3 SYSTEMPATH/CodeIgniter.php(499): CodeIgniter\CodeIgniter->runController(Object(App\Controllers\Home))
 4 SYSTEMPATH/CodeIgniter.php(368): CodeIgniter\CodeIgniter->handleRequest(null, Object(Config\Cache), false)
 5 FCPATH/index.php(67): CodeIgniter\CodeIgniter->run()
INFO - 2024-03-25 08:44:04 --> Session: Class initialized using 'CodeIgniter\Session\Handlers\FileHandler' driver.
INFO - 2024-03-25 08:44:15 --> Session: Class initialized using 'CodeIgniter\Session\Handlers\FileHandler' driver.
INFO - 2024-03-25 08:47:43 --> Session: Class initialized using 'CodeIgniter\Session\Handlers\FileHandler' driver.
CRITICAL - 2024-03-25 08:47:48 --> Call to undefined method CodeIgniter\Database\MySQLi\Builder::getRow()
in APPPATH/Controllers/Home.php on line 305.
 1 SYSTEMPATH/CodeIgniter.php(934): App\Controllers\Home->availableSeats()
 2 SYSTEMPATH/CodeIgniter.php(499): CodeIgniter\CodeIgniter->runController(Object(App\Controllers\Home))
 3 SYSTEMPATH/CodeIgniter.php(368): CodeIgniter\CodeIgniter->handleRequest(null, Object(Config\Cache), false)
 4 FCPATH/index.php(67): CodeIgniter\CodeIgniter->run()
CRITICAL - 2024-03-25 08:54:57 --> Undefined property: stdClass::$Bus
in APPPATH/Controllers/Home.php on line 320.
 1 APPPATH/Controllers/Home.php(320): CodeIgniter\Debug\Exceptions->errorHandler(2, 'Undefined property: stdClass::$Bus', 'APPPATH/Controllers/Home.php', 320)
 2 SYSTEMPATH/CodeIgniter.php(934): App\Controllers\Home->availableSeats()
 3 SYSTEMPATH/CodeIgniter.php(499): CodeIgniter\CodeIgniter->runController(Object(App\Controllers\Home))
 4 SYSTEMPATH/CodeIgniter.php(368): CodeIgniter\CodeIgniter->handleRequest(null, Object(Config\Cache), false)
 5 FCPATH/index.php(67): CodeIgniter\CodeIgniter->run()
INFO - 2024-03-25 08:57:18 --> Session: Class initialized using 'CodeIgniter\Session\Handlers\FileHandler' driver.
INFO - 2024-03-25 08:57:20 --> Session: Class initialized using 'CodeIgniter\Session\Handlers\FileHandler' driver.
CRITICAL - 2024-03-25 08:58:07 --> Undefined property: stdClass::$Bus
in APPPATH/Controllers/Home.php on line 320.
 1 APPPATH/Controllers/Home.php(320): CodeIgniter\Debug\Exceptions->errorHandler(2, 'Undefined property: stdClass::$Bus', 'APPPATH/Controllers/Home.php', 320)
 2 SYSTEMPATH/CodeIgniter.php(934): App\Controllers\Home->availableSeats()
 3 SYSTEMPATH/CodeIgniter.php(499): CodeIgniter\CodeIgniter->runController(Object(App\Controllers\Home))
 4 SYSTEMPATH/CodeIgniter.php(368): CodeIgniter\CodeIgniter->handleRequest(null, Object(Config\Cache), false)
 5 FCPATH/index.php(67): CodeIgniter\CodeIgniter->run()
INFO - 2024-03-25 08:58:21 --> Session: Class initialized using 'CodeIgniter\Session\Handlers\FileHandler' driver.
INFO - 2024-03-25 08:59:50 --> Session: Class initialized using 'CodeIgniter\Session\Handlers\FileHandler' driver.
CRITICAL - 2024-03-25 09:00:05 --> Undefined property: stdClass::$Bus
in APPPATH/Controllers/Home.php on line 320.
 1 APPPATH/Controllers/Home.php(320): CodeIgniter\Debug\Exceptions->errorHandler(2, 'Undefined property: stdClass::$Bus', 'APPPATH/Controllers/Home.php', 320)
 2 SYSTEMPATH/CodeIgniter.php(934): App\Controllers\Home->availableSeats()
 3 SYSTEMPATH/CodeIgniter.php(499): CodeIgniter\CodeIgniter->runController(Object(App\Controllers\Home))
 4 SYSTEMPATH/CodeIgniter.php(368): CodeIgniter\CodeIgniter->handleRequest(null, Object(Config\Cache), false)
 5 FCPATH/index.php(67): CodeIgniter\CodeIgniter->run()
CRITICAL - 2024-03-25 09:00:21 --> Undefined property: stdClass::$Bus
in APPPATH/Controllers/Home.php on line 320.
 1 APPPATH/Controllers/Home.php(320): CodeIgniter\Debug\Exceptions->errorHandler(2, 'Undefined property: stdClass::$Bus', 'APPPATH/Controllers/Home.php', 320)
 2 SYSTEMPATH/CodeIgniter.php(934): App\Controllers\Home->availableSeats()
 3 SYSTEMPATH/CodeIgniter.php(499): CodeIgniter\CodeIgniter->runController(Object(App\Controllers\Home))
 4 SYSTEMPATH/CodeIgniter.php(368): CodeIgniter\CodeIgniter->handleRequest(null, Object(Config\Cache), false)
 5 FCPATH/index.php(67): CodeIgniter\CodeIgniter->run()
CRITICAL - 2024-03-25 09:00:49 --> Undefined variable $output
in APPPATH/Controllers/Home.php on line 332.
 1 APPPATH/Controllers/Home.php(332): CodeIgniter\Debug\Exceptions->errorHandler(2, 'Undefined variable $output', 'APPPATH/Controllers/Home.php', 332)
 2 SYSTEMPATH/CodeIgniter.php(934): App\Controllers\Home->availableSeats()
 3 SYSTEMPATH/CodeIgniter.php(499): CodeIgniter\CodeIgniter->runController(Object(App\Controllers\Home))
 4 SYSTEMPATH/CodeIgniter.php(368): CodeIgniter\CodeIgniter->handleRequest(null, Object(Config\Cache), false)
 5 FCPATH/index.php(67): CodeIgniter\CodeIgniter->run()
INFO - 2024-03-25 09:04:53 --> Session: Class initialized using 'CodeIgniter\Session\Handlers\FileHandler' driver.
