CRITICAL - 2024-07-27 06:37:15 --> Undefined variable $resultData
in APPPATH/Controllers/PassengerController.php on line 590.
 1 APPPATH/Controllers/PassengerController.php(590): CodeIgniter\Debug\Exceptions->errorHandler(2, 'Undefined variable $resultData', 'APPPATH/Controllers/PassengerController.php', 590)
 2 SYSTEMPATH/CodeIgniter.php(934): App\Controllers\PassengerController->savePassenger()
 3 SYSTEMPATH/CodeIgniter.php(499): CodeIgniter\CodeIgniter->runController(Object(App\Controllers\PassengerController))
 4 SYSTEMPATH/CodeIgniter.php(368): CodeIgniter\CodeIgniter->handleRequest(null, Object(Config\Cache), false)
 5 FCPATH/index.php(67): CodeIgniter\CodeIgniter->run()
CRITICAL - 2024-07-27 06:38:54 --> Undefined variable $resultData
in APPPATH/Controllers/PassengerController.php on line 590.
 1 APPPATH/Controllers/PassengerController.php(590): CodeIgniter\Debug\Exceptions->errorHandler(2, 'Undefined variable $resultData', 'APPPATH/Controllers/PassengerController.php', 590)
 2 SYSTEMPATH/CodeIgniter.php(934): App\Controllers\PassengerController->savePassenger()
 3 SYSTEMPATH/CodeIgniter.php(499): CodeIgniter\CodeIgniter->runController(Object(App\Controllers\PassengerController))
 4 SYSTEMPATH/CodeIgniter.php(368): CodeIgniter\CodeIgniter->handleRequest(null, Object(Config\Cache), false)
 5 FCPATH/index.php(67): CodeIgniter\CodeIgniter->run()
CRITICAL - 2024-07-27 06:40:27 --> Undefined variable $resultData
in APPPATH/Controllers/PassengerController.php on line 590.
 1 APPPATH/Controllers/PassengerController.php(590): CodeIgniter\Debug\Exceptions->errorHandler(2, 'Undefined variable $resultData', 'APPPATH/Controllers/PassengerController.php', 590)
 2 SYSTEMPATH/CodeIgniter.php(934): App\Controllers\PassengerController->savePassenger()
 3 SYSTEMPATH/CodeIgniter.php(499): CodeIgniter\CodeIgniter->runController(Object(App\Controllers\PassengerController))
 4 SYSTEMPATH/CodeIgniter.php(368): CodeIgniter\CodeIgniter->handleRequest(null, Object(Config\Cache), false)
 5 FCPATH/index.php(67): CodeIgniter\CodeIgniter->run()
CRITICAL - 2024-07-27 06:41:07 --> Undefined variable $resultData
in APPPATH/Controllers/PassengerController.php on line 590.
 1 APPPATH/Controllers/PassengerController.php(590): CodeIgniter\Debug\Exceptions->errorHandler(2, 'Undefined variable $resultData', 'APPPATH/Controllers/PassengerController.php', 590)
 2 SYSTEMPATH/CodeIgniter.php(934): App\Controllers\PassengerController->savePassenger()
 3 SYSTEMPATH/CodeIgniter.php(499): CodeIgniter\CodeIgniter->runController(Object(App\Controllers\PassengerController))
 4 SYSTEMPATH/CodeIgniter.php(368): CodeIgniter\CodeIgniter->handleRequest(null, Object(Config\Cache), false)
 5 FCPATH/index.php(67): CodeIgniter\CodeIgniter->run()
CRITICAL - 2024-07-27 06:42:55 --> Undefined variable $resultData
in APPPATH/Controllers/PassengerController.php on line 590.
 1 APPPATH/Controllers/PassengerController.php(590): CodeIgniter\Debug\Exceptions->errorHandler(2, 'Undefined variable $resultData', 'APPPATH/Controllers/PassengerController.php', 590)
 2 SYSTEMPATH/CodeIgniter.php(934): App\Controllers\PassengerController->savePassenger()
 3 SYSTEMPATH/CodeIgniter.php(499): CodeIgniter\CodeIgniter->runController(Object(App\Controllers\PassengerController))
 4 SYSTEMPATH/CodeIgniter.php(368): CodeIgniter\CodeIgniter->handleRequest(null, Object(Config\Cache), false)
 5 FCPATH/index.php(67): CodeIgniter\CodeIgniter->run()
CRITICAL - 2024-07-27 06:43:43 --> Undefined variable $resultData
in APPPATH/Controllers/PassengerController.php on line 590.
 1 APPPATH/Controllers/PassengerController.php(590): CodeIgniter\Debug\Exceptions->errorHandler(2, 'Undefined variable $resultData', 'APPPATH/Controllers/PassengerController.php', 590)
 2 SYSTEMPATH/CodeIgniter.php(934): App\Controllers\PassengerController->savePassenger()
 3 SYSTEMPATH/CodeIgniter.php(499): CodeIgniter\CodeIgniter->runController(Object(App\Controllers\PassengerController))
 4 SYSTEMPATH/CodeIgniter.php(368): CodeIgniter\CodeIgniter->handleRequest(null, Object(Config\Cache), false)
 5 FCPATH/index.php(67): CodeIgniter\CodeIgniter->run()
CRITICAL - 2024-07-27 06:43:44 --> Undefined variable $resultData
in APPPATH/Controllers/PassengerController.php on line 590.
 1 APPPATH/Controllers/PassengerController.php(590): CodeIgniter\Debug\Exceptions->errorHandler(2, 'Undefined variable $resultData', 'APPPATH/Controllers/PassengerController.php', 590)
 2 SYSTEMPATH/CodeIgniter.php(934): App\Controllers\PassengerController->savePassenger()
 3 SYSTEMPATH/CodeIgniter.php(499): CodeIgniter\CodeIgniter->runController(Object(App\Controllers\PassengerController))
 4 SYSTEMPATH/CodeIgniter.php(368): CodeIgniter\CodeIgniter->handleRequest(null, Object(Config\Cache), false)
 5 FCPATH/index.php(67): CodeIgniter\CodeIgniter->run()
CRITICAL - 2024-07-27 06:43:44 --> Undefined variable $resultData
in APPPATH/Controllers/PassengerController.php on line 590.
 1 APPPATH/Controllers/PassengerController.php(590): CodeIgniter\Debug\Exceptions->errorHandler(2, 'Undefined variable $resultData', 'APPPATH/Controllers/PassengerController.php', 590)
 2 SYSTEMPATH/CodeIgniter.php(934): App\Controllers\PassengerController->savePassenger()
 3 SYSTEMPATH/CodeIgniter.php(499): CodeIgniter\CodeIgniter->runController(Object(App\Controllers\PassengerController))
 4 SYSTEMPATH/CodeIgniter.php(368): CodeIgniter\CodeIgniter->handleRequest(null, Object(Config\Cache), false)
 5 FCPATH/index.php(67): CodeIgniter\CodeIgniter->run()
CRITICAL - 2024-07-27 06:43:45 --> Undefined variable $resultData
in APPPATH/Controllers/PassengerController.php on line 590.
 1 APPPATH/Controllers/PassengerController.php(590): CodeIgniter\Debug\Exceptions->errorHandler(2, 'Undefined variable $resultData', 'APPPATH/Controllers/PassengerController.php', 590)
 2 SYSTEMPATH/CodeIgniter.php(934): App\Controllers\PassengerController->savePassenger()
 3 SYSTEMPATH/CodeIgniter.php(499): CodeIgniter\CodeIgniter->runController(Object(App\Controllers\PassengerController))
 4 SYSTEMPATH/CodeIgniter.php(368): CodeIgniter\CodeIgniter->handleRequest(null, Object(Config\Cache), false)
 5 FCPATH/index.php(67): CodeIgniter\CodeIgniter->run()
CRITICAL - 2024-07-27 06:43:45 --> Undefined variable $resultData
in APPPATH/Controllers/PassengerController.php on line 590.
 1 APPPATH/Controllers/PassengerController.php(590): CodeIgniter\Debug\Exceptions->errorHandler(2, 'Undefined variable $resultData', 'APPPATH/Controllers/PassengerController.php', 590)
 2 SYSTEMPATH/CodeIgniter.php(934): App\Controllers\PassengerController->savePassenger()
 3 SYSTEMPATH/CodeIgniter.php(499): CodeIgniter\CodeIgniter->runController(Object(App\Controllers\PassengerController))
 4 SYSTEMPATH/CodeIgniter.php(368): CodeIgniter\CodeIgniter->handleRequest(null, Object(Config\Cache), false)
 5 FCPATH/index.php(67): CodeIgniter\CodeIgniter->run()
CRITICAL - 2024-07-27 06:43:46 --> Undefined variable $resultData
in APPPATH/Controllers/PassengerController.php on line 590.
 1 APPPATH/Controllers/PassengerController.php(590): CodeIgniter\Debug\Exceptions->errorHandler(2, 'Undefined variable $resultData', 'APPPATH/Controllers/PassengerController.php', 590)
 2 SYSTEMPATH/CodeIgniter.php(934): App\Controllers\PassengerController->savePassenger()
 3 SYSTEMPATH/CodeIgniter.php(499): CodeIgniter\CodeIgniter->runController(Object(App\Controllers\PassengerController))
 4 SYSTEMPATH/CodeIgniter.php(368): CodeIgniter\CodeIgniter->handleRequest(null, Object(Config\Cache), false)
 5 FCPATH/index.php(67): CodeIgniter\CodeIgniter->run()
CRITICAL - 2024-07-27 06:43:46 --> Undefined variable $resultData
in APPPATH/Controllers/PassengerController.php on line 590.
 1 APPPATH/Controllers/PassengerController.php(590): CodeIgniter\Debug\Exceptions->errorHandler(2, 'Undefined variable $resultData', 'APPPATH/Controllers/PassengerController.php', 590)
 2 SYSTEMPATH/CodeIgniter.php(934): App\Controllers\PassengerController->savePassenger()
 3 SYSTEMPATH/CodeIgniter.php(499): CodeIgniter\CodeIgniter->runController(Object(App\Controllers\PassengerController))
 4 SYSTEMPATH/CodeIgniter.php(368): CodeIgniter\CodeIgniter->handleRequest(null, Object(Config\Cache), false)
 5 FCPATH/index.php(67): CodeIgniter\CodeIgniter->run()
CRITICAL - 2024-07-27 06:43:47 --> Undefined variable $resultData
in APPPATH/Controllers/PassengerController.php on line 590.
 1 APPPATH/Controllers/PassengerController.php(590): CodeIgniter\Debug\Exceptions->errorHandler(2, 'Undefined variable $resultData', 'APPPATH/Controllers/PassengerController.php', 590)
 2 SYSTEMPATH/CodeIgniter.php(934): App\Controllers\PassengerController->savePassenger()
 3 SYSTEMPATH/CodeIgniter.php(499): CodeIgniter\CodeIgniter->runController(Object(App\Controllers\PassengerController))
 4 SYSTEMPATH/CodeIgniter.php(368): CodeIgniter\CodeIgniter->handleRequest(null, Object(Config\Cache), false)
 5 FCPATH/index.php(67): CodeIgniter\CodeIgniter->run()
CRITICAL - 2024-07-27 06:43:47 --> Undefined variable $resultData
in APPPATH/Controllers/PassengerController.php on line 590.
 1 APPPATH/Controllers/PassengerController.php(590): CodeIgniter\Debug\Exceptions->errorHandler(2, 'Undefined variable $resultData', 'APPPATH/Controllers/PassengerController.php', 590)
 2 SYSTEMPATH/CodeIgniter.php(934): App\Controllers\PassengerController->savePassenger()
 3 SYSTEMPATH/CodeIgniter.php(499): CodeIgniter\CodeIgniter->runController(Object(App\Controllers\PassengerController))
 4 SYSTEMPATH/CodeIgniter.php(368): CodeIgniter\CodeIgniter->handleRequest(null, Object(Config\Cache), false)
 5 FCPATH/index.php(67): CodeIgniter\CodeIgniter->run()
CRITICAL - 2024-07-27 06:43:47 --> Undefined variable $resultData
in APPPATH/Controllers/PassengerController.php on line 590.
 1 APPPATH/Controllers/PassengerController.php(590): CodeIgniter\Debug\Exceptions->errorHandler(2, 'Undefined variable $resultData', 'APPPATH/Controllers/PassengerController.php', 590)
 2 SYSTEMPATH/CodeIgniter.php(934): App\Controllers\PassengerController->savePassenger()
 3 SYSTEMPATH/CodeIgniter.php(499): CodeIgniter\CodeIgniter->runController(Object(App\Controllers\PassengerController))
 4 SYSTEMPATH/CodeIgniter.php(368): CodeIgniter\CodeIgniter->handleRequest(null, Object(Config\Cache), false)
 5 FCPATH/index.php(67): CodeIgniter\CodeIgniter->run()
CRITICAL - 2024-07-27 06:43:48 --> Undefined variable $resultData
in APPPATH/Controllers/PassengerController.php on line 590.
 1 APPPATH/Controllers/PassengerController.php(590): CodeIgniter\Debug\Exceptions->errorHandler(2, 'Undefined variable $resultData', 'APPPATH/Controllers/PassengerController.php', 590)
 2 SYSTEMPATH/CodeIgniter.php(934): App\Controllers\PassengerController->savePassenger()
 3 SYSTEMPATH/CodeIgniter.php(499): CodeIgniter\CodeIgniter->runController(Object(App\Controllers\PassengerController))
 4 SYSTEMPATH/CodeIgniter.php(368): CodeIgniter\CodeIgniter->handleRequest(null, Object(Config\Cache), false)
 5 FCPATH/index.php(67): CodeIgniter\CodeIgniter->run()
CRITICAL - 2024-07-27 06:43:48 --> Undefined variable $resultData
in APPPATH/Controllers/PassengerController.php on line 590.
 1 APPPATH/Controllers/PassengerController.php(590): CodeIgniter\Debug\Exceptions->errorHandler(2, 'Undefined variable $resultData', 'APPPATH/Controllers/PassengerController.php', 590)
 2 SYSTEMPATH/CodeIgniter.php(934): App\Controllers\PassengerController->savePassenger()
 3 SYSTEMPATH/CodeIgniter.php(499): CodeIgniter\CodeIgniter->runController(Object(App\Controllers\PassengerController))
 4 SYSTEMPATH/CodeIgniter.php(368): CodeIgniter\CodeIgniter->handleRequest(null, Object(Config\Cache), false)
 5 FCPATH/index.php(67): CodeIgniter\CodeIgniter->run()
CRITICAL - 2024-07-27 06:43:48 --> Undefined variable $resultData
in APPPATH/Controllers/PassengerController.php on line 590.
 1 APPPATH/Controllers/PassengerController.php(590): CodeIgniter\Debug\Exceptions->errorHandler(2, 'Undefined variable $resultData', 'APPPATH/Controllers/PassengerController.php', 590)
 2 SYSTEMPATH/CodeIgniter.php(934): App\Controllers\PassengerController->savePassenger()
 3 SYSTEMPATH/CodeIgniter.php(499): CodeIgniter\CodeIgniter->runController(Object(App\Controllers\PassengerController))
 4 SYSTEMPATH/CodeIgniter.php(368): CodeIgniter\CodeIgniter->handleRequest(null, Object(Config\Cache), false)
 5 FCPATH/index.php(67): CodeIgniter\CodeIgniter->run()
CRITICAL - 2024-07-27 06:44:18 --> Undefined variable $resultData
in APPPATH/Controllers/PassengerController.php on line 590.
 1 APPPATH/Controllers/PassengerController.php(590): CodeIgniter\Debug\Exceptions->errorHandler(2, 'Undefined variable $resultData', 'APPPATH/Controllers/PassengerController.php', 590)
 2 SYSTEMPATH/CodeIgniter.php(934): App\Controllers\PassengerController->savePassenger()
 3 SYSTEMPATH/CodeIgniter.php(499): CodeIgniter\CodeIgniter->runController(Object(App\Controllers\PassengerController))
 4 SYSTEMPATH/CodeIgniter.php(368): CodeIgniter\CodeIgniter->handleRequest(null, Object(Config\Cache), false)
 5 FCPATH/index.php(67): CodeIgniter\CodeIgniter->run()
CRITICAL - 2024-07-27 06:44:18 --> Undefined variable $resultData
in APPPATH/Controllers/PassengerController.php on line 590.
 1 APPPATH/Controllers/PassengerController.php(590): CodeIgniter\Debug\Exceptions->errorHandler(2, 'Undefined variable $resultData', 'APPPATH/Controllers/PassengerController.php', 590)
 2 SYSTEMPATH/CodeIgniter.php(934): App\Controllers\PassengerController->savePassenger()
 3 SYSTEMPATH/CodeIgniter.php(499): CodeIgniter\CodeIgniter->runController(Object(App\Controllers\PassengerController))
 4 SYSTEMPATH/CodeIgniter.php(368): CodeIgniter\CodeIgniter->handleRequest(null, Object(Config\Cache), false)
 5 FCPATH/index.php(67): CodeIgniter\CodeIgniter->run()
CRITICAL - 2024-07-27 06:44:18 --> Undefined variable $resultData
in APPPATH/Controllers/PassengerController.php on line 590.
 1 APPPATH/Controllers/PassengerController.php(590): CodeIgniter\Debug\Exceptions->errorHandler(2, 'Undefined variable $resultData', 'APPPATH/Controllers/PassengerController.php', 590)
 2 SYSTEMPATH/CodeIgniter.php(934): App\Controllers\PassengerController->savePassenger()
 3 SYSTEMPATH/CodeIgniter.php(499): CodeIgniter\CodeIgniter->runController(Object(App\Controllers\PassengerController))
 4 SYSTEMPATH/CodeIgniter.php(368): CodeIgniter\CodeIgniter->handleRequest(null, Object(Config\Cache), false)
 5 FCPATH/index.php(67): CodeIgniter\CodeIgniter->run()
CRITICAL - 2024-07-27 06:44:18 --> Undefined variable $resultData
in APPPATH/Controllers/PassengerController.php on line 590.
 1 APPPATH/Controllers/PassengerController.php(590): CodeIgniter\Debug\Exceptions->errorHandler(2, 'Undefined variable $resultData', 'APPPATH/Controllers/PassengerController.php', 590)
 2 SYSTEMPATH/CodeIgniter.php(934): App\Controllers\PassengerController->savePassenger()
 3 SYSTEMPATH/CodeIgniter.php(499): CodeIgniter\CodeIgniter->runController(Object(App\Controllers\PassengerController))
 4 SYSTEMPATH/CodeIgniter.php(368): CodeIgniter\CodeIgniter->handleRequest(null, Object(Config\Cache), false)
 5 FCPATH/index.php(67): CodeIgniter\CodeIgniter->run()
CRITICAL - 2024-07-27 06:44:19 --> Undefined variable $resultData
in APPPATH/Controllers/PassengerController.php on line 590.
 1 APPPATH/Controllers/PassengerController.php(590): CodeIgniter\Debug\Exceptions->errorHandler(2, 'Undefined variable $resultData', 'APPPATH/Controllers/PassengerController.php', 590)
 2 SYSTEMPATH/CodeIgniter.php(934): App\Controllers\PassengerController->savePassenger()
 3 SYSTEMPATH/CodeIgniter.php(499): CodeIgniter\CodeIgniter->runController(Object(App\Controllers\PassengerController))
 4 SYSTEMPATH/CodeIgniter.php(368): CodeIgniter\CodeIgniter->handleRequest(null, Object(Config\Cache), false)
 5 FCPATH/index.php(67): CodeIgniter\CodeIgniter->run()
CRITICAL - 2024-07-27 06:44:19 --> Undefined variable $resultData
in APPPATH/Controllers/PassengerController.php on line 590.
 1 APPPATH/Controllers/PassengerController.php(590): CodeIgniter\Debug\Exceptions->errorHandler(2, 'Undefined variable $resultData', 'APPPATH/Controllers/PassengerController.php', 590)
 2 SYSTEMPATH/CodeIgniter.php(934): App\Controllers\PassengerController->savePassenger()
 3 SYSTEMPATH/CodeIgniter.php(499): CodeIgniter\CodeIgniter->runController(Object(App\Controllers\PassengerController))
 4 SYSTEMPATH/CodeIgniter.php(368): CodeIgniter\CodeIgniter->handleRequest(null, Object(Config\Cache), false)
 5 FCPATH/index.php(67): CodeIgniter\CodeIgniter->run()
CRITICAL - 2024-07-27 06:44:21 --> Undefined variable $resultData
in APPPATH/Controllers/PassengerController.php on line 590.
 1 APPPATH/Controllers/PassengerController.php(590): CodeIgniter\Debug\Exceptions->errorHandler(2, 'Undefined variable $resultData', 'APPPATH/Controllers/PassengerController.php', 590)
 2 SYSTEMPATH/CodeIgniter.php(934): App\Controllers\PassengerController->savePassenger()
 3 SYSTEMPATH/CodeIgniter.php(499): CodeIgniter\CodeIgniter->runController(Object(App\Controllers\PassengerController))
 4 SYSTEMPATH/CodeIgniter.php(368): CodeIgniter\CodeIgniter->handleRequest(null, Object(Config\Cache), false)
 5 FCPATH/index.php(67): CodeIgniter\CodeIgniter->run()
CRITICAL - 2024-07-27 06:44:51 --> Undefined variable $resultData
in APPPATH/Controllers/PassengerController.php on line 590.
 1 APPPATH/Controllers/PassengerController.php(590): CodeIgniter\Debug\Exceptions->errorHandler(2, 'Undefined variable $resultData', 'APPPATH/Controllers/PassengerController.php', 590)
 2 SYSTEMPATH/CodeIgniter.php(934): App\Controllers\PassengerController->savePassenger()
 3 SYSTEMPATH/CodeIgniter.php(499): CodeIgniter\CodeIgniter->runController(Object(App\Controllers\PassengerController))
 4 SYSTEMPATH/CodeIgniter.php(368): CodeIgniter\CodeIgniter->handleRequest(null, Object(Config\Cache), false)
 5 FCPATH/index.php(67): CodeIgniter\CodeIgniter->run()
