CRITICAL - 2024-05-08 01:28:26 --> Undefined variable $route
in APPPATH/Controllers/Home.php on line 499.
 1 APPPATH/Controllers/Home.php(499): CodeIgniter\Debug\Exceptions->errorHandler(2, 'Undefined variable $route', 'APPPATH/Controllers/Home.php', 499)
 2 SYSTEMPATH/CodeIgniter.php(934): App\Controllers\Home->Schedules()
 3 SYSTEMPATH/CodeIgniter.php(499): CodeIgniter\CodeIgniter->runController(Object(App\Controllers\Home))
 4 SYSTEMPATH/CodeIgniter.php(368): CodeIgniter\CodeIgniter->handleRequest(null, Object(Config\Cache), false)
 5 FCPATH/index.php(67): CodeIgniter\CodeIgniter->run()
CRITICAL - 2024-05-08 01:34:09 --> Undefined variable $route
in APPPATH/Controllers/Home.php on line 499.
 1 APPPATH/Controllers/Home.php(499): CodeIgniter\Debug\Exceptions->errorHandler(2, 'Undefined variable $route', 'APPPATH/Controllers/Home.php', 499)
 2 SYSTEMPATH/CodeIgniter.php(934): App\Controllers\Home->Schedules()
 3 SYSTEMPATH/CodeIgniter.php(499): CodeIgniter\CodeIgniter->runController(Object(App\Controllers\Home))
 4 SYSTEMPATH/CodeIgniter.php(368): CodeIgniter\CodeIgniter->handleRequest(null, Object(Config\Cache), false)
 5 FCPATH/index.php(67): CodeIgniter\CodeIgniter->run()
CRITICAL - 2024-05-08 01:38:54 --> Undefined variable $route
in APPPATH/Controllers/Home.php on line 499.
 1 APPPATH/Controllers/Home.php(499): CodeIgniter\Debug\Exceptions->errorHandler(2, 'Undefined variable $route', 'APPPATH/Controllers/Home.php', 499)
 2 SYSTEMPATH/CodeIgniter.php(934): App\Controllers\Home->Schedules()
 3 SYSTEMPATH/CodeIgniter.php(499): CodeIgniter\CodeIgniter->runController(Object(App\Controllers\Home))
 4 SYSTEMPATH/CodeIgniter.php(368): CodeIgniter\CodeIgniter->handleRequest(null, Object(Config\Cache), false)
 5 FCPATH/index.php(67): CodeIgniter\CodeIgniter->run()
CRITICAL - 2024-05-08 02:15:51 --> Undefined variable $route
in APPPATH/Controllers/Home.php on line 418.
 1 APPPATH/Controllers/Home.php(418): CodeIgniter\Debug\Exceptions->errorHandler(2, 'Undefined variable $route', 'APPPATH/Controllers/Home.php', 418)
 2 SYSTEMPATH/CodeIgniter.php(934): App\Controllers\Home->Schedules()
 3 SYSTEMPATH/CodeIgniter.php(499): CodeIgniter\CodeIgniter->runController(Object(App\Controllers\Home))
 4 SYSTEMPATH/CodeIgniter.php(368): CodeIgniter\CodeIgniter->handleRequest(null, Object(Config\Cache), false)
 5 FCPATH/index.php(67): CodeIgniter\CodeIgniter->run()
CRITICAL - 2024-05-08 02:29:38 --> Undefined variable $route
in APPPATH/Controllers/Home.php on line 499.
 1 APPPATH/Controllers/Home.php(499): CodeIgniter\Debug\Exceptions->errorHandler(2, 'Undefined variable $route', 'APPPATH/Controllers/Home.php', 499)
 2 SYSTEMPATH/CodeIgniter.php(934): App\Controllers\Home->Schedules()
 3 SYSTEMPATH/CodeIgniter.php(499): CodeIgniter\CodeIgniter->runController(Object(App\Controllers\Home))
 4 SYSTEMPATH/CodeIgniter.php(368): CodeIgniter\CodeIgniter->handleRequest(null, Object(Config\Cache), false)
 5 FCPATH/index.php(67): CodeIgniter\CodeIgniter->run()
